[0.621s] DEBUG:colcon:Command line arguments: ['/usr/bin/colcon', 'build']
[0.621s] DEBUG:colcon:Parsed command line arguments: Namespace(allow_overriding=[], ament_cmake_args=None, base_paths=['.'], build_base='build', catkin_cmake_args=None, catkin_skip_building_tests=False, cmake_args=None, cmake_clean_cache=False, cmake_clean_first=False, cmake_force_configure=False, cmake_target=None, cmake_target_skip_unavailable=False, continue_on_error=False, event_handlers=None, executor='parallel', ignore_user_meta=False, install_base='install', log_base=None, log_level=None, main=<bound method BuildVerb.main of <colcon_core.verb.build.BuildVerb object at 0x7fa2b822cdf0>>, merge_install=False, metas=['./colcon.meta'], packages_above=None, packages_above_and_dependencies=None, packages_above_depth=None, packages_end=None, packages_ignore=None, packages_ignore_regex=None, packages_select=None, packages_select_build_failed=False, packages_select_by_dep=None, packages_select_regex=None, packages_select_test_failures=False, packages_skip=None, packages_skip_build_finished=False, packages_skip_by_dep=None, packages_skip_regex=None, packages_skip_test_passed=False, packages_skip_up_to=None, packages_start=None, packages_up_to=None, packages_up_to_regex=None, parallel_workers=16, paths=None, symlink_install=False, test_result_base=None, verb_extension=<colcon_core.verb.build.BuildVerb object at 0x7fa2b822cdf0>, verb_name='build', verb_parser=<colcon_defaults.argument_parser.defaults.DefaultArgumentsDecorator object at 0x7fa2b82373a0>)
[0.765s] Level 1:colcon.colcon_core.package_discovery:discover_packages(colcon_meta) check parameters
[0.765s] Level 1:colcon.colcon_core.package_discovery:discover_packages(recursive) check parameters
[0.765s] Level 1:colcon.colcon_core.package_discovery:discover_packages(ignore) check parameters
[0.765s] Level 1:colcon.colcon_core.package_discovery:discover_packages(path) check parameters
[0.765s] Level 1:colcon.colcon_core.package_discovery:discover_packages(colcon_meta) discover
[0.765s] Level 1:colcon.colcon_core.package_discovery:discover_packages(recursive) discover
[0.765s] INFO:colcon.colcon_core.package_discovery:Crawling recursively for packages in '/home/iliass/ros2_athens_ws'
[0.765s] Level 1:colcon.colcon_core.package_identification:_identify(.) by extensions ['ignore', 'ignore_ament_install']
[0.765s] Level 1:colcon.colcon_core.package_identification:_identify(.) by extension 'ignore'
[0.765s] Level 1:colcon.colcon_core.package_identification:_identify(.) by extension 'ignore_ament_install'
[0.765s] Level 1:colcon.colcon_core.package_identification:_identify(.) by extensions ['colcon_pkg']
[0.766s] Level 1:colcon.colcon_core.package_identification:_identify(.) by extension 'colcon_pkg'
[0.766s] Level 1:colcon.colcon_core.package_identification:_identify(.) by extensions ['colcon_meta']
[0.766s] Level 1:colcon.colcon_core.package_identification:_identify(.) by extension 'colcon_meta'
[0.766s] Level 1:colcon.colcon_core.package_identification:_identify(.) by extensions ['ros']
[0.766s] Level 1:colcon.colcon_core.package_identification:_identify(.) by extension 'ros'
[0.778s] Level 1:colcon.colcon_core.package_identification:_identify(.) by extensions ['cmake', 'python']
[0.778s] Level 1:colcon.colcon_core.package_identification:_identify(.) by extension 'cmake'
[0.778s] Level 1:colcon.colcon_core.package_identification:_identify(.) by extension 'python'
[0.779s] Level 1:colcon.colcon_core.package_identification:_identify(.) by extensions ['python_setup_py']
[0.779s] Level 1:colcon.colcon_core.package_identification:_identify(.) by extension 'python_setup_py'
[0.779s] Level 1:colcon.colcon_core.package_identification:_identify(bags) by extensions ['ignore', 'ignore_ament_install']
[0.779s] Level 1:colcon.colcon_core.package_identification:_identify(bags) by extension 'ignore'
[0.779s] Level 1:colcon.colcon_core.package_identification:_identify(bags) by extension 'ignore_ament_install'
[0.779s] Level 1:colcon.colcon_core.package_identification:_identify(bags) by extensions ['colcon_pkg']
[0.779s] Level 1:colcon.colcon_core.package_identification:_identify(bags) by extension 'colcon_pkg'
[0.779s] Level 1:colcon.colcon_core.package_identification:_identify(bags) by extensions ['colcon_meta']
[0.779s] Level 1:colcon.colcon_core.package_identification:_identify(bags) by extension 'colcon_meta'
[0.779s] Level 1:colcon.colcon_core.package_identification:_identify(bags) by extensions ['ros']
[0.780s] Level 1:colcon.colcon_core.package_identification:_identify(bags) by extension 'ros'
[0.780s] Level 1:colcon.colcon_core.package_identification:_identify(bags) by extensions ['cmake', 'python']
[0.780s] Level 1:colcon.colcon_core.package_identification:_identify(bags) by extension 'cmake'
[0.780s] Level 1:colcon.colcon_core.package_identification:_identify(bags) by extension 'python'
[0.780s] Level 1:colcon.colcon_core.package_identification:_identify(bags) by extensions ['python_setup_py']
[0.780s] Level 1:colcon.colcon_core.package_identification:_identify(bags) by extension 'python_setup_py'
[0.781s] Level 1:colcon.colcon_core.package_identification:_identify(bags/motor) by extensions ['ignore', 'ignore_ament_install']
[0.781s] Level 1:colcon.colcon_core.package_identification:_identify(bags/motor) by extension 'ignore'
[0.781s] Level 1:colcon.colcon_core.package_identification:_identify(bags/motor) by extension 'ignore_ament_install'
[0.781s] Level 1:colcon.colcon_core.package_identification:_identify(bags/motor) by extensions ['colcon_pkg']
[0.781s] Level 1:colcon.colcon_core.package_identification:_identify(bags/motor) by extension 'colcon_pkg'
[0.781s] Level 1:colcon.colcon_core.package_identification:_identify(bags/motor) by extensions ['colcon_meta']
[0.781s] Level 1:colcon.colcon_core.package_identification:_identify(bags/motor) by extension 'colcon_meta'
[0.781s] Level 1:colcon.colcon_core.package_identification:_identify(bags/motor) by extensions ['ros']
[0.781s] Level 1:colcon.colcon_core.package_identification:_identify(bags/motor) by extension 'ros'
[0.781s] Level 1:colcon.colcon_core.package_identification:_identify(bags/motor) by extensions ['cmake', 'python']
[0.781s] Level 1:colcon.colcon_core.package_identification:_identify(bags/motor) by extension 'cmake'
[0.781s] Level 1:colcon.colcon_core.package_identification:_identify(bags/motor) by extension 'python'
[0.781s] Level 1:colcon.colcon_core.package_identification:_identify(bags/motor) by extensions ['python_setup_py']
[0.781s] Level 1:colcon.colcon_core.package_identification:_identify(bags/motor) by extension 'python_setup_py'
[0.781s] Level 1:colcon.colcon_core.package_identification:_identify(bags/turtlesim_demo) by extensions ['ignore', 'ignore_ament_install']
[0.782s] Level 1:colcon.colcon_core.package_identification:_identify(bags/turtlesim_demo) by extension 'ignore'
[0.782s] Level 1:colcon.colcon_core.package_identification:_identify(bags/turtlesim_demo) by extension 'ignore_ament_install'
[0.782s] Level 1:colcon.colcon_core.package_identification:_identify(bags/turtlesim_demo) by extensions ['colcon_pkg']
[0.782s] Level 1:colcon.colcon_core.package_identification:_identify(bags/turtlesim_demo) by extension 'colcon_pkg'
[0.782s] Level 1:colcon.colcon_core.package_identification:_identify(bags/turtlesim_demo) by extensions ['colcon_meta']
[0.782s] Level 1:colcon.colcon_core.package_identification:_identify(bags/turtlesim_demo) by extension 'colcon_meta'
[0.782s] Level 1:colcon.colcon_core.package_identification:_identify(bags/turtlesim_demo) by extensions ['ros']
[0.782s] Level 1:colcon.colcon_core.package_identification:_identify(bags/turtlesim_demo) by extension 'ros'
[0.782s] Level 1:colcon.colcon_core.package_identification:_identify(bags/turtlesim_demo) by extensions ['cmake', 'python']
[0.782s] Level 1:colcon.colcon_core.package_identification:_identify(bags/turtlesim_demo) by extension 'cmake'
[0.782s] Level 1:colcon.colcon_core.package_identification:_identify(bags/turtlesim_demo) by extension 'python'
[0.782s] Level 1:colcon.colcon_core.package_identification:_identify(bags/turtlesim_demo) by extensions ['python_setup_py']
[0.782s] Level 1:colcon.colcon_core.package_identification:_identify(bags/turtlesim_demo) by extension 'python_setup_py'
[0.782s] Level 1:colcon.colcon_core.package_identification:_identify(build) by extensions ['ignore', 'ignore_ament_install']
[0.782s] Level 1:colcon.colcon_core.package_identification:_identify(build) by extension 'ignore'
[0.783s] Level 1:colcon.colcon_core.package_identification:_identify(build) ignored
[0.783s] Level 1:colcon.colcon_core.package_identification:_identify(install) by extensions ['ignore', 'ignore_ament_install']
[0.783s] Level 1:colcon.colcon_core.package_identification:_identify(install) by extension 'ignore'
[0.783s] Level 1:colcon.colcon_core.package_identification:_identify(install) ignored
[0.783s] Level 1:colcon.colcon_core.package_identification:_identify(log) by extensions ['ignore', 'ignore_ament_install']
[0.783s] Level 1:colcon.colcon_core.package_identification:_identify(log) by extension 'ignore'
[0.783s] Level 1:colcon.colcon_core.package_identification:_identify(log) ignored
[0.783s] Level 1:colcon.colcon_core.package_identification:_identify(src) by extensions ['ignore', 'ignore_ament_install']
[0.783s] Level 1:colcon.colcon_core.package_identification:_identify(src) by extension 'ignore'
[0.784s] Level 1:colcon.colcon_core.package_identification:_identify(src) by extension 'ignore_ament_install'
[0.784s] Level 1:colcon.colcon_core.package_identification:_identify(src) by extensions ['colcon_pkg']
[0.784s] Level 1:colcon.colcon_core.package_identification:_identify(src) by extension 'colcon_pkg'
[0.784s] Level 1:colcon.colcon_core.package_identification:_identify(src) by extensions ['colcon_meta']
[0.784s] Level 1:colcon.colcon_core.package_identification:_identify(src) by extension 'colcon_meta'
[0.784s] Level 1:colcon.colcon_core.package_identification:_identify(src) by extensions ['ros']
[0.784s] Level 1:colcon.colcon_core.package_identification:_identify(src) by extension 'ros'
[0.784s] Level 1:colcon.colcon_core.package_identification:_identify(src) by extensions ['cmake', 'python']
[0.784s] Level 1:colcon.colcon_core.package_identification:_identify(src) by extension 'cmake'
[0.784s] Level 1:colcon.colcon_core.package_identification:_identify(src) by extension 'python'
[0.785s] Level 1:colcon.colcon_core.package_identification:_identify(src) by extensions ['python_setup_py']
[0.785s] Level 1:colcon.colcon_core.package_identification:_identify(src) by extension 'python_setup_py'
[0.785s] Level 1:colcon.colcon_core.package_identification:_identify(src/first_interfaces) by extensions ['ignore', 'ignore_ament_install']
[0.786s] Level 1:colcon.colcon_core.package_identification:_identify(src/first_interfaces) by extension 'ignore'
[0.786s] Level 1:colcon.colcon_core.package_identification:_identify(src/first_interfaces) by extension 'ignore_ament_install'
[0.786s] Level 1:colcon.colcon_core.package_identification:_identify(src/first_interfaces) by extensions ['colcon_pkg']
[0.786s] Level 1:colcon.colcon_core.package_identification:_identify(src/first_interfaces) by extension 'colcon_pkg'
[0.786s] Level 1:colcon.colcon_core.package_identification:_identify(src/first_interfaces) by extensions ['colcon_meta']
[0.786s] Level 1:colcon.colcon_core.package_identification:_identify(src/first_interfaces) by extension 'colcon_meta'
[0.786s] Level 1:colcon.colcon_core.package_identification:_identify(src/first_interfaces) by extensions ['ros']
[0.786s] Level 1:colcon.colcon_core.package_identification:_identify(src/first_interfaces) by extension 'ros'
[0.789s] DEBUG:colcon.colcon_core.package_identification:Package 'src/first_interfaces' with type 'ros.ament_cmake' and name 'first_interfaces'
[0.790s] Level 1:colcon.colcon_core.package_identification:_identify(src/first_package) by extensions ['ignore', 'ignore_ament_install']
[0.790s] Level 1:colcon.colcon_core.package_identification:_identify(src/first_package) by extension 'ignore'
[0.790s] Level 1:colcon.colcon_core.package_identification:_identify(src/first_package) by extension 'ignore_ament_install'
[0.790s] Level 1:colcon.colcon_core.package_identification:_identify(src/first_package) by extensions ['colcon_pkg']
[0.790s] Level 1:colcon.colcon_core.package_identification:_identify(src/first_package) by extension 'colcon_pkg'
[0.790s] Level 1:colcon.colcon_core.package_identification:_identify(src/first_package) by extensions ['colcon_meta']
[0.790s] Level 1:colcon.colcon_core.package_identification:_identify(src/first_package) by extension 'colcon_meta'
[0.790s] Level 1:colcon.colcon_core.package_identification:_identify(src/first_package) by extensions ['ros']
[0.790s] Level 1:colcon.colcon_core.package_identification:_identify(src/first_package) by extension 'ros'
[0.792s] DEBUG:colcon.colcon_core.package_identification:Package 'src/first_package' with type 'ros.ament_python' and name 'first_package'
[0.793s] Level 1:colcon.colcon_core.package_identification:_identify(src/stm_interfaces) by extensions ['ignore', 'ignore_ament_install']
[0.793s] Level 1:colcon.colcon_core.package_identification:_identify(src/stm_interfaces) by extension 'ignore'
[0.793s] Level 1:colcon.colcon_core.package_identification:_identify(src/stm_interfaces) by extension 'ignore_ament_install'
[0.793s] Level 1:colcon.colcon_core.package_identification:_identify(src/stm_interfaces) by extensions ['colcon_pkg']
[0.793s] Level 1:colcon.colcon_core.package_identification:_identify(src/stm_interfaces) by extension 'colcon_pkg'
[0.793s] Level 1:colcon.colcon_core.package_identification:_identify(src/stm_interfaces) by extensions ['colcon_meta']
[0.793s] Level 1:colcon.colcon_core.package_identification:_identify(src/stm_interfaces) by extension 'colcon_meta'
[0.793s] Level 1:colcon.colcon_core.package_identification:_identify(src/stm_interfaces) by extensions ['ros']
[0.793s] Level 1:colcon.colcon_core.package_identification:_identify(src/stm_interfaces) by extension 'ros'
[0.794s] DEBUG:colcon.colcon_core.package_identification:Package 'src/stm_interfaces' with type 'ros.ament_cmake' and name 'stm_interfaces'
[0.794s] Level 1:colcon.colcon_core.package_identification:_identify(src/stm_station) by extensions ['ignore', 'ignore_ament_install']
[0.794s] Level 1:colcon.colcon_core.package_identification:_identify(src/stm_station) by extension 'ignore'
[0.794s] Level 1:colcon.colcon_core.package_identification:_identify(src/stm_station) by extension 'ignore_ament_install'
[0.794s] Level 1:colcon.colcon_core.package_identification:_identify(src/stm_station) by extensions ['colcon_pkg']
[0.795s] Level 1:colcon.colcon_core.package_identification:_identify(src/stm_station) by extension 'colcon_pkg'
[0.795s] Level 1:colcon.colcon_core.package_identification:_identify(src/stm_station) by extensions ['colcon_meta']
[0.795s] Level 1:colcon.colcon_core.package_identification:_identify(src/stm_station) by extension 'colcon_meta'
[0.795s] Level 1:colcon.colcon_core.package_identification:_identify(src/stm_station) by extensions ['ros']
[0.795s] Level 1:colcon.colcon_core.package_identification:_identify(src/stm_station) by extension 'ros'
[0.796s] DEBUG:colcon.colcon_core.package_identification:Package 'src/stm_station' with type 'ros.ament_python' and name 'stm_station'
[0.796s] Level 1:colcon.colcon_core.package_identification:_identify(test) by extensions ['ignore', 'ignore_ament_install']
[0.796s] Level 1:colcon.colcon_core.package_identification:_identify(test) by extension 'ignore'
[0.796s] Level 1:colcon.colcon_core.package_identification:_identify(test) by extension 'ignore_ament_install'
[0.796s] Level 1:colcon.colcon_core.package_identification:_identify(test) by extensions ['colcon_pkg']
[0.796s] Level 1:colcon.colcon_core.package_identification:_identify(test) by extension 'colcon_pkg'
[0.796s] Level 1:colcon.colcon_core.package_identification:_identify(test) by extensions ['colcon_meta']
[0.796s] Level 1:colcon.colcon_core.package_identification:_identify(test) by extension 'colcon_meta'
[0.796s] Level 1:colcon.colcon_core.package_identification:_identify(test) by extensions ['ros']
[0.796s] Level 1:colcon.colcon_core.package_identification:_identify(test) by extension 'ros'
[0.796s] Level 1:colcon.colcon_core.package_identification:_identify(test) by extensions ['cmake', 'python']
[0.796s] Level 1:colcon.colcon_core.package_identification:_identify(test) by extension 'cmake'
[0.797s] Level 1:colcon.colcon_core.package_identification:_identify(test) by extension 'python'
[0.797s] Level 1:colcon.colcon_core.package_identification:_identify(test) by extensions ['python_setup_py']
[0.797s] Level 1:colcon.colcon_core.package_identification:_identify(test) by extension 'python_setup_py'
[0.797s] Level 1:colcon.colcon_core.package_discovery:discover_packages(recursive) using defaults
[0.797s] Level 1:colcon.colcon_core.package_discovery:discover_packages(ignore) discover
[0.797s] Level 1:colcon.colcon_core.package_discovery:discover_packages(ignore) using defaults
[0.797s] Level 1:colcon.colcon_core.package_discovery:discover_packages(path) discover
[0.797s] Level 1:colcon.colcon_core.package_discovery:discover_packages(path) using defaults
[0.815s] Level 1:colcon.colcon_core.package_discovery:discover_packages(prefix_path) check parameters
[0.815s] Level 1:colcon.colcon_core.package_discovery:discover_packages(prefix_path) discover
[0.817s] DEBUG:colcon.colcon_installed_package_information.package_discovery:Found 4 installed packages in /home/iliass/ros2_athens_ws/install
[0.819s] DEBUG:colcon.colcon_installed_package_information.package_discovery:Found 280 installed packages in /opt/ros/foxy
[0.820s] Level 1:colcon.colcon_core.package_discovery:discover_packages(prefix_path) using defaults
[0.908s] Level 5:colcon.colcon_core.verb:set package 'first_interfaces' build argument 'cmake_args' from command line to 'None'
[0.908s] Level 5:colcon.colcon_core.verb:set package 'first_interfaces' build argument 'cmake_target' from command line to 'None'
[0.908s] Level 5:colcon.colcon_core.verb:set package 'first_interfaces' build argument 'cmake_target_skip_unavailable' from command line to 'False'
[0.908s] Level 5:colcon.colcon_core.verb:set package 'first_interfaces' build argument 'cmake_clean_cache' from command line to 'False'
[0.908s] Level 5:colcon.colcon_core.verb:set package 'first_interfaces' build argument 'cmake_clean_first' from command line to 'False'
[0.908s] Level 5:colcon.colcon_core.verb:set package 'first_interfaces' build argument 'cmake_force_configure' from command line to 'False'
[0.908s] Level 5:colcon.colcon_core.verb:set package 'first_interfaces' build argument 'ament_cmake_args' from command line to 'None'
[0.908s] Level 5:colcon.colcon_core.verb:set package 'first_interfaces' build argument 'catkin_cmake_args' from command line to 'None'
[0.908s] Level 5:colcon.colcon_core.verb:set package 'first_interfaces' build argument 'catkin_skip_building_tests' from command line to 'False'
[0.908s] DEBUG:colcon.colcon_core.verb:Building package 'first_interfaces' with the following arguments: {'ament_cmake_args': None, 'build_base': '/home/iliass/ros2_athens_ws/build/first_interfaces', 'catkin_cmake_args': None, 'catkin_skip_building_tests': False, 'cmake_args': None, 'cmake_clean_cache': False, 'cmake_clean_first': False, 'cmake_force_configure': False, 'cmake_target': None, 'cmake_target_skip_unavailable': False, 'install_base': '/home/iliass/ros2_athens_ws/install/first_interfaces', 'merge_install': False, 'path': '/home/iliass/ros2_athens_ws/src/first_interfaces', 'symlink_install': False, 'test_result_base': None}
[0.909s] Level 5:colcon.colcon_core.verb:set package 'stm_interfaces' build argument 'cmake_args' from command line to 'None'
[0.909s] Level 5:colcon.colcon_core.verb:set package 'stm_interfaces' build argument 'cmake_target' from command line to 'None'
[0.909s] Level 5:colcon.colcon_core.verb:set package 'stm_interfaces' build argument 'cmake_target_skip_unavailable' from command line to 'False'
[0.909s] Level 5:colcon.colcon_core.verb:set package 'stm_interfaces' build argument 'cmake_clean_cache' from command line to 'False'
[0.909s] Level 5:colcon.colcon_core.verb:set package 'stm_interfaces' build argument 'cmake_clean_first' from command line to 'False'
[0.909s] Level 5:colcon.colcon_core.verb:set package 'stm_interfaces' build argument 'cmake_force_configure' from command line to 'False'
[0.909s] Level 5:colcon.colcon_core.verb:set package 'stm_interfaces' build argument 'ament_cmake_args' from command line to 'None'
[0.909s] Level 5:colcon.colcon_core.verb:set package 'stm_interfaces' build argument 'catkin_cmake_args' from command line to 'None'
[0.909s] Level 5:colcon.colcon_core.verb:set package 'stm_interfaces' build argument 'catkin_skip_building_tests' from command line to 'False'
[0.909s] DEBUG:colcon.colcon_core.verb:Building package 'stm_interfaces' with the following arguments: {'ament_cmake_args': None, 'build_base': '/home/iliass/ros2_athens_ws/build/stm_interfaces', 'catkin_cmake_args': None, 'catkin_skip_building_tests': False, 'cmake_args': None, 'cmake_clean_cache': False, 'cmake_clean_first': False, 'cmake_force_configure': False, 'cmake_target': None, 'cmake_target_skip_unavailable': False, 'install_base': '/home/iliass/ros2_athens_ws/install/stm_interfaces', 'merge_install': False, 'path': '/home/iliass/ros2_athens_ws/src/stm_interfaces', 'symlink_install': False, 'test_result_base': None}
[0.909s] Level 5:colcon.colcon_core.verb:set package 'first_package' build argument 'cmake_args' from command line to 'None'
[0.909s] Level 5:colcon.colcon_core.verb:set package 'first_package' build argument 'cmake_target' from command line to 'None'
[0.909s] Level 5:colcon.colcon_core.verb:set package 'first_package' build argument 'cmake_target_skip_unavailable' from command line to 'False'
[0.909s] Level 5:colcon.colcon_core.verb:set package 'first_package' build argument 'cmake_clean_cache' from command line to 'False'
[0.909s] Level 5:colcon.colcon_core.verb:set package 'first_package' build argument 'cmake_clean_first' from command line to 'False'
[0.909s] Level 5:colcon.colcon_core.verb:set package 'first_package' build argument 'cmake_force_configure' from command line to 'False'
[0.909s] Level 5:colcon.colcon_core.verb:set package 'first_package' build argument 'ament_cmake_args' from command line to 'None'
[0.909s] Level 5:colcon.colcon_core.verb:set package 'first_package' build argument 'catkin_cmake_args' from command line to 'None'
[0.909s] Level 5:colcon.colcon_core.verb:set package 'first_package' build argument 'catkin_skip_building_tests' from command line to 'False'
[0.910s] DEBUG:colcon.colcon_core.verb:Building package 'first_package' with the following arguments: {'ament_cmake_args': None, 'build_base': '/home/iliass/ros2_athens_ws/build/first_package', 'catkin_cmake_args': None, 'catkin_skip_building_tests': False, 'cmake_args': None, 'cmake_clean_cache': False, 'cmake_clean_first': False, 'cmake_force_configure': False, 'cmake_target': None, 'cmake_target_skip_unavailable': False, 'install_base': '/home/iliass/ros2_athens_ws/install/first_package', 'merge_install': False, 'path': '/home/iliass/ros2_athens_ws/src/first_package', 'symlink_install': False, 'test_result_base': None}
[0.910s] Level 5:colcon.colcon_core.verb:set package 'stm_station' build argument 'cmake_args' from command line to 'None'
[0.910s] Level 5:colcon.colcon_core.verb:set package 'stm_station' build argument 'cmake_target' from command line to 'None'
[0.910s] Level 5:colcon.colcon_core.verb:set package 'stm_station' build argument 'cmake_target_skip_unavailable' from command line to 'False'
[0.910s] Level 5:colcon.colcon_core.verb:set package 'stm_station' build argument 'cmake_clean_cache' from command line to 'False'
[0.910s] Level 5:colcon.colcon_core.verb:set package 'stm_station' build argument 'cmake_clean_first' from command line to 'False'
[0.910s] Level 5:colcon.colcon_core.verb:set package 'stm_station' build argument 'cmake_force_configure' from command line to 'False'
[0.910s] Level 5:colcon.colcon_core.verb:set package 'stm_station' build argument 'ament_cmake_args' from command line to 'None'
[0.910s] Level 5:colcon.colcon_core.verb:set package 'stm_station' build argument 'catkin_cmake_args' from command line to 'None'
[0.910s] Level 5:colcon.colcon_core.verb:set package 'stm_station' build argument 'catkin_skip_building_tests' from command line to 'False'
[0.910s] DEBUG:colcon.colcon_core.verb:Building package 'stm_station' with the following arguments: {'ament_cmake_args': None, 'build_base': '/home/iliass/ros2_athens_ws/build/stm_station', 'catkin_cmake_args': None, 'catkin_skip_building_tests': False, 'cmake_args': None, 'cmake_clean_cache': False, 'cmake_clean_first': False, 'cmake_force_configure': False, 'cmake_target': None, 'cmake_target_skip_unavailable': False, 'install_base': '/home/iliass/ros2_athens_ws/install/stm_station', 'merge_install': False, 'path': '/home/iliass/ros2_athens_ws/src/stm_station', 'symlink_install': False, 'test_result_base': None}
[0.910s] INFO:colcon.colcon_core.executor:Executing jobs using 'parallel' executor
[0.912s] DEBUG:colcon.colcon_parallel_executor.executor.parallel:run_until_complete
[0.912s] INFO:colcon.colcon_ros.task.ament_cmake.build:Building ROS package in '/home/iliass/ros2_athens_ws/src/first_interfaces' with build type 'ament_cmake'
[0.912s] INFO:colcon.colcon_cmake.task.cmake.build:Building CMake package in '/home/iliass/ros2_athens_ws/src/first_interfaces'
[0.915s] INFO:colcon.colcon_core.plugin_system:Skipping extension 'colcon_core.shell.bat': Not used on non-Windows systems
[0.915s] INFO:colcon.colcon_core.shell:Skip shell extension 'powershell' for command environment: Not usable outside of PowerShell
[0.915s] DEBUG:colcon.colcon_core.shell:Skip shell extension 'dsv' for command environment
[0.919s] INFO:colcon.colcon_ros.task.ament_cmake.build:Building ROS package in '/home/iliass/ros2_athens_ws/src/stm_interfaces' with build type 'ament_cmake'
[0.920s] INFO:colcon.colcon_cmake.task.cmake.build:Building CMake package in '/home/iliass/ros2_athens_ws/src/stm_interfaces'
[0.921s] INFO:colcon.colcon_core.shell:Skip shell extension 'powershell' for command environment: Not usable outside of PowerShell
[0.921s] DEBUG:colcon.colcon_core.shell:Skip shell extension 'dsv' for command environment
[0.936s] DEBUG:colcon.colcon_core.event_handler.log_command:Invoking command in '/home/iliass/ros2_athens_ws/build/first_interfaces': CMAKE_PREFIX_PATH=${CMAKE_PREFIX_PATH}:/home/iliass/ros2_athens_ws/install/stm_station:/home/iliass/ros2_athens_ws/install/first_package:/opt/ros/foxy /usr/bin/cmake --build /home/iliass/ros2_athens_ws/build/first_interfaces -- -j16 -l16
[0.941s] DEBUG:colcon.colcon_core.event_handler.log_command:Invoking command in '/home/iliass/ros2_athens_ws/build/stm_interfaces': CMAKE_PREFIX_PATH=${CMAKE_PREFIX_PATH}:/home/iliass/ros2_athens_ws/install/stm_station:/home/iliass/ros2_athens_ws/install/first_package:/opt/ros/foxy /usr/bin/cmake --build /home/iliass/ros2_athens_ws/build/stm_interfaces -- -j16 -l16
[1.181s] DEBUG:colcon.colcon_core.event_handler.log_command:Invoked command in '/home/iliass/ros2_athens_ws/build/first_interfaces' returned '0': CMAKE_PREFIX_PATH=${CMAKE_PREFIX_PATH}:/home/iliass/ros2_athens_ws/install/stm_station:/home/iliass/ros2_athens_ws/install/first_package:/opt/ros/foxy /usr/bin/cmake --build /home/iliass/ros2_athens_ws/build/first_interfaces -- -j16 -l16
[1.188s] DEBUG:colcon.colcon_core.event_handler.log_command:Invoked command in '/home/iliass/ros2_athens_ws/build/stm_interfaces' returned '0': CMAKE_PREFIX_PATH=${CMAKE_PREFIX_PATH}:/home/iliass/ros2_athens_ws/install/stm_station:/home/iliass/ros2_athens_ws/install/first_package:/opt/ros/foxy /usr/bin/cmake --build /home/iliass/ros2_athens_ws/build/stm_interfaces -- -j16 -l16
[1.257s] DEBUG:colcon.colcon_core.event_handler.log_command:Invoking command in '/home/iliass/ros2_athens_ws/build/first_interfaces': CMAKE_PREFIX_PATH=${CMAKE_PREFIX_PATH}:/home/iliass/ros2_athens_ws/install/stm_station:/home/iliass/ros2_athens_ws/install/first_package:/opt/ros/foxy /usr/bin/cmake --install /home/iliass/ros2_athens_ws/build/first_interfaces
[1.285s] DEBUG:colcon.colcon_core.event_handler.log_command:Invoking command in '/home/iliass/ros2_athens_ws/build/stm_interfaces': CMAKE_PREFIX_PATH=${CMAKE_PREFIX_PATH}:/home/iliass/ros2_athens_ws/install/stm_station:/home/iliass/ros2_athens_ws/install/first_package:/opt/ros/foxy /usr/bin/cmake --install /home/iliass/ros2_athens_ws/build/stm_interfaces
[1.326s] Level 1:colcon.colcon_core.environment:create_environment_scripts_only(first_interfaces)
[1.328s] DEBUG:colcon.colcon_core.event_handler.log_command:Invoked command in '/home/iliass/ros2_athens_ws/build/first_interfaces' returned '0': CMAKE_PREFIX_PATH=${CMAKE_PREFIX_PATH}:/home/iliass/ros2_athens_ws/install/stm_station:/home/iliass/ros2_athens_ws/install/first_package:/opt/ros/foxy /usr/bin/cmake --install /home/iliass/ros2_athens_ws/build/first_interfaces
[1.330s] Level 1:colcon.colcon_core.environment:checking '/home/iliass/ros2_athens_ws/install/first_interfaces' for CMake module files
[1.331s] Level 1:colcon.colcon_core.environment:checking '/home/iliass/ros2_athens_ws/install/first_interfaces' for CMake config files
[1.332s] Level 1:colcon.colcon_core.shell:create_environment_hook('first_interfaces', 'cmake_prefix_path')
[1.332s] INFO:colcon.colcon_core.shell:Creating environment hook '/home/iliass/ros2_athens_ws/install/first_interfaces/share/first_interfaces/hook/cmake_prefix_path.ps1'
[1.333s] INFO:colcon.colcon_core.shell:Creating environment descriptor '/home/iliass/ros2_athens_ws/install/first_interfaces/share/first_interfaces/hook/cmake_prefix_path.dsv'
[1.333s] INFO:colcon.colcon_core.shell:Creating environment hook '/home/iliass/ros2_athens_ws/install/first_interfaces/share/first_interfaces/hook/cmake_prefix_path.sh'
[1.335s] Level 1:colcon.colcon_core.environment:checking '/home/iliass/ros2_athens_ws/install/first_interfaces/lib'
[1.335s] Level 1:colcon.colcon_core.shell:create_environment_hook('first_interfaces', 'ld_library_path_lib')
[1.335s] INFO:colcon.colcon_core.shell:Creating environment hook '/home/iliass/ros2_athens_ws/install/first_interfaces/share/first_interfaces/hook/ld_library_path_lib.ps1'
[1.336s] INFO:colcon.colcon_core.shell:Creating environment descriptor '/home/iliass/ros2_athens_ws/install/first_interfaces/share/first_interfaces/hook/ld_library_path_lib.dsv'
[1.336s] INFO:colcon.colcon_core.shell:Creating environment hook '/home/iliass/ros2_athens_ws/install/first_interfaces/share/first_interfaces/hook/ld_library_path_lib.sh'
[1.337s] Level 1:colcon.colcon_core.environment:checking '/home/iliass/ros2_athens_ws/install/first_interfaces/bin'
[1.337s] Level 1:colcon.colcon_core.environment:checking '/home/iliass/ros2_athens_ws/install/first_interfaces/lib/pkgconfig/first_interfaces.pc'
[1.337s] Level 1:colcon.colcon_core.environment:checking '/home/iliass/ros2_athens_ws/install/first_interfaces/lib/python3.8/site-packages'
[1.337s] Level 1:colcon.colcon_core.shell:create_environment_hook('first_interfaces', 'pythonpath')
[1.337s] INFO:colcon.colcon_core.shell:Creating environment hook '/home/iliass/ros2_athens_ws/install/first_interfaces/share/first_interfaces/hook/pythonpath.ps1'
[1.338s] INFO:colcon.colcon_core.shell:Creating environment descriptor '/home/iliass/ros2_athens_ws/install/first_interfaces/share/first_interfaces/hook/pythonpath.dsv'
[1.338s] INFO:colcon.colcon_core.shell:Creating environment hook '/home/iliass/ros2_athens_ws/install/first_interfaces/share/first_interfaces/hook/pythonpath.sh'
[1.339s] Level 1:colcon.colcon_core.environment:checking '/home/iliass/ros2_athens_ws/install/first_interfaces/bin'
[1.340s] INFO:colcon.colcon_core.shell:Creating package script '/home/iliass/ros2_athens_ws/install/first_interfaces/share/first_interfaces/package.ps1'
[1.340s] INFO:colcon.colcon_core.shell:Creating package descriptor '/home/iliass/ros2_athens_ws/install/first_interfaces/share/first_interfaces/package.dsv'
[1.341s] INFO:colcon.colcon_core.shell:Creating package script '/home/iliass/ros2_athens_ws/install/first_interfaces/share/first_interfaces/package.sh'
[1.342s] INFO:colcon.colcon_core.shell:Creating package script '/home/iliass/ros2_athens_ws/install/first_interfaces/share/first_interfaces/package.bash'
[1.346s] INFO:colcon.colcon_core.shell:Creating package script '/home/iliass/ros2_athens_ws/install/first_interfaces/share/first_interfaces/package.zsh'
[1.350s] Level 1:colcon.colcon_core.environment:create_file_with_runtime_dependencies(/home/iliass/ros2_athens_ws/install/first_interfaces/share/colcon-core/packages/first_interfaces)
[1.359s] Level 1:colcon.colcon_core.environment:create_environment_scripts_only(stm_interfaces)
[1.359s] Level 1:colcon.colcon_core.environment:checking '/home/iliass/ros2_athens_ws/install/stm_interfaces' for CMake module files
[1.362s] Level 1:colcon.colcon_core.environment:checking '/home/iliass/ros2_athens_ws/install/stm_interfaces' for CMake config files
[1.364s] DEBUG:colcon.colcon_core.event_handler.log_command:Invoked command in '/home/iliass/ros2_athens_ws/build/stm_interfaces' returned '0': CMAKE_PREFIX_PATH=${CMAKE_PREFIX_PATH}:/home/iliass/ros2_athens_ws/install/stm_station:/home/iliass/ros2_athens_ws/install/first_package:/opt/ros/foxy /usr/bin/cmake --install /home/iliass/ros2_athens_ws/build/stm_interfaces
[1.365s] Level 1:colcon.colcon_core.shell:create_environment_hook('stm_interfaces', 'cmake_prefix_path')
[1.365s] INFO:colcon.colcon_core.shell:Creating environment hook '/home/iliass/ros2_athens_ws/install/stm_interfaces/share/stm_interfaces/hook/cmake_prefix_path.ps1'
[1.366s] INFO:colcon.colcon_core.shell:Creating environment descriptor '/home/iliass/ros2_athens_ws/install/stm_interfaces/share/stm_interfaces/hook/cmake_prefix_path.dsv'
[1.366s] INFO:colcon.colcon_core.shell:Creating environment hook '/home/iliass/ros2_athens_ws/install/stm_interfaces/share/stm_interfaces/hook/cmake_prefix_path.sh'
[1.368s] Level 1:colcon.colcon_core.environment:checking '/home/iliass/ros2_athens_ws/install/stm_interfaces/lib'
[1.368s] Level 1:colcon.colcon_core.shell:create_environment_hook('stm_interfaces', 'ld_library_path_lib')
[1.368s] INFO:colcon.colcon_core.shell:Creating environment hook '/home/iliass/ros2_athens_ws/install/stm_interfaces/share/stm_interfaces/hook/ld_library_path_lib.ps1'
[1.369s] INFO:colcon.colcon_core.shell:Creating environment descriptor '/home/iliass/ros2_athens_ws/install/stm_interfaces/share/stm_interfaces/hook/ld_library_path_lib.dsv'
[1.369s] INFO:colcon.colcon_core.shell:Creating environment hook '/home/iliass/ros2_athens_ws/install/stm_interfaces/share/stm_interfaces/hook/ld_library_path_lib.sh'
[1.370s] Level 1:colcon.colcon_core.environment:checking '/home/iliass/ros2_athens_ws/install/stm_interfaces/bin'
[1.370s] Level 1:colcon.colcon_core.environment:checking '/home/iliass/ros2_athens_ws/install/stm_interfaces/lib/pkgconfig/stm_interfaces.pc'
[1.370s] Level 1:colcon.colcon_core.environment:checking '/home/iliass/ros2_athens_ws/install/stm_interfaces/lib/python3.8/site-packages'
[1.370s] Level 1:colcon.colcon_core.shell:create_environment_hook('stm_interfaces', 'pythonpath')
[1.370s] INFO:colcon.colcon_core.shell:Creating environment hook '/home/iliass/ros2_athens_ws/install/stm_interfaces/share/stm_interfaces/hook/pythonpath.ps1'
[1.371s] INFO:colcon.colcon_core.shell:Creating environment descriptor '/home/iliass/ros2_athens_ws/install/stm_interfaces/share/stm_interfaces/hook/pythonpath.dsv'
[1.371s] INFO:colcon.colcon_core.shell:Creating environment hook '/home/iliass/ros2_athens_ws/install/stm_interfaces/share/stm_interfaces/hook/pythonpath.sh'
[1.372s] Level 1:colcon.colcon_core.environment:checking '/home/iliass/ros2_athens_ws/install/stm_interfaces/bin'
[1.372s] INFO:colcon.colcon_core.shell:Creating package script '/home/iliass/ros2_athens_ws/install/stm_interfaces/share/stm_interfaces/package.ps1'
[1.373s] INFO:colcon.colcon_core.shell:Creating package descriptor '/home/iliass/ros2_athens_ws/install/stm_interfaces/share/stm_interfaces/package.dsv'
[1.373s] INFO:colcon.colcon_core.shell:Creating package script '/home/iliass/ros2_athens_ws/install/stm_interfaces/share/stm_interfaces/package.sh'
[1.374s] INFO:colcon.colcon_core.shell:Creating package script '/home/iliass/ros2_athens_ws/install/stm_interfaces/share/stm_interfaces/package.bash'
[1.374s] INFO:colcon.colcon_core.shell:Creating package script '/home/iliass/ros2_athens_ws/install/stm_interfaces/share/stm_interfaces/package.zsh'
[1.375s] Level 1:colcon.colcon_core.environment:create_file_with_runtime_dependencies(/home/iliass/ros2_athens_ws/install/stm_interfaces/share/colcon-core/packages/stm_interfaces)
[1.415s] Level 1:colcon.colcon_core.environment:create_environment_scripts_only(first_interfaces)
[1.416s] Level 1:colcon.colcon_core.environment:checking '/home/iliass/ros2_athens_ws/install/first_interfaces' for CMake module files
[1.416s] Level 1:colcon.colcon_core.environment:checking '/home/iliass/ros2_athens_ws/install/first_interfaces' for CMake config files
[1.417s] Level 1:colcon.colcon_core.shell:create_environment_hook('first_interfaces', 'cmake_prefix_path')
[1.417s] INFO:colcon.colcon_core.shell:Creating environment hook '/home/iliass/ros2_athens_ws/install/first_interfaces/share/first_interfaces/hook/cmake_prefix_path.ps1'
[1.418s] INFO:colcon.colcon_core.shell:Creating environment descriptor '/home/iliass/ros2_athens_ws/install/first_interfaces/share/first_interfaces/hook/cmake_prefix_path.dsv'
[1.418s] INFO:colcon.colcon_core.shell:Creating environment hook '/home/iliass/ros2_athens_ws/install/first_interfaces/share/first_interfaces/hook/cmake_prefix_path.sh'
[1.419s] Level 1:colcon.colcon_core.environment:checking '/home/iliass/ros2_athens_ws/install/first_interfaces/lib'
[1.419s] Level 1:colcon.colcon_core.shell:create_environment_hook('first_interfaces', 'ld_library_path_lib')
[1.420s] INFO:colcon.colcon_core.shell:Creating environment hook '/home/iliass/ros2_athens_ws/install/first_interfaces/share/first_interfaces/hook/ld_library_path_lib.ps1'
[1.420s] INFO:colcon.colcon_core.shell:Creating environment descriptor '/home/iliass/ros2_athens_ws/install/first_interfaces/share/first_interfaces/hook/ld_library_path_lib.dsv'
[1.421s] INFO:colcon.colcon_core.shell:Creating environment hook '/home/iliass/ros2_athens_ws/install/first_interfaces/share/first_interfaces/hook/ld_library_path_lib.sh'
[1.422s] Level 1:colcon.colcon_core.environment:checking '/home/iliass/ros2_athens_ws/install/first_interfaces/bin'
[1.422s] Level 1:colcon.colcon_core.environment:checking '/home/iliass/ros2_athens_ws/install/first_interfaces/lib/pkgconfig/first_interfaces.pc'
[1.422s] Level 1:colcon.colcon_core.environment:checking '/home/iliass/ros2_athens_ws/install/first_interfaces/lib/python3.8/site-packages'
[1.423s] Level 1:colcon.colcon_core.shell:create_environment_hook('first_interfaces', 'pythonpath')
[1.423s] INFO:colcon.colcon_core.shell:Creating environment hook '/home/iliass/ros2_athens_ws/install/first_interfaces/share/first_interfaces/hook/pythonpath.ps1'
[1.424s] INFO:colcon.colcon_core.shell:Creating environment descriptor '/home/iliass/ros2_athens_ws/install/first_interfaces/share/first_interfaces/hook/pythonpath.dsv'
[1.425s] INFO:colcon.colcon_core.shell:Creating environment hook '/home/iliass/ros2_athens_ws/install/first_interfaces/share/first_interfaces/hook/pythonpath.sh'
[1.426s] Level 1:colcon.colcon_core.environment:checking '/home/iliass/ros2_athens_ws/install/first_interfaces/bin'
[1.427s] INFO:colcon.colcon_core.shell:Creating package script '/home/iliass/ros2_athens_ws/install/first_interfaces/share/first_interfaces/package.ps1'
[1.428s] INFO:colcon.colcon_core.shell:Creating package descriptor '/home/iliass/ros2_athens_ws/install/first_interfaces/share/first_interfaces/package.dsv'
[1.428s] INFO:colcon.colcon_core.shell:Creating package script '/home/iliass/ros2_athens_ws/install/first_interfaces/share/first_interfaces/package.sh'
[1.429s] INFO:colcon.colcon_core.shell:Creating package script '/home/iliass/ros2_athens_ws/install/first_interfaces/share/first_interfaces/package.bash'
[1.429s] INFO:colcon.colcon_core.shell:Creating package script '/home/iliass/ros2_athens_ws/install/first_interfaces/share/first_interfaces/package.zsh'
[1.430s] Level 1:colcon.colcon_core.environment:create_file_with_runtime_dependencies(/home/iliass/ros2_athens_ws/install/first_interfaces/share/colcon-core/packages/first_interfaces)
[1.431s] INFO:colcon.colcon_ros.task.ament_python.build:Building ROS package in '/home/iliass/ros2_athens_ws/src/first_package' with build type 'ament_python'
[1.431s] Level 1:colcon.colcon_core.shell:create_environment_hook('first_package', 'ament_prefix_path')
[1.432s] INFO:colcon.colcon_core.shell:Creating environment hook '/home/iliass/ros2_athens_ws/install/first_package/share/first_package/hook/ament_prefix_path.ps1'
[1.433s] INFO:colcon.colcon_core.shell:Creating environment descriptor '/home/iliass/ros2_athens_ws/install/first_package/share/first_package/hook/ament_prefix_path.dsv'
[1.434s] INFO:colcon.colcon_core.shell:Creating environment hook '/home/iliass/ros2_athens_ws/install/first_package/share/first_package/hook/ament_prefix_path.sh'
[1.435s] INFO:colcon.colcon_core.shell:Skip shell extension 'powershell' for command environment: Not usable outside of PowerShell
[1.435s] DEBUG:colcon.colcon_core.shell:Skip shell extension 'dsv' for command environment
[1.484s] Level 1:colcon.colcon_core.environment:create_environment_scripts_only(stm_interfaces)
[1.484s] Level 1:colcon.colcon_core.environment:checking '/home/iliass/ros2_athens_ws/install/stm_interfaces' for CMake module files
[1.485s] Level 1:colcon.colcon_core.environment:checking '/home/iliass/ros2_athens_ws/install/stm_interfaces' for CMake config files
[1.486s] Level 1:colcon.colcon_core.shell:create_environment_hook('stm_interfaces', 'cmake_prefix_path')
[1.486s] INFO:colcon.colcon_core.shell:Creating environment hook '/home/iliass/ros2_athens_ws/install/stm_interfaces/share/stm_interfaces/hook/cmake_prefix_path.ps1'
[1.487s] INFO:colcon.colcon_core.shell:Creating environment descriptor '/home/iliass/ros2_athens_ws/install/stm_interfaces/share/stm_interfaces/hook/cmake_prefix_path.dsv'
[1.487s] INFO:colcon.colcon_core.shell:Creating environment hook '/home/iliass/ros2_athens_ws/install/stm_interfaces/share/stm_interfaces/hook/cmake_prefix_path.sh'
[1.488s] Level 1:colcon.colcon_core.environment:checking '/home/iliass/ros2_athens_ws/install/stm_interfaces/lib'
[1.488s] Level 1:colcon.colcon_core.shell:create_environment_hook('stm_interfaces', 'ld_library_path_lib')
[1.489s] INFO:colcon.colcon_core.shell:Creating environment hook '/home/iliass/ros2_athens_ws/install/stm_interfaces/share/stm_interfaces/hook/ld_library_path_lib.ps1'
[1.489s] INFO:colcon.colcon_core.shell:Creating environment descriptor '/home/iliass/ros2_athens_ws/install/stm_interfaces/share/stm_interfaces/hook/ld_library_path_lib.dsv'
[1.489s] INFO:colcon.colcon_core.shell:Creating environment hook '/home/iliass/ros2_athens_ws/install/stm_interfaces/share/stm_interfaces/hook/ld_library_path_lib.sh'
[1.490s] Level 1:colcon.colcon_core.environment:checking '/home/iliass/ros2_athens_ws/install/stm_interfaces/bin'
[1.490s] Level 1:colcon.colcon_core.environment:checking '/home/iliass/ros2_athens_ws/install/stm_interfaces/lib/pkgconfig/stm_interfaces.pc'
[1.490s] Level 1:colcon.colcon_core.environment:checking '/home/iliass/ros2_athens_ws/install/stm_interfaces/lib/python3.8/site-packages'
[1.490s] Level 1:colcon.colcon_core.shell:create_environment_hook('stm_interfaces', 'pythonpath')
[1.491s] INFO:colcon.colcon_core.shell:Creating environment hook '/home/iliass/ros2_athens_ws/install/stm_interfaces/share/stm_interfaces/hook/pythonpath.ps1'
[1.491s] INFO:colcon.colcon_core.shell:Creating environment descriptor '/home/iliass/ros2_athens_ws/install/stm_interfaces/share/stm_interfaces/hook/pythonpath.dsv'
[1.492s] INFO:colcon.colcon_core.shell:Creating environment hook '/home/iliass/ros2_athens_ws/install/stm_interfaces/share/stm_interfaces/hook/pythonpath.sh'
[1.493s] Level 1:colcon.colcon_core.environment:checking '/home/iliass/ros2_athens_ws/install/stm_interfaces/bin'
[1.493s] INFO:colcon.colcon_core.shell:Creating package script '/home/iliass/ros2_athens_ws/install/stm_interfaces/share/stm_interfaces/package.ps1'
[1.494s] INFO:colcon.colcon_core.shell:Creating package descriptor '/home/iliass/ros2_athens_ws/install/stm_interfaces/share/stm_interfaces/package.dsv'
[1.495s] INFO:colcon.colcon_core.shell:Creating package script '/home/iliass/ros2_athens_ws/install/stm_interfaces/share/stm_interfaces/package.sh'
[1.497s] INFO:colcon.colcon_core.shell:Creating package script '/home/iliass/ros2_athens_ws/install/stm_interfaces/share/stm_interfaces/package.bash'
[1.498s] INFO:colcon.colcon_core.shell:Creating package script '/home/iliass/ros2_athens_ws/install/stm_interfaces/share/stm_interfaces/package.zsh'
[1.498s] Level 1:colcon.colcon_core.environment:create_file_with_runtime_dependencies(/home/iliass/ros2_athens_ws/install/stm_interfaces/share/colcon-core/packages/stm_interfaces)
[1.499s] INFO:colcon.colcon_ros.task.ament_python.build:Building ROS package in '/home/iliass/ros2_athens_ws/src/stm_station' with build type 'ament_python'
[1.500s] Level 1:colcon.colcon_core.shell:create_environment_hook('stm_station', 'ament_prefix_path')
[1.501s] INFO:colcon.colcon_core.shell:Creating environment hook '/home/iliass/ros2_athens_ws/install/stm_station/share/stm_station/hook/ament_prefix_path.ps1'
[1.502s] INFO:colcon.colcon_core.shell:Creating environment descriptor '/home/iliass/ros2_athens_ws/install/stm_station/share/stm_station/hook/ament_prefix_path.dsv'
[1.503s] INFO:colcon.colcon_core.shell:Creating environment hook '/home/iliass/ros2_athens_ws/install/stm_station/share/stm_station/hook/ament_prefix_path.sh'
[1.504s] INFO:colcon.colcon_core.shell:Skip shell extension 'powershell' for command environment: Not usable outside of PowerShell
[1.504s] DEBUG:colcon.colcon_core.shell:Skip shell extension 'dsv' for command environment
[2.079s] INFO:colcon.colcon_core.task.python.build:Building Python package in '/home/iliass/ros2_athens_ws/src/first_package'
[2.080s] INFO:colcon.colcon_core.shell:Skip shell extension 'powershell' for command environment: Not usable outside of PowerShell
[2.080s] DEBUG:colcon.colcon_core.shell:Skip shell extension 'dsv' for command environment
[2.313s] INFO:colcon.colcon_core.task.python.build:Building Python package in '/home/iliass/ros2_athens_ws/src/stm_station'
[2.313s] INFO:colcon.colcon_core.shell:Skip shell extension 'powershell' for command environment: Not usable outside of PowerShell
[2.313s] DEBUG:colcon.colcon_core.shell:Skip shell extension 'dsv' for command environment
[2.760s] DEBUG:colcon.colcon_core.event_handler.log_command:Invoking command in '/home/iliass/ros2_athens_ws/src/first_package': CMAKE_PREFIX_PATH=/home/iliass/ros2_athens_ws/install/first_interfaces:/home/iliass/ros2_athens_ws/install/stm_interfaces LD_LIBRARY_PATH=/home/iliass/ros2_athens_ws/install/first_interfaces/lib:/home/iliass/ros2_athens_ws/install/stm_interfaces/lib:/opt/ros/foxy/opt/yaml_cpp_vendor/lib:/opt/ros/foxy/opt/rviz_ogre_vendor/lib:/opt/ros/foxy/lib/x86_64-linux-gnu:/opt/ros/foxy/lib PYTHONPATH=/home/iliass/ros2_athens_ws/build/first_package/prefix_override:/usr/lib/python3/dist-packages/colcon_core/task/python/colcon_distutils_commands:/home/iliass/ros2_athens_ws/install/first_package/lib/python3.8/site-packages:/home/iliass/ros2_athens_ws/install/first_interfaces/lib/python3.8/site-packages:/home/iliass/ros2_athens_ws/install/stm_station/lib/python3.8/site-packages:/home/iliass/ros2_athens_ws/install/stm_interfaces/lib/python3.8/site-packages:/home/iliass/ros2_athens_ws/install/first_package/lib/python3.8/site-packages:/opt/ros/foxy/lib/python3.8/site-packages /usr/bin/python3 -W ignore:setup.py install is deprecated setup.py egg_info --egg-base ../../build/first_package build --build-base /home/iliass/ros2_athens_ws/build/first_package/build install --record /home/iliass/ros2_athens_ws/build/first_package/install.log --install-scripts $base/lib/first_package --single-version-externally-managed install_data
[3.044s] DEBUG:colcon.colcon_core.event_handler.log_command:Invoking command in '/home/iliass/ros2_athens_ws/src/stm_station': PYTHONPATH=/home/iliass/ros2_athens_ws/build/stm_station/prefix_override:/usr/lib/python3/dist-packages/colcon_core/task/python/colcon_distutils_commands:/home/iliass/ros2_athens_ws/install/stm_station/lib/python3.8/site-packages:/home/iliass/ros2_athens_ws/install/stm_interfaces/lib/python3.8/site-packages:/home/iliass/ros2_athens_ws/install/stm_station/lib/python3.8/site-packages:/home/iliass/ros2_athens_ws/install/first_package/lib/python3.8/site-packages:/home/iliass/ros2_athens_ws/install/first_interfaces/lib/python3.8/site-packages:/opt/ros/foxy/lib/python3.8/site-packages /usr/bin/python3 -W ignore:setup.py install is deprecated setup.py egg_info --egg-base ../../build/stm_station build --build-base /home/iliass/ros2_athens_ws/build/stm_station/build install --record /home/iliass/ros2_athens_ws/build/stm_station/install.log --install-scripts $base/lib/stm_station --single-version-externally-managed install_data
[3.054s] Level 1:colcon.colcon_core.environment:checking '/home/iliass/ros2_athens_ws/install/first_package' for CMake module files
[3.055s] DEBUG:colcon.colcon_core.event_handler.log_command:Invoked command in '/home/iliass/ros2_athens_ws/src/first_package' returned '0': CMAKE_PREFIX_PATH=/home/iliass/ros2_athens_ws/install/first_interfaces:/home/iliass/ros2_athens_ws/install/stm_interfaces LD_LIBRARY_PATH=/home/iliass/ros2_athens_ws/install/first_interfaces/lib:/home/iliass/ros2_athens_ws/install/stm_interfaces/lib:/opt/ros/foxy/opt/yaml_cpp_vendor/lib:/opt/ros/foxy/opt/rviz_ogre_vendor/lib:/opt/ros/foxy/lib/x86_64-linux-gnu:/opt/ros/foxy/lib PYTHONPATH=/home/iliass/ros2_athens_ws/build/first_package/prefix_override:/usr/lib/python3/dist-packages/colcon_core/task/python/colcon_distutils_commands:/home/iliass/ros2_athens_ws/install/first_package/lib/python3.8/site-packages:/home/iliass/ros2_athens_ws/install/first_interfaces/lib/python3.8/site-packages:/home/iliass/ros2_athens_ws/install/stm_station/lib/python3.8/site-packages:/home/iliass/ros2_athens_ws/install/stm_interfaces/lib/python3.8/site-packages:/home/iliass/ros2_athens_ws/install/first_package/lib/python3.8/site-packages:/opt/ros/foxy/lib/python3.8/site-packages /usr/bin/python3 -W ignore:setup.py install is deprecated setup.py egg_info --egg-base ../../build/first_package build --build-base /home/iliass/ros2_athens_ws/build/first_package/build install --record /home/iliass/ros2_athens_ws/build/first_package/install.log --install-scripts $base/lib/first_package --single-version-externally-managed install_data
[3.055s] Level 1:colcon.colcon_core.environment:checking '/home/iliass/ros2_athens_ws/install/first_package' for CMake config files
[3.056s] Level 1:colcon.colcon_core.environment:checking '/home/iliass/ros2_athens_ws/install/first_package/lib'
[3.056s] Level 1:colcon.colcon_core.environment:checking '/home/iliass/ros2_athens_ws/install/first_package/bin'
[3.056s] Level 1:colcon.colcon_core.environment:checking '/home/iliass/ros2_athens_ws/install/first_package/lib/pkgconfig/first_package.pc'
[3.056s] Level 1:colcon.colcon_core.environment:checking '/home/iliass/ros2_athens_ws/install/first_package/lib/python3.8/site-packages'
[3.057s] Level 1:colcon.colcon_core.shell:create_environment_hook('first_package', 'pythonpath')
[3.057s] INFO:colcon.colcon_core.shell:Creating environment hook '/home/iliass/ros2_athens_ws/install/first_package/share/first_package/hook/pythonpath.ps1'
[3.058s] INFO:colcon.colcon_core.shell:Creating environment descriptor '/home/iliass/ros2_athens_ws/install/first_package/share/first_package/hook/pythonpath.dsv'
[3.058s] INFO:colcon.colcon_core.shell:Creating environment hook '/home/iliass/ros2_athens_ws/install/first_package/share/first_package/hook/pythonpath.sh'
[3.059s] Level 1:colcon.colcon_core.environment:checking '/home/iliass/ros2_athens_ws/install/first_package/bin'
[3.059s] Level 1:colcon.colcon_core.environment:create_environment_scripts_only(first_package)
[3.059s] INFO:colcon.colcon_core.shell:Creating package script '/home/iliass/ros2_athens_ws/install/first_package/share/first_package/package.ps1'
[3.060s] INFO:colcon.colcon_core.shell:Creating package descriptor '/home/iliass/ros2_athens_ws/install/first_package/share/first_package/package.dsv'
[3.061s] INFO:colcon.colcon_core.shell:Creating package script '/home/iliass/ros2_athens_ws/install/first_package/share/first_package/package.sh'
[3.061s] INFO:colcon.colcon_core.shell:Creating package script '/home/iliass/ros2_athens_ws/install/first_package/share/first_package/package.bash'
[3.062s] INFO:colcon.colcon_core.shell:Creating package script '/home/iliass/ros2_athens_ws/install/first_package/share/first_package/package.zsh'
[3.062s] Level 1:colcon.colcon_core.environment:create_file_with_runtime_dependencies(/home/iliass/ros2_athens_ws/install/first_package/share/colcon-core/packages/first_package)
[3.325s] Level 1:colcon.colcon_core.environment:checking '/home/iliass/ros2_athens_ws/install/stm_station' for CMake module files
[3.326s] DEBUG:colcon.colcon_core.event_handler.log_command:Invoked command in '/home/iliass/ros2_athens_ws/src/stm_station' returned '0': PYTHONPATH=/home/iliass/ros2_athens_ws/build/stm_station/prefix_override:/usr/lib/python3/dist-packages/colcon_core/task/python/colcon_distutils_commands:/home/iliass/ros2_athens_ws/install/stm_station/lib/python3.8/site-packages:/home/iliass/ros2_athens_ws/install/stm_interfaces/lib/python3.8/site-packages:/home/iliass/ros2_athens_ws/install/stm_station/lib/python3.8/site-packages:/home/iliass/ros2_athens_ws/install/first_package/lib/python3.8/site-packages:/home/iliass/ros2_athens_ws/install/first_interfaces/lib/python3.8/site-packages:/opt/ros/foxy/lib/python3.8/site-packages /usr/bin/python3 -W ignore:setup.py install is deprecated setup.py egg_info --egg-base ../../build/stm_station build --build-base /home/iliass/ros2_athens_ws/build/stm_station/build install --record /home/iliass/ros2_athens_ws/build/stm_station/install.log --install-scripts $base/lib/stm_station --single-version-externally-managed install_data
[3.327s] Level 1:colcon.colcon_core.environment:checking '/home/iliass/ros2_athens_ws/install/stm_station' for CMake config files
[3.327s] Level 1:colcon.colcon_core.environment:checking '/home/iliass/ros2_athens_ws/install/stm_station/lib'
[3.327s] Level 1:colcon.colcon_core.environment:checking '/home/iliass/ros2_athens_ws/install/stm_station/bin'
[3.327s] Level 1:colcon.colcon_core.environment:checking '/home/iliass/ros2_athens_ws/install/stm_station/lib/pkgconfig/stm_station.pc'
[3.327s] Level 1:colcon.colcon_core.environment:checking '/home/iliass/ros2_athens_ws/install/stm_station/lib/python3.8/site-packages'
[3.328s] Level 1:colcon.colcon_core.shell:create_environment_hook('stm_station', 'pythonpath')
[3.328s] INFO:colcon.colcon_core.shell:Creating environment hook '/home/iliass/ros2_athens_ws/install/stm_station/share/stm_station/hook/pythonpath.ps1'
[3.328s] INFO:colcon.colcon_core.shell:Creating environment descriptor '/home/iliass/ros2_athens_ws/install/stm_station/share/stm_station/hook/pythonpath.dsv'
[3.329s] INFO:colcon.colcon_core.shell:Creating environment hook '/home/iliass/ros2_athens_ws/install/stm_station/share/stm_station/hook/pythonpath.sh'
[3.329s] Level 1:colcon.colcon_core.environment:checking '/home/iliass/ros2_athens_ws/install/stm_station/bin'
[3.329s] Level 1:colcon.colcon_core.environment:create_environment_scripts_only(stm_station)
[3.330s] INFO:colcon.colcon_core.shell:Creating package script '/home/iliass/ros2_athens_ws/install/stm_station/share/stm_station/package.ps1'
[3.330s] INFO:colcon.colcon_core.shell:Creating package descriptor '/home/iliass/ros2_athens_ws/install/stm_station/share/stm_station/package.dsv'
[3.330s] INFO:colcon.colcon_core.shell:Creating package script '/home/iliass/ros2_athens_ws/install/stm_station/share/stm_station/package.sh'
[3.331s] INFO:colcon.colcon_core.shell:Creating package script '/home/iliass/ros2_athens_ws/install/stm_station/share/stm_station/package.bash'
[3.331s] INFO:colcon.colcon_core.shell:Creating package script '/home/iliass/ros2_athens_ws/install/stm_station/share/stm_station/package.zsh'
[3.332s] Level 1:colcon.colcon_core.environment:create_file_with_runtime_dependencies(/home/iliass/ros2_athens_ws/install/stm_station/share/colcon-core/packages/stm_station)
[3.333s] DEBUG:colcon.colcon_parallel_executor.executor.parallel:closing loop
[3.334s] DEBUG:colcon.colcon_parallel_executor.executor.parallel:loop closed
[3.335s] DEBUG:colcon.colcon_parallel_executor.executor.parallel:run_until_complete finished with '0'
[3.335s] DEBUG:colcon.colcon_core.event_reactor:joining thread
[3.570s] INFO:colcon.colcon_core.plugin_system:Skipping extension 'colcon_notification.desktop_notification.notify_send': Could not find 'notify-send'
[3.571s] INFO:colcon.colcon_core.plugin_system:Skipping extension 'colcon_notification.desktop_notification.terminal_notifier': Not used on non-Darwin systems
[3.572s] INFO:colcon.colcon_core.plugin_system:Skipping extension 'colcon_notification.desktop_notification.win32': Not used on non-Windows systems
[3.572s] INFO:colcon.colcon_notification.desktop_notification:Sending desktop notification using 'notify2'
[3.578s] DEBUG:colcon.colcon_notification.desktop_notification.notify2:Failed to initialize notify2: org.freedesktop.DBus.Error.ServiceUnknown: The name org.freedesktop.Notifications was not provided by any .service files
[3.579s] DEBUG:colcon.colcon_core.event_reactor:joined thread
[3.581s] INFO:colcon.colcon_core.shell:Creating prefix script '/home/iliass/ros2_athens_ws/install/local_setup.ps1'
[3.587s] INFO:colcon.colcon_core.shell:Creating prefix util module '/home/iliass/ros2_athens_ws/install/_local_setup_util_ps1.py'
[3.593s] INFO:colcon.colcon_core.shell:Creating prefix chain script '/home/iliass/ros2_athens_ws/install/setup.ps1'
[3.599s] INFO:colcon.colcon_core.shell:Creating prefix script '/home/iliass/ros2_athens_ws/install/local_setup.sh'
[3.602s] INFO:colcon.colcon_core.shell:Creating prefix util module '/home/iliass/ros2_athens_ws/install/_local_setup_util_sh.py'
[3.605s] INFO:colcon.colcon_core.shell:Creating prefix chain script '/home/iliass/ros2_athens_ws/install/setup.sh'
[3.610s] INFO:colcon.colcon_core.shell:Creating prefix script '/home/iliass/ros2_athens_ws/install/local_setup.bash'
[3.614s] INFO:colcon.colcon_core.shell:Creating prefix chain script '/home/iliass/ros2_athens_ws/install/setup.bash'
[3.620s] INFO:colcon.colcon_core.shell:Creating prefix script '/home/iliass/ros2_athens_ws/install/local_setup.zsh'
[3.623s] INFO:colcon.colcon_core.shell:Creating prefix chain script '/home/iliass/ros2_athens_ws/install/setup.zsh'
