[0.011s] Invoking command in '/home/iliass/ros2_athens_ws/build/first_interfaces': CMAKE_PREFIX_PATH=${CMAKE_PREFIX_PATH}:/home/iliass/ros2_athens_ws/install/stm_station:/home/iliass/ros2_athens_ws/install/first_package:/opt/ros/foxy /usr/bin/cmake --build /home/iliass/ros2_athens_ws/build/first_interfaces -- -j16 -l16
[0.021s] make[1]: Entering directory '/home/iliass/ros2_athens_ws/build/first_interfaces'
[0.032s] make[2]: Entering directory '/home/iliass/ros2_athens_ws/build/first_interfaces'
[0.033s] make[3]: Entering directory '/home/iliass/ros2_athens_ws/build/first_interfaces'
[0.033s] make[3]: Entering directory '/home/iliass/ros2_athens_ws/build/first_interfaces'
[0.038s] make[3]: Leaving directory '/home/iliass/ros2_athens_ws/build/first_interfaces'
[0.038s] make[3]: Leaving directory '/home/iliass/ros2_athens_ws/build/first_interfaces'
[0.043s] [  3%] Built target first_interfaces__cpp
[0.044s] [ 12%] Built target first_interfaces__rosidl_generator_c
[0.045s] make[3]: Entering directory '/home/iliass/ros2_athens_ws/build/first_interfaces'
[0.045s] make[3]: Entering directory '/home/iliass/ros2_athens_ws/build/first_interfaces'
[0.045s] make[3]: Entering directory '/home/iliass/ros2_athens_ws/build/first_interfaces'
[0.050s] make[3]: Leaving directory '/home/iliass/ros2_athens_ws/build/first_interfaces'
[0.051s] make[3]: Leaving directory '/home/iliass/ros2_athens_ws/build/first_interfaces'
[0.051s] make[3]: Leaving directory '/home/iliass/ros2_athens_ws/build/first_interfaces'
[0.057s] [ 22%] Built target first_interfaces__rosidl_typesupport_introspection_cpp
[0.057s] [ 32%] Built target first_interfaces__rosidl_typesupport_cpp
[0.059s] make[3]: Entering directory '/home/iliass/ros2_athens_ws/build/first_interfaces'
[0.059s] make[3]: Entering directory '/home/iliass/ros2_athens_ws/build/first_interfaces'
[0.060s] [ 41%] Built target first_interfaces__rosidl_typesupport_fastrtps_cpp
[0.061s] make[3]: Entering directory '/home/iliass/ros2_athens_ws/build/first_interfaces'
[0.064s] make[3]: Leaving directory '/home/iliass/ros2_athens_ws/build/first_interfaces'
[0.067s] make[3]: Leaving directory '/home/iliass/ros2_athens_ws/build/first_interfaces'
[0.067s] make[3]: Leaving directory '/home/iliass/ros2_athens_ws/build/first_interfaces'
[0.071s] [ 51%] Built target first_interfaces__rosidl_typesupport_introspection_c
[0.073s] [ 61%] Built target first_interfaces__rosidl_typesupport_c
[0.075s] [ 70%] Built target first_interfaces__rosidl_typesupport_fastrtps_c
[0.076s] make[3]: Entering directory '/home/iliass/ros2_athens_ws/build/first_interfaces'
[0.081s] make[3]: Leaving directory '/home/iliass/ros2_athens_ws/build/first_interfaces'
[0.087s] [ 70%] Built target first_interfaces
[0.088s] make[3]: Entering directory '/home/iliass/ros2_athens_ws/build/first_interfaces'
[0.094s] make[3]: Leaving directory '/home/iliass/ros2_athens_ws/build/first_interfaces'
[0.099s] [ 74%] Built target first_interfaces__py
[0.100s] make[3]: Entering directory '/home/iliass/ros2_athens_ws/build/first_interfaces'
[0.105s] make[3]: Leaving directory '/home/iliass/ros2_athens_ws/build/first_interfaces'
[0.113s] [ 80%] Built target first_interfaces__python
[0.115s] make[3]: Entering directory '/home/iliass/ros2_athens_ws/build/first_interfaces'
[0.116s] make[3]: Entering directory '/home/iliass/ros2_athens_ws/build/first_interfaces'
[0.116s] make[3]: Entering directory '/home/iliass/ros2_athens_ws/build/first_interfaces'
[0.121s] make[3]: Leaving directory '/home/iliass/ros2_athens_ws/build/first_interfaces'
[0.121s] make[3]: Leaving directory '/home/iliass/ros2_athens_ws/build/first_interfaces'
[0.122s] make[3]: Leaving directory '/home/iliass/ros2_athens_ws/build/first_interfaces'
[0.129s] [ 87%] Built target first_interfaces__rosidl_typesupport_fastrtps_c__pyext
[0.130s] [ 93%] Built target first_interfaces__rosidl_typesupport_introspection_c__pyext
[0.130s] [100%] Built target first_interfaces__rosidl_typesupport_c__pyext
[0.130s] make[2]: Leaving directory '/home/iliass/ros2_athens_ws/build/first_interfaces'
[0.135s] make[1]: Leaving directory '/home/iliass/ros2_athens_ws/build/first_interfaces'
[0.137s] Invoked command in '/home/iliass/ros2_athens_ws/build/first_interfaces' returned '0': CMAKE_PREFIX_PATH=${CMAKE_PREFIX_PATH}:/home/iliass/ros2_athens_ws/install/stm_station:/home/iliass/ros2_athens_ws/install/first_package:/opt/ros/foxy /usr/bin/cmake --build /home/iliass/ros2_athens_ws/build/first_interfaces -- -j16 -l16
[0.175s] Invoking command in '/home/iliass/ros2_athens_ws/build/first_interfaces': CMAKE_PREFIX_PATH=${CMAKE_PREFIX_PATH}:/home/iliass/ros2_athens_ws/install/stm_station:/home/iliass/ros2_athens_ws/install/first_package:/opt/ros/foxy /usr/bin/cmake --install /home/iliass/ros2_athens_ws/build/first_interfaces
[0.180s] -- Install configuration: ""
[0.181s] -- Up-to-date: /home/iliass/ros2_athens_ws/install/first_interfaces/share/ament_index/resource_index/rosidl_interfaces/first_interfaces
[0.181s] -- Up-to-date: /home/iliass/ros2_athens_ws/install/first_interfaces/include/first_interfaces
[0.181s] -- Up-to-date: /home/iliass/ros2_athens_ws/install/first_interfaces/include/first_interfaces/msg
[0.181s] -- Up-to-date: /home/iliass/ros2_athens_ws/install/first_interfaces/include/first_interfaces/msg/detail
[0.181s] -- Up-to-date: /home/iliass/ros2_athens_ws/install/first_interfaces/include/first_interfaces/msg/detail/custom__functions.c
[0.182s] -- Up-to-date: /home/iliass/ros2_athens_ws/install/first_interfaces/include/first_interfaces/msg/detail/custom_message__functions.h
[0.182s] -- Up-to-date: /home/iliass/ros2_athens_ws/install/first_interfaces/include/first_interfaces/msg/detail/custom__functions.h
[0.182s] -- Up-to-date: /home/iliass/ros2_athens_ws/install/first_interfaces/include/first_interfaces/msg/detail/custom__struct.h
[0.182s] -- Up-to-date: /home/iliass/ros2_athens_ws/install/first_interfaces/include/first_interfaces/msg/detail/custom_message__type_support.h
[0.183s] -- Up-to-date: /home/iliass/ros2_athens_ws/install/first_interfaces/include/first_interfaces/msg/detail/custom_message__functions.c
[0.183s] -- Up-to-date: /home/iliass/ros2_athens_ws/install/first_interfaces/include/first_interfaces/msg/detail/custom_message__struct.h
[0.183s] -- Up-to-date: /home/iliass/ros2_athens_ws/install/first_interfaces/include/first_interfaces/msg/detail/custom__type_support.h
[0.183s] -- Up-to-date: /home/iliass/ros2_athens_ws/install/first_interfaces/include/first_interfaces/msg/custom.h
[0.183s] -- Up-to-date: /home/iliass/ros2_athens_ws/install/first_interfaces/include/first_interfaces/msg/rosidl_generator_c__visibility_control.h
[0.183s] -- Up-to-date: /home/iliass/ros2_athens_ws/install/first_interfaces/include/first_interfaces/msg/custom_message.h
[0.183s] -- Up-to-date: /home/iliass/ros2_athens_ws/install/first_interfaces/share/first_interfaces/environment/library_path.sh
[0.183s] -- Up-to-date: /home/iliass/ros2_athens_ws/install/first_interfaces/share/first_interfaces/environment/library_path.dsv
[0.183s] -- Up-to-date: /home/iliass/ros2_athens_ws/install/first_interfaces/lib/libfirst_interfaces__rosidl_generator_c.so
[0.183s] -- Up-to-date: /home/iliass/ros2_athens_ws/install/first_interfaces/include/first_interfaces
[0.183s] -- Up-to-date: /home/iliass/ros2_athens_ws/install/first_interfaces/include/first_interfaces/msg
[0.183s] -- Up-to-date: /home/iliass/ros2_athens_ws/install/first_interfaces/include/first_interfaces/msg/detail
[0.184s] -- Up-to-date: /home/iliass/ros2_athens_ws/install/first_interfaces/include/first_interfaces/msg/detail/custom__rosidl_typesupport_fastrtps_c.h
[0.184s] -- Up-to-date: /home/iliass/ros2_athens_ws/install/first_interfaces/include/first_interfaces/msg/rosidl_typesupport_fastrtps_c__visibility_control.h
[0.184s] -- Up-to-date: /home/iliass/ros2_athens_ws/install/first_interfaces/lib/libfirst_interfaces__rosidl_typesupport_fastrtps_c.so
[0.184s] -- Up-to-date: /home/iliass/ros2_athens_ws/install/first_interfaces/include/first_interfaces
[0.184s] -- Up-to-date: /home/iliass/ros2_athens_ws/install/first_interfaces/include/first_interfaces/msg
[0.185s] -- Up-to-date: /home/iliass/ros2_athens_ws/install/first_interfaces/include/first_interfaces/msg/detail
[0.185s] -- Up-to-date: /home/iliass/ros2_athens_ws/install/first_interfaces/include/first_interfaces/msg/detail/custom_message__rosidl_typesupport_fastrtps_cpp.hpp
[0.185s] -- Up-to-date: /home/iliass/ros2_athens_ws/install/first_interfaces/include/first_interfaces/msg/detail/custom__rosidl_typesupport_fastrtps_cpp.hpp
[0.185s] -- Up-to-date: /home/iliass/ros2_athens_ws/install/first_interfaces/include/first_interfaces/msg/detail/dds_fastrtps
[0.185s] -- Up-to-date: /home/iliass/ros2_athens_ws/install/first_interfaces/include/first_interfaces/msg/rosidl_typesupport_fastrtps_cpp__visibility_control.h
[0.185s] -- Up-to-date: /home/iliass/ros2_athens_ws/install/first_interfaces/lib/libfirst_interfaces__rosidl_typesupport_fastrtps_cpp.so
[0.185s] -- Up-to-date: /home/iliass/ros2_athens_ws/install/first_interfaces/include/first_interfaces
[0.185s] -- Up-to-date: /home/iliass/ros2_athens_ws/install/first_interfaces/include/first_interfaces/msg
[0.185s] -- Up-to-date: /home/iliass/ros2_athens_ws/install/first_interfaces/include/first_interfaces/msg/detail
[0.185s] -- Up-to-date: /home/iliass/ros2_athens_ws/install/first_interfaces/include/first_interfaces/msg/detail/custom__rosidl_typesupport_introspection_c.h
[0.185s] -- Up-to-date: /home/iliass/ros2_athens_ws/install/first_interfaces/include/first_interfaces/msg/detail/custom__type_support.c
[0.185s] -- Up-to-date: /home/iliass/ros2_athens_ws/install/first_interfaces/include/first_interfaces/msg/rosidl_typesupport_introspection_c__visibility_control.h
[0.185s] -- Up-to-date: /home/iliass/ros2_athens_ws/install/first_interfaces/lib/libfirst_interfaces__rosidl_typesupport_introspection_c.so
[0.185s] -- Up-to-date: /home/iliass/ros2_athens_ws/install/first_interfaces/lib/libfirst_interfaces__rosidl_typesupport_c.so
[0.186s] -- Up-to-date: /home/iliass/ros2_athens_ws/install/first_interfaces/include/first_interfaces
[0.186s] -- Up-to-date: /home/iliass/ros2_athens_ws/install/first_interfaces/include/first_interfaces/msg
[0.186s] -- Up-to-date: /home/iliass/ros2_athens_ws/install/first_interfaces/include/first_interfaces/msg/detail
[0.186s] -- Up-to-date: /home/iliass/ros2_athens_ws/install/first_interfaces/include/first_interfaces/msg/detail/custom__struct.hpp
[0.186s] -- Up-to-date: /home/iliass/ros2_athens_ws/install/first_interfaces/include/first_interfaces/msg/detail/custom_message__builder.hpp
[0.186s] -- Up-to-date: /home/iliass/ros2_athens_ws/install/first_interfaces/include/first_interfaces/msg/detail/custom__type_support.hpp
[0.186s] -- Up-to-date: /home/iliass/ros2_athens_ws/install/first_interfaces/include/first_interfaces/msg/detail/custom_message__traits.hpp
[0.186s] -- Up-to-date: /home/iliass/ros2_athens_ws/install/first_interfaces/include/first_interfaces/msg/detail/custom_message__type_support.hpp
[0.186s] -- Up-to-date: /home/iliass/ros2_athens_ws/install/first_interfaces/include/first_interfaces/msg/detail/custom_message__struct.hpp
[0.186s] -- Up-to-date: /home/iliass/ros2_athens_ws/install/first_interfaces/include/first_interfaces/msg/detail/custom__traits.hpp
[0.186s] -- Up-to-date: /home/iliass/ros2_athens_ws/install/first_interfaces/include/first_interfaces/msg/detail/custom__builder.hpp
[0.187s] -- Up-to-date: /home/iliass/ros2_athens_ws/install/first_interfaces/include/first_interfaces/msg/rosidl_generator_cpp__visibility_control.hpp
[0.187s] -- Up-to-date: /home/iliass/ros2_athens_ws/install/first_interfaces/include/first_interfaces/msg/custom_message.hpp
[0.187s] -- Up-to-date: /home/iliass/ros2_athens_ws/install/first_interfaces/include/first_interfaces/msg/custom.hpp
[0.187s] -- Up-to-date: /home/iliass/ros2_athens_ws/install/first_interfaces/include/first_interfaces
[0.187s] -- Up-to-date: /home/iliass/ros2_athens_ws/install/first_interfaces/include/first_interfaces/msg
[0.187s] -- Up-to-date: /home/iliass/ros2_athens_ws/install/first_interfaces/include/first_interfaces/msg/detail
[0.187s] -- Up-to-date: /home/iliass/ros2_athens_ws/install/first_interfaces/include/first_interfaces/msg/detail/custom_message__type_support.cpp
[0.187s] -- Up-to-date: /home/iliass/ros2_athens_ws/install/first_interfaces/include/first_interfaces/msg/detail/custom__type_support.cpp
[0.187s] -- Up-to-date: /home/iliass/ros2_athens_ws/install/first_interfaces/include/first_interfaces/msg/detail/custom__rosidl_typesupport_introspection_cpp.hpp
[0.187s] -- Up-to-date: /home/iliass/ros2_athens_ws/install/first_interfaces/include/first_interfaces/msg/detail/custom_message__rosidl_typesupport_introspection_cpp.hpp
[0.187s] -- Up-to-date: /home/iliass/ros2_athens_ws/install/first_interfaces/lib/libfirst_interfaces__rosidl_typesupport_introspection_cpp.so
[0.188s] -- Up-to-date: /home/iliass/ros2_athens_ws/install/first_interfaces/lib/libfirst_interfaces__rosidl_typesupport_cpp.so
[0.188s] -- Up-to-date: /home/iliass/ros2_athens_ws/install/first_interfaces/share/first_interfaces/environment/pythonpath.sh
[0.188s] -- Up-to-date: /home/iliass/ros2_athens_ws/install/first_interfaces/share/first_interfaces/environment/pythonpath.dsv
[0.188s] -- Up-to-date: /home/iliass/ros2_athens_ws/install/first_interfaces/lib/python3.8/site-packages/first_interfaces/__init__.py
[0.211s] -- Up-to-date: /home/iliass/ros2_athens_ws/install/first_interfaces/lib/python3.8/site-packages/first_interfaces/msg
[0.212s] -- Up-to-date: /home/iliass/ros2_athens_ws/install/first_interfaces/lib/python3.8/site-packages/first_interfaces/msg/__init__.py
[0.212s] -- Up-to-date: /home/iliass/ros2_athens_ws/install/first_interfaces/lib/python3.8/site-packages/first_interfaces/msg/_custom.py
[0.212s] -- Up-to-date: /home/iliass/ros2_athens_ws/install/first_interfaces/lib/python3.8/site-packages/first_interfaces/msg/_custom_s.c
[0.214s] -- Up-to-date: /home/iliass/ros2_athens_ws/install/first_interfaces/lib/python3.8/site-packages/first_interfaces/first_interfaces_s__rosidl_typesupport_fastrtps_c.cpython-38-x86_64-linux-gnu.so
[0.217s] -- Up-to-date: /home/iliass/ros2_athens_ws/install/first_interfaces/lib/python3.8/site-packages/first_interfaces/first_interfaces_s__rosidl_typesupport_introspection_c.cpython-38-x86_64-linux-gnu.so
[0.218s] -- Up-to-date: /home/iliass/ros2_athens_ws/install/first_interfaces/lib/python3.8/site-packages/first_interfaces/first_interfaces_s__rosidl_typesupport_c.cpython-38-x86_64-linux-gnu.so
[0.222s] -- Up-to-date: /home/iliass/ros2_athens_ws/install/first_interfaces/lib/libfirst_interfaces__python.so
[0.222s] -- Up-to-date: /home/iliass/ros2_athens_ws/install/first_interfaces/share/first_interfaces/msg/Custom.idl
[0.222s] -- Up-to-date: /home/iliass/ros2_athens_ws/install/first_interfaces/share/first_interfaces/msg/Custom.msg
[0.222s] -- Up-to-date: /home/iliass/ros2_athens_ws/install/first_interfaces/share/ament_index/resource_index/package_run_dependencies/first_interfaces
[0.222s] -- Up-to-date: /home/iliass/ros2_athens_ws/install/first_interfaces/share/ament_index/resource_index/parent_prefix_path/first_interfaces
[0.222s] -- Up-to-date: /home/iliass/ros2_athens_ws/install/first_interfaces/share/first_interfaces/environment/ament_prefix_path.sh
[0.223s] -- Up-to-date: /home/iliass/ros2_athens_ws/install/first_interfaces/share/first_interfaces/environment/ament_prefix_path.dsv
[0.223s] -- Up-to-date: /home/iliass/ros2_athens_ws/install/first_interfaces/share/first_interfaces/environment/path.sh
[0.223s] -- Up-to-date: /home/iliass/ros2_athens_ws/install/first_interfaces/share/first_interfaces/environment/path.dsv
[0.223s] -- Up-to-date: /home/iliass/ros2_athens_ws/install/first_interfaces/share/first_interfaces/local_setup.bash
[0.223s] -- Up-to-date: /home/iliass/ros2_athens_ws/install/first_interfaces/share/first_interfaces/local_setup.sh
[0.223s] -- Up-to-date: /home/iliass/ros2_athens_ws/install/first_interfaces/share/first_interfaces/local_setup.zsh
[0.223s] -- Up-to-date: /home/iliass/ros2_athens_ws/install/first_interfaces/share/first_interfaces/local_setup.dsv
[0.223s] -- Installing: /home/iliass/ros2_athens_ws/install/first_interfaces/share/first_interfaces/package.dsv
[0.223s] -- Up-to-date: /home/iliass/ros2_athens_ws/install/first_interfaces/share/ament_index/resource_index/packages/first_interfaces
[0.223s] -- Up-to-date: /home/iliass/ros2_athens_ws/install/first_interfaces/share/first_interfaces/cmake/first_interfaces__rosidl_generator_cExport.cmake
[0.223s] -- Up-to-date: /home/iliass/ros2_athens_ws/install/first_interfaces/share/first_interfaces/cmake/first_interfaces__rosidl_generator_cExport-noconfig.cmake
[0.224s] -- Up-to-date: /home/iliass/ros2_athens_ws/install/first_interfaces/share/first_interfaces/cmake/first_interfaces__rosidl_typesupport_introspection_cExport.cmake
[0.224s] -- Up-to-date: /home/iliass/ros2_athens_ws/install/first_interfaces/share/first_interfaces/cmake/first_interfaces__rosidl_typesupport_introspection_cExport-noconfig.cmake
[0.224s] -- Up-to-date: /home/iliass/ros2_athens_ws/install/first_interfaces/share/first_interfaces/cmake/first_interfaces__rosidl_typesupport_cExport.cmake
[0.224s] -- Up-to-date: /home/iliass/ros2_athens_ws/install/first_interfaces/share/first_interfaces/cmake/first_interfaces__rosidl_typesupport_cExport-noconfig.cmake
[0.224s] -- Up-to-date: /home/iliass/ros2_athens_ws/install/first_interfaces/share/first_interfaces/cmake/first_interfaces__rosidl_generator_cppExport.cmake
[0.225s] -- Up-to-date: /home/iliass/ros2_athens_ws/install/first_interfaces/share/first_interfaces/cmake/first_interfaces__rosidl_typesupport_introspection_cppExport.cmake
[0.225s] -- Up-to-date: /home/iliass/ros2_athens_ws/install/first_interfaces/share/first_interfaces/cmake/first_interfaces__rosidl_typesupport_introspection_cppExport-noconfig.cmake
[0.226s] -- Up-to-date: /home/iliass/ros2_athens_ws/install/first_interfaces/share/first_interfaces/cmake/first_interfaces__rosidl_typesupport_cppExport.cmake
[0.226s] -- Up-to-date: /home/iliass/ros2_athens_ws/install/first_interfaces/share/first_interfaces/cmake/first_interfaces__rosidl_typesupport_cppExport-noconfig.cmake
[0.226s] -- Up-to-date: /home/iliass/ros2_athens_ws/install/first_interfaces/share/first_interfaces/cmake/rosidl_cmake-extras.cmake
[0.226s] -- Up-to-date: /home/iliass/ros2_athens_ws/install/first_interfaces/share/first_interfaces/cmake/ament_cmake_export_dependencies-extras.cmake
[0.226s] -- Up-to-date: /home/iliass/ros2_athens_ws/install/first_interfaces/share/first_interfaces/cmake/ament_cmake_export_libraries-extras.cmake
[0.226s] -- Up-to-date: /home/iliass/ros2_athens_ws/install/first_interfaces/share/first_interfaces/cmake/ament_cmake_export_targets-extras.cmake
[0.226s] -- Up-to-date: /home/iliass/ros2_athens_ws/install/first_interfaces/share/first_interfaces/cmake/ament_cmake_export_include_directories-extras.cmake
[0.226s] -- Up-to-date: /home/iliass/ros2_athens_ws/install/first_interfaces/share/first_interfaces/cmake/rosidl_cmake_export_typesupport_libraries-extras.cmake
[0.227s] -- Up-to-date: /home/iliass/ros2_athens_ws/install/first_interfaces/share/first_interfaces/cmake/rosidl_cmake_export_typesupport_targets-extras.cmake
[0.227s] -- Up-to-date: /home/iliass/ros2_athens_ws/install/first_interfaces/share/first_interfaces/cmake/first_interfacesConfig.cmake
[0.227s] -- Up-to-date: /home/iliass/ros2_athens_ws/install/first_interfaces/share/first_interfaces/cmake/first_interfacesConfig-version.cmake
[0.227s] -- Up-to-date: /home/iliass/ros2_athens_ws/install/first_interfaces/share/first_interfaces/package.xml
[0.227s] Invoked command in '/home/iliass/ros2_athens_ws/build/first_interfaces' returned '0': CMAKE_PREFIX_PATH=${CMAKE_PREFIX_PATH}:/home/iliass/ros2_athens_ws/install/stm_station:/home/iliass/ros2_athens_ws/install/first_package:/opt/ros/foxy /usr/bin/cmake --install /home/iliass/ros2_athens_ws/build/first_interfaces
