make[1]: Entering directory '/home/iliass/ros2_athens_ws/build/stm_interfaces'
-- Found ament_cmake: 0.9.12 (/opt/ros/foxy/share/ament_cmake/cmake)
-- Using PYTHON_EXECUTABLE: /usr/bin/python3
-- Found std_msgs: 2.0.5 (/opt/ros/foxy/share/std_msgs/cmake)
-- Using all available rosidl_typesupport_c: rosidl_typesupport_fastrtps_c;rosidl_typesupport_introspection_c
-- Found rosidl_adapter: 1.3.1 (/opt/ros/foxy/share/rosidl_adapter/cmake)
-- Using all available rosidl_typesupport_cpp: rosidl_typesupport_fastrtps_cpp;rosidl_typesupport_introspection_cpp
-- Found rosidl_default_generators: 1.0.1 (/opt/ros/foxy/share/rosidl_default_generators/cmake)
-- Found PythonInterp: /usr/bin/python3 (found version "3.8.10") 
CMake Error at /opt/ros/foxy/share/ament_cmake_core/cmake/core/ament_package_xml.cmake:53 (message):
  ament_package_xml() package name 'stm_interfaces' in '/package.xml' does
  not match current PROJECT_NAME 'first_interfaces'.  You must call project()
  with the same package name before.
Call Stack (most recent call first):
  /opt/ros/foxy/share/rosidl_cmake/cmake/rosidl_generate_interfaces.cmake:226 (ament_package_xml)
  CMakeLists.txt:31 (rosidl_generate_interfaces)


-- Configuring incomplete, errors occurred!
See also "/home/iliass/ros2_athens_ws/build/stm_interfaces/CMakeFiles/CMakeOutput.log".
make[1]: *** [Makefile:222: cmake_check_build_system] Error 1
make[1]: Leaving directory '/home/iliass/ros2_athens_ws/build/stm_interfaces'
