[2.886s] Invoking command in '/home/iliass/ros2_athens_ws/src/stm_station': PYTHONPATH=/home/iliass/ros2_athens_ws/build/stm_station/prefix_override:/usr/lib/python3/dist-packages/colcon_core/task/python/colcon_distutils_commands:/home/iliass/ros2_athens_ws/install/stm_station/lib/python3.8/site-packages:/home/iliass/ros2_athens_ws/install/stm_interfaces/lib/python3.8/site-packages:/home/iliass/ros2_athens_ws/install/stm_station/lib/python3.8/site-packages:/home/iliass/ros2_athens_ws/install/first_package/lib/python3.8/site-packages:/home/iliass/ros2_athens_ws/install/first_interfaces/lib/python3.8/site-packages:/opt/ros/foxy/lib/python3.8/site-packages /usr/bin/python3 -W ignore:setup.py install is deprecated setup.py egg_info --egg-base ../../build/stm_station build --build-base /home/iliass/ros2_athens_ws/build/stm_station/build install --record /home/iliass/ros2_athens_ws/build/stm_station/install.log --install-scripts $base/lib/stm_station --single-version-externally-managed install_data
[3.248s] running egg_info
[3.250s] writing ../../build/stm_station/stm_station.egg-info/PKG-INFO
[3.252s] writing dependency_links to ../../build/stm_station/stm_station.egg-info/dependency_links.txt
[3.252s] writing entry points to ../../build/stm_station/stm_station.egg-info/entry_points.txt
[3.253s] writing requirements to ../../build/stm_station/stm_station.egg-info/requires.txt
[3.253s] writing top-level names to ../../build/stm_station/stm_station.egg-info/top_level.txt
[3.295s] reading manifest file '../../build/stm_station/stm_station.egg-info/SOURCES.txt'
[3.295s] writing manifest file '../../build/stm_station/stm_station.egg-info/SOURCES.txt'
[3.296s] running build
[3.296s] running build_py
[3.297s] copying stm_station/stm_control_node_poscontrol.py -> /home/iliass/ros2_athens_ws/build/stm_station/build/lib/stm_station
[3.297s] running install
[3.298s] running install_lib
[3.299s] copying /home/iliass/ros2_athens_ws/build/stm_station/build/lib/stm_station/stm_control_node_poscontrol.py -> /home/iliass/ros2_athens_ws/install/stm_station/lib/python3.8/site-packages/stm_station
[3.300s] byte-compiling /home/iliass/ros2_athens_ws/install/stm_station/lib/python3.8/site-packages/stm_station/stm_control_node_poscontrol.py to stm_control_node_poscontrol.cpython-38.pyc
[3.301s]   File "/home/iliass/ros2_athens_ws/install/stm_station/lib/python3.8/site-packages/stm_station/stm_control_node_poscontrol.py", line 12
[3.301s]     from stm_interfaces.
[3.301s]                        ^
[3.301s] SyntaxError: invalid syntax
[3.301s] 
[3.302s] running install_data
[3.302s] running install_egg_info
[3.303s] removing '/home/iliass/ros2_athens_ws/install/stm_station/lib/python3.8/site-packages/stm_station-0.0.0-py3.8.egg-info' (and everything under it)
[3.304s] Copying ../../build/stm_station/stm_station.egg-info to /home/iliass/ros2_athens_ws/install/stm_station/lib/python3.8/site-packages/stm_station-0.0.0-py3.8.egg-info
[3.304s] running install_scripts
[3.326s] Installing stm_control_node_poscontrol script to /home/iliass/ros2_athens_ws/install/stm_station/lib/stm_station
[3.326s] Installing stm_serial_node script to /home/iliass/ros2_athens_ws/install/stm_station/lib/stm_station
[3.329s] Installing stm_serial_node_pub_sub script to /home/iliass/ros2_athens_ws/install/stm_station/lib/stm_station
[3.330s] writing list of installed files to '/home/iliass/ros2_athens_ws/build/stm_station/install.log'
[3.391s] Invoked command in '/home/iliass/ros2_athens_ws/src/stm_station' returned '0': PYTHONPATH=/home/iliass/ros2_athens_ws/build/stm_station/prefix_override:/usr/lib/python3/dist-packages/colcon_core/task/python/colcon_distutils_commands:/home/iliass/ros2_athens_ws/install/stm_station/lib/python3.8/site-packages:/home/iliass/ros2_athens_ws/install/stm_interfaces/lib/python3.8/site-packages:/home/iliass/ros2_athens_ws/install/stm_station/lib/python3.8/site-packages:/home/iliass/ros2_athens_ws/install/first_package/lib/python3.8/site-packages:/home/iliass/ros2_athens_ws/install/first_interfaces/lib/python3.8/site-packages:/opt/ros/foxy/lib/python3.8/site-packages /usr/bin/python3 -W ignore:setup.py install is deprecated setup.py egg_info --egg-base ../../build/stm_station build --build-base /home/iliass/ros2_athens_ws/build/stm_station/build install --record /home/iliass/ros2_athens_ws/build/stm_station/install.log --install-scripts $base/lib/stm_station --single-version-externally-managed install_data
