[0.036s] Invoking command in '/home/iliass/ros2_athens_ws/build/first_interfaces': CMAKE_PREFIX_PATH=/home/iliass/ros2_athens_ws/install/first_package:/opt/ros/foxy /usr/bin/cmake --build /home/iliass/ros2_athens_ws/build/first_interfaces -- -j16 -l16
[0.283s] make[1]: Entering directory '/home/iliass/ros2_athens_ws/build/first_interfaces'
[0.283s] make[2]: Entering directory '/home/iliass/ros2_athens_ws/build/first_interfaces'
[0.283s] make[3]: Entering directory '/home/iliass/ros2_athens_ws/build/first_interfaces'
[0.283s] make[3]: Entering directory '/home/iliass/ros2_athens_ws/build/first_interfaces'
[0.284s] make[3]: Leaving directory '/home/iliass/ros2_athens_ws/build/first_interfaces'
[0.284s] make[3]: Leaving directory '/home/iliass/ros2_athens_ws/build/first_interfaces'
[0.284s] make[3]: Entering directory '/home/iliass/ros2_athens_ws/build/first_interfaces'
[0.284s] [  3%] Built target first_interfaces__cpp
[0.284s] [  6%] [32mBuilding C object CMakeFiles/first_interfaces__rosidl_generator_c.dir/rosidl_generator_c/first_interfaces/msg/detail/custom_message__functions.c.o[0m
[0.284s] make[3]: Entering directory '/home/iliass/ros2_athens_ws/build/first_interfaces'
[0.284s] make[3]: Entering directory '/home/iliass/ros2_athens_ws/build/first_interfaces'
[0.285s] make[3]: Entering directory '/home/iliass/ros2_athens_ws/build/first_interfaces'
[0.285s] make[3]: Leaving directory '/home/iliass/ros2_athens_ws/build/first_interfaces'
[0.285s] make[3]: Leaving directory '/home/iliass/ros2_athens_ws/build/first_interfaces'
[0.285s] make[3]: Leaving directory '/home/iliass/ros2_athens_ws/build/first_interfaces'
[0.285s] make[3]: Entering directory '/home/iliass/ros2_athens_ws/build/first_interfaces'
[0.285s] make[3]: Entering directory '/home/iliass/ros2_athens_ws/build/first_interfaces'
[0.289s] make[3]: Entering directory '/home/iliass/ros2_athens_ws/build/first_interfaces'
[0.289s] make[3]: Leaving directory '/home/iliass/ros2_athens_ws/build/first_interfaces'
[0.289s] [  9%] [32mBuilding CXX object CMakeFiles/first_interfaces__rosidl_typesupport_introspection_cpp.dir/rosidl_typesupport_introspection_cpp/first_interfaces/msg/detail/custom_message__type_support.cpp.o[0m
[0.289s] [ 12%] [32mBuilding CXX object CMakeFiles/first_interfaces__rosidl_typesupport_fastrtps_cpp.dir/rosidl_typesupport_fastrtps_cpp/first_interfaces/msg/detail/dds_fastrtps/custom_message__type_support.cpp.o[0m
[0.290s] [ 16%] [32mBuilding CXX object CMakeFiles/first_interfaces__rosidl_typesupport_cpp.dir/rosidl_typesupport_cpp/first_interfaces/msg/custom_message__type_support.cpp.o[0m
[0.290s] make[3]: Leaving directory '/home/iliass/ros2_athens_ws/build/first_interfaces'
[0.291s] make[3]: Leaving directory '/home/iliass/ros2_athens_ws/build/first_interfaces'
[0.292s] make[3]: Leaving directory '/home/iliass/ros2_athens_ws/build/first_interfaces'
[0.292s] make[2]: Leaving directory '/home/iliass/ros2_athens_ws/build/first_interfaces'
[0.292s] make[1]: Leaving directory '/home/iliass/ros2_athens_ws/build/first_interfaces'
[0.293s] In file included from [01m[K/home/iliass/ros2_athens_ws/build/first_interfaces/rosidl_generator_c/first_interfaces/msg/detail/custom_message__functions.h:19[m[K,
[0.293s]                  from [01m[K/home/iliass/ros2_athens_ws/build/first_interfaces/rosidl_generator_c/first_interfaces/msg/detail/custom_message__functions.c:4[m[K:
[0.293s] [01m[K/home/iliass/ros2_athens_ws/build/first_interfaces/rosidl_generator_c/first_interfaces/msg/detail/custom_message__struct.h:24:10:[m[K [01;31m[Kfatal error: [m[Kfirst_interfaces/msg/detail/string__struct.h: No such file or directory
[0.294s]    24 | #include [01;31m[K"first_interfaces/msg/detail/string__struct.h"[m[K
[0.294s]       |          [01;31m[K^~~~~~~~~~~~~~~~~~~~~~~~~~~~~~~~~~~~~~~~~~~~~~[m[K
[0.294s] compilation terminated.
[0.294s] make[3]: *** [CMakeFiles/first_interfaces__rosidl_generator_c.dir/build.make:92: CMakeFiles/first_interfaces__rosidl_generator_c.dir/rosidl_generator_c/first_interfaces/msg/detail/custom_message__functions.c.o] Error 1
[0.294s] make[2]: *** [CMakeFiles/Makefile2:332: CMakeFiles/first_interfaces__rosidl_generator_c.dir/all] Error 2
[0.294s] make[2]: *** Waiting for unfinished jobs....
[0.294s] In file included from [01m[K/home/iliass/ros2_athens_ws/build/first_interfaces/rosidl_typesupport_fastrtps_cpp/first_interfaces/msg/detail/custom_message__rosidl_typesupport_fastrtps_cpp.hpp:11[m[K,
[0.295s]                  from [01m[K/home/iliass/ros2_athens_ws/build/first_interfaces/rosidl_typesupport_fastrtps_cpp/first_interfaces/msg/detail/dds_fastrtps/custom_message__type_support.cpp:4[m[K:
[0.295s] [01m[K/home/iliass/ros2_athens_ws/build/first_interfaces/rosidl_generator_cpp/first_interfaces/msg/detail/custom_message__struct.hpp:19:10:[m[K [01;31m[Kfatal error: [m[Kfirst_interfaces/msg/detail/string__struct.hpp: No such file or directory
[0.295s]    19 | #include [01;31m[K"first_interfaces/msg/detail/string__struct.hpp"[m[K
[0.296s]       |          [01;31m[K^~~~~~~~~~~~~~~~~~~~~~~~~~~~~~~~~~~~~~~~~~~~~~~~[m[K
[0.297s] compilation terminated.
[0.297s] In file included from [01m[K/home/iliass/ros2_athens_ws/build/first_interfaces/rosidl_typesupport_cpp/first_interfaces/msg/custom_message__type_support.cpp:7[m[K:
[0.297s] [01m[K/home/iliass/ros2_athens_ws/build/first_interfaces/rosidl_generator_cpp/first_interfaces/msg/detail/custom_message__struct.hpp:19:10:[m[K [01;31m[Kfatal error: [m[Kfirst_interfaces/msg/detail/string__struct.hpp: No such file or directory
[0.297s]    19 | #include [01;31m[K"first_interfaces/msg/detail/string__struct.hpp"[m[K
[0.297s]       |          [01;31m[K^~~~~~~~~~~~~~~~~~~~~~~~~~~~~~~~~~~~~~~~~~~~~~~~[m[K
[0.297s] compilation terminated.
[0.298s] In file included from [01m[K/home/iliass/ros2_athens_ws/build/first_interfaces/rosidl_typesupport_introspection_cpp/first_interfaces/msg/detail/custom_message__type_support.cpp:12[m[K:
[0.298s] [01m[K/home/iliass/ros2_athens_ws/build/first_interfaces/rosidl_generator_cpp/first_interfaces/msg/detail/custom_message__struct.hpp:19:10:[m[K [01;31m[Kfatal error: [m[Kfirst_interfaces/msg/detail/string__struct.hpp: No such file or directory
[0.298s]    19 | #include [01;31m[K"first_interfaces/msg/detail/string__struct.hpp"[m[K
[0.298s]       |          [01;31m[K^~~~~~~~~~~~~~~~~~~~~~~~~~~~~~~~~~~~~~~~~~~~~~~~[m[K
[0.298s] compilation terminated.
[0.298s] make[3]: *** [CMakeFiles/first_interfaces__rosidl_typesupport_fastrtps_cpp.dir/build.make:78: CMakeFiles/first_interfaces__rosidl_typesupport_fastrtps_cpp.dir/rosidl_typesupport_fastrtps_cpp/first_interfaces/msg/detail/dds_fastrtps/custom_message__type_support.cpp.o] Error 1
[0.299s] make[3]: *** [CMakeFiles/first_interfaces__rosidl_typesupport_cpp.dir/build.make:73: CMakeFiles/first_interfaces__rosidl_typesupport_cpp.dir/rosidl_typesupport_cpp/first_interfaces/msg/custom_message__type_support.cpp.o] Error 1
[0.299s] make[3]: *** [CMakeFiles/first_interfaces__rosidl_typesupport_introspection_cpp.dir/build.make:78: CMakeFiles/first_interfaces__rosidl_typesupport_introspection_cpp.dir/rosidl_typesupport_introspection_cpp/first_interfaces/msg/detail/custom_message__type_support.cpp.o] Error 1
[0.299s] make[2]: *** [CMakeFiles/Makefile2:388: CMakeFiles/first_interfaces__rosidl_typesupport_fastrtps_cpp.dir/all] Error 2
[0.299s] make[2]: *** [CMakeFiles/Makefile2:526: CMakeFiles/first_interfaces__rosidl_typesupport_introspection_cpp.dir/all] Error 2
[0.299s] make[2]: *** [CMakeFiles/Makefile2:499: CMakeFiles/first_interfaces__rosidl_typesupport_cpp.dir/all] Error 2
[0.300s] make[1]: *** [Makefile:141: all] Error 2
[0.300s] Invoked command in '/home/iliass/ros2_athens_ws/build/first_interfaces' returned '2': CMAKE_PREFIX_PATH=/home/iliass/ros2_athens_ws/install/first_package:/opt/ros/foxy /usr/bin/cmake --build /home/iliass/ros2_athens_ws/build/first_interfaces -- -j16 -l16
