[0.501s] Invoking command in '/home/iliass/ros2_athens_ws/src/first_package': AMENT_PREFIX_PATH=/home/iliass/ros2_athens_ws/install/first_interfaces:${AMENT_PREFIX_PATH} CMAKE_PREFIX_PATH=/home/iliass/ros2_athens_ws/install/first_interfaces LD_LIBRARY_PATH=/home/iliass/ros2_athens_ws/install/first_interfaces/lib:${LD_LIBRARY_PATH} PYTHONPATH=/home/iliass/ros2_athens_ws/build/first_package/prefix_override:/usr/lib/python3/dist-packages/colcon_core/task/python/colcon_distutils_commands:/home/iliass/ros2_athens_ws/install/first_package/lib/python3.8/site-packages:/home/iliass/ros2_athens_ws/install/first_interfaces/lib/python3.8/site-packages:${PYTHONPATH} /usr/bin/python3 -W ignore:setup.py install is deprecated setup.py egg_info --egg-base ../../build/first_package build --build-base /home/iliass/ros2_athens_ws/build/first_package/build install --record /home/iliass/ros2_athens_ws/build/first_package/install.log --install-scripts $base/lib/first_package --single-version-externally-managed install_data
[0.606s] running egg_info
[0.606s] writing ../../build/first_package/first_package.egg-info/PKG-INFO
[0.606s] writing dependency_links to ../../build/first_package/first_package.egg-info/dependency_links.txt
[0.606s] writing entry points to ../../build/first_package/first_package.egg-info/entry_points.txt
[0.606s] writing requirements to ../../build/first_package/first_package.egg-info/requires.txt
[0.606s] writing top-level names to ../../build/first_package/first_package.egg-info/top_level.txt
[0.625s] reading manifest file '../../build/first_package/first_package.egg-info/SOURCES.txt'
[0.626s] writing manifest file '../../build/first_package/first_package.egg-info/SOURCES.txt'
[0.627s] running build
[0.627s] running build_py
[0.627s] running install
[0.628s] running install_lib
[0.630s] running install_data
[0.630s] running install_egg_info
[0.631s] removing '/home/iliass/ros2_athens_ws/install/first_package/lib/python3.8/site-packages/first_package-0.0.0-py3.8.egg-info' (and everything under it)
[0.632s] Copying ../../build/first_package/first_package.egg-info to /home/iliass/ros2_athens_ws/install/first_package/lib/python3.8/site-packages/first_package-0.0.0-py3.8.egg-info
[0.632s] running install_scripts
[0.642s] Installing simple_publisher_node script to /home/iliass/ros2_athens_ws/install/first_package/lib/first_package
[0.642s] Installing simple_pubsub_node script to /home/iliass/ros2_athens_ws/install/first_package/lib/first_package
[0.642s] Installing simple_subscriber_node script to /home/iliass/ros2_athens_ws/install/first_package/lib/first_package
[0.643s] writing list of installed files to '/home/iliass/ros2_athens_ws/build/first_package/install.log'
[0.653s] Invoked command in '/home/iliass/ros2_athens_ws/src/first_package' returned '0': AMENT_PREFIX_PATH=/home/iliass/ros2_athens_ws/install/first_interfaces:${AMENT_PREFIX_PATH} CMAKE_PREFIX_PATH=/home/iliass/ros2_athens_ws/install/first_interfaces LD_LIBRARY_PATH=/home/iliass/ros2_athens_ws/install/first_interfaces/lib:${LD_LIBRARY_PATH} PYTHONPATH=/home/iliass/ros2_athens_ws/build/first_package/prefix_override:/usr/lib/python3/dist-packages/colcon_core/task/python/colcon_distutils_commands:/home/iliass/ros2_athens_ws/install/first_package/lib/python3.8/site-packages:/home/iliass/ros2_athens_ws/install/first_interfaces/lib/python3.8/site-packages:${PYTHONPATH} /usr/bin/python3 -W ignore:setup.py install is deprecated setup.py egg_info --egg-base ../../build/first_package build --build-base /home/iliass/ros2_athens_ws/build/first_package/build install --record /home/iliass/ros2_athens_ws/build/first_package/install.log --install-scripts $base/lib/first_package --single-version-externally-managed install_data
