make[1]: Entering directory '/home/iliass/ros2_athens_ws/build/first_interfaces'
-- Found ament_cmake: 0.9.12 (/opt/ros/foxy/share/ament_cmake/cmake)
-- Found PythonInterp: /usr/bin/python3 (found suitable version "3.8.10", minimum required is "3") 
-- Using PYTHON_EXECUTABLE: /usr/bin/python3
-- Found std_msgs: 2.0.5 (/opt/ros/foxy/share/std_msgs/cmake)
-- Using all available rosidl_typesupport_c: rosidl_typesupport_fastrtps_c;rosidl_typesupport_introspection_c
-- Found rosidl_adapter: 1.3.1 (/opt/ros/foxy/share/rosidl_adapter/cmake)
-- Using all available rosidl_typesupport_cpp: rosidl_typesupport_fastrtps_cpp;rosidl_typesupport_introspection_cpp
-- Found rosidl_default_generators: 1.0.1 (/opt/ros/foxy/share/rosidl_default_generators/cmake)
-- Found PythonInterp: /usr/bin/python3 (found version "3.8.10") 
-- Found ament_cmake_ros: 0.9.2 (/opt/ros/foxy/share/ament_cmake_ros/cmake)
-- Using all available rosidl_typesupport_c: rosidl_typesupport_fastrtps_c;rosidl_typesupport_introspection_c
-- Using all available rosidl_typesupport_cpp: rosidl_typesupport_fastrtps_cpp;rosidl_typesupport_introspection_cpp
-- Found PythonInterp: /usr/bin/python3 (found suitable version "3.8.10", minimum required is "3.5") 
-- Found python_cmake_module: 0.8.1 (/opt/ros/foxy/share/python_cmake_module/cmake)
-- Using PYTHON_EXECUTABLE: /usr/bin/python3
-- Using PYTHON_INCLUDE_DIRS: /usr/include/python3.8
-- Using PYTHON_LIBRARIES: /usr/lib/x86_64-linux-gnu/libpython3.8.so
-- Found ament_lint_auto: 0.9.8 (/opt/ros/foxy/share/ament_lint_auto/cmake)
-- Added test 'copyright' to check source files copyright and LICENSE
-- Added test 'cppcheck' to perform static code analysis on C / C++ code
-- Configured cppcheck include dirs: 
-- Configured cppcheck exclude dirs and/or files: 
-- Added test 'cpplint' to check C / C++ code against the Google style
-- Configured cpplint exclude dirs and/or files: 
-- Added test 'flake8' to check Python code syntax and style conventions
-- Added test 'lint_cmake' to check CMake code style
-- Added test 'pep257' to check Python code against some of the style conventions in PEP 257
-- Added test 'uncrustify' to check C / C++ code style
-- Configured uncrustify additional arguments: 
-- Added test 'xmllint' to check XML markup files
-- Configuring done
-- Generating done
-- Build files have been written to: /home/iliass/ros2_athens_ws/build/first_interfaces
make[2]: Entering directory '/home/iliass/ros2_athens_ws/build/first_interfaces'
make[3]: Entering directory '/home/iliass/ros2_athens_ws/build/first_interfaces'
make[3]: Entering directory '/home/iliass/ros2_athens_ws/build/first_interfaces'
[35m[1mScanning dependencies of target first_interfaces__cpp[0m
make[3]: Leaving directory '/home/iliass/ros2_athens_ws/build/first_interfaces'
[  3%] [34m[1mGenerating C code for ROS interfaces[0m
make[3]: Entering directory '/home/iliass/ros2_athens_ws/build/first_interfaces'
[  6%] [34m[1mGenerating C++ code for ROS interfaces[0m
make[3]: Leaving directory '/home/iliass/ros2_athens_ws/build/first_interfaces'
[  6%] Built target first_interfaces__cpp
make[3]: Entering directory '/home/iliass/ros2_athens_ws/build/first_interfaces'
make[3]: Entering directory '/home/iliass/ros2_athens_ws/build/first_interfaces'
make[3]: Entering directory '/home/iliass/ros2_athens_ws/build/first_interfaces'
[  9%] [34m[1mGenerating C++ introspection for ROS interfaces[0m
[35m[1mScanning dependencies of target first_interfaces__rosidl_generator_c[0m
[ 12%] [34m[1mGenerating C++ type support for eProsima Fast-RTPS[0m
[ 16%] [34m[1mGenerating C++ type support dispatch for ROS interfaces[0m
make[3]: Leaving directory '/home/iliass/ros2_athens_ws/build/first_interfaces'
make[3]: Entering directory '/home/iliass/ros2_athens_ws/build/first_interfaces'
[ 19%] [32mBuilding C object CMakeFiles/first_interfaces__rosidl_generator_c.dir/rosidl_generator_c/first_interfaces/msg/detail/custom__functions.c.o[0m
make[3]: Leaving directory '/home/iliass/ros2_athens_ws/build/first_interfaces'
[35m[1mScanning dependencies of target first_interfaces__rosidl_typesupport_cpp[0m
make[3]: Leaving directory '/home/iliass/ros2_athens_ws/build/first_interfaces'
make[3]: Entering directory '/home/iliass/ros2_athens_ws/build/first_interfaces'
[35m[1mScanning dependencies of target first_interfaces__rosidl_typesupport_introspection_cpp[0m
[ 22%] [32mBuilding CXX object CMakeFiles/first_interfaces__rosidl_typesupport_cpp.dir/rosidl_typesupport_cpp/first_interfaces/msg/custom__type_support.cpp.o[0m
make[3]: Leaving directory '/home/iliass/ros2_athens_ws/build/first_interfaces'
make[3]: Entering directory '/home/iliass/ros2_athens_ws/build/first_interfaces'
[35m[1mScanning dependencies of target first_interfaces__rosidl_typesupport_fastrtps_cpp[0m
make[3]: Leaving directory '/home/iliass/ros2_athens_ws/build/first_interfaces'
[ 25%] [32mBuilding CXX object CMakeFiles/first_interfaces__rosidl_typesupport_introspection_cpp.dir/rosidl_typesupport_introspection_cpp/first_interfaces/msg/detail/custom__type_support.cpp.o[0m
make[3]: Entering directory '/home/iliass/ros2_athens_ws/build/first_interfaces'
[ 29%] [32mBuilding CXX object CMakeFiles/first_interfaces__rosidl_typesupport_fastrtps_cpp.dir/rosidl_typesupport_fastrtps_cpp/first_interfaces/msg/detail/dds_fastrtps/custom__type_support.cpp.o[0m
make[3]: Leaving directory '/home/iliass/ros2_athens_ws/build/first_interfaces'
make[3]: Leaving directory '/home/iliass/ros2_athens_ws/build/first_interfaces'
make[3]: Leaving directory '/home/iliass/ros2_athens_ws/build/first_interfaces'
make[2]: Leaving directory '/home/iliass/ros2_athens_ws/build/first_interfaces'
make[1]: Leaving directory '/home/iliass/ros2_athens_ws/build/first_interfaces'
