[0.024s] Invoking command in '/home/iliass/ros2_athens_ws/build/first_interfaces': CMAKE_PREFIX_PATH=/home/iliass/ros2_athens_ws/install/first_package:/opt/ros/foxy /usr/bin/cmake --build /home/iliass/ros2_athens_ws/build/first_interfaces -- -j16 -l16
[0.169s] make[1]: Entering directory '/home/iliass/ros2_athens_ws/build/first_interfaces'
[0.169s] -- Found ament_cmake: 0.9.12 (/opt/ros/foxy/share/ament_cmake/cmake)
[0.169s] -- Found PythonInterp: /usr/bin/python3 (found suitable version "3.8.10", minimum required is "3") 
[0.170s] -- Using PYTHON_EXECUTABLE: /usr/bin/python3
[0.216s] -- Found std_msgs: 2.0.5 (/opt/ros/foxy/share/std_msgs/cmake)
[0.553s] -- Using all available rosidl_typesupport_c: rosidl_typesupport_fastrtps_c;rosidl_typesupport_introspection_c
[0.559s] -- Found rosidl_adapter: 1.3.1 (/opt/ros/foxy/share/rosidl_adapter/cmake)
[3.604s] -- Using all available rosidl_typesupport_cpp: rosidl_typesupport_fastrtps_cpp;rosidl_typesupport_introspection_cpp
[3.656s] -- Found rosidl_default_generators: 1.0.1 (/opt/ros/foxy/share/rosidl_default_generators/cmake)
[3.680s] -- Found PythonInterp: /usr/bin/python3 (found version "3.8.10") 
[3.763s] -- Found ament_cmake_ros: 0.9.2 (/opt/ros/foxy/share/ament_cmake_ros/cmake)
[7.996s] -- Using all available rosidl_typesupport_c: rosidl_typesupport_fastrtps_c;rosidl_typesupport_introspection_c
[8.002s] -- Using all available rosidl_typesupport_cpp: rosidl_typesupport_fastrtps_cpp;rosidl_typesupport_introspection_cpp
[8.017s] -- Found PythonInterp: /usr/bin/python3 (found suitable version "3.8.10", minimum required is "3.5") 
[8.018s] -- Found python_cmake_module: 0.8.1 (/opt/ros/foxy/share/python_cmake_module/cmake)
[8.036s] -- Using PYTHON_EXECUTABLE: /usr/bin/python3
[8.036s] -- Using PYTHON_INCLUDE_DIRS: /usr/include/python3.8
[8.036s] -- Using PYTHON_LIBRARIES: /usr/lib/x86_64-linux-gnu/libpython3.8.so
[8.050s] -- Found ament_lint_auto: 0.9.8 (/opt/ros/foxy/share/ament_lint_auto/cmake)
[8.099s] -- Added test 'copyright' to check source files copyright and LICENSE
[8.153s] -- Added test 'cppcheck' to perform static code analysis on C / C++ code
[8.154s] -- Configured cppcheck include dirs: 
[8.154s] -- Configured cppcheck exclude dirs and/or files: 
[8.160s] -- Added test 'cpplint' to check C / C++ code against the Google style
[8.160s] -- Configured cpplint exclude dirs and/or files: 
[8.162s] -- Added test 'flake8' to check Python code syntax and style conventions
[8.164s] -- Added test 'lint_cmake' to check CMake code style
[8.165s] -- Added test 'pep257' to check Python code against some of the style conventions in PEP 257
[8.171s] -- Added test 'uncrustify' to check C / C++ code style
[8.171s] -- Configured uncrustify additional arguments: 
[8.172s] -- Added test 'xmllint' to check XML markup files
[8.181s] -- Configuring done
[8.229s] -- Generating done
[8.231s] -- Build files have been written to: /home/iliass/ros2_athens_ws/build/first_interfaces
[8.244s] make[2]: Entering directory '/home/iliass/ros2_athens_ws/build/first_interfaces'
[8.245s] make[3]: Entering directory '/home/iliass/ros2_athens_ws/build/first_interfaces'
[8.248s] make[3]: Entering directory '/home/iliass/ros2_athens_ws/build/first_interfaces'
[8.252s] [35m[1mScanning dependencies of target first_interfaces__cpp[0m
[8.254s] make[3]: Leaving directory '/home/iliass/ros2_athens_ws/build/first_interfaces'
[8.255s] [  3%] [34m[1mGenerating C code for ROS interfaces[0m
[8.257s] make[3]: Entering directory '/home/iliass/ros2_athens_ws/build/first_interfaces'
[8.263s] [  6%] [34m[1mGenerating C++ code for ROS interfaces[0m
[8.409s] make[3]: Leaving directory '/home/iliass/ros2_athens_ws/build/first_interfaces'
[8.416s] [  6%] Built target first_interfaces__cpp
[8.419s] make[3]: Entering directory '/home/iliass/ros2_athens_ws/build/first_interfaces'
[8.420s] make[3]: Entering directory '/home/iliass/ros2_athens_ws/build/first_interfaces'
[8.421s] make[3]: Entering directory '/home/iliass/ros2_athens_ws/build/first_interfaces'
[8.424s] [  9%] [34m[1mGenerating C++ introspection for ROS interfaces[0m
[8.425s] [35m[1mScanning dependencies of target first_interfaces__rosidl_generator_c[0m
[8.425s] [ 12%] [34m[1mGenerating C++ type support for eProsima Fast-RTPS[0m
[8.427s] [ 16%] [34m[1mGenerating C++ type support dispatch for ROS interfaces[0m
[8.428s] make[3]: Leaving directory '/home/iliass/ros2_athens_ws/build/first_interfaces'
[8.433s] make[3]: Entering directory '/home/iliass/ros2_athens_ws/build/first_interfaces'
[8.440s] [ 19%] [32mBuilding C object CMakeFiles/first_interfaces__rosidl_generator_c.dir/rosidl_generator_c/first_interfaces/msg/detail/custom__functions.c.o[0m
[8.559s] In file included from [01m[K/home/iliass/ros2_athens_ws/build/first_interfaces/rosidl_generator_c/first_interfaces/msg/detail/custom__functions.h:19[m[K,
[8.559s]                  from [01m[K/home/iliass/ros2_athens_ws/build/first_interfaces/rosidl_generator_c/first_interfaces/msg/detail/custom__functions.c:4[m[K:
[8.559s] [01m[K/home/iliass/ros2_athens_ws/build/first_interfaces/rosidl_generator_c/first_interfaces/msg/detail/custom__struct.h:24:10:[m[K [01;31m[Kfatal error: [m[Kfirst_interfaces/msg/detail/string__struct.h: No such file or directory
[8.559s]    24 | #include [01;31m[K"first_interfaces/msg/detail/string__struct.h"[m[K
[8.559s]       |          [01;31m[K^~~~~~~~~~~~~~~~~~~~~~~~~~~~~~~~~~~~~~~~~~~~~~[m[K
[8.559s] compilation terminated.
[8.562s] make[3]: *** [CMakeFiles/first_interfaces__rosidl_generator_c.dir/build.make:92: CMakeFiles/first_interfaces__rosidl_generator_c.dir/rosidl_generator_c/first_interfaces/msg/detail/custom__functions.c.o] Error 1
[8.562s] make[2]: *** [CMakeFiles/Makefile2:332: CMakeFiles/first_interfaces__rosidl_generator_c.dir/all] Error 2
[8.562s] make[2]: *** Waiting for unfinished jobs....
[8.563s] make[3]: Leaving directory '/home/iliass/ros2_athens_ws/build/first_interfaces'
[8.578s] [35m[1mScanning dependencies of target first_interfaces__rosidl_typesupport_cpp[0m
[8.580s] make[3]: Leaving directory '/home/iliass/ros2_athens_ws/build/first_interfaces'
[8.584s] make[3]: Entering directory '/home/iliass/ros2_athens_ws/build/first_interfaces'
[8.588s] [35m[1mScanning dependencies of target first_interfaces__rosidl_typesupport_introspection_cpp[0m
[8.590s] [ 22%] [32mBuilding CXX object CMakeFiles/first_interfaces__rosidl_typesupport_cpp.dir/rosidl_typesupport_cpp/first_interfaces/msg/custom__type_support.cpp.o[0m
[8.590s] make[3]: Leaving directory '/home/iliass/ros2_athens_ws/build/first_interfaces'
[8.593s] make[3]: Entering directory '/home/iliass/ros2_athens_ws/build/first_interfaces'
[8.595s] [35m[1mScanning dependencies of target first_interfaces__rosidl_typesupport_fastrtps_cpp[0m
[8.599s] make[3]: Leaving directory '/home/iliass/ros2_athens_ws/build/first_interfaces'
[8.599s] [ 25%] [32mBuilding CXX object CMakeFiles/first_interfaces__rosidl_typesupport_introspection_cpp.dir/rosidl_typesupport_introspection_cpp/first_interfaces/msg/detail/custom__type_support.cpp.o[0m
[8.603s] make[3]: Entering directory '/home/iliass/ros2_athens_ws/build/first_interfaces'
[8.608s] [ 29%] [32mBuilding CXX object CMakeFiles/first_interfaces__rosidl_typesupport_fastrtps_cpp.dir/rosidl_typesupport_fastrtps_cpp/first_interfaces/msg/detail/dds_fastrtps/custom__type_support.cpp.o[0m
[8.690s] In file included from [01m[K/home/iliass/ros2_athens_ws/build/first_interfaces/rosidl_typesupport_fastrtps_cpp/first_interfaces/msg/detail/custom__rosidl_typesupport_fastrtps_cpp.hpp:11[m[K,
[8.691s]                  from [01m[K/home/iliass/ros2_athens_ws/build/first_interfaces/rosidl_typesupport_fastrtps_cpp/first_interfaces/msg/detail/dds_fastrtps/custom__type_support.cpp:4[m[K:
[8.691s] [01m[K/home/iliass/ros2_athens_ws/build/first_interfaces/rosidl_generator_cpp/first_interfaces/msg/detail/custom__struct.hpp:19:10:[m[K [01;31m[Kfatal error: [m[Kfirst_interfaces/msg/detail/string__struct.hpp: No such file or directory
[8.691s]    19 | #include [01;31m[K"first_interfaces/msg/detail/string__struct.hpp"[m[K
[8.691s]       |          [01;31m[K^~~~~~~~~~~~~~~~~~~~~~~~~~~~~~~~~~~~~~~~~~~~~~~~[m[K
[8.691s] In file included from [01m[K/home/iliass/ros2_athens_ws/build/first_interfaces/rosidl_typesupport_cpp/first_interfaces/msg/custom__type_support.cpp:7[m[K:
[8.691s] [01m[K/home/iliass/ros2_athens_ws/build/first_interfaces/rosidl_generator_cpp/first_interfaces/msg/detail/custom__struct.hpp:19:10:[m[K [01;31m[Kfatal error: [m[Kfirst_interfaces/msg/detail/string__struct.hpp: No such file or directory
[8.691s]    19 | #include [01;31m[K"first_interfaces/msg/detail/string__struct.hpp"[m[K
[8.691s]       |          [01;31m[K^~~~~~~~~~~~~~~~~~~~~~~~~~~~~~~~~~~~~~~~~~~~~~~~[m[K
[8.691s] compilation terminated.
[8.691s] compilation terminated.
[8.692s] In file included from [01m[K/home/iliass/ros2_athens_ws/build/first_interfaces/rosidl_typesupport_introspection_cpp/first_interfaces/msg/detail/custom__type_support.cpp:12[m[K:
[8.692s] [01m[K/home/iliass/ros2_athens_ws/build/first_interfaces/rosidl_generator_cpp/first_interfaces/msg/detail/custom__struct.hpp:19:10:[m[K [01;31m[Kfatal error: [m[Kfirst_interfaces/msg/detail/string__struct.hpp: No such file or directory
[8.693s]    19 | #include [01;31m[K"first_interfaces/msg/detail/string__struct.hpp"[m[K
[8.693s]       |          [01;31m[K^~~~~~~~~~~~~~~~~~~~~~~~~~~~~~~~~~~~~~~~~~~~~~~~[m[K
[8.693s] compilation terminated.
[8.693s] make[3]: *** [CMakeFiles/first_interfaces__rosidl_typesupport_fastrtps_cpp.dir/build.make:78: CMakeFiles/first_interfaces__rosidl_typesupport_fastrtps_cpp.dir/rosidl_typesupport_fastrtps_cpp/first_interfaces/msg/detail/dds_fastrtps/custom__type_support.cpp.o] Error 1
[8.694s] make[2]: *** [CMakeFiles/Makefile2:388: CMakeFiles/first_interfaces__rosidl_typesupport_fastrtps_cpp.dir/all] Error 2
[8.694s] make[3]: *** [CMakeFiles/first_interfaces__rosidl_typesupport_cpp.dir/build.make:73: CMakeFiles/first_interfaces__rosidl_typesupport_cpp.dir/rosidl_typesupport_cpp/first_interfaces/msg/custom__type_support.cpp.o] Error 1
[8.694s] make[2]: *** [CMakeFiles/Makefile2:499: CMakeFiles/first_interfaces__rosidl_typesupport_cpp.dir/all] Error 2
[8.694s] make[3]: *** [CMakeFiles/first_interfaces__rosidl_typesupport_introspection_cpp.dir/build.make:78: CMakeFiles/first_interfaces__rosidl_typesupport_introspection_cpp.dir/rosidl_typesupport_introspection_cpp/first_interfaces/msg/detail/custom__type_support.cpp.o] Error 1
[8.694s] make[3]: Leaving directory '/home/iliass/ros2_athens_ws/build/first_interfaces'
[8.694s] make[3]: Leaving directory '/home/iliass/ros2_athens_ws/build/first_interfaces'
[8.695s] make[3]: Leaving directory '/home/iliass/ros2_athens_ws/build/first_interfaces'
[8.695s] make[2]: *** [CMakeFiles/Makefile2:526: CMakeFiles/first_interfaces__rosidl_typesupport_introspection_cpp.dir/all] Error 2
[8.695s] make[1]: *** [Makefile:141: all] Error 2
[8.695s] make[2]: Leaving directory '/home/iliass/ros2_athens_ws/build/first_interfaces'
[8.695s] make[1]: Leaving directory '/home/iliass/ros2_athens_ws/build/first_interfaces'
[8.696s] Invoked command in '/home/iliass/ros2_athens_ws/build/first_interfaces' returned '2': CMAKE_PREFIX_PATH=/home/iliass/ros2_athens_ws/install/first_package:/opt/ros/foxy /usr/bin/cmake --build /home/iliass/ros2_athens_ws/build/first_interfaces -- -j16 -l16
