[0.024s] Invoking command in '/home/iliass/ros2_athens_ws/build/first_interfaces': CMAKE_PREFIX_PATH=${CMAKE_PREFIX_PATH}:/home/iliass/ros2_athens_ws/install/stm_station:/home/iliass/ros2_athens_ws/install/first_package:/opt/ros/foxy /usr/bin/cmake /home/iliass/ros2_athens_ws/src/first_interfaces -DCMAKE_INSTALL_PREFIX=/home/iliass/ros2_athens_ws/install/first_interfaces
[0.453s] -- The C compiler identification is GNU 9.4.0
[0.698s] -- The CXX compiler identification is GNU 9.4.0
[0.994s] -- Check for working C compiler: /usr/bin/cc
[1.323s] -- Check for working C compiler: /usr/bin/cc -- works
[1.325s] -- Detecting C compiler ABI info
[1.615s] -- Detecting C compiler ABI info - done
[1.631s] -- Detecting C compile features
[1.632s] -- Detecting C compile features - done
[1.635s] -- Check for working CXX compiler: /usr/bin/c++
[1.980s] -- Check for working CXX compiler: /usr/bin/c++ -- works
[1.982s] -- Detecting CXX compiler ABI info
[2.265s] -- Detecting CXX compiler ABI info - done
[2.277s] -- Detecting CXX compile features
[2.278s] -- Detecting CXX compile features - done
[2.281s] -- Found ament_cmake: 0.9.12 (/opt/ros/foxy/share/ament_cmake/cmake)
[2.305s] -- Found PythonInterp: /usr/bin/python3 (found suitable version "3.8.10", minimum required is "3") 
[2.305s] -- Using PYTHON_EXECUTABLE: /usr/bin/python3
[2.490s] -- Found std_msgs: 2.0.5 (/opt/ros/foxy/share/std_msgs/cmake)
[2.627s] -- Using all available rosidl_typesupport_c: rosidl_typesupport_fastrtps_c;rosidl_typesupport_introspection_c
[2.632s] -- Found rosidl_adapter: 1.3.1 (/opt/ros/foxy/share/rosidl_adapter/cmake)
[5.145s] -- Found OpenSSL: /usr/lib/x86_64-linux-gnu/libcrypto.so (found version "1.1.1f")  
[8.951s] -- Found FastRTPS: /opt/ros/foxy/include  
[14.637s] -- Using all available rosidl_typesupport_cpp: rosidl_typesupport_fastrtps_cpp;rosidl_typesupport_introspection_cpp
[14.690s] -- Found rosidl_default_generators: 1.0.1 (/opt/ros/foxy/share/rosidl_default_generators/cmake)
[14.724s] -- Found PythonInterp: /usr/bin/python3 (found version "3.8.10") 
[14.851s] -- Found ament_cmake_ros: 0.9.2 (/opt/ros/foxy/share/ament_cmake_ros/cmake)
[25.804s] -- Using all available rosidl_typesupport_c: rosidl_typesupport_fastrtps_c;rosidl_typesupport_introspection_c
[25.841s] -- Using all available rosidl_typesupport_cpp: rosidl_typesupport_fastrtps_cpp;rosidl_typesupport_introspection_cpp
[25.897s] -- Found PythonInterp: /usr/bin/python3 (found suitable version "3.8.10", minimum required is "3.5") 
[25.899s] -- Found python_cmake_module: 0.8.1 (/opt/ros/foxy/share/python_cmake_module/cmake)
[26.632s] -- Found PythonLibs: /usr/lib/x86_64-linux-gnu/libpython3.8.so (found suitable version "3.8.10", minimum required is "3.5") 
[26.635s] -- Using PYTHON_EXECUTABLE: /usr/bin/python3
[26.636s] -- Using PYTHON_INCLUDE_DIRS: /usr/include/python3.8
[26.636s] -- Using PYTHON_LIBRARIES: /usr/lib/x86_64-linux-gnu/libpython3.8.so
[26.669s] -- Found PythonExtra: .so  
[26.820s] -- Found ament_lint_auto: 0.9.8 (/opt/ros/foxy/share/ament_lint_auto/cmake)
[26.850s] -- Added test 'copyright' to check source files copyright and LICENSE
[26.861s] -- Added test 'cppcheck' to perform static code analysis on C / C++ code
[26.862s] -- Configured cppcheck include dirs: 
[26.862s] -- Configured cppcheck exclude dirs and/or files: 
[26.872s] -- Added test 'cpplint' to check C / C++ code against the Google style
[26.872s] -- Configured cpplint exclude dirs and/or files: 
[26.874s] -- Added test 'flake8' to check Python code syntax and style conventions
[26.877s] -- Added test 'lint_cmake' to check CMake code style
[26.882s] -- Added test 'pep257' to check Python code against some of the style conventions in PEP 257
[26.892s] -- Added test 'uncrustify' to check C / C++ code style
[26.892s] -- Configured uncrustify additional arguments: 
[26.894s] -- Added test 'xmllint' to check XML markup files
[26.900s] -- Configuring done
[26.940s] -- Generating done
[26.943s] -- Build files have been written to: /home/iliass/ros2_athens_ws/build/first_interfaces
[26.955s] Invoked command in '/home/iliass/ros2_athens_ws/build/first_interfaces' returned '0': CMAKE_PREFIX_PATH=${CMAKE_PREFIX_PATH}:/home/iliass/ros2_athens_ws/install/stm_station:/home/iliass/ros2_athens_ws/install/first_package:/opt/ros/foxy /usr/bin/cmake /home/iliass/ros2_athens_ws/src/first_interfaces -DCMAKE_INSTALL_PREFIX=/home/iliass/ros2_athens_ws/install/first_interfaces
[26.958s] Invoking command in '/home/iliass/ros2_athens_ws/build/first_interfaces': CMAKE_PREFIX_PATH=${CMAKE_PREFIX_PATH}:/home/iliass/ros2_athens_ws/install/stm_station:/home/iliass/ros2_athens_ws/install/first_package:/opt/ros/foxy /usr/bin/cmake --build /home/iliass/ros2_athens_ws/build/first_interfaces -- -j16 -l16
[26.968s] make[1]: Entering directory '/home/iliass/ros2_athens_ws/build/first_interfaces'
[26.990s] make[2]: Entering directory '/home/iliass/ros2_athens_ws/build/first_interfaces'
[26.992s] make[3]: Entering directory '/home/iliass/ros2_athens_ws/build/first_interfaces'
[26.992s] make[3]: Entering directory '/home/iliass/ros2_athens_ws/build/first_interfaces'
[27.002s] [35m[1mScanning dependencies of target first_interfaces__cpp[0m
[27.003s] [  3%] [34m[1mGenerating C code for ROS interfaces[0m
[27.004s] make[3]: Leaving directory '/home/iliass/ros2_athens_ws/build/first_interfaces'
[27.007s] make[3]: Entering directory '/home/iliass/ros2_athens_ws/build/first_interfaces'
[27.017s] [  6%] [34m[1mGenerating C++ code for ROS interfaces[0m
[27.375s] [35m[1mScanning dependencies of target first_interfaces__rosidl_generator_c[0m
[27.382s] make[3]: Leaving directory '/home/iliass/ros2_athens_ws/build/first_interfaces'
[27.384s] make[3]: Entering directory '/home/iliass/ros2_athens_ws/build/first_interfaces'
[27.389s] make[3]: Leaving directory '/home/iliass/ros2_athens_ws/build/first_interfaces'
[27.393s] [  9%] [32mBuilding C object CMakeFiles/first_interfaces__rosidl_generator_c.dir/rosidl_generator_c/first_interfaces/msg/detail/custom__functions.c.o[0m
[27.400s] [  9%] Built target first_interfaces__cpp
[27.403s] make[3]: Entering directory '/home/iliass/ros2_athens_ws/build/first_interfaces'
[27.403s] make[3]: Entering directory '/home/iliass/ros2_athens_ws/build/first_interfaces'
[27.404s] make[3]: Entering directory '/home/iliass/ros2_athens_ws/build/first_interfaces'
[27.415s] [ 12%] [34m[1mGenerating C++ introspection for ROS interfaces[0m
[27.415s] [ 16%] [34m[1mGenerating C++ type support dispatch for ROS interfaces[0m
[27.415s] [ 19%] [34m[1mGenerating C++ type support for eProsima Fast-RTPS[0m
[27.466s] [ 22%] [32m[1mLinking C shared library libfirst_interfaces__rosidl_generator_c.so[0m
[27.650s] make[3]: Leaving directory '/home/iliass/ros2_athens_ws/build/first_interfaces'
[27.660s] [ 22%] Built target first_interfaces__rosidl_generator_c
[27.663s] make[3]: Entering directory '/home/iliass/ros2_athens_ws/build/first_interfaces'
[27.665s] make[3]: Entering directory '/home/iliass/ros2_athens_ws/build/first_interfaces'
[27.677s] [ 25%] [34m[1mGenerating C type support dispatch for ROS interfaces[0m
[27.679s] [ 29%] [34m[1mGenerating C introspection for ROS interfaces[0m
[27.734s] [35m[1mScanning dependencies of target first_interfaces__rosidl_typesupport_cpp[0m
[27.738s] make[3]: Leaving directory '/home/iliass/ros2_athens_ws/build/first_interfaces'
[27.741s] make[3]: Entering directory '/home/iliass/ros2_athens_ws/build/first_interfaces'
[27.750s] [35m[1mScanning dependencies of target first_interfaces__rosidl_typesupport_fastrtps_cpp[0m
[27.752s] [ 32%] [32mBuilding CXX object CMakeFiles/first_interfaces__rosidl_typesupport_cpp.dir/rosidl_typesupport_cpp/first_interfaces/msg/custom__type_support.cpp.o[0m
[27.756s] make[3]: Leaving directory '/home/iliass/ros2_athens_ws/build/first_interfaces'
[27.760s] make[3]: Entering directory '/home/iliass/ros2_athens_ws/build/first_interfaces'
[27.772s] [ 35%] [32mBuilding CXX object CMakeFiles/first_interfaces__rosidl_typesupport_fastrtps_cpp.dir/rosidl_typesupport_fastrtps_cpp/first_interfaces/msg/detail/dds_fastrtps/custom__type_support.cpp.o[0m
[27.790s] [35m[1mScanning dependencies of target first_interfaces__rosidl_typesupport_introspection_cpp[0m
[27.795s] make[3]: Leaving directory '/home/iliass/ros2_athens_ws/build/first_interfaces'
[27.799s] make[3]: Entering directory '/home/iliass/ros2_athens_ws/build/first_interfaces'
[27.814s] [ 38%] [32mBuilding CXX object CMakeFiles/first_interfaces__rosidl_typesupport_introspection_cpp.dir/rosidl_typesupport_introspection_cpp/first_interfaces/msg/detail/custom__type_support.cpp.o[0m
[28.076s] [35m[1mScanning dependencies of target first_interfaces__rosidl_typesupport_c[0m
[28.080s] make[3]: Leaving directory '/home/iliass/ros2_athens_ws/build/first_interfaces'
[28.083s] make[3]: Entering directory '/home/iliass/ros2_athens_ws/build/first_interfaces'
[28.098s] [ 41%] [32mBuilding CXX object CMakeFiles/first_interfaces__rosidl_typesupport_c.dir/rosidl_typesupport_c/first_interfaces/msg/custom__type_support.cpp.o[0m
[28.121s] [35m[1mScanning dependencies of target first_interfaces__rosidl_typesupport_introspection_c[0m
[28.124s] make[3]: Leaving directory '/home/iliass/ros2_athens_ws/build/first_interfaces'
[28.127s] make[3]: Entering directory '/home/iliass/ros2_athens_ws/build/first_interfaces'
[28.146s] [ 45%] [32mBuilding C object CMakeFiles/first_interfaces__rosidl_typesupport_introspection_c.dir/rosidl_typesupport_introspection_c/first_interfaces/msg/detail/custom__type_support.c.o[0m
[28.158s] [ 48%] [32m[1mLinking CXX shared library libfirst_interfaces__rosidl_typesupport_c.so[0m
[28.210s] [ 51%] [32m[1mLinking C shared library libfirst_interfaces__rosidl_typesupport_introspection_c.so[0m
[28.322s] [ 54%] [32m[1mLinking CXX shared library libfirst_interfaces__rosidl_typesupport_cpp.so[0m
[28.326s] make[3]: Leaving directory '/home/iliass/ros2_athens_ws/build/first_interfaces'
[28.341s] [ 54%] Built target first_interfaces__rosidl_typesupport_c
[28.393s] make[3]: Leaving directory '/home/iliass/ros2_athens_ws/build/first_interfaces'
[28.407s] [ 54%] Built target first_interfaces__rosidl_typesupport_introspection_c
[28.420s] [ 58%] [32m[1mLinking CXX shared library libfirst_interfaces__rosidl_typesupport_introspection_cpp.so[0m
[28.526s] make[3]: Leaving directory '/home/iliass/ros2_athens_ws/build/first_interfaces'
[28.537s] [ 58%] Built target first_interfaces__rosidl_typesupport_cpp
[28.588s] [ 61%] [32m[1mLinking CXX shared library libfirst_interfaces__rosidl_typesupport_fastrtps_cpp.so[0m
[28.643s] make[3]: Leaving directory '/home/iliass/ros2_athens_ws/build/first_interfaces'
[28.657s] [ 61%] Built target first_interfaces__rosidl_typesupport_introspection_cpp
[28.912s] make[3]: Leaving directory '/home/iliass/ros2_athens_ws/build/first_interfaces'
[28.925s] [ 61%] Built target first_interfaces__rosidl_typesupport_fastrtps_cpp
[28.929s] make[3]: Entering directory '/home/iliass/ros2_athens_ws/build/first_interfaces'
[28.940s] [ 64%] [34m[1mGenerating C type support for eProsima Fast-RTPS[0m
[29.230s] [35m[1mScanning dependencies of target first_interfaces__rosidl_typesupport_fastrtps_c[0m
[29.236s] make[3]: Leaving directory '/home/iliass/ros2_athens_ws/build/first_interfaces'
[29.239s] make[3]: Entering directory '/home/iliass/ros2_athens_ws/build/first_interfaces'
[29.247s] [ 67%] [32mBuilding CXX object CMakeFiles/first_interfaces__rosidl_typesupport_fastrtps_c.dir/rosidl_typesupport_fastrtps_c/first_interfaces/msg/detail/custom__type_support_c.cpp.o[0m
[29.591s] [ 70%] [32m[1mLinking CXX shared library libfirst_interfaces__rosidl_typesupport_fastrtps_c.so[0m
[29.906s] make[3]: Leaving directory '/home/iliass/ros2_athens_ws/build/first_interfaces'
[29.915s] [ 70%] Built target first_interfaces__rosidl_typesupport_fastrtps_c
[29.917s] make[3]: Entering directory '/home/iliass/ros2_athens_ws/build/first_interfaces'
[29.924s] [35m[1mScanning dependencies of target first_interfaces[0m
[29.926s] make[3]: Leaving directory '/home/iliass/ros2_athens_ws/build/first_interfaces'
[29.936s] [ 70%] Built target first_interfaces
[29.938s] make[3]: Entering directory '/home/iliass/ros2_athens_ws/build/first_interfaces'
[29.948s] [35m[1mScanning dependencies of target first_interfaces__py[0m
[29.949s] make[3]: Leaving directory '/home/iliass/ros2_athens_ws/build/first_interfaces'
[29.951s] make[3]: Entering directory '/home/iliass/ros2_athens_ws/build/first_interfaces'
[29.961s] [ 74%] [34m[1mGenerating Python code for ROS interfaces[0m
[30.489s] make[3]: Leaving directory '/home/iliass/ros2_athens_ws/build/first_interfaces'
[30.496s] [ 74%] Built target first_interfaces__py
[30.498s] make[3]: Entering directory '/home/iliass/ros2_athens_ws/build/first_interfaces'
[30.506s] [35m[1mScanning dependencies of target first_interfaces__python[0m
[30.515s] make[3]: Leaving directory '/home/iliass/ros2_athens_ws/build/first_interfaces'
[30.517s] make[3]: Entering directory '/home/iliass/ros2_athens_ws/build/first_interfaces'
[30.528s] [ 77%] [32mBuilding C object CMakeFiles/first_interfaces__python.dir/rosidl_generator_py/first_interfaces/msg/_custom_s.c.o[0m
[30.624s] [ 80%] [32m[1mLinking C shared library rosidl_generator_py/first_interfaces/libfirst_interfaces__python.so[0m
[30.944s] make[3]: Leaving directory '/home/iliass/ros2_athens_ws/build/first_interfaces'
[30.954s] [ 80%] Built target first_interfaces__python
[30.957s] make[3]: Entering directory '/home/iliass/ros2_athens_ws/build/first_interfaces'
[30.958s] make[3]: Entering directory '/home/iliass/ros2_athens_ws/build/first_interfaces'
[30.959s] make[3]: Entering directory '/home/iliass/ros2_athens_ws/build/first_interfaces'
[30.973s] [35m[1mScanning dependencies of target first_interfaces__rosidl_typesupport_introspection_c__pyext[0m
[30.974s] [35m[1mScanning dependencies of target first_interfaces__rosidl_typesupport_fastrtps_c__pyext[0m
[30.974s] [35m[1mScanning dependencies of target first_interfaces__rosidl_typesupport_c__pyext[0m
[30.986s] make[3]: Leaving directory '/home/iliass/ros2_athens_ws/build/first_interfaces'
[30.986s] make[3]: Leaving directory '/home/iliass/ros2_athens_ws/build/first_interfaces'
[30.986s] make[3]: Leaving directory '/home/iliass/ros2_athens_ws/build/first_interfaces'
[30.991s] make[3]: Entering directory '/home/iliass/ros2_athens_ws/build/first_interfaces'
[30.992s] make[3]: Entering directory '/home/iliass/ros2_athens_ws/build/first_interfaces'
[30.994s] make[3]: Entering directory '/home/iliass/ros2_athens_ws/build/first_interfaces'
[31.004s] [ 83%] [32mBuilding C object CMakeFiles/first_interfaces__rosidl_typesupport_fastrtps_c__pyext.dir/rosidl_generator_py/first_interfaces/_first_interfaces_s.ep.rosidl_typesupport_fastrtps_c.c.o[0m
[31.005s] [ 87%] [32mBuilding C object CMakeFiles/first_interfaces__rosidl_typesupport_c__pyext.dir/rosidl_generator_py/first_interfaces/_first_interfaces_s.ep.rosidl_typesupport_c.c.o[0m
[31.008s] [ 90%] [32mBuilding C object CMakeFiles/first_interfaces__rosidl_typesupport_introspection_c__pyext.dir/rosidl_generator_py/first_interfaces/_first_interfaces_s.ep.rosidl_typesupport_introspection_c.c.o[0m
[31.096s] [ 93%] [32m[1mLinking C shared library rosidl_generator_py/first_interfaces/first_interfaces_s__rosidl_typesupport_c.cpython-38-x86_64-linux-gnu.so[0m
[31.103s] [ 96%] [32m[1mLinking CXX shared library rosidl_generator_py/first_interfaces/first_interfaces_s__rosidl_typesupport_fastrtps_c.cpython-38-x86_64-linux-gnu.so[0m
[31.109s] [100%] [32m[1mLinking C shared library rosidl_generator_py/first_interfaces/first_interfaces_s__rosidl_typesupport_introspection_c.cpython-38-x86_64-linux-gnu.so[0m
[31.364s] make[3]: Leaving directory '/home/iliass/ros2_athens_ws/build/first_interfaces'
[31.372s] make[3]: Leaving directory '/home/iliass/ros2_athens_ws/build/first_interfaces'
[31.385s] [100%] Built target first_interfaces__rosidl_typesupport_c__pyext
[31.388s] [100%] Built target first_interfaces__rosidl_typesupport_introspection_c__pyext
[31.421s] make[3]: Leaving directory '/home/iliass/ros2_athens_ws/build/first_interfaces'
[31.432s] [100%] Built target first_interfaces__rosidl_typesupport_fastrtps_c__pyext
[31.432s] make[2]: Leaving directory '/home/iliass/ros2_athens_ws/build/first_interfaces'
[31.443s] make[1]: Leaving directory '/home/iliass/ros2_athens_ws/build/first_interfaces'
[31.446s] Invoked command in '/home/iliass/ros2_athens_ws/build/first_interfaces' returned '0': CMAKE_PREFIX_PATH=${CMAKE_PREFIX_PATH}:/home/iliass/ros2_athens_ws/install/stm_station:/home/iliass/ros2_athens_ws/install/first_package:/opt/ros/foxy /usr/bin/cmake --build /home/iliass/ros2_athens_ws/build/first_interfaces -- -j16 -l16
[31.532s] Invoking command in '/home/iliass/ros2_athens_ws/build/first_interfaces': CMAKE_PREFIX_PATH=${CMAKE_PREFIX_PATH}:/home/iliass/ros2_athens_ws/install/stm_station:/home/iliass/ros2_athens_ws/install/first_package:/opt/ros/foxy /usr/bin/cmake --install /home/iliass/ros2_athens_ws/build/first_interfaces
[31.544s] -- Install configuration: ""
[31.544s] -- Installing: /home/iliass/ros2_athens_ws/install/first_interfaces/share/ament_index/resource_index/rosidl_interfaces/first_interfaces
[31.544s] -- Installing: /home/iliass/ros2_athens_ws/install/first_interfaces/include/first_interfaces
[31.545s] -- Installing: /home/iliass/ros2_athens_ws/install/first_interfaces/include/first_interfaces/msg
[31.546s] -- Installing: /home/iliass/ros2_athens_ws/install/first_interfaces/include/first_interfaces/msg/detail
[31.546s] -- Installing: /home/iliass/ros2_athens_ws/install/first_interfaces/include/first_interfaces/msg/detail/custom__functions.c
[31.546s] -- Installing: /home/iliass/ros2_athens_ws/install/first_interfaces/include/first_interfaces/msg/detail/custom__functions.h
[31.546s] -- Installing: /home/iliass/ros2_athens_ws/install/first_interfaces/include/first_interfaces/msg/detail/custom__struct.h
[31.547s] -- Installing: /home/iliass/ros2_athens_ws/install/first_interfaces/include/first_interfaces/msg/detail/custom__type_support.h
[31.547s] -- Installing: /home/iliass/ros2_athens_ws/install/first_interfaces/include/first_interfaces/msg/custom.h
[31.547s] -- Installing: /home/iliass/ros2_athens_ws/install/first_interfaces/include/first_interfaces/msg/rosidl_generator_c__visibility_control.h
[31.548s] -- Installing: /home/iliass/ros2_athens_ws/install/first_interfaces/share/first_interfaces/environment/library_path.sh
[31.548s] -- Installing: /home/iliass/ros2_athens_ws/install/first_interfaces/share/first_interfaces/environment/library_path.dsv
[31.549s] -- Installing: /home/iliass/ros2_athens_ws/install/first_interfaces/lib/libfirst_interfaces__rosidl_generator_c.so
[31.550s] -- Set runtime path of "/home/iliass/ros2_athens_ws/install/first_interfaces/lib/libfirst_interfaces__rosidl_generator_c.so" to ""
[31.550s] -- Up-to-date: /home/iliass/ros2_athens_ws/install/first_interfaces/include/first_interfaces
[31.550s] -- Up-to-date: /home/iliass/ros2_athens_ws/install/first_interfaces/include/first_interfaces/msg
[31.550s] -- Up-to-date: /home/iliass/ros2_athens_ws/install/first_interfaces/include/first_interfaces/msg/detail
[31.551s] -- Installing: /home/iliass/ros2_athens_ws/install/first_interfaces/include/first_interfaces/msg/detail/custom__rosidl_typesupport_fastrtps_c.h
[31.551s] -- Installing: /home/iliass/ros2_athens_ws/install/first_interfaces/include/first_interfaces/msg/rosidl_typesupport_fastrtps_c__visibility_control.h
[31.551s] -- Installing: /home/iliass/ros2_athens_ws/install/first_interfaces/lib/libfirst_interfaces__rosidl_typesupport_fastrtps_c.so
[31.551s] -- Set runtime path of "/home/iliass/ros2_athens_ws/install/first_interfaces/lib/libfirst_interfaces__rosidl_typesupport_fastrtps_c.so" to ""
[31.551s] -- Up-to-date: /home/iliass/ros2_athens_ws/install/first_interfaces/include/first_interfaces
[31.552s] -- Up-to-date: /home/iliass/ros2_athens_ws/install/first_interfaces/include/first_interfaces/msg
[31.552s] -- Up-to-date: /home/iliass/ros2_athens_ws/install/first_interfaces/include/first_interfaces/msg/detail
[31.552s] -- Installing: /home/iliass/ros2_athens_ws/install/first_interfaces/include/first_interfaces/msg/detail/custom__rosidl_typesupport_fastrtps_cpp.hpp
[31.552s] -- Installing: /home/iliass/ros2_athens_ws/install/first_interfaces/include/first_interfaces/msg/detail/dds_fastrtps
[31.552s] -- Installing: /home/iliass/ros2_athens_ws/install/first_interfaces/include/first_interfaces/msg/rosidl_typesupport_fastrtps_cpp__visibility_control.h
[31.553s] -- Installing: /home/iliass/ros2_athens_ws/install/first_interfaces/lib/libfirst_interfaces__rosidl_typesupport_fastrtps_cpp.so
[31.553s] -- Set runtime path of "/home/iliass/ros2_athens_ws/install/first_interfaces/lib/libfirst_interfaces__rosidl_typesupport_fastrtps_cpp.so" to ""
[31.553s] -- Up-to-date: /home/iliass/ros2_athens_ws/install/first_interfaces/include/first_interfaces
[31.553s] -- Up-to-date: /home/iliass/ros2_athens_ws/install/first_interfaces/include/first_interfaces/msg
[31.553s] -- Up-to-date: /home/iliass/ros2_athens_ws/install/first_interfaces/include/first_interfaces/msg/detail
[31.554s] -- Installing: /home/iliass/ros2_athens_ws/install/first_interfaces/include/first_interfaces/msg/detail/custom__rosidl_typesupport_introspection_c.h
[31.554s] -- Installing: /home/iliass/ros2_athens_ws/install/first_interfaces/include/first_interfaces/msg/detail/custom__type_support.c
[31.554s] -- Installing: /home/iliass/ros2_athens_ws/install/first_interfaces/include/first_interfaces/msg/rosidl_typesupport_introspection_c__visibility_control.h
[31.554s] -- Installing: /home/iliass/ros2_athens_ws/install/first_interfaces/lib/libfirst_interfaces__rosidl_typesupport_introspection_c.so
[31.554s] -- Set runtime path of "/home/iliass/ros2_athens_ws/install/first_interfaces/lib/libfirst_interfaces__rosidl_typesupport_introspection_c.so" to ""
[31.554s] -- Installing: /home/iliass/ros2_athens_ws/install/first_interfaces/lib/libfirst_interfaces__rosidl_typesupport_c.so
[31.555s] -- Set runtime path of "/home/iliass/ros2_athens_ws/install/first_interfaces/lib/libfirst_interfaces__rosidl_typesupport_c.so" to ""
[31.555s] -- Up-to-date: /home/iliass/ros2_athens_ws/install/first_interfaces/include/first_interfaces
[31.555s] -- Up-to-date: /home/iliass/ros2_athens_ws/install/first_interfaces/include/first_interfaces/msg
[31.555s] -- Up-to-date: /home/iliass/ros2_athens_ws/install/first_interfaces/include/first_interfaces/msg/detail
[31.556s] -- Installing: /home/iliass/ros2_athens_ws/install/first_interfaces/include/first_interfaces/msg/detail/custom__struct.hpp
[31.556s] -- Installing: /home/iliass/ros2_athens_ws/install/first_interfaces/include/first_interfaces/msg/detail/custom__type_support.hpp
[31.556s] -- Installing: /home/iliass/ros2_athens_ws/install/first_interfaces/include/first_interfaces/msg/detail/custom__traits.hpp
[31.556s] -- Installing: /home/iliass/ros2_athens_ws/install/first_interfaces/include/first_interfaces/msg/detail/custom__builder.hpp
[31.556s] -- Installing: /home/iliass/ros2_athens_ws/install/first_interfaces/include/first_interfaces/msg/rosidl_generator_cpp__visibility_control.hpp
[31.556s] -- Installing: /home/iliass/ros2_athens_ws/install/first_interfaces/include/first_interfaces/msg/custom.hpp
[31.557s] -- Up-to-date: /home/iliass/ros2_athens_ws/install/first_interfaces/include/first_interfaces
[31.557s] -- Up-to-date: /home/iliass/ros2_athens_ws/install/first_interfaces/include/first_interfaces/msg
[31.557s] -- Up-to-date: /home/iliass/ros2_athens_ws/install/first_interfaces/include/first_interfaces/msg/detail
[31.557s] -- Installing: /home/iliass/ros2_athens_ws/install/first_interfaces/include/first_interfaces/msg/detail/custom__type_support.cpp
[31.557s] -- Installing: /home/iliass/ros2_athens_ws/install/first_interfaces/include/first_interfaces/msg/detail/custom__rosidl_typesupport_introspection_cpp.hpp
[31.558s] -- Installing: /home/iliass/ros2_athens_ws/install/first_interfaces/lib/libfirst_interfaces__rosidl_typesupport_introspection_cpp.so
[31.558s] -- Set runtime path of "/home/iliass/ros2_athens_ws/install/first_interfaces/lib/libfirst_interfaces__rosidl_typesupport_introspection_cpp.so" to ""
[31.558s] -- Installing: /home/iliass/ros2_athens_ws/install/first_interfaces/lib/libfirst_interfaces__rosidl_typesupport_cpp.so
[31.558s] -- Set runtime path of "/home/iliass/ros2_athens_ws/install/first_interfaces/lib/libfirst_interfaces__rosidl_typesupport_cpp.so" to ""
[31.558s] -- Installing: /home/iliass/ros2_athens_ws/install/first_interfaces/share/first_interfaces/environment/pythonpath.sh
[31.558s] -- Installing: /home/iliass/ros2_athens_ws/install/first_interfaces/share/first_interfaces/environment/pythonpath.dsv
[31.558s] -- Installing: /home/iliass/ros2_athens_ws/install/first_interfaces/lib/python3.8/site-packages/first_interfaces/__init__.py
[31.589s] Compiling '/home/iliass/ros2_athens_ws/install/first_interfaces/lib/python3.8/site-packages/first_interfaces/__init__.py'...
[31.594s] -- Installing: /home/iliass/ros2_athens_ws/install/first_interfaces/lib/python3.8/site-packages/first_interfaces/msg
[31.595s] -- Installing: /home/iliass/ros2_athens_ws/install/first_interfaces/lib/python3.8/site-packages/first_interfaces/msg/__init__.py
[31.595s] -- Installing: /home/iliass/ros2_athens_ws/install/first_interfaces/lib/python3.8/site-packages/first_interfaces/msg/_custom.py
[31.596s] -- Installing: /home/iliass/ros2_athens_ws/install/first_interfaces/lib/python3.8/site-packages/first_interfaces/msg/_custom_s.c
[31.596s] -- Installing: /home/iliass/ros2_athens_ws/install/first_interfaces/lib/python3.8/site-packages/first_interfaces/first_interfaces_s__rosidl_typesupport_fastrtps_c.cpython-38-x86_64-linux-gnu.so
[31.597s] -- Set runtime path of "/home/iliass/ros2_athens_ws/install/first_interfaces/lib/python3.8/site-packages/first_interfaces/first_interfaces_s__rosidl_typesupport_fastrtps_c.cpython-38-x86_64-linux-gnu.so" to ""
[31.597s] -- Installing: /home/iliass/ros2_athens_ws/install/first_interfaces/lib/python3.8/site-packages/first_interfaces/first_interfaces_s__rosidl_typesupport_introspection_c.cpython-38-x86_64-linux-gnu.so
[31.598s] -- Set runtime path of "/home/iliass/ros2_athens_ws/install/first_interfaces/lib/python3.8/site-packages/first_interfaces/first_interfaces_s__rosidl_typesupport_introspection_c.cpython-38-x86_64-linux-gnu.so" to ""
[31.598s] -- Installing: /home/iliass/ros2_athens_ws/install/first_interfaces/lib/python3.8/site-packages/first_interfaces/first_interfaces_s__rosidl_typesupport_c.cpython-38-x86_64-linux-gnu.so
[31.598s] -- Set runtime path of "/home/iliass/ros2_athens_ws/install/first_interfaces/lib/python3.8/site-packages/first_interfaces/first_interfaces_s__rosidl_typesupport_c.cpython-38-x86_64-linux-gnu.so" to ""
[31.598s] -- Installing: /home/iliass/ros2_athens_ws/install/first_interfaces/lib/libfirst_interfaces__python.so
[31.599s] -- Set runtime path of "/home/iliass/ros2_athens_ws/install/first_interfaces/lib/libfirst_interfaces__python.so" to ""
[31.599s] -- Installing: /home/iliass/ros2_athens_ws/install/first_interfaces/share/first_interfaces/msg/Custom.idl
[31.599s] -- Installing: /home/iliass/ros2_athens_ws/install/first_interfaces/share/first_interfaces/msg/Custom.msg
[31.599s] -- Installing: /home/iliass/ros2_athens_ws/install/first_interfaces/share/ament_index/resource_index/package_run_dependencies/first_interfaces
[31.600s] -- Installing: /home/iliass/ros2_athens_ws/install/first_interfaces/share/ament_index/resource_index/parent_prefix_path/first_interfaces
[31.600s] -- Installing: /home/iliass/ros2_athens_ws/install/first_interfaces/share/first_interfaces/environment/ament_prefix_path.sh
[31.600s] -- Installing: /home/iliass/ros2_athens_ws/install/first_interfaces/share/first_interfaces/environment/ament_prefix_path.dsv
[31.600s] -- Installing: /home/iliass/ros2_athens_ws/install/first_interfaces/share/first_interfaces/environment/path.sh
[31.601s] -- Installing: /home/iliass/ros2_athens_ws/install/first_interfaces/share/first_interfaces/environment/path.dsv
[31.601s] -- Installing: /home/iliass/ros2_athens_ws/install/first_interfaces/share/first_interfaces/local_setup.bash
[31.601s] -- Installing: /home/iliass/ros2_athens_ws/install/first_interfaces/share/first_interfaces/local_setup.sh
[31.601s] -- Installing: /home/iliass/ros2_athens_ws/install/first_interfaces/share/first_interfaces/local_setup.zsh
[31.601s] -- Installing: /home/iliass/ros2_athens_ws/install/first_interfaces/share/first_interfaces/local_setup.dsv
[31.602s] -- Installing: /home/iliass/ros2_athens_ws/install/first_interfaces/share/first_interfaces/package.dsv
[31.602s] -- Installing: /home/iliass/ros2_athens_ws/install/first_interfaces/share/ament_index/resource_index/packages/first_interfaces
[31.602s] -- Installing: /home/iliass/ros2_athens_ws/install/first_interfaces/share/first_interfaces/cmake/first_interfaces__rosidl_generator_cExport.cmake
[31.602s] -- Installing: /home/iliass/ros2_athens_ws/install/first_interfaces/share/first_interfaces/cmake/first_interfaces__rosidl_generator_cExport-noconfig.cmake
[31.602s] -- Installing: /home/iliass/ros2_athens_ws/install/first_interfaces/share/first_interfaces/cmake/first_interfaces__rosidl_typesupport_introspection_cExport.cmake
[31.603s] -- Installing: /home/iliass/ros2_athens_ws/install/first_interfaces/share/first_interfaces/cmake/first_interfaces__rosidl_typesupport_introspection_cExport-noconfig.cmake
[31.603s] -- Installing: /home/iliass/ros2_athens_ws/install/first_interfaces/share/first_interfaces/cmake/first_interfaces__rosidl_typesupport_cExport.cmake
[31.603s] -- Installing: /home/iliass/ros2_athens_ws/install/first_interfaces/share/first_interfaces/cmake/first_interfaces__rosidl_typesupport_cExport-noconfig.cmake
[31.604s] -- Installing: /home/iliass/ros2_athens_ws/install/first_interfaces/share/first_interfaces/cmake/first_interfaces__rosidl_generator_cppExport.cmake
[31.604s] -- Installing: /home/iliass/ros2_athens_ws/install/first_interfaces/share/first_interfaces/cmake/first_interfaces__rosidl_typesupport_introspection_cppExport.cmake
[31.604s] -- Installing: /home/iliass/ros2_athens_ws/install/first_interfaces/share/first_interfaces/cmake/first_interfaces__rosidl_typesupport_introspection_cppExport-noconfig.cmake
[31.604s] -- Installing: /home/iliass/ros2_athens_ws/install/first_interfaces/share/first_interfaces/cmake/first_interfaces__rosidl_typesupport_cppExport.cmake
[31.605s] -- Installing: /home/iliass/ros2_athens_ws/install/first_interfaces/share/first_interfaces/cmake/first_interfaces__rosidl_typesupport_cppExport-noconfig.cmake
[31.605s] -- Installing: /home/iliass/ros2_athens_ws/install/first_interfaces/share/first_interfaces/cmake/rosidl_cmake-extras.cmake
[31.605s] -- Installing: /home/iliass/ros2_athens_ws/install/first_interfaces/share/first_interfaces/cmake/ament_cmake_export_dependencies-extras.cmake
[31.605s] -- Installing: /home/iliass/ros2_athens_ws/install/first_interfaces/share/first_interfaces/cmake/ament_cmake_export_libraries-extras.cmake
[31.606s] -- Installing: /home/iliass/ros2_athens_ws/install/first_interfaces/share/first_interfaces/cmake/ament_cmake_export_targets-extras.cmake
[31.606s] -- Installing: /home/iliass/ros2_athens_ws/install/first_interfaces/share/first_interfaces/cmake/ament_cmake_export_include_directories-extras.cmake
[31.606s] -- Installing: /home/iliass/ros2_athens_ws/install/first_interfaces/share/first_interfaces/cmake/rosidl_cmake_export_typesupport_libraries-extras.cmake
[31.606s] -- Installing: /home/iliass/ros2_athens_ws/install/first_interfaces/share/first_interfaces/cmake/rosidl_cmake_export_typesupport_targets-extras.cmake
[31.606s] -- Installing: /home/iliass/ros2_athens_ws/install/first_interfaces/share/first_interfaces/cmake/first_interfacesConfig.cmake
[31.606s] -- Installing: /home/iliass/ros2_athens_ws/install/first_interfaces/share/first_interfaces/cmake/first_interfacesConfig-version.cmake
[31.606s] -- Installing: /home/iliass/ros2_athens_ws/install/first_interfaces/share/first_interfaces/package.xml
[31.609s] Invoked command in '/home/iliass/ros2_athens_ws/build/first_interfaces' returned '0': CMAKE_PREFIX_PATH=${CMAKE_PREFIX_PATH}:/home/iliass/ros2_athens_ws/install/stm_station:/home/iliass/ros2_athens_ws/install/first_package:/opt/ros/foxy /usr/bin/cmake --install /home/iliass/ros2_athens_ws/build/first_interfaces
