[2.196s] Invoking command in '/home/iliass/ros2_athens_ws/src/first_package': CMAKE_PREFIX_PATH=/home/iliass/ros2_athens_ws/install/first_interfaces:/home/iliass/ros2_athens_ws/install/stm_interfaces LD_LIBRARY_PATH=/home/iliass/ros2_athens_ws/install/first_interfaces/lib:/home/iliass/ros2_athens_ws/install/stm_interfaces/lib:/opt/ros/foxy/opt/yaml_cpp_vendor/lib:/opt/ros/foxy/opt/rviz_ogre_vendor/lib:/opt/ros/foxy/lib/x86_64-linux-gnu:/opt/ros/foxy/lib PYTHONPATH=/home/iliass/ros2_athens_ws/build/first_package/prefix_override:/usr/lib/python3/dist-packages/colcon_core/task/python/colcon_distutils_commands:/home/iliass/ros2_athens_ws/install/first_package/lib/python3.8/site-packages:/home/iliass/ros2_athens_ws/install/first_interfaces/lib/python3.8/site-packages:/home/iliass/ros2_athens_ws/install/stm_station/lib/python3.8/site-packages:/home/iliass/ros2_athens_ws/install/stm_interfaces/lib/python3.8/site-packages:/home/iliass/ros2_athens_ws/install/first_package/lib/python3.8/site-packages:/opt/ros/foxy/lib/python3.8/site-packages /usr/bin/python3 -W ignore:setup.py install is deprecated setup.py egg_info --egg-base ../../build/first_package build --build-base /home/iliass/ros2_athens_ws/build/first_package/build install --record /home/iliass/ros2_athens_ws/build/first_package/install.log --install-scripts $base/lib/first_package --single-version-externally-managed install_data
[2.797s] running egg_info
[2.797s] creating ../../build/first_package/first_package.egg-info
[2.798s] writing ../../build/first_package/first_package.egg-info/PKG-INFO
[2.798s] writing dependency_links to ../../build/first_package/first_package.egg-info/dependency_links.txt
[2.798s] writing entry points to ../../build/first_package/first_package.egg-info/entry_points.txt
[2.798s] writing requirements to ../../build/first_package/first_package.egg-info/requires.txt
[2.798s] writing top-level names to ../../build/first_package/first_package.egg-info/top_level.txt
[2.800s] writing manifest file '../../build/first_package/first_package.egg-info/SOURCES.txt'
[2.832s] reading manifest file '../../build/first_package/first_package.egg-info/SOURCES.txt'
[2.832s] writing manifest file '../../build/first_package/first_package.egg-info/SOURCES.txt'
[2.833s] running build
[2.833s] running build_py
[2.833s] creating /home/iliass/ros2_athens_ws/build/first_package/build
[2.834s] creating /home/iliass/ros2_athens_ws/build/first_package/build/lib
[2.834s] creating /home/iliass/ros2_athens_ws/build/first_package/build/lib/first_package
[2.834s] copying first_package/simple_pubsub.py -> /home/iliass/ros2_athens_ws/build/first_package/build/lib/first_package
[2.834s] copying first_package/__init__.py -> /home/iliass/ros2_athens_ws/build/first_package/build/lib/first_package
[2.834s] copying first_package/simple_service_parameter_node.py -> /home/iliass/ros2_athens_ws/build/first_package/build/lib/first_package
[2.834s] copying first_package/simple_publisher.py -> /home/iliass/ros2_athens_ws/build/first_package/build/lib/first_package
[2.834s] copying first_package/simple_subscriber.py -> /home/iliass/ros2_athens_ws/build/first_package/build/lib/first_package
[2.834s] copying first_package/simple_service_node.py -> /home/iliass/ros2_athens_ws/build/first_package/build/lib/first_package
[2.835s] running install
[2.835s] running install_lib
[2.836s] creating /home/iliass/ros2_athens_ws/install/first_package/lib/python3.8/site-packages/first_package
[2.837s] copying /home/iliass/ros2_athens_ws/build/first_package/build/lib/first_package/simple_pubsub.py -> /home/iliass/ros2_athens_ws/install/first_package/lib/python3.8/site-packages/first_package
[2.838s] copying /home/iliass/ros2_athens_ws/build/first_package/build/lib/first_package/__init__.py -> /home/iliass/ros2_athens_ws/install/first_package/lib/python3.8/site-packages/first_package
[2.838s] copying /home/iliass/ros2_athens_ws/build/first_package/build/lib/first_package/simple_service_parameter_node.py -> /home/iliass/ros2_athens_ws/install/first_package/lib/python3.8/site-packages/first_package
[2.838s] copying /home/iliass/ros2_athens_ws/build/first_package/build/lib/first_package/simple_publisher.py -> /home/iliass/ros2_athens_ws/install/first_package/lib/python3.8/site-packages/first_package
[2.838s] copying /home/iliass/ros2_athens_ws/build/first_package/build/lib/first_package/simple_subscriber.py -> /home/iliass/ros2_athens_ws/install/first_package/lib/python3.8/site-packages/first_package
[2.838s] copying /home/iliass/ros2_athens_ws/build/first_package/build/lib/first_package/simple_service_node.py -> /home/iliass/ros2_athens_ws/install/first_package/lib/python3.8/site-packages/first_package
[2.839s] byte-compiling /home/iliass/ros2_athens_ws/install/first_package/lib/python3.8/site-packages/first_package/simple_pubsub.py to simple_pubsub.cpython-38.pyc
[2.840s] byte-compiling /home/iliass/ros2_athens_ws/install/first_package/lib/python3.8/site-packages/first_package/__init__.py to __init__.cpython-38.pyc
[2.841s] byte-compiling /home/iliass/ros2_athens_ws/install/first_package/lib/python3.8/site-packages/first_package/simple_service_parameter_node.py to simple_service_parameter_node.cpython-38.pyc
[2.841s] byte-compiling /home/iliass/ros2_athens_ws/install/first_package/lib/python3.8/site-packages/first_package/simple_publisher.py to simple_publisher.cpython-38.pyc
[2.841s] byte-compiling /home/iliass/ros2_athens_ws/install/first_package/lib/python3.8/site-packages/first_package/simple_subscriber.py to simple_subscriber.cpython-38.pyc
[2.842s] byte-compiling /home/iliass/ros2_athens_ws/install/first_package/lib/python3.8/site-packages/first_package/simple_service_node.py to simple_service_node.cpython-38.pyc
[2.842s] running install_data
[2.842s] creating /home/iliass/ros2_athens_ws/install/first_package/share/ament_index
[2.843s] creating /home/iliass/ros2_athens_ws/install/first_package/share/ament_index/resource_index
[2.843s] creating /home/iliass/ros2_athens_ws/install/first_package/share/ament_index/resource_index/packages
[2.843s] copying resource/first_package -> /home/iliass/ros2_athens_ws/install/first_package/share/ament_index/resource_index/packages
[2.843s] copying package.xml -> /home/iliass/ros2_athens_ws/install/first_package/share/first_package
[2.843s] running install_egg_info
[2.845s] Copying ../../build/first_package/first_package.egg-info to /home/iliass/ros2_athens_ws/install/first_package/lib/python3.8/site-packages/first_package-0.0.0-py3.8.egg-info
[2.846s] running install_scripts
[2.880s] Installing simple_publisher_node script to /home/iliass/ros2_athens_ws/install/first_package/lib/first_package
[2.882s] Installing simple_pubsub_node script to /home/iliass/ros2_athens_ws/install/first_package/lib/first_package
[2.883s] Installing simple_serive_node script to /home/iliass/ros2_athens_ws/install/first_package/lib/first_package
[2.884s] Installing simple_serive_parameter_node script to /home/iliass/ros2_athens_ws/install/first_package/lib/first_package
[2.884s] Installing simple_subscriber_node script to /home/iliass/ros2_athens_ws/install/first_package/lib/first_package
[2.885s] writing list of installed files to '/home/iliass/ros2_athens_ws/build/first_package/install.log'
[2.917s] Invoked command in '/home/iliass/ros2_athens_ws/src/first_package' returned '0': CMAKE_PREFIX_PATH=/home/iliass/ros2_athens_ws/install/first_interfaces:/home/iliass/ros2_athens_ws/install/stm_interfaces LD_LIBRARY_PATH=/home/iliass/ros2_athens_ws/install/first_interfaces/lib:/home/iliass/ros2_athens_ws/install/stm_interfaces/lib:/opt/ros/foxy/opt/yaml_cpp_vendor/lib:/opt/ros/foxy/opt/rviz_ogre_vendor/lib:/opt/ros/foxy/lib/x86_64-linux-gnu:/opt/ros/foxy/lib PYTHONPATH=/home/iliass/ros2_athens_ws/build/first_package/prefix_override:/usr/lib/python3/dist-packages/colcon_core/task/python/colcon_distutils_commands:/home/iliass/ros2_athens_ws/install/first_package/lib/python3.8/site-packages:/home/iliass/ros2_athens_ws/install/first_interfaces/lib/python3.8/site-packages:/home/iliass/ros2_athens_ws/install/stm_station/lib/python3.8/site-packages:/home/iliass/ros2_athens_ws/install/stm_interfaces/lib/python3.8/site-packages:/home/iliass/ros2_athens_ws/install/first_package/lib/python3.8/site-packages:/opt/ros/foxy/lib/python3.8/site-packages /usr/bin/python3 -W ignore:setup.py install is deprecated setup.py egg_info --egg-base ../../build/first_package build --build-base /home/iliass/ros2_athens_ws/build/first_package/build install --record /home/iliass/ros2_athens_ws/build/first_package/install.log --install-scripts $base/lib/first_package --single-version-externally-managed install_data
