[0.020s] Invoking command in '/home/iliass/ros2_athens_ws/build/first_interfaces': CMAKE_PREFIX_PATH=/home/iliass/ros2_athens_ws/install/first_package:/opt/ros/foxy /usr/bin/cmake --build /home/iliass/ros2_athens_ws/build/first_interfaces -- -j16 -l16
[0.048s] -- Found rosidl_default_generators: 1.0.1 (/opt/ros/foxy/share/rosidl_default_generators/cmake)
[0.050s] -- Found ament_cmake_core: 0.9.12 (/opt/ros/foxy/share/ament_cmake_core/cmake)
[0.069s] -- Found PythonInterp: /usr/bin/python3 (found suitable version "3.8.10", minimum required is "3") 
[0.069s] -- Using PYTHON_EXECUTABLE: /usr/bin/python3
[0.227s] -- Using all available rosidl_typesupport_c: rosidl_typesupport_fastrtps_c;rosidl_typesupport_introspection_c
[0.229s] -- Found rosidl_adapter: 1.3.1 (/opt/ros/foxy/share/rosidl_adapter/cmake)
[15.079s] -- Using all available rosidl_typesupport_cpp: rosidl_typesupport_fastrtps_cpp;rosidl_typesupport_introspection_cpp
[15.139s] -- Found std_msgs: 2.0.5 (/opt/ros/foxy/share/std_msgs/cmake)
[15.179s] -- Found ament_lint_auto: 0.9.8 (/opt/ros/foxy/share/ament_lint_auto/cmake)
[15.299s] -- Found PythonInterp: /usr/bin/python3 (found version "3.8.10") 
[15.404s] -- Found ament_cmake_ros: 0.9.2 (/opt/ros/foxy/share/ament_cmake_ros/cmake)
[33.932s] -- Using all available rosidl_typesupport_c: rosidl_typesupport_fastrtps_c;rosidl_typesupport_introspection_c
[33.941s] -- Using all available rosidl_typesupport_cpp: rosidl_typesupport_fastrtps_cpp;rosidl_typesupport_introspection_cpp
[33.974s] -- Found PythonInterp: /usr/bin/python3 (found suitable version "3.8.10", minimum required is "3.5") 
[33.975s] -- Found python_cmake_module: 0.8.1 (/opt/ros/foxy/share/python_cmake_module/cmake)
[34.016s] -- Using PYTHON_EXECUTABLE: /usr/bin/python3
[34.016s] -- Using PYTHON_INCLUDE_DIRS: /usr/include/python3.8
[34.016s] -- Using PYTHON_LIBRARIES: /usr/lib/x86_64-linux-gnu/libpython3.8.so
[34.059s] -- Added test 'copyright' to check source files copyright and LICENSE
[34.079s] -- Added test 'cppcheck' to perform static code analysis on C / C++ code
[34.080s] -- Configured cppcheck include dirs: 
[34.081s] -- Configured cppcheck exclude dirs and/or files: 
[34.100s] -- Added test 'cpplint' to check C / C++ code against the Google style
[34.101s] -- Configured cpplint exclude dirs and/or files: 
[34.103s] -- Added test 'flake8' to check Python code syntax and style conventions
[34.107s] -- Added test 'lint_cmake' to check CMake code style
[34.110s] -- Added test 'pep257' to check Python code against some of the style conventions in PEP 257
[34.122s] -- Added test 'uncrustify' to check C / C++ code style
[34.122s] -- Configured uncrustify additional arguments: 
[34.124s] -- Added test 'xmllint' to check XML markup files
[34.131s] -- Configuring done
[34.161s] -- Generating done
[34.165s] -- Build files have been written to: /home/iliass/ros2_athens_ws/build/first_interfaces
[34.209s] [  3%] Built target first_interfaces__cpp
[34.209s] [  6%] [32mBuilding C object CMakeFiles/first_interfaces__rosidl_generator_c.dir/rosidl_generator_c/first_interfaces/msg/detail/custom_message__functions.c.o[0m
[34.229s] In file included from [01m[K/home/iliass/ros2_athens_ws/build/first_interfaces/rosidl_generator_c/first_interfaces/msg/detail/custom_message__functions.h:19[m[K,
[34.229s]                  from [01m[K/home/iliass/ros2_athens_ws/build/first_interfaces/rosidl_generator_c/first_interfaces/msg/detail/custom_message__functions.c:4[m[K:
[34.230s] [01m[K/home/iliass/ros2_athens_ws/build/first_interfaces/rosidl_generator_c/first_interfaces/msg/detail/custom_message__struct.h:24:10:[m[K [01;31m[Kfatal error: [m[Kfirst_interfaces/msg/detail/string__struct.h: No such file or directory
[34.230s]    24 | #include [01;31m[K"first_interfaces/msg/detail/string__struct.h"[m[K
[34.230s]       |          [01;31m[K^~~~~~~~~~~~~~~~~~~~~~~~~~~~~~~~~~~~~~~~~~~~~~[m[K
[34.230s] compilation terminated.
[34.231s] make[2]: *** [CMakeFiles/first_interfaces__rosidl_generator_c.dir/build.make:92: CMakeFiles/first_interfaces__rosidl_generator_c.dir/rosidl_generator_c/first_interfaces/msg/detail/custom_message__functions.c.o] Error 1
[34.231s] make[1]: *** [CMakeFiles/Makefile2:332: CMakeFiles/first_interfaces__rosidl_generator_c.dir/all] Error 2
[34.231s] make[1]: *** Waiting for unfinished jobs....
[34.240s] [  9%] [32mBuilding CXX object CMakeFiles/first_interfaces__rosidl_typesupport_introspection_cpp.dir/rosidl_typesupport_introspection_cpp/first_interfaces/msg/detail/custom_message__type_support.cpp.o[0m
[34.240s] [ 12%] [32mBuilding CXX object CMakeFiles/first_interfaces__rosidl_typesupport_cpp.dir/rosidl_typesupport_cpp/first_interfaces/msg/custom_message__type_support.cpp.o[0m
[34.242s] [ 16%] [32mBuilding CXX object CMakeFiles/first_interfaces__rosidl_typesupport_fastrtps_cpp.dir/rosidl_typesupport_fastrtps_cpp/first_interfaces/msg/detail/dds_fastrtps/custom_message__type_support.cpp.o[0m
[34.290s] In file included from [01m[K/home/iliass/ros2_athens_ws/build/first_interfaces/rosidl_typesupport_introspection_cpp/first_interfaces/msg/detail/custom_message__type_support.cpp:12[m[K:
[34.290s] [01m[K/home/iliass/ros2_athens_ws/build/first_interfaces/rosidl_generator_cpp/first_interfaces/msg/detail/custom_message__struct.hpp:19:10:[m[K [01;31m[Kfatal error: [m[Kfirst_interfaces/msg/detail/string__struct.hpp: No such file or directory
[34.290s]    19 | #include [01;31m[K"first_interfaces/msg/detail/string__struct.hpp"[m[K
[34.290s]       |          [01;31m[K^~~~~~~~~~~~~~~~~~~~~~~~~~~~~~~~~~~~~~~~~~~~~~~~[m[K
[34.290s] compilation terminated.
[34.293s] make[2]: *** [CMakeFiles/first_interfaces__rosidl_typesupport_introspection_cpp.dir/build.make:78: CMakeFiles/first_interfaces__rosidl_typesupport_introspection_cpp.dir/rosidl_typesupport_introspection_cpp/first_interfaces/msg/detail/custom_message__type_support.cpp.o] Error 1
[34.293s] make[1]: *** [CMakeFiles/Makefile2:526: CMakeFiles/first_interfaces__rosidl_typesupport_introspection_cpp.dir/all] Error 2
[34.294s] In file included from [01m[K/home/iliass/ros2_athens_ws/build/first_interfaces/rosidl_typesupport_cpp/first_interfaces/msg/custom_message__type_support.cpp:7[m[K:
[34.294s] [01m[K/home/iliass/ros2_athens_ws/build/first_interfaces/rosidl_generator_cpp/first_interfaces/msg/detail/custom_message__struct.hpp:19:10:[m[K [01;31m[Kfatal error: [m[Kfirst_interfaces/msg/detail/string__struct.hpp: No such file or directory
[34.294s]    19 | #include [01;31m[K"first_interfaces/msg/detail/string__struct.hpp"[m[K
[34.294s]       |          [01;31m[K^~~~~~~~~~~~~~~~~~~~~~~~~~~~~~~~~~~~~~~~~~~~~~~~[m[K
[34.295s] compilation terminated.
[34.296s] In file included from [01m[K/home/iliass/ros2_athens_ws/build/first_interfaces/rosidl_typesupport_fastrtps_cpp/first_interfaces/msg/detail/custom_message__rosidl_typesupport_fastrtps_cpp.hpp:11[m[K,
[34.296s]                  from [01m[K/home/iliass/ros2_athens_ws/build/first_interfaces/rosidl_typesupport_fastrtps_cpp/first_interfaces/msg/detail/dds_fastrtps/custom_message__type_support.cpp:4[m[K:
[34.296s] [01m[K/home/iliass/ros2_athens_ws/build/first_interfaces/rosidl_generator_cpp/first_interfaces/msg/detail/custom_message__struct.hpp:19:10:[m[K [01;31m[Kfatal error: [m[Kfirst_interfaces/msg/detail/string__struct.hpp: No such file or directory
[34.296s]    19 | #include [01;31m[K"first_interfaces/msg/detail/string__struct.hpp"[m[K
[34.296s]       |          [01;31m[K^~~~~~~~~~~~~~~~~~~~~~~~~~~~~~~~~~~~~~~~~~~~~~~~[m[K
[34.296s] compilation terminated.
[34.297s] make[2]: *** [CMakeFiles/first_interfaces__rosidl_typesupport_cpp.dir/build.make:73: CMakeFiles/first_interfaces__rosidl_typesupport_cpp.dir/rosidl_typesupport_cpp/first_interfaces/msg/custom_message__type_support.cpp.o] Error 1
[34.297s] make[1]: *** [CMakeFiles/Makefile2:499: CMakeFiles/first_interfaces__rosidl_typesupport_cpp.dir/all] Error 2
[34.298s] make[2]: *** [CMakeFiles/first_interfaces__rosidl_typesupport_fastrtps_cpp.dir/build.make:78: CMakeFiles/first_interfaces__rosidl_typesupport_fastrtps_cpp.dir/rosidl_typesupport_fastrtps_cpp/first_interfaces/msg/detail/dds_fastrtps/custom_message__type_support.cpp.o] Error 1
[34.298s] make[1]: *** [CMakeFiles/Makefile2:388: CMakeFiles/first_interfaces__rosidl_typesupport_fastrtps_cpp.dir/all] Error 2
[34.300s] make: *** [Makefile:141: all] Error 2
[34.302s] Invoked command in '/home/iliass/ros2_athens_ws/build/first_interfaces' returned '2': CMAKE_PREFIX_PATH=/home/iliass/ros2_athens_ws/install/first_package:/opt/ros/foxy /usr/bin/cmake --build /home/iliass/ros2_athens_ws/build/first_interfaces -- -j16 -l16
