running egg_info
creating ../../build/stm_station/stm_station.egg-info
writing ../../build/stm_station/stm_station.egg-info/PKG-INFO
writing dependency_links to ../../build/stm_station/stm_station.egg-info/dependency_links.txt
writing entry points to ../../build/stm_station/stm_station.egg-info/entry_points.txt
writing requirements to ../../build/stm_station/stm_station.egg-info/requires.txt
writing top-level names to ../../build/stm_station/stm_station.egg-info/top_level.txt
writing manifest file '../../build/stm_station/stm_station.egg-info/SOURCES.txt'
reading manifest file '../../build/stm_station/stm_station.egg-info/SOURCES.txt'
writing manifest file '../../build/stm_station/stm_station.egg-info/SOURCES.txt'
running build
running build_py
creating /home/iliass/ros2_athens_ws/build/stm_station/build
creating /home/iliass/ros2_athens_ws/build/stm_station/build/lib
creating /home/iliass/ros2_athens_ws/build/stm_station/build/lib/stm_station
copying stm_station/__init__.py -> /home/iliass/ros2_athens_ws/build/stm_station/build/lib/stm_station
copying stm_station/stm_serial_communication.py -> /home/iliass/ros2_athens_ws/build/stm_station/build/lib/stm_station
copying stm_station/stm_control_node_poscontrol.py -> /home/iliass/ros2_athens_ws/build/stm_station/build/lib/stm_station
copying stm_station/stm_serial_node.py -> /home/iliass/ros2_athens_ws/build/stm_station/build/lib/stm_station
copying stm_station/stm_serial_node_pub_sub.py -> /home/iliass/ros2_athens_ws/build/stm_station/build/lib/stm_station
running install
running install_lib
creating /home/iliass/ros2_athens_ws/install/stm_station/lib/python3.8/site-packages/stm_station
copying /home/iliass/ros2_athens_ws/build/stm_station/build/lib/stm_station/__init__.py -> /home/iliass/ros2_athens_ws/install/stm_station/lib/python3.8/site-packages/stm_station
copying /home/iliass/ros2_athens_ws/build/stm_station/build/lib/stm_station/stm_serial_communication.py -> /home/iliass/ros2_athens_ws/install/stm_station/lib/python3.8/site-packages/stm_station
copying /home/iliass/ros2_athens_ws/build/stm_station/build/lib/stm_station/stm_control_node_poscontrol.py -> /home/iliass/ros2_athens_ws/install/stm_station/lib/python3.8/site-packages/stm_station
copying /home/iliass/ros2_athens_ws/build/stm_station/build/lib/stm_station/stm_serial_node.py -> /home/iliass/ros2_athens_ws/install/stm_station/lib/python3.8/site-packages/stm_station
copying /home/iliass/ros2_athens_ws/build/stm_station/build/lib/stm_station/stm_serial_node_pub_sub.py -> /home/iliass/ros2_athens_ws/install/stm_station/lib/python3.8/site-packages/stm_station
byte-compiling /home/iliass/ros2_athens_ws/install/stm_station/lib/python3.8/site-packages/stm_station/__init__.py to __init__.cpython-38.pyc
byte-compiling /home/iliass/ros2_athens_ws/install/stm_station/lib/python3.8/site-packages/stm_station/stm_serial_communication.py to stm_serial_communication.cpython-38.pyc
byte-compiling /home/iliass/ros2_athens_ws/install/stm_station/lib/python3.8/site-packages/stm_station/stm_control_node_poscontrol.py to stm_control_node_poscontrol.cpython-38.pyc
byte-compiling /home/iliass/ros2_athens_ws/install/stm_station/lib/python3.8/site-packages/stm_station/stm_serial_node.py to stm_serial_node.cpython-38.pyc
byte-compiling /home/iliass/ros2_athens_ws/install/stm_station/lib/python3.8/site-packages/stm_station/stm_serial_node_pub_sub.py to stm_serial_node_pub_sub.cpython-38.pyc
running install_data
creating /home/iliass/ros2_athens_ws/install/stm_station/share/ament_index
creating /home/iliass/ros2_athens_ws/install/stm_station/share/ament_index/resource_index
creating /home/iliass/ros2_athens_ws/install/stm_station/share/ament_index/resource_index/packages
copying resource/stm_station -> /home/iliass/ros2_athens_ws/install/stm_station/share/ament_index/resource_index/packages
copying package.xml -> /home/iliass/ros2_athens_ws/install/stm_station/share/stm_station
running install_egg_info
Copying ../../build/stm_station/stm_station.egg-info to /home/iliass/ros2_athens_ws/install/stm_station/lib/python3.8/site-packages/stm_station-0.0.0-py3.8.egg-info
running install_scripts
Installing stm_control_node_poscontrol script to /home/iliass/ros2_athens_ws/install/stm_station/lib/stm_station
Installing stm_serial_node script to /home/iliass/ros2_athens_ws/install/stm_station/lib/stm_station
Installing stm_serial_node_pub_sub script to /home/iliass/ros2_athens_ws/install/stm_station/lib/stm_station
writing list of installed files to '/home/iliass/ros2_athens_ws/build/stm_station/install.log'
