[0.305s] Invoking command in '/home/iliass/ros2_athens_ws/src/first_package': PYTHONPATH=/home/iliass/ros2_athens_ws/build/first_package/prefix_override:/usr/lib/python3/dist-packages/colcon_core/task/python/colcon_distutils_commands:/home/iliass/ros2_athens_ws/install/first_package/lib/python3.8/site-packages:${PYTHONPATH} /usr/bin/python3 -W ignore:setup.py install is deprecated setup.py egg_info --egg-base ../../build/first_package build --build-base /home/iliass/ros2_athens_ws/build/first_package/build install --record /home/iliass/ros2_athens_ws/build/first_package/install.log --install-scripts $base/lib/first_package --single-version-externally-managed install_data
[0.402s] running egg_info
[0.403s] writing ../../build/first_package/first_package.egg-info/PKG-INFO
[0.403s] writing dependency_links to ../../build/first_package/first_package.egg-info/dependency_links.txt
[0.403s] writing entry points to ../../build/first_package/first_package.egg-info/entry_points.txt
[0.403s] writing requirements to ../../build/first_package/first_package.egg-info/requires.txt
[0.403s] writing top-level names to ../../build/first_package/first_package.egg-info/top_level.txt
[0.420s] reading manifest file '../../build/first_package/first_package.egg-info/SOURCES.txt'
[0.422s] writing manifest file '../../build/first_package/first_package.egg-info/SOURCES.txt'
[0.422s] running build
[0.422s] running build_py
[0.422s] copying first_package/__init__.py -> /home/iliass/ros2_athens_ws/build/first_package/build/lib/first_package
[0.422s] copying first_package/1_simple_publisher.py -> /home/iliass/ros2_athens_ws/build/first_package/build/lib/first_package
[0.422s] copying first_package/2_simple_subscriber.py -> /home/iliass/ros2_athens_ws/build/first_package/build/lib/first_package
[0.422s] running install
[0.422s] running install_lib
[0.423s] copying /home/iliass/ros2_athens_ws/build/first_package/build/lib/first_package/__init__.py -> /home/iliass/ros2_athens_ws/install/first_package/lib/python3.8/site-packages/first_package
[0.423s] copying /home/iliass/ros2_athens_ws/build/first_package/build/lib/first_package/1_simple_publisher.py -> /home/iliass/ros2_athens_ws/install/first_package/lib/python3.8/site-packages/first_package
[0.423s] copying /home/iliass/ros2_athens_ws/build/first_package/build/lib/first_package/2_simple_subscriber.py -> /home/iliass/ros2_athens_ws/install/first_package/lib/python3.8/site-packages/first_package
[0.424s] byte-compiling /home/iliass/ros2_athens_ws/install/first_package/lib/python3.8/site-packages/first_package/__init__.py to __init__.cpython-38.pyc
[0.425s] byte-compiling /home/iliass/ros2_athens_ws/install/first_package/lib/python3.8/site-packages/first_package/1_simple_publisher.py to 1_simple_publisher.cpython-38.pyc
[0.425s] byte-compiling /home/iliass/ros2_athens_ws/install/first_package/lib/python3.8/site-packages/first_package/2_simple_subscriber.py to 2_simple_subscriber.cpython-38.pyc
[0.426s] running install_data
[0.426s] copying resource/first_package -> /home/iliass/ros2_athens_ws/install/first_package/share/ament_index/resource_index/packages
[0.426s] copying package.xml -> /home/iliass/ros2_athens_ws/install/first_package/share/first_package
[0.427s] running install_egg_info
[0.428s] removing '/home/iliass/ros2_athens_ws/install/first_package/lib/python3.8/site-packages/first_package-0.0.0-py3.8.egg-info' (and everything under it)
[0.428s] Copying ../../build/first_package/first_package.egg-info to /home/iliass/ros2_athens_ws/install/first_package/lib/python3.8/site-packages/first_package-0.0.0-py3.8.egg-info
[0.429s] running install_scripts
[0.438s] Installing simple_publisher_node script to /home/iliass/ros2_athens_ws/install/first_package/lib/first_package
[0.438s] writing list of installed files to '/home/iliass/ros2_athens_ws/build/first_package/install.log'
[0.449s] Invoked command in '/home/iliass/ros2_athens_ws/src/first_package' returned '0': PYTHONPATH=/home/iliass/ros2_athens_ws/build/first_package/prefix_override:/usr/lib/python3/dist-packages/colcon_core/task/python/colcon_distutils_commands:/home/iliass/ros2_athens_ws/install/first_package/lib/python3.8/site-packages:${PYTHONPATH} /usr/bin/python3 -W ignore:setup.py install is deprecated setup.py egg_info --egg-base ../../build/first_package build --build-base /home/iliass/ros2_athens_ws/build/first_package/build install --record /home/iliass/ros2_athens_ws/build/first_package/install.log --install-scripts $base/lib/first_package --single-version-externally-managed install_data
