-- The C compiler identification is GNU 9.4.0
-- The CXX compiler identification is GNU 9.4.0
-- Check for working C compiler: /usr/bin/cc
-- Check for working C compiler: /usr/bin/cc -- works
-- Detecting C compiler ABI info
-- Detecting C compiler ABI info - done
-- Detecting C compile features
-- Detecting C compile features - done
-- Check for working CXX compiler: /usr/bin/c++
-- Check for working CXX compiler: /usr/bin/c++ -- works
-- Detecting CXX compiler ABI info
-- Detecting CXX compiler ABI info - done
-- Detecting CXX compile features
-- Detecting CXX compile features - done
-- Found ament_cmake: 0.9.12 (/opt/ros/foxy/share/ament_cmake/cmake)
-- Found PythonInterp: /usr/bin/python3 (found suitable version "3.8.10", minimum required is "3") 
-- Using PYTHON_EXECUTABLE: /usr/bin/python3
-- Found std_msgs: 2.0.5 (/opt/ros/foxy/share/std_msgs/cmake)
-- Using all available rosidl_typesupport_c: rosidl_typesupport_fastrtps_c;rosidl_typesupport_introspection_c
-- Found rosidl_adapter: 1.3.1 (/opt/ros/foxy/share/rosidl_adapter/cmake)
-- Found OpenSSL: /usr/lib/x86_64-linux-gnu/libcrypto.so (found version "1.1.1f")  
-- Found FastRTPS: /opt/ros/foxy/include  
-- Using all available rosidl_typesupport_cpp: rosidl_typesupport_fastrtps_cpp;rosidl_typesupport_introspection_cpp
-- Found ament_lint_auto: 0.9.8 (/opt/ros/foxy/share/ament_lint_auto/cmake)
-- Added test 'copyright' to check source files copyright and LICENSE
-- Added test 'lint_cmake' to check CMake code style
-- Added test 'xmllint' to check XML markup files
-- Configuring done
-- Generating done
-- Build files have been written to: /home/iliass/ros2_athens_ws/build/stm_interfaces
make[1]: Entering directory '/home/iliass/ros2_athens_ws/build/stm_interfaces'
make[1]: Leaving directory '/home/iliass/ros2_athens_ws/build/stm_interfaces'
-- Install configuration: ""
-- Installing: /home/iliass/ros2_athens_ws/install/stm_interfaces/share/ament_index/resource_index/package_run_dependencies/stm_interfaces
-- Installing: /home/iliass/ros2_athens_ws/install/stm_interfaces/share/ament_index/resource_index/parent_prefix_path/stm_interfaces
-- Installing: /home/iliass/ros2_athens_ws/install/stm_interfaces/share/stm_interfaces/environment/ament_prefix_path.sh
-- Installing: /home/iliass/ros2_athens_ws/install/stm_interfaces/share/stm_interfaces/environment/ament_prefix_path.dsv
-- Installing: /home/iliass/ros2_athens_ws/install/stm_interfaces/share/stm_interfaces/environment/path.sh
-- Installing: /home/iliass/ros2_athens_ws/install/stm_interfaces/share/stm_interfaces/environment/path.dsv
-- Installing: /home/iliass/ros2_athens_ws/install/stm_interfaces/share/stm_interfaces/local_setup.bash
-- Installing: /home/iliass/ros2_athens_ws/install/stm_interfaces/share/stm_interfaces/local_setup.sh
-- Installing: /home/iliass/ros2_athens_ws/install/stm_interfaces/share/stm_interfaces/local_setup.zsh
-- Installing: /home/iliass/ros2_athens_ws/install/stm_interfaces/share/stm_interfaces/local_setup.dsv
-- Installing: /home/iliass/ros2_athens_ws/install/stm_interfaces/share/stm_interfaces/package.dsv
-- Installing: /home/iliass/ros2_athens_ws/install/stm_interfaces/share/ament_index/resource_index/packages/stm_interfaces
-- Installing: /home/iliass/ros2_athens_ws/install/stm_interfaces/share/stm_interfaces/cmake/stm_interfacesConfig.cmake
-- Installing: /home/iliass/ros2_athens_ws/install/stm_interfaces/share/stm_interfaces/cmake/stm_interfacesConfig-version.cmake
-- Installing: /home/iliass/ros2_athens_ws/install/stm_interfaces/share/stm_interfaces/package.xml
