[0.022s] Invoking command in '/home/iliass/ros2_athens_ws/build/stm_interfaces': CMAKE_PREFIX_PATH=${CMAKE_PREFIX_PATH}:/home/iliass/ros2_athens_ws/install/stm_station:/home/iliass/ros2_athens_ws/install/first_package:/opt/ros/foxy /usr/bin/cmake /home/iliass/ros2_athens_ws/src/stm_interfaces -DCMAKE_INSTALL_PREFIX=/home/iliass/ros2_athens_ws/install/stm_interfaces
[0.238s] -- The C compiler identification is GNU 9.4.0
[0.532s] -- The CXX compiler identification is GNU 9.4.0
[0.673s] -- Check for working C compiler: /usr/bin/cc
[0.795s] -- Check for working C compiler: /usr/bin/cc -- works
[0.798s] -- Detecting C compiler ABI info
[0.912s] -- Detecting C compiler ABI info - done
[0.922s] -- Detecting C compile features
[0.923s] -- Detecting C compile features - done
[0.926s] -- Check for working CXX compiler: /usr/bin/c++
[1.042s] -- Check for working CXX compiler: /usr/bin/c++ -- works
[1.042s] -- Detecting CXX compiler ABI info
[1.155s] -- Detecting CXX compiler ABI info - done
[1.163s] -- Detecting CXX compile features
[1.163s] -- Detecting CXX compile features - done
[1.167s] -- Found ament_cmake: 0.9.12 (/opt/ros/foxy/share/ament_cmake/cmake)
[1.187s] -- Found PythonInterp: /usr/bin/python3 (found suitable version "3.8.10", minimum required is "3") 
[1.187s] -- Using PYTHON_EXECUTABLE: /usr/bin/python3
[1.321s] -- Found std_msgs: 2.0.5 (/opt/ros/foxy/share/std_msgs/cmake)
[1.432s] -- Using all available rosidl_typesupport_c: rosidl_typesupport_fastrtps_c;rosidl_typesupport_introspection_c
[1.438s] -- Found rosidl_adapter: 1.3.1 (/opt/ros/foxy/share/rosidl_adapter/cmake)
[2.201s] -- Found OpenSSL: /usr/lib/x86_64-linux-gnu/libcrypto.so (found version "1.1.1f")  
[2.899s] -- Found FastRTPS: /opt/ros/foxy/include  
[4.272s] -- Using all available rosidl_typesupport_cpp: rosidl_typesupport_fastrtps_cpp;rosidl_typesupport_introspection_cpp
[4.315s] -- Found ament_lint_auto: 0.9.8 (/opt/ros/foxy/share/ament_lint_auto/cmake)
[4.373s] -- Added test 'copyright' to check source files copyright and LICENSE
[4.375s] -- Added test 'lint_cmake' to check CMake code style
[4.377s] -- Added test 'xmllint' to check XML markup files
[4.378s] -- Configuring done
[4.380s] -- Generating done
[4.380s] -- Build files have been written to: /home/iliass/ros2_athens_ws/build/stm_interfaces
[4.386s] Invoked command in '/home/iliass/ros2_athens_ws/build/stm_interfaces' returned '0': CMAKE_PREFIX_PATH=${CMAKE_PREFIX_PATH}:/home/iliass/ros2_athens_ws/install/stm_station:/home/iliass/ros2_athens_ws/install/first_package:/opt/ros/foxy /usr/bin/cmake /home/iliass/ros2_athens_ws/src/stm_interfaces -DCMAKE_INSTALL_PREFIX=/home/iliass/ros2_athens_ws/install/stm_interfaces
[4.388s] Invoking command in '/home/iliass/ros2_athens_ws/build/stm_interfaces': CMAKE_PREFIX_PATH=${CMAKE_PREFIX_PATH}:/home/iliass/ros2_athens_ws/install/stm_station:/home/iliass/ros2_athens_ws/install/first_package:/opt/ros/foxy /usr/bin/cmake --build /home/iliass/ros2_athens_ws/build/stm_interfaces -- -j16 -l16
[4.393s] make[1]: Entering directory '/home/iliass/ros2_athens_ws/build/stm_interfaces'
[4.409s] make[1]: Leaving directory '/home/iliass/ros2_athens_ws/build/stm_interfaces'
[4.411s] Invoked command in '/home/iliass/ros2_athens_ws/build/stm_interfaces' returned '0': CMAKE_PREFIX_PATH=${CMAKE_PREFIX_PATH}:/home/iliass/ros2_athens_ws/install/stm_station:/home/iliass/ros2_athens_ws/install/first_package:/opt/ros/foxy /usr/bin/cmake --build /home/iliass/ros2_athens_ws/build/stm_interfaces -- -j16 -l16
[4.426s] Invoking command in '/home/iliass/ros2_athens_ws/build/stm_interfaces': CMAKE_PREFIX_PATH=${CMAKE_PREFIX_PATH}:/home/iliass/ros2_athens_ws/install/stm_station:/home/iliass/ros2_athens_ws/install/first_package:/opt/ros/foxy /usr/bin/cmake --install /home/iliass/ros2_athens_ws/build/stm_interfaces
[4.431s] -- Install configuration: ""
[4.431s] -- Installing: /home/iliass/ros2_athens_ws/install/stm_interfaces/share/ament_index/resource_index/package_run_dependencies/stm_interfaces
[4.431s] -- Installing: /home/iliass/ros2_athens_ws/install/stm_interfaces/share/ament_index/resource_index/parent_prefix_path/stm_interfaces
[4.431s] -- Installing: /home/iliass/ros2_athens_ws/install/stm_interfaces/share/stm_interfaces/environment/ament_prefix_path.sh
[4.432s] -- Installing: /home/iliass/ros2_athens_ws/install/stm_interfaces/share/stm_interfaces/environment/ament_prefix_path.dsv
[4.432s] -- Installing: /home/iliass/ros2_athens_ws/install/stm_interfaces/share/stm_interfaces/environment/path.sh
[4.432s] -- Installing: /home/iliass/ros2_athens_ws/install/stm_interfaces/share/stm_interfaces/environment/path.dsv
[4.432s] -- Installing: /home/iliass/ros2_athens_ws/install/stm_interfaces/share/stm_interfaces/local_setup.bash
[4.432s] -- Installing: /home/iliass/ros2_athens_ws/install/stm_interfaces/share/stm_interfaces/local_setup.sh
[4.432s] -- Installing: /home/iliass/ros2_athens_ws/install/stm_interfaces/share/stm_interfaces/local_setup.zsh
[4.432s] -- Installing: /home/iliass/ros2_athens_ws/install/stm_interfaces/share/stm_interfaces/local_setup.dsv
[4.432s] -- Installing: /home/iliass/ros2_athens_ws/install/stm_interfaces/share/stm_interfaces/package.dsv
[4.432s] -- Installing: /home/iliass/ros2_athens_ws/install/stm_interfaces/share/ament_index/resource_index/packages/stm_interfaces
[4.432s] -- Installing: /home/iliass/ros2_athens_ws/install/stm_interfaces/share/stm_interfaces/cmake/stm_interfacesConfig.cmake
[4.433s] -- Installing: /home/iliass/ros2_athens_ws/install/stm_interfaces/share/stm_interfaces/cmake/stm_interfacesConfig-version.cmake
[4.433s] -- Installing: /home/iliass/ros2_athens_ws/install/stm_interfaces/share/stm_interfaces/package.xml
[4.434s] Invoked command in '/home/iliass/ros2_athens_ws/build/stm_interfaces' returned '0': CMAKE_PREFIX_PATH=${CMAKE_PREFIX_PATH}:/home/iliass/ros2_athens_ws/install/stm_station:/home/iliass/ros2_athens_ws/install/first_package:/opt/ros/foxy /usr/bin/cmake --install /home/iliass/ros2_athens_ws/build/stm_interfaces
