[0.435s] Invoking command in '/home/iliass/ros2_athens_ws/src/stm_station': PYTHONPATH=/home/iliass/ros2_athens_ws/build/stm_station/prefix_override:/usr/lib/python3/dist-packages/colcon_core/task/python/colcon_distutils_commands:/home/iliass/ros2_athens_ws/install/stm_station/lib/python3.8/site-packages:${PYTHONPATH} /usr/bin/python3 -W ignore:setup.py install is deprecated setup.py egg_info --egg-base ../../build/stm_station build --build-base /home/iliass/ros2_athens_ws/build/stm_station/build install --record /home/iliass/ros2_athens_ws/build/stm_station/install.log --install-scripts $base/lib/stm_station --single-version-externally-managed install_data
[0.548s] running egg_info
[0.549s] writing ../../build/stm_station/stm_station.egg-info/PKG-INFO
[0.549s] writing dependency_links to ../../build/stm_station/stm_station.egg-info/dependency_links.txt
[0.549s] writing entry points to ../../build/stm_station/stm_station.egg-info/entry_points.txt
[0.549s] writing requirements to ../../build/stm_station/stm_station.egg-info/requires.txt
[0.549s] writing top-level names to ../../build/stm_station/stm_station.egg-info/top_level.txt
[0.570s] reading manifest file '../../build/stm_station/stm_station.egg-info/SOURCES.txt'
[0.571s] writing manifest file '../../build/stm_station/stm_station.egg-info/SOURCES.txt'
[0.571s] running build
[0.571s] running build_py
[0.571s] copying stm_station/stm_serial_communication.py -> /home/iliass/ros2_athens_ws/build/stm_station/build/lib/stm_station
[0.573s] copying stm_station/stm_serial_node.py -> /home/iliass/ros2_athens_ws/build/stm_station/build/lib/stm_station
[0.573s] running install
[0.573s] running install_lib
[0.575s] copying /home/iliass/ros2_athens_ws/build/stm_station/build/lib/stm_station/stm_serial_communication.py -> /home/iliass/ros2_athens_ws/install/stm_station/lib/python3.8/site-packages/stm_station
[0.575s] copying /home/iliass/ros2_athens_ws/build/stm_station/build/lib/stm_station/stm_serial_node.py -> /home/iliass/ros2_athens_ws/install/stm_station/lib/python3.8/site-packages/stm_station
[0.575s] byte-compiling /home/iliass/ros2_athens_ws/install/stm_station/lib/python3.8/site-packages/stm_station/stm_serial_communication.py to stm_serial_communication.cpython-38.pyc
[0.577s] byte-compiling /home/iliass/ros2_athens_ws/install/stm_station/lib/python3.8/site-packages/stm_station/stm_serial_node.py to stm_serial_node.cpython-38.pyc
[0.578s] running install_data
[0.578s] running install_egg_info
[0.579s] removing '/home/iliass/ros2_athens_ws/install/stm_station/lib/python3.8/site-packages/stm_station-0.0.0-py3.8.egg-info' (and everything under it)
[0.579s] Copying ../../build/stm_station/stm_station.egg-info to /home/iliass/ros2_athens_ws/install/stm_station/lib/python3.8/site-packages/stm_station-0.0.0-py3.8.egg-info
[0.581s] running install_scripts
[0.591s] Installing stm_serial_node script to /home/iliass/ros2_athens_ws/install/stm_station/lib/stm_station
[0.591s] writing list of installed files to '/home/iliass/ros2_athens_ws/build/stm_station/install.log'
[0.631s] Invoked command in '/home/iliass/ros2_athens_ws/src/stm_station' returned '0': PYTHONPATH=/home/iliass/ros2_athens_ws/build/stm_station/prefix_override:/usr/lib/python3/dist-packages/colcon_core/task/python/colcon_distutils_commands:/home/iliass/ros2_athens_ws/install/stm_station/lib/python3.8/site-packages:${PYTHONPATH} /usr/bin/python3 -W ignore:setup.py install is deprecated setup.py egg_info --egg-base ../../build/stm_station build --build-base /home/iliass/ros2_athens_ws/build/stm_station/build install --record /home/iliass/ros2_athens_ws/build/stm_station/install.log --install-scripts $base/lib/stm_station --single-version-externally-managed install_data
