[0.025s] Invoking command in '/home/iliass/ros2_athens_ws/build/first_interfaces': CMAKE_PREFIX_PATH=/home/iliass/ros2_athens_ws/install/first_package:/opt/ros/foxy /usr/bin/cmake --build /home/iliass/ros2_athens_ws/build/first_interfaces -- -j16 -l16
[0.186s] make[1]: Entering directory '/home/iliass/ros2_athens_ws/build/first_interfaces'
[0.186s] -- Found ament_cmake: 0.9.12 (/opt/ros/foxy/share/ament_cmake/cmake)
[0.186s] -- Found PythonInterp: /usr/bin/python3 (found suitable version "3.8.10", minimum required is "3") 
[0.186s] -- Using PYTHON_EXECUTABLE: /usr/bin/python3
[0.190s] -- Found std_msgs: 2.0.5 (/opt/ros/foxy/share/std_msgs/cmake)
[0.451s] -- Using all available rosidl_typesupport_c: rosidl_typesupport_fastrtps_c;rosidl_typesupport_introspection_c
[0.453s] -- Found rosidl_adapter: 1.3.1 (/opt/ros/foxy/share/rosidl_adapter/cmake)
[3.281s] -- Using all available rosidl_typesupport_cpp: rosidl_typesupport_fastrtps_cpp;rosidl_typesupport_introspection_cpp
[3.305s] -- Found rosidl_default_generators: 1.0.1 (/opt/ros/foxy/share/rosidl_default_generators/cmake)
[3.327s] -- Found PythonInterp: /usr/bin/python3 (found version "3.8.10") 
[3.397s] -- Found ament_cmake_ros: 0.9.2 (/opt/ros/foxy/share/ament_cmake_ros/cmake)
[5.869s] -- Using all available rosidl_typesupport_c: rosidl_typesupport_fastrtps_c;rosidl_typesupport_introspection_c
[5.872s] -- Using all available rosidl_typesupport_cpp: rosidl_typesupport_fastrtps_cpp;rosidl_typesupport_introspection_cpp
[5.888s] -- Found PythonInterp: /usr/bin/python3 (found suitable version "3.8.10", minimum required is "3.5") 
[5.888s] -- Found python_cmake_module: 0.8.1 (/opt/ros/foxy/share/python_cmake_module/cmake)
[5.902s] -- Using PYTHON_EXECUTABLE: /usr/bin/python3
[5.902s] -- Using PYTHON_INCLUDE_DIRS: /usr/include/python3.8
[5.902s] -- Using PYTHON_LIBRARIES: /usr/lib/x86_64-linux-gnu/libpython3.8.so
[5.909s] -- Found ament_lint_auto: 0.9.8 (/opt/ros/foxy/share/ament_lint_auto/cmake)
[5.914s] -- Added test 'copyright' to check source files copyright and LICENSE
[5.919s] -- Added test 'cppcheck' to perform static code analysis on C / C++ code
[5.920s] -- Configured cppcheck include dirs: 
[5.920s] -- Configured cppcheck exclude dirs and/or files: 
[5.925s] -- Added test 'cpplint' to check C / C++ code against the Google style
[5.926s] -- Configured cpplint exclude dirs and/or files: 
[5.927s] -- Added test 'flake8' to check Python code syntax and style conventions
[5.929s] -- Added test 'lint_cmake' to check CMake code style
[5.930s] -- Added test 'pep257' to check Python code against some of the style conventions in PEP 257
[5.942s] -- Added test 'uncrustify' to check C / C++ code style
[5.942s] -- Configured uncrustify additional arguments: 
[5.943s] -- Added test 'xmllint' to check XML markup files
[5.945s] -- Configuring done
[5.963s] -- Generating done
[5.966s] -- Build files have been written to: /home/iliass/ros2_athens_ws/build/first_interfaces
[5.979s] make[2]: Entering directory '/home/iliass/ros2_athens_ws/build/first_interfaces'
[5.980s] make[3]: Entering directory '/home/iliass/ros2_athens_ws/build/first_interfaces'
[5.980s] make[3]: Entering directory '/home/iliass/ros2_athens_ws/build/first_interfaces'
[5.988s] make[3]: Leaving directory '/home/iliass/ros2_athens_ws/build/first_interfaces'
[5.988s] make[3]: Leaving directory '/home/iliass/ros2_athens_ws/build/first_interfaces'
[5.990s] make[3]: Entering directory '/home/iliass/ros2_athens_ws/build/first_interfaces'
[5.998s] [  6%] [32mBuilding C object CMakeFiles/first_interfaces__rosidl_generator_c.dir/rosidl_generator_c/first_interfaces/msg/detail/custom_message__functions.c.o[0m
[5.998s] [  6%] Built target first_interfaces__cpp
[6.001s] make[3]: Entering directory '/home/iliass/ros2_athens_ws/build/first_interfaces'
[6.001s] make[3]: Entering directory '/home/iliass/ros2_athens_ws/build/first_interfaces'
[6.001s] make[3]: Entering directory '/home/iliass/ros2_athens_ws/build/first_interfaces'
[6.008s] make[3]: Leaving directory '/home/iliass/ros2_athens_ws/build/first_interfaces'
[6.008s] make[3]: Leaving directory '/home/iliass/ros2_athens_ws/build/first_interfaces'
[6.009s] make[3]: Leaving directory '/home/iliass/ros2_athens_ws/build/first_interfaces'
[6.009s] In file included from [01m[K/home/iliass/ros2_athens_ws/build/first_interfaces/rosidl_generator_c/first_interfaces/msg/detail/custom_message__functions.h:19[m[K,
[6.009s]                  from [01m[K/home/iliass/ros2_athens_ws/build/first_interfaces/rosidl_generator_c/first_interfaces/msg/detail/custom_message__functions.c:4[m[K:
[6.010s] [01m[K/home/iliass/ros2_athens_ws/build/first_interfaces/rosidl_generator_c/first_interfaces/msg/detail/custom_message__struct.h:24:10:[m[K [01;31m[Kfatal error: [m[Kfirst_interfaces/msg/detail/string__struct.h: No such file or directory
[6.010s]    24 | #include [01;31m[K"first_interfaces/msg/detail/string__struct.h"[m[K
[6.010s]       |          [01;31m[K^~~~~~~~~~~~~~~~~~~~~~~~~~~~~~~~~~~~~~~~~~~~~~[m[K
[6.010s] compilation terminated.
[6.010s] make[3]: Entering directory '/home/iliass/ros2_athens_ws/build/first_interfaces'
[6.010s] make[3]: Entering directory '/home/iliass/ros2_athens_ws/build/first_interfaces'
[6.010s] make[3]: Entering directory '/home/iliass/ros2_athens_ws/build/first_interfaces'
[6.012s] make[3]: *** [CMakeFiles/first_interfaces__rosidl_generator_c.dir/build.make:92: CMakeFiles/first_interfaces__rosidl_generator_c.dir/rosidl_generator_c/first_interfaces/msg/detail/custom_message__functions.c.o] Error 1
[6.012s] make[2]: *** [CMakeFiles/Makefile2:332: CMakeFiles/first_interfaces__rosidl_generator_c.dir/all] Error 2
[6.012s] make[2]: *** Waiting for unfinished jobs....
[6.012s] make[3]: Leaving directory '/home/iliass/ros2_athens_ws/build/first_interfaces'
[6.016s] [  9%] [32mBuilding CXX object CMakeFiles/first_interfaces__rosidl_typesupport_fastrtps_cpp.dir/rosidl_typesupport_fastrtps_cpp/first_interfaces/msg/detail/dds_fastrtps/custom_message__type_support.cpp.o[0m
[6.018s] [ 12%] [32mBuilding CXX object CMakeFiles/first_interfaces__rosidl_typesupport_introspection_cpp.dir/rosidl_typesupport_introspection_cpp/first_interfaces/msg/detail/custom_message__type_support.cpp.o[0m
[6.018s] [ 16%] [32mBuilding CXX object CMakeFiles/first_interfaces__rosidl_typesupport_cpp.dir/rosidl_typesupport_cpp/first_interfaces/msg/custom_message__type_support.cpp.o[0m
[6.054s] In file included from [01m[K/home/iliass/ros2_athens_ws/build/first_interfaces/rosidl_typesupport_cpp/first_interfaces/msg/custom_message__type_support.cpp:7[m[K:
[6.054s] [01m[K/home/iliass/ros2_athens_ws/build/first_interfaces/rosidl_generator_cpp/first_interfaces/msg/detail/custom_message__struct.hpp:19:10:[m[K [01;31m[Kfatal error: [m[Kfirst_interfaces/msg/detail/string__struct.hpp: No such file or directory
[6.054s]    19 | #include [01;31m[K"first_interfaces/msg/detail/string__struct.hpp"[m[K
[6.054s]       |          [01;31m[K^~~~~~~~~~~~~~~~~~~~~~~~~~~~~~~~~~~~~~~~~~~~~~~~[m[K
[6.054s] compilation terminated.
[6.055s] In file included from [01m[K/home/iliass/ros2_athens_ws/build/first_interfaces/rosidl_typesupport_fastrtps_cpp/first_interfaces/msg/detail/custom_message__rosidl_typesupport_fastrtps_cpp.hpp:11[m[K,
[6.056s]                  from [01m[K/home/iliass/ros2_athens_ws/build/first_interfaces/rosidl_typesupport_fastrtps_cpp/first_interfaces/msg/detail/dds_fastrtps/custom_message__type_support.cpp:4[m[K:
[6.056s] [01m[K/home/iliass/ros2_athens_ws/build/first_interfaces/rosidl_generator_cpp/first_interfaces/msg/detail/custom_message__struct.hpp:19:10:[m[K [01;31m[Kfatal error: [m[Kfirst_interfaces/msg/detail/string__struct.hpp: No such file or directory
[6.056s]    19 | #include [01;31m[K"first_interfaces/msg/detail/string__struct.hpp"[m[K
[6.056s]       |          [01;31m[K^~~~~~~~~~~~~~~~~~~~~~~~~~~~~~~~~~~~~~~~~~~~~~~~[m[K
[6.056s] compilation terminated.
[6.057s] make[3]: *** [CMakeFiles/first_interfaces__rosidl_typesupport_cpp.dir/build.make:73: CMakeFiles/first_interfaces__rosidl_typesupport_cpp.dir/rosidl_typesupport_cpp/first_interfaces/msg/custom_message__type_support.cpp.o] Error 1
[6.057s] In file included from [01m[K/home/iliass/ros2_athens_ws/build/first_interfaces/rosidl_typesupport_introspection_cpp/first_interfaces/msg/detail/custom_message__type_support.cpp:12[m[K:
[6.057s] [01m[K/home/iliass/ros2_athens_ws/build/first_interfaces/rosidl_generator_cpp/first_interfaces/msg/detail/custom_message__struct.hpp:19:10:[m[K [01;31m[Kfatal error: [m[Kfirst_interfaces/msg/detail/string__struct.hpp: No such file or directory
[6.057s]    19 | #include [01;31m[K"first_interfaces/msg/detail/string__struct.hpp"[m[K
[6.058s]       |          [01;31m[K^~~~~~~~~~~~~~~~~~~~~~~~~~~~~~~~~~~~~~~~~~~~~~~~[m[K
[6.058s] compilation terminated.
[6.058s] make[2]: *** [CMakeFiles/Makefile2:499: CMakeFiles/first_interfaces__rosidl_typesupport_cpp.dir/all] Error 2
[6.058s] make[3]: Leaving directory '/home/iliass/ros2_athens_ws/build/first_interfaces'
[6.058s] make[3]: *** [CMakeFiles/first_interfaces__rosidl_typesupport_fastrtps_cpp.dir/build.make:78: CMakeFiles/first_interfaces__rosidl_typesupport_fastrtps_cpp.dir/rosidl_typesupport_fastrtps_cpp/first_interfaces/msg/detail/dds_fastrtps/custom_message__type_support.cpp.o] Error 1
[6.058s] make[3]: Leaving directory '/home/iliass/ros2_athens_ws/build/first_interfaces'
[6.058s] make[3]: Leaving directory '/home/iliass/ros2_athens_ws/build/first_interfaces'
[6.058s] make[2]: Leaving directory '/home/iliass/ros2_athens_ws/build/first_interfaces'
[6.058s] make[2]: *** [CMakeFiles/Makefile2:388: CMakeFiles/first_interfaces__rosidl_typesupport_fastrtps_cpp.dir/all] Error 2
[6.058s] make[3]: *** [CMakeFiles/first_interfaces__rosidl_typesupport_introspection_cpp.dir/build.make:78: CMakeFiles/first_interfaces__rosidl_typesupport_introspection_cpp.dir/rosidl_typesupport_introspection_cpp/first_interfaces/msg/detail/custom_message__type_support.cpp.o] Error 1
[6.058s] make[2]: *** [CMakeFiles/Makefile2:526: CMakeFiles/first_interfaces__rosidl_typesupport_introspection_cpp.dir/all] Error 2
[6.058s] make[1]: *** [Makefile:141: all] Error 2
[6.058s] make[1]: Leaving directory '/home/iliass/ros2_athens_ws/build/first_interfaces'
[6.060s] Invoked command in '/home/iliass/ros2_athens_ws/build/first_interfaces' returned '2': CMAKE_PREFIX_PATH=/home/iliass/ros2_athens_ws/install/first_package:/opt/ros/foxy /usr/bin/cmake --build /home/iliass/ros2_athens_ws/build/first_interfaces -- -j16 -l16
