[0.025s] Invoking command in '/home/iliass/ros2_athens_ws/build/first_interfaces': CMAKE_PREFIX_PATH=${CMAKE_PREFIX_PATH}:/home/iliass/ros2_athens_ws/install/stm_station:/home/iliass/ros2_athens_ws/install/first_package:/opt/ros/foxy /usr/bin/cmake --build /home/iliass/ros2_athens_ws/build/first_interfaces -- -j16 -l16
[0.037s] make[1]: Entering directory '/home/iliass/ros2_athens_ws/build/first_interfaces'
[0.057s] make[2]: Entering directory '/home/iliass/ros2_athens_ws/build/first_interfaces'
[0.058s] make[3]: Entering directory '/home/iliass/ros2_athens_ws/build/first_interfaces'
[0.059s] make[3]: Entering directory '/home/iliass/ros2_athens_ws/build/first_interfaces'
[0.069s] make[3]: Leaving directory '/home/iliass/ros2_athens_ws/build/first_interfaces'
[0.070s] make[3]: Leaving directory '/home/iliass/ros2_athens_ws/build/first_interfaces'
[0.080s] [  3%] Built target first_interfaces__cpp
[0.084s] [ 12%] Built target first_interfaces__rosidl_generator_c
[0.084s] make[3]: Entering directory '/home/iliass/ros2_athens_ws/build/first_interfaces'
[0.084s] make[3]: Entering directory '/home/iliass/ros2_athens_ws/build/first_interfaces'
[0.084s] make[3]: Entering directory '/home/iliass/ros2_athens_ws/build/first_interfaces'
[0.085s] make[3]: Entering directory '/home/iliass/ros2_athens_ws/build/first_interfaces'
[0.085s] make[3]: Entering directory '/home/iliass/ros2_athens_ws/build/first_interfaces'
[0.096s] make[3]: Leaving directory '/home/iliass/ros2_athens_ws/build/first_interfaces'
[0.096s] make[3]: Leaving directory '/home/iliass/ros2_athens_ws/build/first_interfaces'
[0.097s] make[3]: Leaving directory '/home/iliass/ros2_athens_ws/build/first_interfaces'
[0.097s] make[3]: Leaving directory '/home/iliass/ros2_athens_ws/build/first_interfaces'
[0.101s] make[3]: Leaving directory '/home/iliass/ros2_athens_ws/build/first_interfaces'
[0.111s] [ 22%] Built target first_interfaces__rosidl_typesupport_introspection_cpp
[0.112s] [ 38%] Built target first_interfaces__rosidl_typesupport_introspection_c
[0.113s] [ 41%] Built target first_interfaces__rosidl_typesupport_cpp
[0.117s] [ 51%] Built target first_interfaces__rosidl_typesupport_c
[0.120s] [ 61%] Built target first_interfaces__rosidl_typesupport_fastrtps_cpp
[0.124s] make[3]: Entering directory '/home/iliass/ros2_athens_ws/build/first_interfaces'
[0.134s] make[3]: Leaving directory '/home/iliass/ros2_athens_ws/build/first_interfaces'
[0.147s] [ 70%] Built target first_interfaces__rosidl_typesupport_fastrtps_c
[0.149s] make[3]: Entering directory '/home/iliass/ros2_athens_ws/build/first_interfaces'
[0.159s] make[3]: Leaving directory '/home/iliass/ros2_athens_ws/build/first_interfaces'
[0.171s] [ 70%] Built target first_interfaces
[0.173s] make[3]: Entering directory '/home/iliass/ros2_athens_ws/build/first_interfaces'
[0.183s] make[3]: Leaving directory '/home/iliass/ros2_athens_ws/build/first_interfaces'
[0.193s] [ 74%] Built target first_interfaces__py
[0.196s] make[3]: Entering directory '/home/iliass/ros2_athens_ws/build/first_interfaces'
[0.205s] make[3]: Leaving directory '/home/iliass/ros2_athens_ws/build/first_interfaces'
[0.222s] [ 80%] Built target first_interfaces__python
[0.225s] make[3]: Entering directory '/home/iliass/ros2_athens_ws/build/first_interfaces'
[0.226s] make[3]: Entering directory '/home/iliass/ros2_athens_ws/build/first_interfaces'
[0.227s] make[3]: Entering directory '/home/iliass/ros2_athens_ws/build/first_interfaces'
[0.237s] make[3]: Leaving directory '/home/iliass/ros2_athens_ws/build/first_interfaces'
[0.238s] make[3]: Leaving directory '/home/iliass/ros2_athens_ws/build/first_interfaces'
[0.238s] make[3]: Leaving directory '/home/iliass/ros2_athens_ws/build/first_interfaces'
[0.255s] [ 87%] Built target first_interfaces__rosidl_typesupport_c__pyext
[0.256s] [ 93%] Built target first_interfaces__rosidl_typesupport_introspection_c__pyext
[0.257s] [100%] Built target first_interfaces__rosidl_typesupport_fastrtps_c__pyext
[0.258s] make[2]: Leaving directory '/home/iliass/ros2_athens_ws/build/first_interfaces'
[0.268s] make[1]: Leaving directory '/home/iliass/ros2_athens_ws/build/first_interfaces'
[0.270s] Invoked command in '/home/iliass/ros2_athens_ws/build/first_interfaces' returned '0': CMAKE_PREFIX_PATH=${CMAKE_PREFIX_PATH}:/home/iliass/ros2_athens_ws/install/stm_station:/home/iliass/ros2_athens_ws/install/first_package:/opt/ros/foxy /usr/bin/cmake --build /home/iliass/ros2_athens_ws/build/first_interfaces -- -j16 -l16
[0.347s] Invoking command in '/home/iliass/ros2_athens_ws/build/first_interfaces': CMAKE_PREFIX_PATH=${CMAKE_PREFIX_PATH}:/home/iliass/ros2_athens_ws/install/stm_station:/home/iliass/ros2_athens_ws/install/first_package:/opt/ros/foxy /usr/bin/cmake --install /home/iliass/ros2_athens_ws/build/first_interfaces
[0.355s] -- Install configuration: ""
[0.355s] -- Up-to-date: /home/iliass/ros2_athens_ws/install/first_interfaces/share/ament_index/resource_index/rosidl_interfaces/first_interfaces
[0.355s] -- Up-to-date: /home/iliass/ros2_athens_ws/install/first_interfaces/include/first_interfaces
[0.356s] -- Up-to-date: /home/iliass/ros2_athens_ws/install/first_interfaces/include/first_interfaces/msg
[0.356s] -- Up-to-date: /home/iliass/ros2_athens_ws/install/first_interfaces/include/first_interfaces/msg/detail
[0.357s] -- Up-to-date: /home/iliass/ros2_athens_ws/install/first_interfaces/include/first_interfaces/msg/detail/custom__functions.c
[0.358s] -- Up-to-date: /home/iliass/ros2_athens_ws/install/first_interfaces/include/first_interfaces/msg/detail/custom__functions.h
[0.358s] -- Up-to-date: /home/iliass/ros2_athens_ws/install/first_interfaces/include/first_interfaces/msg/detail/custom__struct.h
[0.359s] -- Up-to-date: /home/iliass/ros2_athens_ws/install/first_interfaces/include/first_interfaces/msg/detail/custom__type_support.h
[0.360s] -- Up-to-date: /home/iliass/ros2_athens_ws/install/first_interfaces/include/first_interfaces/msg/custom.h
[0.361s] -- Up-to-date: /home/iliass/ros2_athens_ws/install/first_interfaces/include/first_interfaces/msg/rosidl_generator_c__visibility_control.h
[0.362s] -- Up-to-date: /home/iliass/ros2_athens_ws/install/first_interfaces/share/first_interfaces/environment/library_path.sh
[0.362s] -- Up-to-date: /home/iliass/ros2_athens_ws/install/first_interfaces/share/first_interfaces/environment/library_path.dsv
[0.362s] -- Up-to-date: /home/iliass/ros2_athens_ws/install/first_interfaces/lib/libfirst_interfaces__rosidl_generator_c.so
[0.362s] -- Up-to-date: /home/iliass/ros2_athens_ws/install/first_interfaces/include/first_interfaces
[0.362s] -- Up-to-date: /home/iliass/ros2_athens_ws/install/first_interfaces/include/first_interfaces/msg
[0.362s] -- Up-to-date: /home/iliass/ros2_athens_ws/install/first_interfaces/include/first_interfaces/msg/detail
[0.362s] -- Up-to-date: /home/iliass/ros2_athens_ws/install/first_interfaces/include/first_interfaces/msg/detail/custom__rosidl_typesupport_fastrtps_c.h
[0.362s] -- Up-to-date: /home/iliass/ros2_athens_ws/install/first_interfaces/include/first_interfaces/msg/rosidl_typesupport_fastrtps_c__visibility_control.h
[0.363s] -- Up-to-date: /home/iliass/ros2_athens_ws/install/first_interfaces/lib/libfirst_interfaces__rosidl_typesupport_fastrtps_c.so
[0.364s] -- Up-to-date: /home/iliass/ros2_athens_ws/install/first_interfaces/include/first_interfaces
[0.364s] -- Up-to-date: /home/iliass/ros2_athens_ws/install/first_interfaces/include/first_interfaces/msg
[0.364s] -- Up-to-date: /home/iliass/ros2_athens_ws/install/first_interfaces/include/first_interfaces/msg/detail
[0.364s] -- Up-to-date: /home/iliass/ros2_athens_ws/install/first_interfaces/include/first_interfaces/msg/detail/custom__rosidl_typesupport_fastrtps_cpp.hpp
[0.364s] -- Up-to-date: /home/iliass/ros2_athens_ws/install/first_interfaces/include/first_interfaces/msg/detail/dds_fastrtps
[0.365s] -- Up-to-date: /home/iliass/ros2_athens_ws/install/first_interfaces/include/first_interfaces/msg/rosidl_typesupport_fastrtps_cpp__visibility_control.h
[0.365s] -- Up-to-date: /home/iliass/ros2_athens_ws/install/first_interfaces/lib/libfirst_interfaces__rosidl_typesupport_fastrtps_cpp.so
[0.365s] -- Up-to-date: /home/iliass/ros2_athens_ws/install/first_interfaces/include/first_interfaces
[0.365s] -- Up-to-date: /home/iliass/ros2_athens_ws/install/first_interfaces/include/first_interfaces/msg
[0.365s] -- Up-to-date: /home/iliass/ros2_athens_ws/install/first_interfaces/include/first_interfaces/msg/detail
[0.365s] -- Up-to-date: /home/iliass/ros2_athens_ws/install/first_interfaces/include/first_interfaces/msg/detail/custom__rosidl_typesupport_introspection_c.h
[0.365s] -- Up-to-date: /home/iliass/ros2_athens_ws/install/first_interfaces/include/first_interfaces/msg/detail/custom__type_support.c
[0.365s] -- Up-to-date: /home/iliass/ros2_athens_ws/install/first_interfaces/include/first_interfaces/msg/rosidl_typesupport_introspection_c__visibility_control.h
[0.366s] -- Up-to-date: /home/iliass/ros2_athens_ws/install/first_interfaces/lib/libfirst_interfaces__rosidl_typesupport_introspection_c.so
[0.366s] -- Up-to-date: /home/iliass/ros2_athens_ws/install/first_interfaces/lib/libfirst_interfaces__rosidl_typesupport_c.so
[0.366s] -- Up-to-date: /home/iliass/ros2_athens_ws/install/first_interfaces/include/first_interfaces
[0.366s] -- Up-to-date: /home/iliass/ros2_athens_ws/install/first_interfaces/include/first_interfaces/msg
[0.366s] -- Up-to-date: /home/iliass/ros2_athens_ws/install/first_interfaces/include/first_interfaces/msg/detail
[0.366s] -- Up-to-date: /home/iliass/ros2_athens_ws/install/first_interfaces/include/first_interfaces/msg/detail/custom__struct.hpp
[0.366s] -- Up-to-date: /home/iliass/ros2_athens_ws/install/first_interfaces/include/first_interfaces/msg/detail/custom__type_support.hpp
[0.366s] -- Up-to-date: /home/iliass/ros2_athens_ws/install/first_interfaces/include/first_interfaces/msg/detail/custom__traits.hpp
[0.366s] -- Up-to-date: /home/iliass/ros2_athens_ws/install/first_interfaces/include/first_interfaces/msg/detail/custom__builder.hpp
[0.366s] -- Up-to-date: /home/iliass/ros2_athens_ws/install/first_interfaces/include/first_interfaces/msg/rosidl_generator_cpp__visibility_control.hpp
[0.367s] -- Up-to-date: /home/iliass/ros2_athens_ws/install/first_interfaces/include/first_interfaces/msg/custom.hpp
[0.367s] -- Up-to-date: /home/iliass/ros2_athens_ws/install/first_interfaces/include/first_interfaces
[0.367s] -- Up-to-date: /home/iliass/ros2_athens_ws/install/first_interfaces/include/first_interfaces/msg
[0.367s] -- Up-to-date: /home/iliass/ros2_athens_ws/install/first_interfaces/include/first_interfaces/msg/detail
[0.367s] -- Up-to-date: /home/iliass/ros2_athens_ws/install/first_interfaces/include/first_interfaces/msg/detail/custom__type_support.cpp
[0.367s] -- Up-to-date: /home/iliass/ros2_athens_ws/install/first_interfaces/include/first_interfaces/msg/detail/custom__rosidl_typesupport_introspection_cpp.hpp
[0.367s] -- Up-to-date: /home/iliass/ros2_athens_ws/install/first_interfaces/lib/libfirst_interfaces__rosidl_typesupport_introspection_cpp.so
[0.368s] -- Up-to-date: /home/iliass/ros2_athens_ws/install/first_interfaces/lib/libfirst_interfaces__rosidl_typesupport_cpp.so
[0.368s] -- Up-to-date: /home/iliass/ros2_athens_ws/install/first_interfaces/share/first_interfaces/environment/pythonpath.sh
[0.368s] -- Up-to-date: /home/iliass/ros2_athens_ws/install/first_interfaces/share/first_interfaces/environment/pythonpath.dsv
[0.368s] -- Up-to-date: /home/iliass/ros2_athens_ws/install/first_interfaces/lib/python3.8/site-packages/first_interfaces/__init__.py
[0.405s] -- Up-to-date: /home/iliass/ros2_athens_ws/install/first_interfaces/lib/python3.8/site-packages/first_interfaces/msg
[0.406s] -- Up-to-date: /home/iliass/ros2_athens_ws/install/first_interfaces/lib/python3.8/site-packages/first_interfaces/msg/__init__.py
[0.406s] -- Up-to-date: /home/iliass/ros2_athens_ws/install/first_interfaces/lib/python3.8/site-packages/first_interfaces/msg/_custom.py
[0.406s] -- Up-to-date: /home/iliass/ros2_athens_ws/install/first_interfaces/lib/python3.8/site-packages/first_interfaces/msg/_custom_s.c
[0.406s] -- Up-to-date: /home/iliass/ros2_athens_ws/install/first_interfaces/lib/python3.8/site-packages/first_interfaces/first_interfaces_s__rosidl_typesupport_fastrtps_c.cpython-38-x86_64-linux-gnu.so
[0.407s] -- Up-to-date: /home/iliass/ros2_athens_ws/install/first_interfaces/lib/python3.8/site-packages/first_interfaces/first_interfaces_s__rosidl_typesupport_introspection_c.cpython-38-x86_64-linux-gnu.so
[0.408s] -- Up-to-date: /home/iliass/ros2_athens_ws/install/first_interfaces/lib/python3.8/site-packages/first_interfaces/first_interfaces_s__rosidl_typesupport_c.cpython-38-x86_64-linux-gnu.so
[0.409s] -- Up-to-date: /home/iliass/ros2_athens_ws/install/first_interfaces/lib/libfirst_interfaces__python.so
[0.410s] -- Up-to-date: /home/iliass/ros2_athens_ws/install/first_interfaces/share/first_interfaces/msg/Custom.idl
[0.410s] -- Up-to-date: /home/iliass/ros2_athens_ws/install/first_interfaces/share/first_interfaces/msg/Custom.msg
[0.410s] -- Up-to-date: /home/iliass/ros2_athens_ws/install/first_interfaces/share/ament_index/resource_index/package_run_dependencies/first_interfaces
[0.410s] -- Up-to-date: /home/iliass/ros2_athens_ws/install/first_interfaces/share/ament_index/resource_index/parent_prefix_path/first_interfaces
[0.411s] -- Up-to-date: /home/iliass/ros2_athens_ws/install/first_interfaces/share/first_interfaces/environment/ament_prefix_path.sh
[0.411s] -- Up-to-date: /home/iliass/ros2_athens_ws/install/first_interfaces/share/first_interfaces/environment/ament_prefix_path.dsv
[0.411s] -- Up-to-date: /home/iliass/ros2_athens_ws/install/first_interfaces/share/first_interfaces/environment/path.sh
[0.411s] -- Up-to-date: /home/iliass/ros2_athens_ws/install/first_interfaces/share/first_interfaces/environment/path.dsv
[0.412s] -- Up-to-date: /home/iliass/ros2_athens_ws/install/first_interfaces/share/first_interfaces/local_setup.bash
[0.412s] -- Up-to-date: /home/iliass/ros2_athens_ws/install/first_interfaces/share/first_interfaces/local_setup.sh
[0.412s] -- Up-to-date: /home/iliass/ros2_athens_ws/install/first_interfaces/share/first_interfaces/local_setup.zsh
[0.412s] -- Up-to-date: /home/iliass/ros2_athens_ws/install/first_interfaces/share/first_interfaces/local_setup.dsv
[0.412s] -- Installing: /home/iliass/ros2_athens_ws/install/first_interfaces/share/first_interfaces/package.dsv
[0.413s] -- Up-to-date: /home/iliass/ros2_athens_ws/install/first_interfaces/share/ament_index/resource_index/packages/first_interfaces
[0.413s] -- Up-to-date: /home/iliass/ros2_athens_ws/install/first_interfaces/share/first_interfaces/cmake/first_interfaces__rosidl_generator_cExport.cmake
[0.413s] -- Up-to-date: /home/iliass/ros2_athens_ws/install/first_interfaces/share/first_interfaces/cmake/first_interfaces__rosidl_generator_cExport-noconfig.cmake
[0.414s] -- Up-to-date: /home/iliass/ros2_athens_ws/install/first_interfaces/share/first_interfaces/cmake/first_interfaces__rosidl_typesupport_introspection_cExport.cmake
[0.414s] -- Up-to-date: /home/iliass/ros2_athens_ws/install/first_interfaces/share/first_interfaces/cmake/first_interfaces__rosidl_typesupport_introspection_cExport-noconfig.cmake
[0.415s] -- Up-to-date: /home/iliass/ros2_athens_ws/install/first_interfaces/share/first_interfaces/cmake/first_interfaces__rosidl_typesupport_cExport.cmake
[0.415s] -- Up-to-date: /home/iliass/ros2_athens_ws/install/first_interfaces/share/first_interfaces/cmake/first_interfaces__rosidl_typesupport_cExport-noconfig.cmake
[0.415s] -- Up-to-date: /home/iliass/ros2_athens_ws/install/first_interfaces/share/first_interfaces/cmake/first_interfaces__rosidl_generator_cppExport.cmake
[0.415s] -- Up-to-date: /home/iliass/ros2_athens_ws/install/first_interfaces/share/first_interfaces/cmake/first_interfaces__rosidl_typesupport_introspection_cppExport.cmake
[0.416s] -- Up-to-date: /home/iliass/ros2_athens_ws/install/first_interfaces/share/first_interfaces/cmake/first_interfaces__rosidl_typesupport_introspection_cppExport-noconfig.cmake
[0.416s] -- Up-to-date: /home/iliass/ros2_athens_ws/install/first_interfaces/share/first_interfaces/cmake/first_interfaces__rosidl_typesupport_cppExport.cmake
[0.416s] -- Up-to-date: /home/iliass/ros2_athens_ws/install/first_interfaces/share/first_interfaces/cmake/first_interfaces__rosidl_typesupport_cppExport-noconfig.cmake
[0.416s] -- Up-to-date: /home/iliass/ros2_athens_ws/install/first_interfaces/share/first_interfaces/cmake/rosidl_cmake-extras.cmake
[0.416s] -- Up-to-date: /home/iliass/ros2_athens_ws/install/first_interfaces/share/first_interfaces/cmake/ament_cmake_export_dependencies-extras.cmake
[0.416s] -- Up-to-date: /home/iliass/ros2_athens_ws/install/first_interfaces/share/first_interfaces/cmake/ament_cmake_export_libraries-extras.cmake
[0.416s] -- Up-to-date: /home/iliass/ros2_athens_ws/install/first_interfaces/share/first_interfaces/cmake/ament_cmake_export_targets-extras.cmake
[0.417s] -- Up-to-date: /home/iliass/ros2_athens_ws/install/first_interfaces/share/first_interfaces/cmake/ament_cmake_export_include_directories-extras.cmake
[0.417s] -- Up-to-date: /home/iliass/ros2_athens_ws/install/first_interfaces/share/first_interfaces/cmake/rosidl_cmake_export_typesupport_libraries-extras.cmake
[0.417s] -- Up-to-date: /home/iliass/ros2_athens_ws/install/first_interfaces/share/first_interfaces/cmake/rosidl_cmake_export_typesupport_targets-extras.cmake
[0.417s] -- Up-to-date: /home/iliass/ros2_athens_ws/install/first_interfaces/share/first_interfaces/cmake/first_interfacesConfig.cmake
[0.417s] -- Up-to-date: /home/iliass/ros2_athens_ws/install/first_interfaces/share/first_interfaces/cmake/first_interfacesConfig-version.cmake
[0.417s] -- Up-to-date: /home/iliass/ros2_athens_ws/install/first_interfaces/share/first_interfaces/package.xml
[0.420s] Invoked command in '/home/iliass/ros2_athens_ws/build/first_interfaces' returned '0': CMAKE_PREFIX_PATH=${CMAKE_PREFIX_PATH}:/home/iliass/ros2_athens_ws/install/stm_station:/home/iliass/ros2_athens_ws/install/first_package:/opt/ros/foxy /usr/bin/cmake --install /home/iliass/ros2_athens_ws/build/first_interfaces
