[0.025s] Invoking command in '/home/iliass/ros2_athens_ws/build/first_interfaces': CMAKE_PREFIX_PATH=${CMAKE_PREFIX_PATH}:/home/iliass/ros2_athens_ws/install/stm_station:/home/iliass/ros2_athens_ws/install/first_package:/opt/ros/foxy /usr/bin/cmake --build /home/iliass/ros2_athens_ws/build/first_interfaces -- -j16 -l16
[0.037s] make[1]: Entering directory '/home/iliass/ros2_athens_ws/build/first_interfaces'
[0.060s] make[2]: Entering directory '/home/iliass/ros2_athens_ws/build/first_interfaces'
[0.060s] make[3]: Entering directory '/home/iliass/ros2_athens_ws/build/first_interfaces'
[0.060s] make[3]: Entering directory '/home/iliass/ros2_athens_ws/build/first_interfaces'
[0.068s] make[3]: Leaving directory '/home/iliass/ros2_athens_ws/build/first_interfaces'
[0.069s] make[3]: Leaving directory '/home/iliass/ros2_athens_ws/build/first_interfaces'
[0.079s] [  3%] Built target first_interfaces__cpp
[0.081s] make[3]: Entering directory '/home/iliass/ros2_athens_ws/build/first_interfaces'
[0.082s] make[3]: Entering directory '/home/iliass/ros2_athens_ws/build/first_interfaces'
[0.082s] make[3]: Entering directory '/home/iliass/ros2_athens_ws/build/first_interfaces'
[0.083s] [ 12%] Built target first_interfaces__rosidl_generator_c
[0.085s] make[3]: Entering directory '/home/iliass/ros2_athens_ws/build/first_interfaces'
[0.085s] make[3]: Entering directory '/home/iliass/ros2_athens_ws/build/first_interfaces'
[0.092s] make[3]: Leaving directory '/home/iliass/ros2_athens_ws/build/first_interfaces'
[0.092s] make[3]: Leaving directory '/home/iliass/ros2_athens_ws/build/first_interfaces'
[0.094s] make[3]: Leaving directory '/home/iliass/ros2_athens_ws/build/first_interfaces'
[0.095s] make[3]: Leaving directory '/home/iliass/ros2_athens_ws/build/first_interfaces'
[0.097s] make[3]: Leaving directory '/home/iliass/ros2_athens_ws/build/first_interfaces'
[0.104s] [ 22%] Built target first_interfaces__rosidl_typesupport_introspection_cpp
[0.106s] [ 32%] Built target first_interfaces__rosidl_typesupport_cpp
[0.109s] [ 45%] Built target first_interfaces__rosidl_typesupport_introspection_c
[0.109s] [ 51%] Built target first_interfaces__rosidl_typesupport_c
[0.113s] [ 61%] Built target first_interfaces__rosidl_typesupport_fastrtps_cpp
[0.116s] make[3]: Entering directory '/home/iliass/ros2_athens_ws/build/first_interfaces'
[0.127s] make[3]: Leaving directory '/home/iliass/ros2_athens_ws/build/first_interfaces'
[0.141s] [ 70%] Built target first_interfaces__rosidl_typesupport_fastrtps_c
[0.143s] make[3]: Entering directory '/home/iliass/ros2_athens_ws/build/first_interfaces'
[0.153s] make[3]: Leaving directory '/home/iliass/ros2_athens_ws/build/first_interfaces'
[0.161s] [ 70%] Built target first_interfaces
[0.164s] make[3]: Entering directory '/home/iliass/ros2_athens_ws/build/first_interfaces'
[0.173s] make[3]: Leaving directory '/home/iliass/ros2_athens_ws/build/first_interfaces'
[0.182s] [ 74%] Built target first_interfaces__py
[0.185s] make[3]: Entering directory '/home/iliass/ros2_athens_ws/build/first_interfaces'
[0.194s] make[3]: Leaving directory '/home/iliass/ros2_athens_ws/build/first_interfaces'
[0.209s] [ 80%] Built target first_interfaces__python
[0.212s] make[3]: Entering directory '/home/iliass/ros2_athens_ws/build/first_interfaces'
[0.213s] make[3]: Entering directory '/home/iliass/ros2_athens_ws/build/first_interfaces'
[0.213s] make[3]: Entering directory '/home/iliass/ros2_athens_ws/build/first_interfaces'
[0.224s] make[3]: Leaving directory '/home/iliass/ros2_athens_ws/build/first_interfaces'
[0.224s] make[3]: Leaving directory '/home/iliass/ros2_athens_ws/build/first_interfaces'
[0.224s] make[3]: Leaving directory '/home/iliass/ros2_athens_ws/build/first_interfaces'
[0.240s] [ 93%] Built target first_interfaces__rosidl_typesupport_fastrtps_c__pyext
[0.240s] [ 93%] Built target first_interfaces__rosidl_typesupport_c__pyext
[0.240s] [100%] Built target first_interfaces__rosidl_typesupport_introspection_c__pyext
[0.241s] make[2]: Leaving directory '/home/iliass/ros2_athens_ws/build/first_interfaces'
[0.249s] make[1]: Leaving directory '/home/iliass/ros2_athens_ws/build/first_interfaces'
