[0.703s] DEBUG:colcon:Command line arguments: ['/usr/bin/colcon', 'build']
[0.703s] DEBUG:colcon:Parsed command line arguments: Namespace(allow_overriding=[], ament_cmake_args=None, base_paths=['.'], build_base='build', catkin_cmake_args=None, catkin_skip_building_tests=False, cmake_args=None, cmake_clean_cache=False, cmake_clean_first=False, cmake_force_configure=False, cmake_target=None, cmake_target_skip_unavailable=False, continue_on_error=False, event_handlers=None, executor='parallel', ignore_user_meta=False, install_base='install', log_base=None, log_level=None, main=<bound method BuildVerb.main of <colcon_core.verb.build.BuildVerb object at 0x7f26d00c4cd0>>, merge_install=False, metas=['./colcon.meta'], packages_above=None, packages_above_and_dependencies=None, packages_above_depth=None, packages_end=None, packages_ignore=None, packages_ignore_regex=None, packages_select=None, packages_select_build_failed=False, packages_select_by_dep=None, packages_select_regex=None, packages_select_test_failures=False, packages_skip=None, packages_skip_build_finished=False, packages_skip_by_dep=None, packages_skip_regex=None, packages_skip_test_passed=False, packages_skip_up_to=None, packages_start=None, packages_up_to=None, packages_up_to_regex=None, parallel_workers=16, paths=None, symlink_install=False, test_result_base=None, verb_extension=<colcon_core.verb.build.BuildVerb object at 0x7f26d00c4cd0>, verb_name='build', verb_parser=<colcon_defaults.argument_parser.defaults.DefaultArgumentsDecorator object at 0x7f26d00d2280>)
[0.842s] Level 1:colcon.colcon_core.package_discovery:discover_packages(colcon_meta) check parameters
[0.842s] Level 1:colcon.colcon_core.package_discovery:discover_packages(recursive) check parameters
[0.842s] Level 1:colcon.colcon_core.package_discovery:discover_packages(ignore) check parameters
[0.842s] Level 1:colcon.colcon_core.package_discovery:discover_packages(path) check parameters
[0.842s] Level 1:colcon.colcon_core.package_discovery:discover_packages(colcon_meta) discover
[0.843s] Level 1:colcon.colcon_core.package_discovery:discover_packages(recursive) discover
[0.843s] INFO:colcon.colcon_core.package_discovery:Crawling recursively for packages in '/home/iliass/ros2_athens_ws'
[0.843s] Level 1:colcon.colcon_core.package_identification:_identify(.) by extensions ['ignore', 'ignore_ament_install']
[0.843s] Level 1:colcon.colcon_core.package_identification:_identify(.) by extension 'ignore'
[0.843s] Level 1:colcon.colcon_core.package_identification:_identify(.) by extension 'ignore_ament_install'
[0.843s] Level 1:colcon.colcon_core.package_identification:_identify(.) by extensions ['colcon_pkg']
[0.843s] Level 1:colcon.colcon_core.package_identification:_identify(.) by extension 'colcon_pkg'
[0.843s] Level 1:colcon.colcon_core.package_identification:_identify(.) by extensions ['colcon_meta']
[0.843s] Level 1:colcon.colcon_core.package_identification:_identify(.) by extension 'colcon_meta'
[0.843s] Level 1:colcon.colcon_core.package_identification:_identify(.) by extensions ['ros']
[0.843s] Level 1:colcon.colcon_core.package_identification:_identify(.) by extension 'ros'
[0.853s] Level 1:colcon.colcon_core.package_identification:_identify(.) by extensions ['cmake', 'python']
[0.854s] Level 1:colcon.colcon_core.package_identification:_identify(.) by extension 'cmake'
[0.854s] Level 1:colcon.colcon_core.package_identification:_identify(.) by extension 'python'
[0.854s] Level 1:colcon.colcon_core.package_identification:_identify(.) by extensions ['python_setup_py']
[0.854s] Level 1:colcon.colcon_core.package_identification:_identify(.) by extension 'python_setup_py'
[0.854s] Level 1:colcon.colcon_core.package_identification:_identify(bags) by extensions ['ignore', 'ignore_ament_install']
[0.854s] Level 1:colcon.colcon_core.package_identification:_identify(bags) by extension 'ignore'
[0.854s] Level 1:colcon.colcon_core.package_identification:_identify(bags) by extension 'ignore_ament_install'
[0.854s] Level 1:colcon.colcon_core.package_identification:_identify(bags) by extensions ['colcon_pkg']
[0.854s] Level 1:colcon.colcon_core.package_identification:_identify(bags) by extension 'colcon_pkg'
[0.854s] Level 1:colcon.colcon_core.package_identification:_identify(bags) by extensions ['colcon_meta']
[0.854s] Level 1:colcon.colcon_core.package_identification:_identify(bags) by extension 'colcon_meta'
[0.854s] Level 1:colcon.colcon_core.package_identification:_identify(bags) by extensions ['ros']
[0.854s] Level 1:colcon.colcon_core.package_identification:_identify(bags) by extension 'ros'
[0.854s] Level 1:colcon.colcon_core.package_identification:_identify(bags) by extensions ['cmake', 'python']
[0.854s] Level 1:colcon.colcon_core.package_identification:_identify(bags) by extension 'cmake'
[0.854s] Level 1:colcon.colcon_core.package_identification:_identify(bags) by extension 'python'
[0.854s] Level 1:colcon.colcon_core.package_identification:_identify(bags) by extensions ['python_setup_py']
[0.854s] Level 1:colcon.colcon_core.package_identification:_identify(bags) by extension 'python_setup_py'
[0.854s] Level 1:colcon.colcon_core.package_identification:_identify(bags/motor) by extensions ['ignore', 'ignore_ament_install']
[0.854s] Level 1:colcon.colcon_core.package_identification:_identify(bags/motor) by extension 'ignore'
[0.854s] Level 1:colcon.colcon_core.package_identification:_identify(bags/motor) by extension 'ignore_ament_install'
[0.854s] Level 1:colcon.colcon_core.package_identification:_identify(bags/motor) by extensions ['colcon_pkg']
[0.854s] Level 1:colcon.colcon_core.package_identification:_identify(bags/motor) by extension 'colcon_pkg'
[0.854s] Level 1:colcon.colcon_core.package_identification:_identify(bags/motor) by extensions ['colcon_meta']
[0.855s] Level 1:colcon.colcon_core.package_identification:_identify(bags/motor) by extension 'colcon_meta'
[0.855s] Level 1:colcon.colcon_core.package_identification:_identify(bags/motor) by extensions ['ros']
[0.855s] Level 1:colcon.colcon_core.package_identification:_identify(bags/motor) by extension 'ros'
[0.855s] Level 1:colcon.colcon_core.package_identification:_identify(bags/motor) by extensions ['cmake', 'python']
[0.855s] Level 1:colcon.colcon_core.package_identification:_identify(bags/motor) by extension 'cmake'
[0.855s] Level 1:colcon.colcon_core.package_identification:_identify(bags/motor) by extension 'python'
[0.855s] Level 1:colcon.colcon_core.package_identification:_identify(bags/motor) by extensions ['python_setup_py']
[0.855s] Level 1:colcon.colcon_core.package_identification:_identify(bags/motor) by extension 'python_setup_py'
[0.855s] Level 1:colcon.colcon_core.package_identification:_identify(bags/turtlesim_demo) by extensions ['ignore', 'ignore_ament_install']
[0.855s] Level 1:colcon.colcon_core.package_identification:_identify(bags/turtlesim_demo) by extension 'ignore'
[0.855s] Level 1:colcon.colcon_core.package_identification:_identify(bags/turtlesim_demo) by extension 'ignore_ament_install'
[0.855s] Level 1:colcon.colcon_core.package_identification:_identify(bags/turtlesim_demo) by extensions ['colcon_pkg']
[0.855s] Level 1:colcon.colcon_core.package_identification:_identify(bags/turtlesim_demo) by extension 'colcon_pkg'
[0.855s] Level 1:colcon.colcon_core.package_identification:_identify(bags/turtlesim_demo) by extensions ['colcon_meta']
[0.855s] Level 1:colcon.colcon_core.package_identification:_identify(bags/turtlesim_demo) by extension 'colcon_meta'
[0.855s] Level 1:colcon.colcon_core.package_identification:_identify(bags/turtlesim_demo) by extensions ['ros']
[0.855s] Level 1:colcon.colcon_core.package_identification:_identify(bags/turtlesim_demo) by extension 'ros'
[0.855s] Level 1:colcon.colcon_core.package_identification:_identify(bags/turtlesim_demo) by extensions ['cmake', 'python']
[0.855s] Level 1:colcon.colcon_core.package_identification:_identify(bags/turtlesim_demo) by extension 'cmake'
[0.855s] Level 1:colcon.colcon_core.package_identification:_identify(bags/turtlesim_demo) by extension 'python'
[0.855s] Level 1:colcon.colcon_core.package_identification:_identify(bags/turtlesim_demo) by extensions ['python_setup_py']
[0.855s] Level 1:colcon.colcon_core.package_identification:_identify(bags/turtlesim_demo) by extension 'python_setup_py'
[0.855s] Level 1:colcon.colcon_core.package_identification:_identify(build) by extensions ['ignore', 'ignore_ament_install']
[0.855s] Level 1:colcon.colcon_core.package_identification:_identify(build) by extension 'ignore'
[0.855s] Level 1:colcon.colcon_core.package_identification:_identify(build) ignored
[0.856s] Level 1:colcon.colcon_core.package_identification:_identify(install) by extensions ['ignore', 'ignore_ament_install']
[0.856s] Level 1:colcon.colcon_core.package_identification:_identify(install) by extension 'ignore'
[0.856s] Level 1:colcon.colcon_core.package_identification:_identify(install) ignored
[0.856s] Level 1:colcon.colcon_core.package_identification:_identify(log) by extensions ['ignore', 'ignore_ament_install']
[0.856s] Level 1:colcon.colcon_core.package_identification:_identify(log) by extension 'ignore'
[0.856s] Level 1:colcon.colcon_core.package_identification:_identify(log) ignored
[0.856s] Level 1:colcon.colcon_core.package_identification:_identify(src) by extensions ['ignore', 'ignore_ament_install']
[0.856s] Level 1:colcon.colcon_core.package_identification:_identify(src) by extension 'ignore'
[0.856s] Level 1:colcon.colcon_core.package_identification:_identify(src) by extension 'ignore_ament_install'
[0.856s] Level 1:colcon.colcon_core.package_identification:_identify(src) by extensions ['colcon_pkg']
[0.856s] Level 1:colcon.colcon_core.package_identification:_identify(src) by extension 'colcon_pkg'
[0.856s] Level 1:colcon.colcon_core.package_identification:_identify(src) by extensions ['colcon_meta']
[0.856s] Level 1:colcon.colcon_core.package_identification:_identify(src) by extension 'colcon_meta'
[0.856s] Level 1:colcon.colcon_core.package_identification:_identify(src) by extensions ['ros']
[0.856s] Level 1:colcon.colcon_core.package_identification:_identify(src) by extension 'ros'
[0.856s] Level 1:colcon.colcon_core.package_identification:_identify(src) by extensions ['cmake', 'python']
[0.856s] Level 1:colcon.colcon_core.package_identification:_identify(src) by extension 'cmake'
[0.856s] Level 1:colcon.colcon_core.package_identification:_identify(src) by extension 'python'
[0.856s] Level 1:colcon.colcon_core.package_identification:_identify(src) by extensions ['python_setup_py']
[0.856s] Level 1:colcon.colcon_core.package_identification:_identify(src) by extension 'python_setup_py'
[0.857s] Level 1:colcon.colcon_core.package_identification:_identify(src/first_interfaces) by extensions ['ignore', 'ignore_ament_install']
[0.857s] Level 1:colcon.colcon_core.package_identification:_identify(src/first_interfaces) by extension 'ignore'
[0.857s] Level 1:colcon.colcon_core.package_identification:_identify(src/first_interfaces) by extension 'ignore_ament_install'
[0.857s] Level 1:colcon.colcon_core.package_identification:_identify(src/first_interfaces) by extensions ['colcon_pkg']
[0.857s] Level 1:colcon.colcon_core.package_identification:_identify(src/first_interfaces) by extension 'colcon_pkg'
[0.857s] Level 1:colcon.colcon_core.package_identification:_identify(src/first_interfaces) by extensions ['colcon_meta']
[0.857s] Level 1:colcon.colcon_core.package_identification:_identify(src/first_interfaces) by extension 'colcon_meta'
[0.857s] Level 1:colcon.colcon_core.package_identification:_identify(src/first_interfaces) by extensions ['ros']
[0.857s] Level 1:colcon.colcon_core.package_identification:_identify(src/first_interfaces) by extension 'ros'
[0.859s] DEBUG:colcon.colcon_core.package_identification:Package 'src/first_interfaces' with type 'ros.ament_cmake' and name 'first_interfaces'
[0.859s] Level 1:colcon.colcon_core.package_identification:_identify(src/first_package) by extensions ['ignore', 'ignore_ament_install']
[0.859s] Level 1:colcon.colcon_core.package_identification:_identify(src/first_package) by extension 'ignore'
[0.859s] Level 1:colcon.colcon_core.package_identification:_identify(src/first_package) by extension 'ignore_ament_install'
[0.859s] Level 1:colcon.colcon_core.package_identification:_identify(src/first_package) by extensions ['colcon_pkg']
[0.859s] Level 1:colcon.colcon_core.package_identification:_identify(src/first_package) by extension 'colcon_pkg'
[0.859s] Level 1:colcon.colcon_core.package_identification:_identify(src/first_package) by extensions ['colcon_meta']
[0.859s] Level 1:colcon.colcon_core.package_identification:_identify(src/first_package) by extension 'colcon_meta'
[0.860s] Level 1:colcon.colcon_core.package_identification:_identify(src/first_package) by extensions ['ros']
[0.860s] Level 1:colcon.colcon_core.package_identification:_identify(src/first_package) by extension 'ros'
[0.861s] DEBUG:colcon.colcon_core.package_identification:Package 'src/first_package' with type 'ros.ament_python' and name 'first_package'
[0.861s] Level 1:colcon.colcon_core.package_identification:_identify(src/stm_interfaces) by extensions ['ignore', 'ignore_ament_install']
[0.862s] Level 1:colcon.colcon_core.package_identification:_identify(src/stm_interfaces) by extension 'ignore'
[0.862s] Level 1:colcon.colcon_core.package_identification:_identify(src/stm_interfaces) by extension 'ignore_ament_install'
[0.862s] Level 1:colcon.colcon_core.package_identification:_identify(src/stm_interfaces) by extensions ['colcon_pkg']
[0.862s] Level 1:colcon.colcon_core.package_identification:_identify(src/stm_interfaces) by extension 'colcon_pkg'
[0.862s] Level 1:colcon.colcon_core.package_identification:_identify(src/stm_interfaces) by extensions ['colcon_meta']
[0.862s] Level 1:colcon.colcon_core.package_identification:_identify(src/stm_interfaces) by extension 'colcon_meta'
[0.862s] Level 1:colcon.colcon_core.package_identification:_identify(src/stm_interfaces) by extensions ['ros']
[0.862s] Level 1:colcon.colcon_core.package_identification:_identify(src/stm_interfaces) by extension 'ros'
[0.862s] DEBUG:colcon.colcon_core.package_identification:Package 'src/stm_interfaces' with type 'ros.ament_cmake' and name 'stm_interfaces'
[0.862s] Level 1:colcon.colcon_core.package_identification:_identify(src/stm_station) by extensions ['ignore', 'ignore_ament_install']
[0.863s] Level 1:colcon.colcon_core.package_identification:_identify(src/stm_station) by extension 'ignore'
[0.863s] Level 1:colcon.colcon_core.package_identification:_identify(src/stm_station) by extension 'ignore_ament_install'
[0.863s] Level 1:colcon.colcon_core.package_identification:_identify(src/stm_station) by extensions ['colcon_pkg']
[0.863s] Level 1:colcon.colcon_core.package_identification:_identify(src/stm_station) by extension 'colcon_pkg'
[0.863s] Level 1:colcon.colcon_core.package_identification:_identify(src/stm_station) by extensions ['colcon_meta']
[0.863s] Level 1:colcon.colcon_core.package_identification:_identify(src/stm_station) by extension 'colcon_meta'
[0.863s] Level 1:colcon.colcon_core.package_identification:_identify(src/stm_station) by extensions ['ros']
[0.863s] Level 1:colcon.colcon_core.package_identification:_identify(src/stm_station) by extension 'ros'
[0.863s] DEBUG:colcon.colcon_core.package_identification:Package 'src/stm_station' with type 'ros.ament_python' and name 'stm_station'
[0.863s] Level 1:colcon.colcon_core.package_identification:_identify(test) by extensions ['ignore', 'ignore_ament_install']
[0.863s] Level 1:colcon.colcon_core.package_identification:_identify(test) by extension 'ignore'
[0.864s] Level 1:colcon.colcon_core.package_identification:_identify(test) by extension 'ignore_ament_install'
[0.864s] Level 1:colcon.colcon_core.package_identification:_identify(test) by extensions ['colcon_pkg']
[0.864s] Level 1:colcon.colcon_core.package_identification:_identify(test) by extension 'colcon_pkg'
[0.864s] Level 1:colcon.colcon_core.package_identification:_identify(test) by extensions ['colcon_meta']
[0.864s] Level 1:colcon.colcon_core.package_identification:_identify(test) by extension 'colcon_meta'
[0.864s] Level 1:colcon.colcon_core.package_identification:_identify(test) by extensions ['ros']
[0.864s] Level 1:colcon.colcon_core.package_identification:_identify(test) by extension 'ros'
[0.864s] Level 1:colcon.colcon_core.package_identification:_identify(test) by extensions ['cmake', 'python']
[0.864s] Level 1:colcon.colcon_core.package_identification:_identify(test) by extension 'cmake'
[0.864s] Level 1:colcon.colcon_core.package_identification:_identify(test) by extension 'python'
[0.864s] Level 1:colcon.colcon_core.package_identification:_identify(test) by extensions ['python_setup_py']
[0.864s] Level 1:colcon.colcon_core.package_identification:_identify(test) by extension 'python_setup_py'
[0.864s] Level 1:colcon.colcon_core.package_discovery:discover_packages(recursive) using defaults
[0.864s] Level 1:colcon.colcon_core.package_discovery:discover_packages(ignore) discover
[0.864s] Level 1:colcon.colcon_core.package_discovery:discover_packages(ignore) using defaults
[0.864s] Level 1:colcon.colcon_core.package_discovery:discover_packages(path) discover
[0.864s] Level 1:colcon.colcon_core.package_discovery:discover_packages(path) using defaults
[0.880s] Level 1:colcon.colcon_core.package_discovery:discover_packages(prefix_path) check parameters
[0.880s] Level 1:colcon.colcon_core.package_discovery:discover_packages(prefix_path) discover
[0.881s] DEBUG:colcon.colcon_installed_package_information.package_discovery:Found 4 installed packages in /home/iliass/ros2_athens_ws/install
[0.882s] DEBUG:colcon.colcon_installed_package_information.package_discovery:Found 280 installed packages in /opt/ros/foxy
[0.884s] Level 1:colcon.colcon_core.package_discovery:discover_packages(prefix_path) using defaults
[0.947s] Level 5:colcon.colcon_core.verb:set package 'first_interfaces' build argument 'cmake_args' from command line to 'None'
[0.947s] Level 5:colcon.colcon_core.verb:set package 'first_interfaces' build argument 'cmake_target' from command line to 'None'
[0.947s] Level 5:colcon.colcon_core.verb:set package 'first_interfaces' build argument 'cmake_target_skip_unavailable' from command line to 'False'
[0.947s] Level 5:colcon.colcon_core.verb:set package 'first_interfaces' build argument 'cmake_clean_cache' from command line to 'False'
[0.947s] Level 5:colcon.colcon_core.verb:set package 'first_interfaces' build argument 'cmake_clean_first' from command line to 'False'
[0.947s] Level 5:colcon.colcon_core.verb:set package 'first_interfaces' build argument 'cmake_force_configure' from command line to 'False'
[0.947s] Level 5:colcon.colcon_core.verb:set package 'first_interfaces' build argument 'ament_cmake_args' from command line to 'None'
[0.947s] Level 5:colcon.colcon_core.verb:set package 'first_interfaces' build argument 'catkin_cmake_args' from command line to 'None'
[0.947s] Level 5:colcon.colcon_core.verb:set package 'first_interfaces' build argument 'catkin_skip_building_tests' from command line to 'False'
[0.947s] DEBUG:colcon.colcon_core.verb:Building package 'first_interfaces' with the following arguments: {'ament_cmake_args': None, 'build_base': '/home/iliass/ros2_athens_ws/build/first_interfaces', 'catkin_cmake_args': None, 'catkin_skip_building_tests': False, 'cmake_args': None, 'cmake_clean_cache': False, 'cmake_clean_first': False, 'cmake_force_configure': False, 'cmake_target': None, 'cmake_target_skip_unavailable': False, 'install_base': '/home/iliass/ros2_athens_ws/install/first_interfaces', 'merge_install': False, 'path': '/home/iliass/ros2_athens_ws/src/first_interfaces', 'symlink_install': False, 'test_result_base': None}
[0.947s] Level 5:colcon.colcon_core.verb:set package 'stm_interfaces' build argument 'cmake_args' from command line to 'None'
[0.948s] Level 5:colcon.colcon_core.verb:set package 'stm_interfaces' build argument 'cmake_target' from command line to 'None'
[0.948s] Level 5:colcon.colcon_core.verb:set package 'stm_interfaces' build argument 'cmake_target_skip_unavailable' from command line to 'False'
[0.948s] Level 5:colcon.colcon_core.verb:set package 'stm_interfaces' build argument 'cmake_clean_cache' from command line to 'False'
[0.948s] Level 5:colcon.colcon_core.verb:set package 'stm_interfaces' build argument 'cmake_clean_first' from command line to 'False'
[0.948s] Level 5:colcon.colcon_core.verb:set package 'stm_interfaces' build argument 'cmake_force_configure' from command line to 'False'
[0.948s] Level 5:colcon.colcon_core.verb:set package 'stm_interfaces' build argument 'ament_cmake_args' from command line to 'None'
[0.948s] Level 5:colcon.colcon_core.verb:set package 'stm_interfaces' build argument 'catkin_cmake_args' from command line to 'None'
[0.948s] Level 5:colcon.colcon_core.verb:set package 'stm_interfaces' build argument 'catkin_skip_building_tests' from command line to 'False'
[0.948s] DEBUG:colcon.colcon_core.verb:Building package 'stm_interfaces' with the following arguments: {'ament_cmake_args': None, 'build_base': '/home/iliass/ros2_athens_ws/build/stm_interfaces', 'catkin_cmake_args': None, 'catkin_skip_building_tests': False, 'cmake_args': None, 'cmake_clean_cache': False, 'cmake_clean_first': False, 'cmake_force_configure': False, 'cmake_target': None, 'cmake_target_skip_unavailable': False, 'install_base': '/home/iliass/ros2_athens_ws/install/stm_interfaces', 'merge_install': False, 'path': '/home/iliass/ros2_athens_ws/src/stm_interfaces', 'symlink_install': False, 'test_result_base': None}
[0.948s] Level 5:colcon.colcon_core.verb:set package 'first_package' build argument 'cmake_args' from command line to 'None'
[0.948s] Level 5:colcon.colcon_core.verb:set package 'first_package' build argument 'cmake_target' from command line to 'None'
[0.948s] Level 5:colcon.colcon_core.verb:set package 'first_package' build argument 'cmake_target_skip_unavailable' from command line to 'False'
[0.948s] Level 5:colcon.colcon_core.verb:set package 'first_package' build argument 'cmake_clean_cache' from command line to 'False'
[0.948s] Level 5:colcon.colcon_core.verb:set package 'first_package' build argument 'cmake_clean_first' from command line to 'False'
[0.948s] Level 5:colcon.colcon_core.verb:set package 'first_package' build argument 'cmake_force_configure' from command line to 'False'
[0.948s] Level 5:colcon.colcon_core.verb:set package 'first_package' build argument 'ament_cmake_args' from command line to 'None'
[0.948s] Level 5:colcon.colcon_core.verb:set package 'first_package' build argument 'catkin_cmake_args' from command line to 'None'
[0.948s] Level 5:colcon.colcon_core.verb:set package 'first_package' build argument 'catkin_skip_building_tests' from command line to 'False'
[0.948s] DEBUG:colcon.colcon_core.verb:Building package 'first_package' with the following arguments: {'ament_cmake_args': None, 'build_base': '/home/iliass/ros2_athens_ws/build/first_package', 'catkin_cmake_args': None, 'catkin_skip_building_tests': False, 'cmake_args': None, 'cmake_clean_cache': False, 'cmake_clean_first': False, 'cmake_force_configure': False, 'cmake_target': None, 'cmake_target_skip_unavailable': False, 'install_base': '/home/iliass/ros2_athens_ws/install/first_package', 'merge_install': False, 'path': '/home/iliass/ros2_athens_ws/src/first_package', 'symlink_install': False, 'test_result_base': None}
[0.948s] Level 5:colcon.colcon_core.verb:set package 'stm_station' build argument 'cmake_args' from command line to 'None'
[0.948s] Level 5:colcon.colcon_core.verb:set package 'stm_station' build argument 'cmake_target' from command line to 'None'
[0.948s] Level 5:colcon.colcon_core.verb:set package 'stm_station' build argument 'cmake_target_skip_unavailable' from command line to 'False'
[0.948s] Level 5:colcon.colcon_core.verb:set package 'stm_station' build argument 'cmake_clean_cache' from command line to 'False'
[0.949s] Level 5:colcon.colcon_core.verb:set package 'stm_station' build argument 'cmake_clean_first' from command line to 'False'
[0.949s] Level 5:colcon.colcon_core.verb:set package 'stm_station' build argument 'cmake_force_configure' from command line to 'False'
[0.949s] Level 5:colcon.colcon_core.verb:set package 'stm_station' build argument 'ament_cmake_args' from command line to 'None'
[0.949s] Level 5:colcon.colcon_core.verb:set package 'stm_station' build argument 'catkin_cmake_args' from command line to 'None'
[0.949s] Level 5:colcon.colcon_core.verb:set package 'stm_station' build argument 'catkin_skip_building_tests' from command line to 'False'
[0.949s] DEBUG:colcon.colcon_core.verb:Building package 'stm_station' with the following arguments: {'ament_cmake_args': None, 'build_base': '/home/iliass/ros2_athens_ws/build/stm_station', 'catkin_cmake_args': None, 'catkin_skip_building_tests': False, 'cmake_args': None, 'cmake_clean_cache': False, 'cmake_clean_first': False, 'cmake_force_configure': False, 'cmake_target': None, 'cmake_target_skip_unavailable': False, 'install_base': '/home/iliass/ros2_athens_ws/install/stm_station', 'merge_install': False, 'path': '/home/iliass/ros2_athens_ws/src/stm_station', 'symlink_install': False, 'test_result_base': None}
[0.949s] INFO:colcon.colcon_core.executor:Executing jobs using 'parallel' executor
[0.950s] DEBUG:colcon.colcon_parallel_executor.executor.parallel:run_until_complete
[0.950s] INFO:colcon.colcon_ros.task.ament_cmake.build:Building ROS package in '/home/iliass/ros2_athens_ws/src/first_interfaces' with build type 'ament_cmake'
[0.950s] INFO:colcon.colcon_cmake.task.cmake.build:Building CMake package in '/home/iliass/ros2_athens_ws/src/first_interfaces'
[0.953s] INFO:colcon.colcon_core.plugin_system:Skipping extension 'colcon_core.shell.bat': Not used on non-Windows systems
[0.953s] INFO:colcon.colcon_core.shell:Skip shell extension 'powershell' for command environment: Not usable outside of PowerShell
[0.953s] DEBUG:colcon.colcon_core.shell:Skip shell extension 'dsv' for command environment
[0.958s] INFO:colcon.colcon_ros.task.ament_cmake.build:Building ROS package in '/home/iliass/ros2_athens_ws/src/stm_interfaces' with build type 'ament_cmake'
[0.958s] INFO:colcon.colcon_cmake.task.cmake.build:Building CMake package in '/home/iliass/ros2_athens_ws/src/stm_interfaces'
[0.958s] INFO:colcon.colcon_core.shell:Skip shell extension 'powershell' for command environment: Not usable outside of PowerShell
[0.959s] DEBUG:colcon.colcon_core.shell:Skip shell extension 'dsv' for command environment
[0.969s] DEBUG:colcon.colcon_core.event_handler.log_command:Invoking command in '/home/iliass/ros2_athens_ws/build/first_interfaces': CMAKE_PREFIX_PATH=${CMAKE_PREFIX_PATH}:/home/iliass/ros2_athens_ws/install/stm_station:/home/iliass/ros2_athens_ws/install/first_package:/opt/ros/foxy /usr/bin/cmake --build /home/iliass/ros2_athens_ws/build/first_interfaces -- -j16 -l16
[0.976s] DEBUG:colcon.colcon_core.event_handler.log_command:Invoking command in '/home/iliass/ros2_athens_ws/build/stm_interfaces': CMAKE_PREFIX_PATH=${CMAKE_PREFIX_PATH}:/home/iliass/ros2_athens_ws/install/stm_station:/home/iliass/ros2_athens_ws/install/first_package:/opt/ros/foxy /usr/bin/cmake --build /home/iliass/ros2_athens_ws/build/stm_interfaces -- -j16 -l16
[1.182s] DEBUG:colcon.colcon_core.event_handler.log_command:Invoked command in '/home/iliass/ros2_athens_ws/build/first_interfaces' returned '0': CMAKE_PREFIX_PATH=${CMAKE_PREFIX_PATH}:/home/iliass/ros2_athens_ws/install/stm_station:/home/iliass/ros2_athens_ws/install/first_package:/opt/ros/foxy /usr/bin/cmake --build /home/iliass/ros2_athens_ws/build/first_interfaces -- -j16 -l16
[1.248s] DEBUG:colcon.colcon_core.event_handler.log_command:Invoking command in '/home/iliass/ros2_athens_ws/build/first_interfaces': CMAKE_PREFIX_PATH=${CMAKE_PREFIX_PATH}:/home/iliass/ros2_athens_ws/install/stm_station:/home/iliass/ros2_athens_ws/install/first_package:/opt/ros/foxy /usr/bin/cmake --install /home/iliass/ros2_athens_ws/build/first_interfaces
[1.308s] Level 1:colcon.colcon_core.environment:create_environment_scripts_only(first_interfaces)
[1.309s] DEBUG:colcon.colcon_core.event_handler.log_command:Invoked command in '/home/iliass/ros2_athens_ws/build/first_interfaces' returned '0': CMAKE_PREFIX_PATH=${CMAKE_PREFIX_PATH}:/home/iliass/ros2_athens_ws/install/stm_station:/home/iliass/ros2_athens_ws/install/first_package:/opt/ros/foxy /usr/bin/cmake --install /home/iliass/ros2_athens_ws/build/first_interfaces
[1.311s] Level 1:colcon.colcon_core.environment:checking '/home/iliass/ros2_athens_ws/install/first_interfaces' for CMake module files
[1.311s] Level 1:colcon.colcon_core.environment:checking '/home/iliass/ros2_athens_ws/install/first_interfaces' for CMake config files
[1.312s] Level 1:colcon.colcon_core.shell:create_environment_hook('first_interfaces', 'cmake_prefix_path')
[1.312s] INFO:colcon.colcon_core.shell:Creating environment hook '/home/iliass/ros2_athens_ws/install/first_interfaces/share/first_interfaces/hook/cmake_prefix_path.ps1'
[1.313s] INFO:colcon.colcon_core.shell:Creating environment descriptor '/home/iliass/ros2_athens_ws/install/first_interfaces/share/first_interfaces/hook/cmake_prefix_path.dsv'
[1.313s] INFO:colcon.colcon_core.shell:Creating environment hook '/home/iliass/ros2_athens_ws/install/first_interfaces/share/first_interfaces/hook/cmake_prefix_path.sh'
[1.314s] Level 1:colcon.colcon_core.environment:checking '/home/iliass/ros2_athens_ws/install/first_interfaces/lib'
[1.315s] Level 1:colcon.colcon_core.shell:create_environment_hook('first_interfaces', 'ld_library_path_lib')
[1.315s] INFO:colcon.colcon_core.shell:Creating environment hook '/home/iliass/ros2_athens_ws/install/first_interfaces/share/first_interfaces/hook/ld_library_path_lib.ps1'
[1.315s] INFO:colcon.colcon_core.shell:Creating environment descriptor '/home/iliass/ros2_athens_ws/install/first_interfaces/share/first_interfaces/hook/ld_library_path_lib.dsv'
[1.316s] INFO:colcon.colcon_core.shell:Creating environment hook '/home/iliass/ros2_athens_ws/install/first_interfaces/share/first_interfaces/hook/ld_library_path_lib.sh'
[1.316s] Level 1:colcon.colcon_core.environment:checking '/home/iliass/ros2_athens_ws/install/first_interfaces/bin'
[1.316s] Level 1:colcon.colcon_core.environment:checking '/home/iliass/ros2_athens_ws/install/first_interfaces/lib/pkgconfig/first_interfaces.pc'
[1.317s] Level 1:colcon.colcon_core.environment:checking '/home/iliass/ros2_athens_ws/install/first_interfaces/lib/python3.8/site-packages'
[1.317s] Level 1:colcon.colcon_core.shell:create_environment_hook('first_interfaces', 'pythonpath')
[1.317s] INFO:colcon.colcon_core.shell:Creating environment hook '/home/iliass/ros2_athens_ws/install/first_interfaces/share/first_interfaces/hook/pythonpath.ps1'
[1.317s] INFO:colcon.colcon_core.shell:Creating environment descriptor '/home/iliass/ros2_athens_ws/install/first_interfaces/share/first_interfaces/hook/pythonpath.dsv'
[1.318s] INFO:colcon.colcon_core.shell:Creating environment hook '/home/iliass/ros2_athens_ws/install/first_interfaces/share/first_interfaces/hook/pythonpath.sh'
[1.318s] Level 1:colcon.colcon_core.environment:checking '/home/iliass/ros2_athens_ws/install/first_interfaces/bin'
[1.319s] INFO:colcon.colcon_core.shell:Creating package script '/home/iliass/ros2_athens_ws/install/first_interfaces/share/first_interfaces/package.ps1'
[1.320s] INFO:colcon.colcon_core.shell:Creating package descriptor '/home/iliass/ros2_athens_ws/install/first_interfaces/share/first_interfaces/package.dsv'
[1.321s] INFO:colcon.colcon_core.shell:Creating package script '/home/iliass/ros2_athens_ws/install/first_interfaces/share/first_interfaces/package.sh'
[1.321s] INFO:colcon.colcon_core.shell:Creating package script '/home/iliass/ros2_athens_ws/install/first_interfaces/share/first_interfaces/package.bash'
[1.322s] INFO:colcon.colcon_core.shell:Creating package script '/home/iliass/ros2_athens_ws/install/first_interfaces/share/first_interfaces/package.zsh'
[1.323s] Level 1:colcon.colcon_core.environment:create_file_with_runtime_dependencies(/home/iliass/ros2_athens_ws/install/first_interfaces/share/colcon-core/packages/first_interfaces)
[1.375s] Level 1:colcon.colcon_core.environment:create_environment_scripts_only(first_interfaces)
[1.376s] Level 1:colcon.colcon_core.environment:checking '/home/iliass/ros2_athens_ws/install/first_interfaces' for CMake module files
[1.376s] Level 1:colcon.colcon_core.environment:checking '/home/iliass/ros2_athens_ws/install/first_interfaces' for CMake config files
[1.377s] Level 1:colcon.colcon_core.shell:create_environment_hook('first_interfaces', 'cmake_prefix_path')
[1.377s] INFO:colcon.colcon_core.shell:Creating environment hook '/home/iliass/ros2_athens_ws/install/first_interfaces/share/first_interfaces/hook/cmake_prefix_path.ps1'
[1.377s] INFO:colcon.colcon_core.shell:Creating environment descriptor '/home/iliass/ros2_athens_ws/install/first_interfaces/share/first_interfaces/hook/cmake_prefix_path.dsv'
[1.378s] INFO:colcon.colcon_core.shell:Creating environment hook '/home/iliass/ros2_athens_ws/install/first_interfaces/share/first_interfaces/hook/cmake_prefix_path.sh'
[1.378s] Level 1:colcon.colcon_core.environment:checking '/home/iliass/ros2_athens_ws/install/first_interfaces/lib'
[1.378s] Level 1:colcon.colcon_core.shell:create_environment_hook('first_interfaces', 'ld_library_path_lib')
[1.378s] INFO:colcon.colcon_core.shell:Creating environment hook '/home/iliass/ros2_athens_ws/install/first_interfaces/share/first_interfaces/hook/ld_library_path_lib.ps1'
[1.379s] INFO:colcon.colcon_core.shell:Creating environment descriptor '/home/iliass/ros2_athens_ws/install/first_interfaces/share/first_interfaces/hook/ld_library_path_lib.dsv'
[1.379s] INFO:colcon.colcon_core.shell:Creating environment hook '/home/iliass/ros2_athens_ws/install/first_interfaces/share/first_interfaces/hook/ld_library_path_lib.sh'
[1.379s] Level 1:colcon.colcon_core.environment:checking '/home/iliass/ros2_athens_ws/install/first_interfaces/bin'
[1.379s] Level 1:colcon.colcon_core.environment:checking '/home/iliass/ros2_athens_ws/install/first_interfaces/lib/pkgconfig/first_interfaces.pc'
[1.380s] Level 1:colcon.colcon_core.environment:checking '/home/iliass/ros2_athens_ws/install/first_interfaces/lib/python3.8/site-packages'
[1.380s] Level 1:colcon.colcon_core.shell:create_environment_hook('first_interfaces', 'pythonpath')
[1.380s] INFO:colcon.colcon_core.shell:Creating environment hook '/home/iliass/ros2_athens_ws/install/first_interfaces/share/first_interfaces/hook/pythonpath.ps1'
[1.380s] INFO:colcon.colcon_core.shell:Creating environment descriptor '/home/iliass/ros2_athens_ws/install/first_interfaces/share/first_interfaces/hook/pythonpath.dsv'
[1.380s] INFO:colcon.colcon_core.shell:Creating environment hook '/home/iliass/ros2_athens_ws/install/first_interfaces/share/first_interfaces/hook/pythonpath.sh'
[1.381s] Level 1:colcon.colcon_core.environment:checking '/home/iliass/ros2_athens_ws/install/first_interfaces/bin'
[1.381s] INFO:colcon.colcon_core.shell:Creating package script '/home/iliass/ros2_athens_ws/install/first_interfaces/share/first_interfaces/package.ps1'
[1.382s] INFO:colcon.colcon_core.shell:Creating package descriptor '/home/iliass/ros2_athens_ws/install/first_interfaces/share/first_interfaces/package.dsv'
[1.382s] INFO:colcon.colcon_core.shell:Creating package script '/home/iliass/ros2_athens_ws/install/first_interfaces/share/first_interfaces/package.sh'
[1.383s] INFO:colcon.colcon_core.shell:Creating package script '/home/iliass/ros2_athens_ws/install/first_interfaces/share/first_interfaces/package.bash'
[1.383s] INFO:colcon.colcon_core.shell:Creating package script '/home/iliass/ros2_athens_ws/install/first_interfaces/share/first_interfaces/package.zsh'
[1.383s] Level 1:colcon.colcon_core.environment:create_file_with_runtime_dependencies(/home/iliass/ros2_athens_ws/install/first_interfaces/share/colcon-core/packages/first_interfaces)
[1.384s] INFO:colcon.colcon_ros.task.ament_python.build:Building ROS package in '/home/iliass/ros2_athens_ws/src/first_package' with build type 'ament_python'
[1.384s] Level 1:colcon.colcon_core.shell:create_environment_hook('first_package', 'ament_prefix_path')
[1.385s] INFO:colcon.colcon_core.shell:Creating environment hook '/home/iliass/ros2_athens_ws/install/first_package/share/first_package/hook/ament_prefix_path.ps1'
[1.386s] INFO:colcon.colcon_core.shell:Creating environment descriptor '/home/iliass/ros2_athens_ws/install/first_package/share/first_package/hook/ament_prefix_path.dsv'
[1.387s] INFO:colcon.colcon_core.shell:Creating environment hook '/home/iliass/ros2_athens_ws/install/first_package/share/first_package/hook/ament_prefix_path.sh'
[1.388s] INFO:colcon.colcon_core.shell:Skip shell extension 'powershell' for command environment: Not usable outside of PowerShell
[1.388s] DEBUG:colcon.colcon_core.shell:Skip shell extension 'dsv' for command environment
[1.689s] INFO:colcon.colcon_core.task.python.build:Building Python package in '/home/iliass/ros2_athens_ws/src/first_package'
[1.689s] INFO:colcon.colcon_core.shell:Skip shell extension 'powershell' for command environment: Not usable outside of PowerShell
[1.689s] DEBUG:colcon.colcon_core.shell:Skip shell extension 'dsv' for command environment
[2.124s] DEBUG:colcon.colcon_core.event_handler.log_command:Invoking command in '/home/iliass/ros2_athens_ws/src/first_package': CMAKE_PREFIX_PATH=/home/iliass/ros2_athens_ws/install/first_interfaces:/home/iliass/ros2_athens_ws/install/stm_interfaces LD_LIBRARY_PATH=/home/iliass/ros2_athens_ws/install/first_interfaces/lib:/home/iliass/ros2_athens_ws/install/stm_interfaces/lib:/opt/ros/foxy/opt/yaml_cpp_vendor/lib:/opt/ros/foxy/opt/rviz_ogre_vendor/lib:/opt/ros/foxy/lib/x86_64-linux-gnu:/opt/ros/foxy/lib PYTHONPATH=/home/iliass/ros2_athens_ws/build/first_package/prefix_override:/usr/lib/python3/dist-packages/colcon_core/task/python/colcon_distutils_commands:/home/iliass/ros2_athens_ws/install/first_package/lib/python3.8/site-packages:/home/iliass/ros2_athens_ws/install/first_interfaces/lib/python3.8/site-packages:/home/iliass/ros2_athens_ws/install/stm_station/lib/python3.8/site-packages:/home/iliass/ros2_athens_ws/install/stm_interfaces/lib/python3.8/site-packages:/home/iliass/ros2_athens_ws/install/first_package/lib/python3.8/site-packages:/opt/ros/foxy/lib/python3.8/site-packages /usr/bin/python3 -W ignore:setup.py install is deprecated setup.py egg_info --egg-base ../../build/first_package build --build-base /home/iliass/ros2_athens_ws/build/first_package/build install --record /home/iliass/ros2_athens_ws/build/first_package/install.log --install-scripts $base/lib/first_package --single-version-externally-managed install_data
[2.382s] Level 1:colcon.colcon_core.environment:checking '/home/iliass/ros2_athens_ws/install/first_package' for CMake module files
[2.383s] DEBUG:colcon.colcon_core.event_handler.log_command:Invoked command in '/home/iliass/ros2_athens_ws/src/first_package' returned '0': CMAKE_PREFIX_PATH=/home/iliass/ros2_athens_ws/install/first_interfaces:/home/iliass/ros2_athens_ws/install/stm_interfaces LD_LIBRARY_PATH=/home/iliass/ros2_athens_ws/install/first_interfaces/lib:/home/iliass/ros2_athens_ws/install/stm_interfaces/lib:/opt/ros/foxy/opt/yaml_cpp_vendor/lib:/opt/ros/foxy/opt/rviz_ogre_vendor/lib:/opt/ros/foxy/lib/x86_64-linux-gnu:/opt/ros/foxy/lib PYTHONPATH=/home/iliass/ros2_athens_ws/build/first_package/prefix_override:/usr/lib/python3/dist-packages/colcon_core/task/python/colcon_distutils_commands:/home/iliass/ros2_athens_ws/install/first_package/lib/python3.8/site-packages:/home/iliass/ros2_athens_ws/install/first_interfaces/lib/python3.8/site-packages:/home/iliass/ros2_athens_ws/install/stm_station/lib/python3.8/site-packages:/home/iliass/ros2_athens_ws/install/stm_interfaces/lib/python3.8/site-packages:/home/iliass/ros2_athens_ws/install/first_package/lib/python3.8/site-packages:/opt/ros/foxy/lib/python3.8/site-packages /usr/bin/python3 -W ignore:setup.py install is deprecated setup.py egg_info --egg-base ../../build/first_package build --build-base /home/iliass/ros2_athens_ws/build/first_package/build install --record /home/iliass/ros2_athens_ws/build/first_package/install.log --install-scripts $base/lib/first_package --single-version-externally-managed install_data
[2.383s] Level 1:colcon.colcon_core.environment:checking '/home/iliass/ros2_athens_ws/install/first_package' for CMake config files
[2.384s] Level 1:colcon.colcon_core.environment:checking '/home/iliass/ros2_athens_ws/install/first_package/lib'
[2.384s] Level 1:colcon.colcon_core.environment:checking '/home/iliass/ros2_athens_ws/install/first_package/bin'
[2.384s] Level 1:colcon.colcon_core.environment:checking '/home/iliass/ros2_athens_ws/install/first_package/lib/pkgconfig/first_package.pc'
[2.384s] Level 1:colcon.colcon_core.environment:checking '/home/iliass/ros2_athens_ws/install/first_package/lib/python3.8/site-packages'
[2.384s] Level 1:colcon.colcon_core.shell:create_environment_hook('first_package', 'pythonpath')
[2.385s] INFO:colcon.colcon_core.shell:Creating environment hook '/home/iliass/ros2_athens_ws/install/first_package/share/first_package/hook/pythonpath.ps1'
[2.385s] INFO:colcon.colcon_core.shell:Creating environment descriptor '/home/iliass/ros2_athens_ws/install/first_package/share/first_package/hook/pythonpath.dsv'
[2.385s] INFO:colcon.colcon_core.shell:Creating environment hook '/home/iliass/ros2_athens_ws/install/first_package/share/first_package/hook/pythonpath.sh'
[2.386s] Level 1:colcon.colcon_core.environment:checking '/home/iliass/ros2_athens_ws/install/first_package/bin'
[2.386s] Level 1:colcon.colcon_core.environment:create_environment_scripts_only(first_package)
[2.386s] INFO:colcon.colcon_core.shell:Creating package script '/home/iliass/ros2_athens_ws/install/first_package/share/first_package/package.ps1'
[2.387s] INFO:colcon.colcon_core.shell:Creating package descriptor '/home/iliass/ros2_athens_ws/install/first_package/share/first_package/package.dsv'
[2.387s] INFO:colcon.colcon_core.shell:Creating package script '/home/iliass/ros2_athens_ws/install/first_package/share/first_package/package.sh'
[2.387s] INFO:colcon.colcon_core.shell:Creating package script '/home/iliass/ros2_athens_ws/install/first_package/share/first_package/package.bash'
[2.388s] INFO:colcon.colcon_core.shell:Creating package script '/home/iliass/ros2_athens_ws/install/first_package/share/first_package/package.zsh'
[2.388s] Level 1:colcon.colcon_core.environment:create_file_with_runtime_dependencies(/home/iliass/ros2_athens_ws/install/first_package/share/colcon-core/packages/first_package)
[53.110s] DEBUG:colcon.colcon_core.event_handler.log_command:Invoked command in '/home/iliass/ros2_athens_ws/build/stm_interfaces' returned '0': CMAKE_PREFIX_PATH=${CMAKE_PREFIX_PATH}:/home/iliass/ros2_athens_ws/install/stm_station:/home/iliass/ros2_athens_ws/install/first_package:/opt/ros/foxy /usr/bin/cmake --build /home/iliass/ros2_athens_ws/build/stm_interfaces -- -j16 -l16
[53.482s] DEBUG:colcon.colcon_core.event_handler.log_command:Invoking command in '/home/iliass/ros2_athens_ws/build/stm_interfaces': CMAKE_PREFIX_PATH=${CMAKE_PREFIX_PATH}:/home/iliass/ros2_athens_ws/install/stm_station:/home/iliass/ros2_athens_ws/install/first_package:/opt/ros/foxy /usr/bin/cmake --install /home/iliass/ros2_athens_ws/build/stm_interfaces
[53.546s] Level 1:colcon.colcon_core.environment:create_environment_scripts_only(stm_interfaces)
[53.547s] DEBUG:colcon.colcon_core.event_handler.log_command:Invoked command in '/home/iliass/ros2_athens_ws/build/stm_interfaces' returned '0': CMAKE_PREFIX_PATH=${CMAKE_PREFIX_PATH}:/home/iliass/ros2_athens_ws/install/stm_station:/home/iliass/ros2_athens_ws/install/first_package:/opt/ros/foxy /usr/bin/cmake --install /home/iliass/ros2_athens_ws/build/stm_interfaces
[53.547s] Level 1:colcon.colcon_core.environment:checking '/home/iliass/ros2_athens_ws/install/stm_interfaces' for CMake module files
[53.548s] Level 1:colcon.colcon_core.environment:checking '/home/iliass/ros2_athens_ws/install/stm_interfaces' for CMake config files
[53.548s] Level 1:colcon.colcon_core.shell:create_environment_hook('stm_interfaces', 'cmake_prefix_path')
[53.549s] INFO:colcon.colcon_core.shell:Creating environment hook '/home/iliass/ros2_athens_ws/install/stm_interfaces/share/stm_interfaces/hook/cmake_prefix_path.ps1'
[53.549s] INFO:colcon.colcon_core.shell:Creating environment descriptor '/home/iliass/ros2_athens_ws/install/stm_interfaces/share/stm_interfaces/hook/cmake_prefix_path.dsv'
[53.550s] INFO:colcon.colcon_core.shell:Creating environment hook '/home/iliass/ros2_athens_ws/install/stm_interfaces/share/stm_interfaces/hook/cmake_prefix_path.sh'
[53.551s] Level 1:colcon.colcon_core.environment:checking '/home/iliass/ros2_athens_ws/install/stm_interfaces/lib'
[53.551s] Level 1:colcon.colcon_core.shell:create_environment_hook('stm_interfaces', 'ld_library_path_lib')
[53.551s] INFO:colcon.colcon_core.shell:Creating environment hook '/home/iliass/ros2_athens_ws/install/stm_interfaces/share/stm_interfaces/hook/ld_library_path_lib.ps1'
[53.552s] INFO:colcon.colcon_core.shell:Creating environment descriptor '/home/iliass/ros2_athens_ws/install/stm_interfaces/share/stm_interfaces/hook/ld_library_path_lib.dsv'
[53.552s] INFO:colcon.colcon_core.shell:Creating environment hook '/home/iliass/ros2_athens_ws/install/stm_interfaces/share/stm_interfaces/hook/ld_library_path_lib.sh'
[53.553s] Level 1:colcon.colcon_core.environment:checking '/home/iliass/ros2_athens_ws/install/stm_interfaces/bin'
[53.553s] Level 1:colcon.colcon_core.environment:checking '/home/iliass/ros2_athens_ws/install/stm_interfaces/lib/pkgconfig/stm_interfaces.pc'
[53.553s] Level 1:colcon.colcon_core.environment:checking '/home/iliass/ros2_athens_ws/install/stm_interfaces/lib/python3.8/site-packages'
[53.553s] Level 1:colcon.colcon_core.shell:create_environment_hook('stm_interfaces', 'pythonpath')
[53.553s] INFO:colcon.colcon_core.shell:Creating environment hook '/home/iliass/ros2_athens_ws/install/stm_interfaces/share/stm_interfaces/hook/pythonpath.ps1'
[53.554s] INFO:colcon.colcon_core.shell:Creating environment descriptor '/home/iliass/ros2_athens_ws/install/stm_interfaces/share/stm_interfaces/hook/pythonpath.dsv'
[53.554s] INFO:colcon.colcon_core.shell:Creating environment hook '/home/iliass/ros2_athens_ws/install/stm_interfaces/share/stm_interfaces/hook/pythonpath.sh'
[53.554s] Level 1:colcon.colcon_core.environment:checking '/home/iliass/ros2_athens_ws/install/stm_interfaces/bin'
[53.555s] INFO:colcon.colcon_core.shell:Creating package script '/home/iliass/ros2_athens_ws/install/stm_interfaces/share/stm_interfaces/package.ps1'
[53.555s] INFO:colcon.colcon_core.shell:Creating package descriptor '/home/iliass/ros2_athens_ws/install/stm_interfaces/share/stm_interfaces/package.dsv'
[53.556s] INFO:colcon.colcon_core.shell:Creating package script '/home/iliass/ros2_athens_ws/install/stm_interfaces/share/stm_interfaces/package.sh'
[53.556s] INFO:colcon.colcon_core.shell:Creating package script '/home/iliass/ros2_athens_ws/install/stm_interfaces/share/stm_interfaces/package.bash'
[53.557s] INFO:colcon.colcon_core.shell:Creating package script '/home/iliass/ros2_athens_ws/install/stm_interfaces/share/stm_interfaces/package.zsh'
[53.557s] Level 1:colcon.colcon_core.environment:create_file_with_runtime_dependencies(/home/iliass/ros2_athens_ws/install/stm_interfaces/share/colcon-core/packages/stm_interfaces)
[53.766s] Level 1:colcon.colcon_core.environment:create_environment_scripts_only(stm_interfaces)
[53.766s] Level 1:colcon.colcon_core.environment:checking '/home/iliass/ros2_athens_ws/install/stm_interfaces' for CMake module files
[53.767s] Level 1:colcon.colcon_core.environment:checking '/home/iliass/ros2_athens_ws/install/stm_interfaces' for CMake config files
[53.768s] Level 1:colcon.colcon_core.shell:create_environment_hook('stm_interfaces', 'cmake_prefix_path')
[53.768s] INFO:colcon.colcon_core.shell:Creating environment hook '/home/iliass/ros2_athens_ws/install/stm_interfaces/share/stm_interfaces/hook/cmake_prefix_path.ps1'
[53.769s] INFO:colcon.colcon_core.shell:Creating environment descriptor '/home/iliass/ros2_athens_ws/install/stm_interfaces/share/stm_interfaces/hook/cmake_prefix_path.dsv'
[53.769s] INFO:colcon.colcon_core.shell:Creating environment hook '/home/iliass/ros2_athens_ws/install/stm_interfaces/share/stm_interfaces/hook/cmake_prefix_path.sh'
[53.770s] Level 1:colcon.colcon_core.environment:checking '/home/iliass/ros2_athens_ws/install/stm_interfaces/lib'
[53.771s] Level 1:colcon.colcon_core.shell:create_environment_hook('stm_interfaces', 'ld_library_path_lib')
[53.771s] INFO:colcon.colcon_core.shell:Creating environment hook '/home/iliass/ros2_athens_ws/install/stm_interfaces/share/stm_interfaces/hook/ld_library_path_lib.ps1'
[53.772s] INFO:colcon.colcon_core.shell:Creating environment descriptor '/home/iliass/ros2_athens_ws/install/stm_interfaces/share/stm_interfaces/hook/ld_library_path_lib.dsv'
[53.772s] INFO:colcon.colcon_core.shell:Creating environment hook '/home/iliass/ros2_athens_ws/install/stm_interfaces/share/stm_interfaces/hook/ld_library_path_lib.sh'
[53.772s] Level 1:colcon.colcon_core.environment:checking '/home/iliass/ros2_athens_ws/install/stm_interfaces/bin'
[53.773s] Level 1:colcon.colcon_core.environment:checking '/home/iliass/ros2_athens_ws/install/stm_interfaces/lib/pkgconfig/stm_interfaces.pc'
[53.773s] Level 1:colcon.colcon_core.environment:checking '/home/iliass/ros2_athens_ws/install/stm_interfaces/lib/python3.8/site-packages'
[53.773s] Level 1:colcon.colcon_core.shell:create_environment_hook('stm_interfaces', 'pythonpath')
[53.773s] INFO:colcon.colcon_core.shell:Creating environment hook '/home/iliass/ros2_athens_ws/install/stm_interfaces/share/stm_interfaces/hook/pythonpath.ps1'
[53.774s] INFO:colcon.colcon_core.shell:Creating environment descriptor '/home/iliass/ros2_athens_ws/install/stm_interfaces/share/stm_interfaces/hook/pythonpath.dsv'
[53.774s] INFO:colcon.colcon_core.shell:Creating environment hook '/home/iliass/ros2_athens_ws/install/stm_interfaces/share/stm_interfaces/hook/pythonpath.sh'
[53.774s] Level 1:colcon.colcon_core.environment:checking '/home/iliass/ros2_athens_ws/install/stm_interfaces/bin'
[53.775s] INFO:colcon.colcon_core.shell:Creating package script '/home/iliass/ros2_athens_ws/install/stm_interfaces/share/stm_interfaces/package.ps1'
[53.775s] INFO:colcon.colcon_core.shell:Creating package descriptor '/home/iliass/ros2_athens_ws/install/stm_interfaces/share/stm_interfaces/package.dsv'
[53.776s] INFO:colcon.colcon_core.shell:Creating package script '/home/iliass/ros2_athens_ws/install/stm_interfaces/share/stm_interfaces/package.sh'
[53.777s] INFO:colcon.colcon_core.shell:Creating package script '/home/iliass/ros2_athens_ws/install/stm_interfaces/share/stm_interfaces/package.bash'
[53.777s] INFO:colcon.colcon_core.shell:Creating package script '/home/iliass/ros2_athens_ws/install/stm_interfaces/share/stm_interfaces/package.zsh'
[53.778s] Level 1:colcon.colcon_core.environment:create_file_with_runtime_dependencies(/home/iliass/ros2_athens_ws/install/stm_interfaces/share/colcon-core/packages/stm_interfaces)
[53.778s] INFO:colcon.colcon_ros.task.ament_python.build:Building ROS package in '/home/iliass/ros2_athens_ws/src/stm_station' with build type 'ament_python'
[53.778s] Level 1:colcon.colcon_core.shell:create_environment_hook('stm_station', 'ament_prefix_path')
[53.779s] INFO:colcon.colcon_core.shell:Creating environment hook '/home/iliass/ros2_athens_ws/install/stm_station/share/stm_station/hook/ament_prefix_path.ps1'
[53.780s] INFO:colcon.colcon_core.shell:Creating environment descriptor '/home/iliass/ros2_athens_ws/install/stm_station/share/stm_station/hook/ament_prefix_path.dsv'
[53.782s] INFO:colcon.colcon_core.shell:Creating environment hook '/home/iliass/ros2_athens_ws/install/stm_station/share/stm_station/hook/ament_prefix_path.sh'
[53.783s] INFO:colcon.colcon_core.shell:Skip shell extension 'powershell' for command environment: Not usable outside of PowerShell
[53.783s] DEBUG:colcon.colcon_core.shell:Skip shell extension 'dsv' for command environment
[55.076s] INFO:colcon.colcon_core.task.python.build:Building Python package in '/home/iliass/ros2_athens_ws/src/stm_station'
[55.076s] INFO:colcon.colcon_core.shell:Skip shell extension 'powershell' for command environment: Not usable outside of PowerShell
[55.077s] DEBUG:colcon.colcon_core.shell:Skip shell extension 'dsv' for command environment
[57.015s] DEBUG:colcon.colcon_core.event_handler.log_command:Invoking command in '/home/iliass/ros2_athens_ws/src/stm_station': PYTHONPATH=/home/iliass/ros2_athens_ws/build/stm_station/prefix_override:/usr/lib/python3/dist-packages/colcon_core/task/python/colcon_distutils_commands:/home/iliass/ros2_athens_ws/install/stm_station/lib/python3.8/site-packages:/home/iliass/ros2_athens_ws/install/stm_interfaces/lib/python3.8/site-packages:/home/iliass/ros2_athens_ws/install/stm_station/lib/python3.8/site-packages:/home/iliass/ros2_athens_ws/install/first_package/lib/python3.8/site-packages:/home/iliass/ros2_athens_ws/install/first_interfaces/lib/python3.8/site-packages:/opt/ros/foxy/lib/python3.8/site-packages /usr/bin/python3 -W ignore:setup.py install is deprecated setup.py egg_info --egg-base ../../build/stm_station build --build-base /home/iliass/ros2_athens_ws/build/stm_station/build install --record /home/iliass/ros2_athens_ws/build/stm_station/install.log --install-scripts $base/lib/stm_station --single-version-externally-managed install_data
[57.558s] Level 1:colcon.colcon_core.environment:checking '/home/iliass/ros2_athens_ws/install/stm_station' for CMake module files
[57.559s] DEBUG:colcon.colcon_core.event_handler.log_command:Invoked command in '/home/iliass/ros2_athens_ws/src/stm_station' returned '0': PYTHONPATH=/home/iliass/ros2_athens_ws/build/stm_station/prefix_override:/usr/lib/python3/dist-packages/colcon_core/task/python/colcon_distutils_commands:/home/iliass/ros2_athens_ws/install/stm_station/lib/python3.8/site-packages:/home/iliass/ros2_athens_ws/install/stm_interfaces/lib/python3.8/site-packages:/home/iliass/ros2_athens_ws/install/stm_station/lib/python3.8/site-packages:/home/iliass/ros2_athens_ws/install/first_package/lib/python3.8/site-packages:/home/iliass/ros2_athens_ws/install/first_interfaces/lib/python3.8/site-packages:/opt/ros/foxy/lib/python3.8/site-packages /usr/bin/python3 -W ignore:setup.py install is deprecated setup.py egg_info --egg-base ../../build/stm_station build --build-base /home/iliass/ros2_athens_ws/build/stm_station/build install --record /home/iliass/ros2_athens_ws/build/stm_station/install.log --install-scripts $base/lib/stm_station --single-version-externally-managed install_data
[57.559s] Level 1:colcon.colcon_core.environment:checking '/home/iliass/ros2_athens_ws/install/stm_station' for CMake config files
[57.560s] Level 1:colcon.colcon_core.environment:checking '/home/iliass/ros2_athens_ws/install/stm_station/lib'
[57.560s] Level 1:colcon.colcon_core.environment:checking '/home/iliass/ros2_athens_ws/install/stm_station/bin'
[57.560s] Level 1:colcon.colcon_core.environment:checking '/home/iliass/ros2_athens_ws/install/stm_station/lib/pkgconfig/stm_station.pc'
[57.560s] Level 1:colcon.colcon_core.environment:checking '/home/iliass/ros2_athens_ws/install/stm_station/lib/python3.8/site-packages'
[57.560s] Level 1:colcon.colcon_core.shell:create_environment_hook('stm_station', 'pythonpath')
[57.561s] INFO:colcon.colcon_core.shell:Creating environment hook '/home/iliass/ros2_athens_ws/install/stm_station/share/stm_station/hook/pythonpath.ps1'
[57.561s] INFO:colcon.colcon_core.shell:Creating environment descriptor '/home/iliass/ros2_athens_ws/install/stm_station/share/stm_station/hook/pythonpath.dsv'
[57.562s] INFO:colcon.colcon_core.shell:Creating environment hook '/home/iliass/ros2_athens_ws/install/stm_station/share/stm_station/hook/pythonpath.sh'
[57.562s] Level 1:colcon.colcon_core.environment:checking '/home/iliass/ros2_athens_ws/install/stm_station/bin'
[57.562s] Level 1:colcon.colcon_core.environment:create_environment_scripts_only(stm_station)
[57.562s] INFO:colcon.colcon_core.shell:Creating package script '/home/iliass/ros2_athens_ws/install/stm_station/share/stm_station/package.ps1'
[57.563s] INFO:colcon.colcon_core.shell:Creating package descriptor '/home/iliass/ros2_athens_ws/install/stm_station/share/stm_station/package.dsv'
[57.563s] INFO:colcon.colcon_core.shell:Creating package script '/home/iliass/ros2_athens_ws/install/stm_station/share/stm_station/package.sh'
[57.564s] INFO:colcon.colcon_core.shell:Creating package script '/home/iliass/ros2_athens_ws/install/stm_station/share/stm_station/package.bash'
[57.564s] INFO:colcon.colcon_core.shell:Creating package script '/home/iliass/ros2_athens_ws/install/stm_station/share/stm_station/package.zsh'
[57.564s] Level 1:colcon.colcon_core.environment:create_file_with_runtime_dependencies(/home/iliass/ros2_athens_ws/install/stm_station/share/colcon-core/packages/stm_station)
[57.565s] DEBUG:colcon.colcon_parallel_executor.executor.parallel:closing loop
[57.566s] DEBUG:colcon.colcon_parallel_executor.executor.parallel:loop closed
[57.566s] DEBUG:colcon.colcon_parallel_executor.executor.parallel:run_until_complete finished with '0'
[57.566s] DEBUG:colcon.colcon_core.event_reactor:joining thread
[57.619s] INFO:colcon.colcon_core.plugin_system:Skipping extension 'colcon_notification.desktop_notification.notify_send': Could not find 'notify-send'
[57.619s] INFO:colcon.colcon_core.plugin_system:Skipping extension 'colcon_notification.desktop_notification.terminal_notifier': Not used on non-Darwin systems
[57.619s] INFO:colcon.colcon_core.plugin_system:Skipping extension 'colcon_notification.desktop_notification.win32': Not used on non-Windows systems
[57.619s] INFO:colcon.colcon_notification.desktop_notification:Sending desktop notification using 'notify2'
[57.620s] DEBUG:colcon.colcon_notification.desktop_notification.notify2:Failed to initialize notify2: org.freedesktop.DBus.Error.ServiceUnknown: The name org.freedesktop.Notifications was not provided by any .service files
[57.621s] DEBUG:colcon.colcon_core.event_reactor:joined thread
[57.621s] INFO:colcon.colcon_core.shell:Creating prefix script '/home/iliass/ros2_athens_ws/install/local_setup.ps1'
[57.622s] INFO:colcon.colcon_core.shell:Creating prefix util module '/home/iliass/ros2_athens_ws/install/_local_setup_util_ps1.py'
[57.623s] INFO:colcon.colcon_core.shell:Creating prefix chain script '/home/iliass/ros2_athens_ws/install/setup.ps1'
[57.624s] INFO:colcon.colcon_core.shell:Creating prefix script '/home/iliass/ros2_athens_ws/install/local_setup.sh'
[57.625s] INFO:colcon.colcon_core.shell:Creating prefix util module '/home/iliass/ros2_athens_ws/install/_local_setup_util_sh.py'
[57.625s] INFO:colcon.colcon_core.shell:Creating prefix chain script '/home/iliass/ros2_athens_ws/install/setup.sh'
[57.626s] INFO:colcon.colcon_core.shell:Creating prefix script '/home/iliass/ros2_athens_ws/install/local_setup.bash'
[57.626s] INFO:colcon.colcon_core.shell:Creating prefix chain script '/home/iliass/ros2_athens_ws/install/setup.bash'
[57.627s] INFO:colcon.colcon_core.shell:Creating prefix script '/home/iliass/ros2_athens_ws/install/local_setup.zsh'
[57.628s] INFO:colcon.colcon_core.shell:Creating prefix chain script '/home/iliass/ros2_athens_ws/install/setup.zsh'
