[0.022s] Invoking command in '/home/iliass/ros2_athens_ws/build/first_interfaces': CMAKE_PREFIX_PATH=${CMAKE_PREFIX_PATH}:/home/iliass/ros2_athens_ws/install/stm_station:/home/iliass/ros2_athens_ws/install/first_package:/opt/ros/foxy /usr/bin/cmake --build /home/iliass/ros2_athens_ws/build/first_interfaces -- -j16 -l16
[0.034s] make[1]: Entering directory '/home/iliass/ros2_athens_ws/build/first_interfaces'
[0.054s] make[2]: Entering directory '/home/iliass/ros2_athens_ws/build/first_interfaces'
[0.055s] make[3]: Entering directory '/home/iliass/ros2_athens_ws/build/first_interfaces'
[0.056s] make[3]: Entering directory '/home/iliass/ros2_athens_ws/build/first_interfaces'
[0.066s] make[3]: Leaving directory '/home/iliass/ros2_athens_ws/build/first_interfaces'
[0.066s] make[3]: Leaving directory '/home/iliass/ros2_athens_ws/build/first_interfaces'
[0.076s] [  3%] Built target first_interfaces__cpp
[0.077s] [ 12%] Built target first_interfaces__rosidl_generator_c
[0.079s] make[3]: Entering directory '/home/iliass/ros2_athens_ws/build/first_interfaces'
[0.079s] make[3]: Entering directory '/home/iliass/ros2_athens_ws/build/first_interfaces'
[0.079s] make[3]: Entering directory '/home/iliass/ros2_athens_ws/build/first_interfaces'
[0.081s] make[3]: Entering directory '/home/iliass/ros2_athens_ws/build/first_interfaces'
[0.081s] make[3]: Entering directory '/home/iliass/ros2_athens_ws/build/first_interfaces'
[0.091s] make[3]: Leaving directory '/home/iliass/ros2_athens_ws/build/first_interfaces'
[0.091s] make[3]: Leaving directory '/home/iliass/ros2_athens_ws/build/first_interfaces'
[0.092s] make[3]: Leaving directory '/home/iliass/ros2_athens_ws/build/first_interfaces'
[0.092s] make[3]: Leaving directory '/home/iliass/ros2_athens_ws/build/first_interfaces'
[0.093s] make[3]: Leaving directory '/home/iliass/ros2_athens_ws/build/first_interfaces'
[0.107s] [ 32%] Built target first_interfaces__rosidl_typesupport_introspection_cpp
[0.107s] [ 32%] Built target first_interfaces__rosidl_typesupport_cpp
[0.108s] [ 41%] Built target first_interfaces__rosidl_typesupport_c
[0.108s] [ 51%] Built target first_interfaces__rosidl_typesupport_introspection_c
[0.111s] [ 61%] Built target first_interfaces__rosidl_typesupport_fastrtps_cpp
[0.115s] make[3]: Entering directory '/home/iliass/ros2_athens_ws/build/first_interfaces'
[0.125s] make[3]: Leaving directory '/home/iliass/ros2_athens_ws/build/first_interfaces'
[0.141s] [ 70%] Built target first_interfaces__rosidl_typesupport_fastrtps_c
[0.144s] make[3]: Entering directory '/home/iliass/ros2_athens_ws/build/first_interfaces'
[0.154s] make[3]: Leaving directory '/home/iliass/ros2_athens_ws/build/first_interfaces'
[0.165s] [ 70%] Built target first_interfaces
[0.167s] make[3]: Entering directory '/home/iliass/ros2_athens_ws/build/first_interfaces'
[0.178s] make[3]: Leaving directory '/home/iliass/ros2_athens_ws/build/first_interfaces'
[0.189s] [ 74%] Built target first_interfaces__py
[0.191s] make[3]: Entering directory '/home/iliass/ros2_athens_ws/build/first_interfaces'
[0.199s] make[3]: Leaving directory '/home/iliass/ros2_athens_ws/build/first_interfaces'
[0.212s] [ 80%] Built target first_interfaces__python
[0.216s] make[3]: Entering directory '/home/iliass/ros2_athens_ws/build/first_interfaces'
[0.216s] make[3]: Entering directory '/home/iliass/ros2_athens_ws/build/first_interfaces'
[0.216s] make[3]: Entering directory '/home/iliass/ros2_athens_ws/build/first_interfaces'
[0.226s] make[3]: Leaving directory '/home/iliass/ros2_athens_ws/build/first_interfaces'
[0.226s] make[3]: Leaving directory '/home/iliass/ros2_athens_ws/build/first_interfaces'
[0.227s] make[3]: Leaving directory '/home/iliass/ros2_athens_ws/build/first_interfaces'
[0.241s] [ 87%] Built target first_interfaces__rosidl_typesupport_introspection_c__pyext
[0.244s] [ 93%] Built target first_interfaces__rosidl_typesupport_fastrtps_c__pyext
[0.245s] [100%] Built target first_interfaces__rosidl_typesupport_c__pyext
[0.246s] make[2]: Leaving directory '/home/iliass/ros2_athens_ws/build/first_interfaces'
[0.257s] make[1]: Leaving directory '/home/iliass/ros2_athens_ws/build/first_interfaces'
[0.259s] Invoked command in '/home/iliass/ros2_athens_ws/build/first_interfaces' returned '0': CMAKE_PREFIX_PATH=${CMAKE_PREFIX_PATH}:/home/iliass/ros2_athens_ws/install/stm_station:/home/iliass/ros2_athens_ws/install/first_package:/opt/ros/foxy /usr/bin/cmake --build /home/iliass/ros2_athens_ws/build/first_interfaces -- -j16 -l16
[0.338s] Invoking command in '/home/iliass/ros2_athens_ws/build/first_interfaces': CMAKE_PREFIX_PATH=${CMAKE_PREFIX_PATH}:/home/iliass/ros2_athens_ws/install/stm_station:/home/iliass/ros2_athens_ws/install/first_package:/opt/ros/foxy /usr/bin/cmake --install /home/iliass/ros2_athens_ws/build/first_interfaces
[0.347s] -- Install configuration: ""
[0.347s] -- Up-to-date: /home/iliass/ros2_athens_ws/install/first_interfaces/share/ament_index/resource_index/rosidl_interfaces/first_interfaces
[0.348s] -- Up-to-date: /home/iliass/ros2_athens_ws/install/first_interfaces/include/first_interfaces
[0.348s] -- Up-to-date: /home/iliass/ros2_athens_ws/install/first_interfaces/include/first_interfaces/msg
[0.348s] -- Up-to-date: /home/iliass/ros2_athens_ws/install/first_interfaces/include/first_interfaces/msg/detail
[0.349s] -- Up-to-date: /home/iliass/ros2_athens_ws/install/first_interfaces/include/first_interfaces/msg/detail/custom__functions.c
[0.349s] -- Up-to-date: /home/iliass/ros2_athens_ws/install/first_interfaces/include/first_interfaces/msg/detail/custom_message__functions.h
[0.349s] -- Up-to-date: /home/iliass/ros2_athens_ws/install/first_interfaces/include/first_interfaces/msg/detail/custom__functions.h
[0.349s] -- Up-to-date: /home/iliass/ros2_athens_ws/install/first_interfaces/include/first_interfaces/msg/detail/custom__struct.h
[0.350s] -- Up-to-date: /home/iliass/ros2_athens_ws/install/first_interfaces/include/first_interfaces/msg/detail/custom_message__type_support.h
[0.350s] -- Up-to-date: /home/iliass/ros2_athens_ws/install/first_interfaces/include/first_interfaces/msg/detail/custom_message__functions.c
[0.351s] -- Up-to-date: /home/iliass/ros2_athens_ws/install/first_interfaces/include/first_interfaces/msg/detail/custom_message__struct.h
[0.352s] -- Up-to-date: /home/iliass/ros2_athens_ws/install/first_interfaces/include/first_interfaces/msg/detail/custom__type_support.h
[0.353s] -- Up-to-date: /home/iliass/ros2_athens_ws/install/first_interfaces/include/first_interfaces/msg/custom.h
[0.353s] -- Up-to-date: /home/iliass/ros2_athens_ws/install/first_interfaces/include/first_interfaces/msg/rosidl_generator_c__visibility_control.h
[0.353s] -- Up-to-date: /home/iliass/ros2_athens_ws/install/first_interfaces/include/first_interfaces/msg/custom_message.h
[0.354s] -- Up-to-date: /home/iliass/ros2_athens_ws/install/first_interfaces/share/first_interfaces/environment/library_path.sh
[0.354s] -- Up-to-date: /home/iliass/ros2_athens_ws/install/first_interfaces/share/first_interfaces/environment/library_path.dsv
[0.354s] -- Up-to-date: /home/iliass/ros2_athens_ws/install/first_interfaces/lib/libfirst_interfaces__rosidl_generator_c.so
[0.354s] -- Up-to-date: /home/iliass/ros2_athens_ws/install/first_interfaces/include/first_interfaces
[0.354s] -- Up-to-date: /home/iliass/ros2_athens_ws/install/first_interfaces/include/first_interfaces/msg
[0.354s] -- Up-to-date: /home/iliass/ros2_athens_ws/install/first_interfaces/include/first_interfaces/msg/detail
[0.355s] -- Up-to-date: /home/iliass/ros2_athens_ws/install/first_interfaces/include/first_interfaces/msg/detail/custom__rosidl_typesupport_fastrtps_c.h
[0.355s] -- Up-to-date: /home/iliass/ros2_athens_ws/install/first_interfaces/include/first_interfaces/msg/rosidl_typesupport_fastrtps_c__visibility_control.h
[0.355s] -- Up-to-date: /home/iliass/ros2_athens_ws/install/first_interfaces/lib/libfirst_interfaces__rosidl_typesupport_fastrtps_c.so
[0.355s] -- Up-to-date: /home/iliass/ros2_athens_ws/install/first_interfaces/include/first_interfaces
[0.355s] -- Up-to-date: /home/iliass/ros2_athens_ws/install/first_interfaces/include/first_interfaces/msg
[0.355s] -- Up-to-date: /home/iliass/ros2_athens_ws/install/first_interfaces/include/first_interfaces/msg/detail
[0.355s] -- Up-to-date: /home/iliass/ros2_athens_ws/install/first_interfaces/include/first_interfaces/msg/detail/custom_message__rosidl_typesupport_fastrtps_cpp.hpp
[0.355s] -- Up-to-date: /home/iliass/ros2_athens_ws/install/first_interfaces/include/first_interfaces/msg/detail/custom__rosidl_typesupport_fastrtps_cpp.hpp
[0.355s] -- Up-to-date: /home/iliass/ros2_athens_ws/install/first_interfaces/include/first_interfaces/msg/detail/dds_fastrtps
[0.356s] -- Up-to-date: /home/iliass/ros2_athens_ws/install/first_interfaces/include/first_interfaces/msg/rosidl_typesupport_fastrtps_cpp__visibility_control.h
[0.356s] -- Up-to-date: /home/iliass/ros2_athens_ws/install/first_interfaces/lib/libfirst_interfaces__rosidl_typesupport_fastrtps_cpp.so
[0.356s] -- Up-to-date: /home/iliass/ros2_athens_ws/install/first_interfaces/include/first_interfaces
[0.356s] -- Up-to-date: /home/iliass/ros2_athens_ws/install/first_interfaces/include/first_interfaces/msg
[0.356s] -- Up-to-date: /home/iliass/ros2_athens_ws/install/first_interfaces/include/first_interfaces/msg/detail
[0.356s] -- Up-to-date: /home/iliass/ros2_athens_ws/install/first_interfaces/include/first_interfaces/msg/detail/custom__rosidl_typesupport_introspection_c.h
[0.356s] -- Up-to-date: /home/iliass/ros2_athens_ws/install/first_interfaces/include/first_interfaces/msg/detail/custom__type_support.c
[0.356s] -- Up-to-date: /home/iliass/ros2_athens_ws/install/first_interfaces/include/first_interfaces/msg/rosidl_typesupport_introspection_c__visibility_control.h
[0.356s] -- Up-to-date: /home/iliass/ros2_athens_ws/install/first_interfaces/lib/libfirst_interfaces__rosidl_typesupport_introspection_c.so
[0.356s] -- Up-to-date: /home/iliass/ros2_athens_ws/install/first_interfaces/lib/libfirst_interfaces__rosidl_typesupport_c.so
[0.356s] -- Up-to-date: /home/iliass/ros2_athens_ws/install/first_interfaces/include/first_interfaces
[0.357s] -- Up-to-date: /home/iliass/ros2_athens_ws/install/first_interfaces/include/first_interfaces/msg
[0.357s] -- Up-to-date: /home/iliass/ros2_athens_ws/install/first_interfaces/include/first_interfaces/msg/detail
[0.357s] -- Up-to-date: /home/iliass/ros2_athens_ws/install/first_interfaces/include/first_interfaces/msg/detail/custom__struct.hpp
[0.357s] -- Up-to-date: /home/iliass/ros2_athens_ws/install/first_interfaces/include/first_interfaces/msg/detail/custom_message__builder.hpp
[0.357s] -- Up-to-date: /home/iliass/ros2_athens_ws/install/first_interfaces/include/first_interfaces/msg/detail/custom__type_support.hpp
[0.358s] -- Up-to-date: /home/iliass/ros2_athens_ws/install/first_interfaces/include/first_interfaces/msg/detail/custom_message__traits.hpp
[0.358s] -- Up-to-date: /home/iliass/ros2_athens_ws/install/first_interfaces/include/first_interfaces/msg/detail/custom_message__type_support.hpp
[0.358s] -- Up-to-date: /home/iliass/ros2_athens_ws/install/first_interfaces/include/first_interfaces/msg/detail/custom_message__struct.hpp
[0.358s] -- Up-to-date: /home/iliass/ros2_athens_ws/install/first_interfaces/include/first_interfaces/msg/detail/custom__traits.hpp
[0.358s] -- Up-to-date: /home/iliass/ros2_athens_ws/install/first_interfaces/include/first_interfaces/msg/detail/custom__builder.hpp
[0.358s] -- Up-to-date: /home/iliass/ros2_athens_ws/install/first_interfaces/include/first_interfaces/msg/rosidl_generator_cpp__visibility_control.hpp
[0.358s] -- Up-to-date: /home/iliass/ros2_athens_ws/install/first_interfaces/include/first_interfaces/msg/custom_message.hpp
[0.358s] -- Up-to-date: /home/iliass/ros2_athens_ws/install/first_interfaces/include/first_interfaces/msg/custom.hpp
[0.358s] -- Up-to-date: /home/iliass/ros2_athens_ws/install/first_interfaces/include/first_interfaces
[0.358s] -- Up-to-date: /home/iliass/ros2_athens_ws/install/first_interfaces/include/first_interfaces/msg
[0.358s] -- Up-to-date: /home/iliass/ros2_athens_ws/install/first_interfaces/include/first_interfaces/msg/detail
[0.359s] -- Up-to-date: /home/iliass/ros2_athens_ws/install/first_interfaces/include/first_interfaces/msg/detail/custom_message__type_support.cpp
[0.359s] -- Up-to-date: /home/iliass/ros2_athens_ws/install/first_interfaces/include/first_interfaces/msg/detail/custom__type_support.cpp
[0.360s] -- Up-to-date: /home/iliass/ros2_athens_ws/install/first_interfaces/include/first_interfaces/msg/detail/custom__rosidl_typesupport_introspection_cpp.hpp
[0.360s] -- Up-to-date: /home/iliass/ros2_athens_ws/install/first_interfaces/include/first_interfaces/msg/detail/custom_message__rosidl_typesupport_introspection_cpp.hpp
[0.360s] -- Up-to-date: /home/iliass/ros2_athens_ws/install/first_interfaces/lib/libfirst_interfaces__rosidl_typesupport_introspection_cpp.so
[0.360s] -- Up-to-date: /home/iliass/ros2_athens_ws/install/first_interfaces/lib/libfirst_interfaces__rosidl_typesupport_cpp.so
[0.360s] -- Up-to-date: /home/iliass/ros2_athens_ws/install/first_interfaces/share/first_interfaces/environment/pythonpath.sh
[0.360s] -- Up-to-date: /home/iliass/ros2_athens_ws/install/first_interfaces/share/first_interfaces/environment/pythonpath.dsv
[0.361s] -- Up-to-date: /home/iliass/ros2_athens_ws/install/first_interfaces/lib/python3.8/site-packages/first_interfaces/__init__.py
[0.395s] -- Up-to-date: /home/iliass/ros2_athens_ws/install/first_interfaces/lib/python3.8/site-packages/first_interfaces/msg
[0.395s] -- Up-to-date: /home/iliass/ros2_athens_ws/install/first_interfaces/lib/python3.8/site-packages/first_interfaces/msg/__init__.py
[0.395s] -- Up-to-date: /home/iliass/ros2_athens_ws/install/first_interfaces/lib/python3.8/site-packages/first_interfaces/msg/_custom.py
[0.396s] -- Up-to-date: /home/iliass/ros2_athens_ws/install/first_interfaces/lib/python3.8/site-packages/first_interfaces/msg/_custom_s.c
[0.396s] -- Up-to-date: /home/iliass/ros2_athens_ws/install/first_interfaces/lib/python3.8/site-packages/first_interfaces/first_interfaces_s__rosidl_typesupport_fastrtps_c.cpython-38-x86_64-linux-gnu.so
[0.397s] -- Up-to-date: /home/iliass/ros2_athens_ws/install/first_interfaces/lib/python3.8/site-packages/first_interfaces/first_interfaces_s__rosidl_typesupport_introspection_c.cpython-38-x86_64-linux-gnu.so
[0.398s] -- Up-to-date: /home/iliass/ros2_athens_ws/install/first_interfaces/lib/python3.8/site-packages/first_interfaces/first_interfaces_s__rosidl_typesupport_c.cpython-38-x86_64-linux-gnu.so
[0.398s] -- Up-to-date: /home/iliass/ros2_athens_ws/install/first_interfaces/lib/libfirst_interfaces__python.so
[0.398s] -- Up-to-date: /home/iliass/ros2_athens_ws/install/first_interfaces/share/first_interfaces/msg/Custom.idl
[0.398s] -- Up-to-date: /home/iliass/ros2_athens_ws/install/first_interfaces/share/first_interfaces/msg/Custom.msg
[0.399s] -- Up-to-date: /home/iliass/ros2_athens_ws/install/first_interfaces/share/ament_index/resource_index/package_run_dependencies/first_interfaces
[0.399s] -- Up-to-date: /home/iliass/ros2_athens_ws/install/first_interfaces/share/ament_index/resource_index/parent_prefix_path/first_interfaces
[0.399s] -- Up-to-date: /home/iliass/ros2_athens_ws/install/first_interfaces/share/first_interfaces/environment/ament_prefix_path.sh
[0.399s] -- Up-to-date: /home/iliass/ros2_athens_ws/install/first_interfaces/share/first_interfaces/environment/ament_prefix_path.dsv
[0.399s] -- Up-to-date: /home/iliass/ros2_athens_ws/install/first_interfaces/share/first_interfaces/environment/path.sh
[0.400s] -- Up-to-date: /home/iliass/ros2_athens_ws/install/first_interfaces/share/first_interfaces/environment/path.dsv
[0.400s] -- Up-to-date: /home/iliass/ros2_athens_ws/install/first_interfaces/share/first_interfaces/local_setup.bash
[0.400s] -- Up-to-date: /home/iliass/ros2_athens_ws/install/first_interfaces/share/first_interfaces/local_setup.sh
[0.400s] -- Up-to-date: /home/iliass/ros2_athens_ws/install/first_interfaces/share/first_interfaces/local_setup.zsh
[0.400s] -- Up-to-date: /home/iliass/ros2_athens_ws/install/first_interfaces/share/first_interfaces/local_setup.dsv
[0.400s] -- Installing: /home/iliass/ros2_athens_ws/install/first_interfaces/share/first_interfaces/package.dsv
[0.400s] -- Up-to-date: /home/iliass/ros2_athens_ws/install/first_interfaces/share/ament_index/resource_index/packages/first_interfaces
[0.400s] -- Up-to-date: /home/iliass/ros2_athens_ws/install/first_interfaces/share/first_interfaces/cmake/first_interfaces__rosidl_generator_cExport.cmake
[0.401s] -- Up-to-date: /home/iliass/ros2_athens_ws/install/first_interfaces/share/first_interfaces/cmake/first_interfaces__rosidl_generator_cExport-noconfig.cmake
[0.401s] -- Up-to-date: /home/iliass/ros2_athens_ws/install/first_interfaces/share/first_interfaces/cmake/first_interfaces__rosidl_typesupport_introspection_cExport.cmake
[0.401s] -- Up-to-date: /home/iliass/ros2_athens_ws/install/first_interfaces/share/first_interfaces/cmake/first_interfaces__rosidl_typesupport_introspection_cExport-noconfig.cmake
[0.401s] -- Up-to-date: /home/iliass/ros2_athens_ws/install/first_interfaces/share/first_interfaces/cmake/first_interfaces__rosidl_typesupport_cExport.cmake
[0.401s] -- Up-to-date: /home/iliass/ros2_athens_ws/install/first_interfaces/share/first_interfaces/cmake/first_interfaces__rosidl_typesupport_cExport-noconfig.cmake
[0.402s] -- Up-to-date: /home/iliass/ros2_athens_ws/install/first_interfaces/share/first_interfaces/cmake/first_interfaces__rosidl_generator_cppExport.cmake
[0.402s] -- Up-to-date: /home/iliass/ros2_athens_ws/install/first_interfaces/share/first_interfaces/cmake/first_interfaces__rosidl_typesupport_introspection_cppExport.cmake
[0.402s] -- Up-to-date: /home/iliass/ros2_athens_ws/install/first_interfaces/share/first_interfaces/cmake/first_interfaces__rosidl_typesupport_introspection_cppExport-noconfig.cmake
[0.402s] -- Up-to-date: /home/iliass/ros2_athens_ws/install/first_interfaces/share/first_interfaces/cmake/first_interfaces__rosidl_typesupport_cppExport.cmake
[0.403s] -- Up-to-date: /home/iliass/ros2_athens_ws/install/first_interfaces/share/first_interfaces/cmake/first_interfaces__rosidl_typesupport_cppExport-noconfig.cmake
[0.403s] -- Up-to-date: /home/iliass/ros2_athens_ws/install/first_interfaces/share/first_interfaces/cmake/rosidl_cmake-extras.cmake
[0.403s] -- Up-to-date: /home/iliass/ros2_athens_ws/install/first_interfaces/share/first_interfaces/cmake/ament_cmake_export_dependencies-extras.cmake
[0.403s] -- Up-to-date: /home/iliass/ros2_athens_ws/install/first_interfaces/share/first_interfaces/cmake/ament_cmake_export_libraries-extras.cmake
[0.403s] -- Up-to-date: /home/iliass/ros2_athens_ws/install/first_interfaces/share/first_interfaces/cmake/ament_cmake_export_targets-extras.cmake
[0.403s] -- Up-to-date: /home/iliass/ros2_athens_ws/install/first_interfaces/share/first_interfaces/cmake/ament_cmake_export_include_directories-extras.cmake
[0.403s] -- Up-to-date: /home/iliass/ros2_athens_ws/install/first_interfaces/share/first_interfaces/cmake/rosidl_cmake_export_typesupport_libraries-extras.cmake
[0.403s] -- Up-to-date: /home/iliass/ros2_athens_ws/install/first_interfaces/share/first_interfaces/cmake/rosidl_cmake_export_typesupport_targets-extras.cmake
[0.403s] -- Up-to-date: /home/iliass/ros2_athens_ws/install/first_interfaces/share/first_interfaces/cmake/first_interfacesConfig.cmake
[0.403s] -- Up-to-date: /home/iliass/ros2_athens_ws/install/first_interfaces/share/first_interfaces/cmake/first_interfacesConfig-version.cmake
[0.403s] -- Up-to-date: /home/iliass/ros2_athens_ws/install/first_interfaces/share/first_interfaces/package.xml
[0.406s] Invoked command in '/home/iliass/ros2_athens_ws/build/first_interfaces' returned '0': CMAKE_PREFIX_PATH=${CMAKE_PREFIX_PATH}:/home/iliass/ros2_athens_ws/install/stm_station:/home/iliass/ros2_athens_ws/install/first_package:/opt/ros/foxy /usr/bin/cmake --install /home/iliass/ros2_athens_ws/build/first_interfaces
