[0.014s] Invoking command in '/home/iliass/ros2_athens_ws/build/first_interfaces': CMAKE_PREFIX_PATH=${CMAKE_PREFIX_PATH}:/home/iliass/ros2_athens_ws/install/stm_station:/home/iliass/ros2_athens_ws/install/first_package:/opt/ros/foxy /usr/bin/cmake --build /home/iliass/ros2_athens_ws/build/first_interfaces -- -j16 -l16
[0.020s] make[1]: Entering directory '/home/iliass/ros2_athens_ws/build/first_interfaces'
[0.031s] make[2]: Entering directory '/home/iliass/ros2_athens_ws/build/first_interfaces'
[0.032s] make[3]: Entering directory '/home/iliass/ros2_athens_ws/build/first_interfaces'
[0.032s] make[3]: Entering directory '/home/iliass/ros2_athens_ws/build/first_interfaces'
[0.037s] make[3]: Leaving directory '/home/iliass/ros2_athens_ws/build/first_interfaces'
[0.037s] make[3]: Leaving directory '/home/iliass/ros2_athens_ws/build/first_interfaces'
[0.042s] [  3%] Built target first_interfaces__cpp
[0.042s] [ 12%] Built target first_interfaces__rosidl_generator_c
[0.043s] make[3]: Entering directory '/home/iliass/ros2_athens_ws/build/first_interfaces'
[0.043s] make[3]: Entering directory '/home/iliass/ros2_athens_ws/build/first_interfaces'
[0.043s] make[3]: Entering directory '/home/iliass/ros2_athens_ws/build/first_interfaces'
[0.044s] make[3]: Entering directory '/home/iliass/ros2_athens_ws/build/first_interfaces'
[0.044s] make[3]: Entering directory '/home/iliass/ros2_athens_ws/build/first_interfaces'
[0.048s] make[3]: Leaving directory '/home/iliass/ros2_athens_ws/build/first_interfaces'
[0.049s] make[3]: Leaving directory '/home/iliass/ros2_athens_ws/build/first_interfaces'
[0.049s] make[3]: Leaving directory '/home/iliass/ros2_athens_ws/build/first_interfaces'
[0.049s] make[3]: Leaving directory '/home/iliass/ros2_athens_ws/build/first_interfaces'
[0.050s] make[3]: Leaving directory '/home/iliass/ros2_athens_ws/build/first_interfaces'
[0.054s] [ 22%] Built target first_interfaces__rosidl_typesupport_cpp
[0.055s] [ 32%] Built target first_interfaces__rosidl_typesupport_introspection_cpp
[0.056s] [ 41%] Built target first_interfaces__rosidl_typesupport_fastrtps_cpp
[0.056s] [ 51%] Built target first_interfaces__rosidl_typesupport_introspection_c
[0.056s] [ 61%] Built target first_interfaces__rosidl_typesupport_c
[0.057s] make[3]: Entering directory '/home/iliass/ros2_athens_ws/build/first_interfaces'
[0.061s] make[3]: Leaving directory '/home/iliass/ros2_athens_ws/build/first_interfaces'
[0.068s] [ 70%] Built target first_interfaces__rosidl_typesupport_fastrtps_c
[0.069s] make[3]: Entering directory '/home/iliass/ros2_athens_ws/build/first_interfaces'
[0.074s] make[3]: Leaving directory '/home/iliass/ros2_athens_ws/build/first_interfaces'
[0.079s] [ 70%] Built target first_interfaces
[0.080s] make[3]: Entering directory '/home/iliass/ros2_athens_ws/build/first_interfaces'
[0.085s] make[3]: Leaving directory '/home/iliass/ros2_athens_ws/build/first_interfaces'
[0.090s] [ 74%] Built target first_interfaces__py
[0.091s] make[3]: Entering directory '/home/iliass/ros2_athens_ws/build/first_interfaces'
[0.095s] make[3]: Leaving directory '/home/iliass/ros2_athens_ws/build/first_interfaces'
[0.103s] [ 80%] Built target first_interfaces__python
[0.104s] make[3]: Entering directory '/home/iliass/ros2_athens_ws/build/first_interfaces'
[0.104s] make[3]: Entering directory '/home/iliass/ros2_athens_ws/build/first_interfaces'
[0.105s] make[3]: Entering directory '/home/iliass/ros2_athens_ws/build/first_interfaces'
[0.110s] make[3]: Leaving directory '/home/iliass/ros2_athens_ws/build/first_interfaces'
[0.110s] make[3]: Leaving directory '/home/iliass/ros2_athens_ws/build/first_interfaces'
[0.110s] make[3]: Leaving directory '/home/iliass/ros2_athens_ws/build/first_interfaces'
[0.118s] [ 90%] Built target first_interfaces__rosidl_typesupport_fastrtps_c__pyext
[0.118s] [ 96%] Built target first_interfaces__rosidl_typesupport_introspection_c__pyext
[0.118s] [100%] Built target first_interfaces__rosidl_typesupport_c__pyext
[0.119s] make[2]: Leaving directory '/home/iliass/ros2_athens_ws/build/first_interfaces'
[0.123s] make[1]: Leaving directory '/home/iliass/ros2_athens_ws/build/first_interfaces'
[0.139s] Invoked command in '/home/iliass/ros2_athens_ws/build/first_interfaces' returned '0': CMAKE_PREFIX_PATH=${CMAKE_PREFIX_PATH}:/home/iliass/ros2_athens_ws/install/stm_station:/home/iliass/ros2_athens_ws/install/first_package:/opt/ros/foxy /usr/bin/cmake --build /home/iliass/ros2_athens_ws/build/first_interfaces -- -j16 -l16
[0.173s] Invoking command in '/home/iliass/ros2_athens_ws/build/first_interfaces': CMAKE_PREFIX_PATH=${CMAKE_PREFIX_PATH}:/home/iliass/ros2_athens_ws/install/stm_station:/home/iliass/ros2_athens_ws/install/first_package:/opt/ros/foxy /usr/bin/cmake --install /home/iliass/ros2_athens_ws/build/first_interfaces
[0.177s] -- Install configuration: ""
[0.178s] -- Up-to-date: /home/iliass/ros2_athens_ws/install/first_interfaces/share/ament_index/resource_index/rosidl_interfaces/first_interfaces
[0.178s] -- Up-to-date: /home/iliass/ros2_athens_ws/install/first_interfaces/include/first_interfaces
[0.178s] -- Up-to-date: /home/iliass/ros2_athens_ws/install/first_interfaces/include/first_interfaces/msg
[0.178s] -- Up-to-date: /home/iliass/ros2_athens_ws/install/first_interfaces/include/first_interfaces/msg/detail
[0.178s] -- Up-to-date: /home/iliass/ros2_athens_ws/install/first_interfaces/include/first_interfaces/msg/detail/custom__functions.c
[0.178s] -- Up-to-date: /home/iliass/ros2_athens_ws/install/first_interfaces/include/first_interfaces/msg/detail/custom_message__functions.h
[0.178s] -- Up-to-date: /home/iliass/ros2_athens_ws/install/first_interfaces/include/first_interfaces/msg/detail/custom__functions.h
[0.178s] -- Up-to-date: /home/iliass/ros2_athens_ws/install/first_interfaces/include/first_interfaces/msg/detail/custom__struct.h
[0.178s] -- Up-to-date: /home/iliass/ros2_athens_ws/install/first_interfaces/include/first_interfaces/msg/detail/custom_message__type_support.h
[0.178s] -- Up-to-date: /home/iliass/ros2_athens_ws/install/first_interfaces/include/first_interfaces/msg/detail/custom_message__functions.c
[0.178s] -- Up-to-date: /home/iliass/ros2_athens_ws/install/first_interfaces/include/first_interfaces/msg/detail/custom_message__struct.h
[0.178s] -- Up-to-date: /home/iliass/ros2_athens_ws/install/first_interfaces/include/first_interfaces/msg/detail/custom__type_support.h
[0.179s] -- Up-to-date: /home/iliass/ros2_athens_ws/install/first_interfaces/include/first_interfaces/msg/custom.h
[0.179s] -- Up-to-date: /home/iliass/ros2_athens_ws/install/first_interfaces/include/first_interfaces/msg/rosidl_generator_c__visibility_control.h
[0.179s] -- Up-to-date: /home/iliass/ros2_athens_ws/install/first_interfaces/include/first_interfaces/msg/custom_message.h
[0.179s] -- Up-to-date: /home/iliass/ros2_athens_ws/install/first_interfaces/share/first_interfaces/environment/library_path.sh
[0.179s] -- Up-to-date: /home/iliass/ros2_athens_ws/install/first_interfaces/share/first_interfaces/environment/library_path.dsv
[0.179s] -- Up-to-date: /home/iliass/ros2_athens_ws/install/first_interfaces/lib/libfirst_interfaces__rosidl_generator_c.so
[0.179s] -- Up-to-date: /home/iliass/ros2_athens_ws/install/first_interfaces/include/first_interfaces
[0.179s] -- Up-to-date: /home/iliass/ros2_athens_ws/install/first_interfaces/include/first_interfaces/msg
[0.179s] -- Up-to-date: /home/iliass/ros2_athens_ws/install/first_interfaces/include/first_interfaces/msg/detail
[0.179s] -- Up-to-date: /home/iliass/ros2_athens_ws/install/first_interfaces/include/first_interfaces/msg/detail/custom__rosidl_typesupport_fastrtps_c.h
[0.179s] -- Up-to-date: /home/iliass/ros2_athens_ws/install/first_interfaces/include/first_interfaces/msg/rosidl_typesupport_fastrtps_c__visibility_control.h
[0.179s] -- Up-to-date: /home/iliass/ros2_athens_ws/install/first_interfaces/lib/libfirst_interfaces__rosidl_typesupport_fastrtps_c.so
[0.179s] -- Up-to-date: /home/iliass/ros2_athens_ws/install/first_interfaces/include/first_interfaces
[0.179s] -- Up-to-date: /home/iliass/ros2_athens_ws/install/first_interfaces/include/first_interfaces/msg
[0.179s] -- Up-to-date: /home/iliass/ros2_athens_ws/install/first_interfaces/include/first_interfaces/msg/detail
[0.179s] -- Up-to-date: /home/iliass/ros2_athens_ws/install/first_interfaces/include/first_interfaces/msg/detail/custom_message__rosidl_typesupport_fastrtps_cpp.hpp
[0.179s] -- Up-to-date: /home/iliass/ros2_athens_ws/install/first_interfaces/include/first_interfaces/msg/detail/custom__rosidl_typesupport_fastrtps_cpp.hpp
[0.179s] -- Up-to-date: /home/iliass/ros2_athens_ws/install/first_interfaces/include/first_interfaces/msg/detail/dds_fastrtps
[0.179s] -- Up-to-date: /home/iliass/ros2_athens_ws/install/first_interfaces/include/first_interfaces/msg/rosidl_typesupport_fastrtps_cpp__visibility_control.h
[0.179s] -- Up-to-date: /home/iliass/ros2_athens_ws/install/first_interfaces/lib/libfirst_interfaces__rosidl_typesupport_fastrtps_cpp.so
[0.179s] -- Up-to-date: /home/iliass/ros2_athens_ws/install/first_interfaces/include/first_interfaces
[0.180s] -- Up-to-date: /home/iliass/ros2_athens_ws/install/first_interfaces/include/first_interfaces/msg
[0.180s] -- Up-to-date: /home/iliass/ros2_athens_ws/install/first_interfaces/include/first_interfaces/msg/detail
[0.180s] -- Up-to-date: /home/iliass/ros2_athens_ws/install/first_interfaces/include/first_interfaces/msg/detail/custom__rosidl_typesupport_introspection_c.h
[0.180s] -- Up-to-date: /home/iliass/ros2_athens_ws/install/first_interfaces/include/first_interfaces/msg/detail/custom__type_support.c
[0.180s] -- Up-to-date: /home/iliass/ros2_athens_ws/install/first_interfaces/include/first_interfaces/msg/rosidl_typesupport_introspection_c__visibility_control.h
[0.180s] -- Up-to-date: /home/iliass/ros2_athens_ws/install/first_interfaces/lib/libfirst_interfaces__rosidl_typesupport_introspection_c.so
[0.180s] -- Up-to-date: /home/iliass/ros2_athens_ws/install/first_interfaces/lib/libfirst_interfaces__rosidl_typesupport_c.so
[0.180s] -- Up-to-date: /home/iliass/ros2_athens_ws/install/first_interfaces/include/first_interfaces
[0.180s] -- Up-to-date: /home/iliass/ros2_athens_ws/install/first_interfaces/include/first_interfaces/msg
[0.181s] -- Up-to-date: /home/iliass/ros2_athens_ws/install/first_interfaces/include/first_interfaces/msg/detail
[0.181s] -- Up-to-date: /home/iliass/ros2_athens_ws/install/first_interfaces/include/first_interfaces/msg/detail/custom__struct.hpp
[0.181s] -- Up-to-date: /home/iliass/ros2_athens_ws/install/first_interfaces/include/first_interfaces/msg/detail/custom_message__builder.hpp
[0.181s] -- Up-to-date: /home/iliass/ros2_athens_ws/install/first_interfaces/include/first_interfaces/msg/detail/custom__type_support.hpp
[0.181s] -- Up-to-date: /home/iliass/ros2_athens_ws/install/first_interfaces/include/first_interfaces/msg/detail/custom_message__traits.hpp
[0.181s] -- Up-to-date: /home/iliass/ros2_athens_ws/install/first_interfaces/include/first_interfaces/msg/detail/custom_message__type_support.hpp
[0.181s] -- Up-to-date: /home/iliass/ros2_athens_ws/install/first_interfaces/include/first_interfaces/msg/detail/custom_message__struct.hpp
[0.181s] -- Up-to-date: /home/iliass/ros2_athens_ws/install/first_interfaces/include/first_interfaces/msg/detail/custom__traits.hpp
[0.181s] -- Up-to-date: /home/iliass/ros2_athens_ws/install/first_interfaces/include/first_interfaces/msg/detail/custom__builder.hpp
[0.181s] -- Up-to-date: /home/iliass/ros2_athens_ws/install/first_interfaces/include/first_interfaces/msg/rosidl_generator_cpp__visibility_control.hpp
[0.181s] -- Up-to-date: /home/iliass/ros2_athens_ws/install/first_interfaces/include/first_interfaces/msg/custom_message.hpp
[0.181s] -- Up-to-date: /home/iliass/ros2_athens_ws/install/first_interfaces/include/first_interfaces/msg/custom.hpp
[0.181s] -- Up-to-date: /home/iliass/ros2_athens_ws/install/first_interfaces/include/first_interfaces
[0.181s] -- Up-to-date: /home/iliass/ros2_athens_ws/install/first_interfaces/include/first_interfaces/msg
[0.182s] -- Up-to-date: /home/iliass/ros2_athens_ws/install/first_interfaces/include/first_interfaces/msg/detail
[0.182s] -- Up-to-date: /home/iliass/ros2_athens_ws/install/first_interfaces/include/first_interfaces/msg/detail/custom_message__type_support.cpp
[0.182s] -- Up-to-date: /home/iliass/ros2_athens_ws/install/first_interfaces/include/first_interfaces/msg/detail/custom__type_support.cpp
[0.182s] -- Up-to-date: /home/iliass/ros2_athens_ws/install/first_interfaces/include/first_interfaces/msg/detail/custom__rosidl_typesupport_introspection_cpp.hpp
[0.182s] -- Up-to-date: /home/iliass/ros2_athens_ws/install/first_interfaces/include/first_interfaces/msg/detail/custom_message__rosidl_typesupport_introspection_cpp.hpp
[0.182s] -- Up-to-date: /home/iliass/ros2_athens_ws/install/first_interfaces/lib/libfirst_interfaces__rosidl_typesupport_introspection_cpp.so
[0.182s] -- Up-to-date: /home/iliass/ros2_athens_ws/install/first_interfaces/lib/libfirst_interfaces__rosidl_typesupport_cpp.so
[0.182s] -- Up-to-date: /home/iliass/ros2_athens_ws/install/first_interfaces/share/first_interfaces/environment/pythonpath.sh
[0.182s] -- Up-to-date: /home/iliass/ros2_athens_ws/install/first_interfaces/share/first_interfaces/environment/pythonpath.dsv
[0.182s] -- Up-to-date: /home/iliass/ros2_athens_ws/install/first_interfaces/lib/python3.8/site-packages/first_interfaces/__init__.py
[0.199s] -- Up-to-date: /home/iliass/ros2_athens_ws/install/first_interfaces/lib/python3.8/site-packages/first_interfaces/msg
[0.200s] -- Up-to-date: /home/iliass/ros2_athens_ws/install/first_interfaces/lib/python3.8/site-packages/first_interfaces/msg/__init__.py
[0.200s] -- Up-to-date: /home/iliass/ros2_athens_ws/install/first_interfaces/lib/python3.8/site-packages/first_interfaces/msg/_custom.py
[0.200s] -- Up-to-date: /home/iliass/ros2_athens_ws/install/first_interfaces/lib/python3.8/site-packages/first_interfaces/msg/_custom_s.c
[0.200s] -- Up-to-date: /home/iliass/ros2_athens_ws/install/first_interfaces/lib/python3.8/site-packages/first_interfaces/first_interfaces_s__rosidl_typesupport_fastrtps_c.cpython-38-x86_64-linux-gnu.so
[0.200s] -- Up-to-date: /home/iliass/ros2_athens_ws/install/first_interfaces/lib/python3.8/site-packages/first_interfaces/first_interfaces_s__rosidl_typesupport_introspection_c.cpython-38-x86_64-linux-gnu.so
[0.201s] -- Up-to-date: /home/iliass/ros2_athens_ws/install/first_interfaces/lib/python3.8/site-packages/first_interfaces/first_interfaces_s__rosidl_typesupport_c.cpython-38-x86_64-linux-gnu.so
[0.201s] -- Up-to-date: /home/iliass/ros2_athens_ws/install/first_interfaces/lib/libfirst_interfaces__python.so
[0.201s] -- Up-to-date: /home/iliass/ros2_athens_ws/install/first_interfaces/share/first_interfaces/msg/Custom.idl
[0.201s] -- Up-to-date: /home/iliass/ros2_athens_ws/install/first_interfaces/share/first_interfaces/msg/Custom.msg
[0.201s] -- Up-to-date: /home/iliass/ros2_athens_ws/install/first_interfaces/share/ament_index/resource_index/package_run_dependencies/first_interfaces
[0.201s] -- Up-to-date: /home/iliass/ros2_athens_ws/install/first_interfaces/share/ament_index/resource_index/parent_prefix_path/first_interfaces
[0.202s] -- Up-to-date: /home/iliass/ros2_athens_ws/install/first_interfaces/share/first_interfaces/environment/ament_prefix_path.sh
[0.202s] -- Up-to-date: /home/iliass/ros2_athens_ws/install/first_interfaces/share/first_interfaces/environment/ament_prefix_path.dsv
[0.202s] -- Up-to-date: /home/iliass/ros2_athens_ws/install/first_interfaces/share/first_interfaces/environment/path.sh
[0.202s] -- Up-to-date: /home/iliass/ros2_athens_ws/install/first_interfaces/share/first_interfaces/environment/path.dsv
[0.202s] -- Up-to-date: /home/iliass/ros2_athens_ws/install/first_interfaces/share/first_interfaces/local_setup.bash
[0.202s] -- Up-to-date: /home/iliass/ros2_athens_ws/install/first_interfaces/share/first_interfaces/local_setup.sh
[0.202s] -- Up-to-date: /home/iliass/ros2_athens_ws/install/first_interfaces/share/first_interfaces/local_setup.zsh
[0.202s] -- Up-to-date: /home/iliass/ros2_athens_ws/install/first_interfaces/share/first_interfaces/local_setup.dsv
[0.202s] -- Installing: /home/iliass/ros2_athens_ws/install/first_interfaces/share/first_interfaces/package.dsv
[0.202s] -- Up-to-date: /home/iliass/ros2_athens_ws/install/first_interfaces/share/ament_index/resource_index/packages/first_interfaces
[0.202s] -- Up-to-date: /home/iliass/ros2_athens_ws/install/first_interfaces/share/first_interfaces/cmake/first_interfaces__rosidl_generator_cExport.cmake
[0.202s] -- Up-to-date: /home/iliass/ros2_athens_ws/install/first_interfaces/share/first_interfaces/cmake/first_interfaces__rosidl_generator_cExport-noconfig.cmake
[0.202s] -- Up-to-date: /home/iliass/ros2_athens_ws/install/first_interfaces/share/first_interfaces/cmake/first_interfaces__rosidl_typesupport_introspection_cExport.cmake
[0.202s] -- Up-to-date: /home/iliass/ros2_athens_ws/install/first_interfaces/share/first_interfaces/cmake/first_interfaces__rosidl_typesupport_introspection_cExport-noconfig.cmake
[0.203s] -- Up-to-date: /home/iliass/ros2_athens_ws/install/first_interfaces/share/first_interfaces/cmake/first_interfaces__rosidl_typesupport_cExport.cmake
[0.203s] -- Up-to-date: /home/iliass/ros2_athens_ws/install/first_interfaces/share/first_interfaces/cmake/first_interfaces__rosidl_typesupport_cExport-noconfig.cmake
[0.203s] -- Up-to-date: /home/iliass/ros2_athens_ws/install/first_interfaces/share/first_interfaces/cmake/first_interfaces__rosidl_generator_cppExport.cmake
[0.203s] -- Up-to-date: /home/iliass/ros2_athens_ws/install/first_interfaces/share/first_interfaces/cmake/first_interfaces__rosidl_typesupport_introspection_cppExport.cmake
[0.203s] -- Up-to-date: /home/iliass/ros2_athens_ws/install/first_interfaces/share/first_interfaces/cmake/first_interfaces__rosidl_typesupport_introspection_cppExport-noconfig.cmake
[0.203s] -- Up-to-date: /home/iliass/ros2_athens_ws/install/first_interfaces/share/first_interfaces/cmake/first_interfaces__rosidl_typesupport_cppExport.cmake
[0.203s] -- Up-to-date: /home/iliass/ros2_athens_ws/install/first_interfaces/share/first_interfaces/cmake/first_interfaces__rosidl_typesupport_cppExport-noconfig.cmake
[0.203s] -- Up-to-date: /home/iliass/ros2_athens_ws/install/first_interfaces/share/first_interfaces/cmake/rosidl_cmake-extras.cmake
[0.203s] -- Up-to-date: /home/iliass/ros2_athens_ws/install/first_interfaces/share/first_interfaces/cmake/ament_cmake_export_dependencies-extras.cmake
[0.203s] -- Up-to-date: /home/iliass/ros2_athens_ws/install/first_interfaces/share/first_interfaces/cmake/ament_cmake_export_libraries-extras.cmake
[0.203s] -- Up-to-date: /home/iliass/ros2_athens_ws/install/first_interfaces/share/first_interfaces/cmake/ament_cmake_export_targets-extras.cmake
[0.203s] -- Up-to-date: /home/iliass/ros2_athens_ws/install/first_interfaces/share/first_interfaces/cmake/ament_cmake_export_include_directories-extras.cmake
[0.203s] -- Up-to-date: /home/iliass/ros2_athens_ws/install/first_interfaces/share/first_interfaces/cmake/rosidl_cmake_export_typesupport_libraries-extras.cmake
[0.203s] -- Up-to-date: /home/iliass/ros2_athens_ws/install/first_interfaces/share/first_interfaces/cmake/rosidl_cmake_export_typesupport_targets-extras.cmake
[0.203s] -- Up-to-date: /home/iliass/ros2_athens_ws/install/first_interfaces/share/first_interfaces/cmake/first_interfacesConfig.cmake
[0.203s] -- Up-to-date: /home/iliass/ros2_athens_ws/install/first_interfaces/share/first_interfaces/cmake/first_interfacesConfig-version.cmake
[0.203s] -- Up-to-date: /home/iliass/ros2_athens_ws/install/first_interfaces/share/first_interfaces/package.xml
[0.204s] Invoked command in '/home/iliass/ros2_athens_ws/build/first_interfaces' returned '0': CMAKE_PREFIX_PATH=${CMAKE_PREFIX_PATH}:/home/iliass/ros2_athens_ws/install/stm_station:/home/iliass/ros2_athens_ws/install/first_package:/opt/ros/foxy /usr/bin/cmake --install /home/iliass/ros2_athens_ws/build/first_interfaces
