[0.020s] Invoking command in '/home/iliass/ros2_athens_ws/build/first_interfaces': CMAKE_PREFIX_PATH=/home/iliass/ros2_athens_ws/install/first_package:/opt/ros/foxy /usr/bin/cmake --build /home/iliass/ros2_athens_ws/build/first_interfaces -- -j16 -l16
[0.149s] make[1]: Entering directory '/home/iliass/ros2_athens_ws/build/first_interfaces'
[0.149s] -- Found ament_cmake: 0.9.12 (/opt/ros/foxy/share/ament_cmake/cmake)
[0.149s] -- Found PythonInterp: /usr/bin/python3 (found suitable version "3.8.10", minimum required is "3") 
[0.149s] -- Using PYTHON_EXECUTABLE: /usr/bin/python3
[0.153s] -- Found std_msgs: 2.0.5 (/opt/ros/foxy/share/std_msgs/cmake)
[0.277s] -- Using all available rosidl_typesupport_c: rosidl_typesupport_fastrtps_c;rosidl_typesupport_introspection_c
[0.279s] -- Found rosidl_adapter: 1.3.1 (/opt/ros/foxy/share/rosidl_adapter/cmake)
[3.437s] -- Using all available rosidl_typesupport_cpp: rosidl_typesupport_fastrtps_cpp;rosidl_typesupport_introspection_cpp
[3.460s] -- Found rosidl_default_generators: 1.0.1 (/opt/ros/foxy/share/rosidl_default_generators/cmake)
[3.480s] -- Found PythonInterp: /usr/bin/python3 (found version "3.8.10") 
[3.553s] -- Found ament_cmake_ros: 0.9.2 (/opt/ros/foxy/share/ament_cmake_ros/cmake)
[6.558s] -- Using all available rosidl_typesupport_c: rosidl_typesupport_fastrtps_c;rosidl_typesupport_introspection_c
[6.563s] -- Using all available rosidl_typesupport_cpp: rosidl_typesupport_fastrtps_cpp;rosidl_typesupport_introspection_cpp
[6.582s] -- Found PythonInterp: /usr/bin/python3 (found suitable version "3.8.10", minimum required is "3.5") 
[6.582s] -- Found python_cmake_module: 0.8.1 (/opt/ros/foxy/share/python_cmake_module/cmake)
[6.599s] -- Using PYTHON_EXECUTABLE: /usr/bin/python3
[6.599s] -- Using PYTHON_INCLUDE_DIRS: /usr/include/python3.8
[6.599s] -- Using PYTHON_LIBRARIES: /usr/lib/x86_64-linux-gnu/libpython3.8.so
[6.608s] -- Found ament_lint_auto: 0.9.8 (/opt/ros/foxy/share/ament_lint_auto/cmake)
[6.614s] -- Added test 'copyright' to check source files copyright and LICENSE
[6.622s] -- Added test 'cppcheck' to perform static code analysis on C / C++ code
[6.622s] -- Configured cppcheck include dirs: 
[6.622s] -- Configured cppcheck exclude dirs and/or files: 
[6.630s] -- Added test 'cpplint' to check C / C++ code against the Google style
[6.630s] -- Configured cpplint exclude dirs and/or files: 
[6.631s] -- Added test 'flake8' to check Python code syntax and style conventions
[6.634s] -- Added test 'lint_cmake' to check CMake code style
[6.636s] -- Added test 'pep257' to check Python code against some of the style conventions in PEP 257
[6.645s] -- Added test 'uncrustify' to check C / C++ code style
[6.645s] -- Configured uncrustify additional arguments: 
[6.646s] -- Added test 'xmllint' to check XML markup files
[6.649s] -- Configuring done
[6.667s] -- Generating done
[6.669s] -- Build files have been written to: /home/iliass/ros2_athens_ws/build/first_interfaces
[6.682s] make[2]: Entering directory '/home/iliass/ros2_athens_ws/build/first_interfaces'
[6.684s] make[3]: Entering directory '/home/iliass/ros2_athens_ws/build/first_interfaces'
[6.684s] make[3]: Entering directory '/home/iliass/ros2_athens_ws/build/first_interfaces'
[6.691s] make[3]: Leaving directory '/home/iliass/ros2_athens_ws/build/first_interfaces'
[6.691s] make[3]: Leaving directory '/home/iliass/ros2_athens_ws/build/first_interfaces'
[6.692s] make[3]: Entering directory '/home/iliass/ros2_athens_ws/build/first_interfaces'
[6.699s] [  3%] Built target first_interfaces__cpp
[6.699s] [  6%] [32mBuilding C object CMakeFiles/first_interfaces__rosidl_generator_c.dir/rosidl_generator_c/first_interfaces/msg/detail/custom_message__functions.c.o[0m
[6.700s] make[3]: Entering directory '/home/iliass/ros2_athens_ws/build/first_interfaces'
[6.701s] make[3]: Entering directory '/home/iliass/ros2_athens_ws/build/first_interfaces'
[6.702s] make[3]: Entering directory '/home/iliass/ros2_athens_ws/build/first_interfaces'
[6.709s] make[3]: Leaving directory '/home/iliass/ros2_athens_ws/build/first_interfaces'
[6.709s] make[3]: Leaving directory '/home/iliass/ros2_athens_ws/build/first_interfaces'
[6.710s] In file included from [01m[K/home/iliass/ros2_athens_ws/build/first_interfaces/rosidl_generator_c/first_interfaces/msg/detail/custom_message__functions.h:19[m[K,
[6.710s]                  from [01m[K/home/iliass/ros2_athens_ws/build/first_interfaces/rosidl_generator_c/first_interfaces/msg/detail/custom_message__functions.c:4[m[K:
[6.710s] [01m[K/home/iliass/ros2_athens_ws/build/first_interfaces/rosidl_generator_c/first_interfaces/msg/detail/custom_message__struct.h:24:10:[m[K [01;31m[Kfatal error: [m[Kfirst_interfaces/msg/detail/string__struct.h: No such file or directory
[6.710s]    24 | #include [01;31m[K"first_interfaces/msg/detail/string__struct.h"[m[K
[6.710s]       |          [01;31m[K^~~~~~~~~~~~~~~~~~~~~~~~~~~~~~~~~~~~~~~~~~~~~~[m[K
[6.710s] compilation terminated.
[6.711s] make[3]: Entering directory '/home/iliass/ros2_athens_ws/build/first_interfaces'
[6.711s] make[3]: Entering directory '/home/iliass/ros2_athens_ws/build/first_interfaces'
[6.712s] make[3]: Leaving directory '/home/iliass/ros2_athens_ws/build/first_interfaces'
[6.712s] make[3]: Leaving directory '/home/iliass/ros2_athens_ws/build/first_interfaces'
[6.712s] make[3]: *** [CMakeFiles/first_interfaces__rosidl_generator_c.dir/build.make:92: CMakeFiles/first_interfaces__rosidl_generator_c.dir/rosidl_generator_c/first_interfaces/msg/detail/custom_message__functions.c.o] Error 1
[6.712s] make[2]: *** [CMakeFiles/Makefile2:332: CMakeFiles/first_interfaces__rosidl_generator_c.dir/all] Error 2
[6.712s] make[2]: *** Waiting for unfinished jobs....
[6.713s] make[3]: Entering directory '/home/iliass/ros2_athens_ws/build/first_interfaces'
[6.718s] [  9%] [32mBuilding CXX object CMakeFiles/first_interfaces__rosidl_typesupport_cpp.dir/rosidl_typesupport_cpp/first_interfaces/msg/custom_message__type_support.cpp.o[0m
[6.720s] [ 12%] [32mBuilding CXX object CMakeFiles/first_interfaces__rosidl_typesupport_introspection_cpp.dir/rosidl_typesupport_introspection_cpp/first_interfaces/msg/detail/custom_message__type_support.cpp.o[0m
[6.721s] [ 16%] [32mBuilding CXX object CMakeFiles/first_interfaces__rosidl_typesupport_fastrtps_cpp.dir/rosidl_typesupport_fastrtps_cpp/first_interfaces/msg/detail/dds_fastrtps/custom_message__type_support.cpp.o[0m
[6.757s] In file included from [01m[K/home/iliass/ros2_athens_ws/build/first_interfaces/rosidl_typesupport_fastrtps_cpp/first_interfaces/msg/detail/custom_message__rosidl_typesupport_fastrtps_cpp.hpp:11[m[K,
[6.757s]                  from [01m[K/home/iliass/ros2_athens_ws/build/first_interfaces/rosidl_typesupport_fastrtps_cpp/first_interfaces/msg/detail/dds_fastrtps/custom_message__type_support.cpp:4[m[K:
[6.757s] [01m[K/home/iliass/ros2_athens_ws/build/first_interfaces/rosidl_generator_cpp/first_interfaces/msg/detail/custom_message__struct.hpp:19:10:[m[K [01;31m[Kfatal error: [m[Kfirst_interfaces/msg/detail/string__struct.hpp: No such file or directory
[6.757s]    19 | #include [01;31m[K"first_interfaces/msg/detail/string__struct.hpp"[m[K
[6.757s]       |          [01;31m[K^~~~~~~~~~~~~~~~~~~~~~~~~~~~~~~~~~~~~~~~~~~~~~~~[m[K
[6.757s] compilation terminated.
[6.758s] In file included from [01m[K/home/iliass/ros2_athens_ws/build/first_interfaces/rosidl_typesupport_introspection_cpp/first_interfaces/msg/detail/custom_message__type_support.cpp:12[m[K:
[6.758s] [01m[K/home/iliass/ros2_athens_ws/build/first_interfaces/rosidl_generator_cpp/first_interfaces/msg/detail/custom_message__struct.hpp:19:10:[m[K [01;31m[Kfatal error: [m[Kfirst_interfaces/msg/detail/string__struct.hpp: No such file or directory
[6.758s]    19 | #include [01;31m[K"first_interfaces/msg/detail/string__struct.hpp"[m[K
[6.758s]       |          [01;31m[K^~~~~~~~~~~~~~~~~~~~~~~~~~~~~~~~~~~~~~~~~~~~~~~~[m[K
[6.758s] compilation terminated.
[6.758s] In file included from [01m[K/home/iliass/ros2_athens_ws/build/first_interfaces/rosidl_typesupport_cpp/first_interfaces/msg/custom_message__type_support.cpp:7[m[K:
[6.758s] [01m[K/home/iliass/ros2_athens_ws/build/first_interfaces/rosidl_generator_cpp/first_interfaces/msg/detail/custom_message__struct.hpp:19:10:[m[K [01;31m[Kfatal error: [m[Kfirst_interfaces/msg/detail/string__struct.hpp: No such file or directory
[6.758s]    19 | #include [01;31m[K"first_interfaces/msg/detail/string__struct.hpp"[m[K
[6.759s]       |          [01;31m[K^~~~~~~~~~~~~~~~~~~~~~~~~~~~~~~~~~~~~~~~~~~~~~~~[m[K
[6.759s] compilation terminated.
[6.759s] make[3]: Leaving directory '/home/iliass/ros2_athens_ws/build/first_interfaces'
[6.759s] make[3]: Leaving directory '/home/iliass/ros2_athens_ws/build/first_interfaces'
[6.759s] make[3]: *** [CMakeFiles/first_interfaces__rosidl_typesupport_introspection_cpp.dir/build.make:78: CMakeFiles/first_interfaces__rosidl_typesupport_introspection_cpp.dir/rosidl_typesupport_introspection_cpp/first_interfaces/msg/detail/custom_message__type_support.cpp.o] Error 1
[6.759s] make[3]: *** [CMakeFiles/first_interfaces__rosidl_typesupport_fastrtps_cpp.dir/build.make:78: CMakeFiles/first_interfaces__rosidl_typesupport_fastrtps_cpp.dir/rosidl_typesupport_fastrtps_cpp/first_interfaces/msg/detail/dds_fastrtps/custom_message__type_support.cpp.o] Error 1
[6.759s] make[2]: *** [CMakeFiles/Makefile2:526: CMakeFiles/first_interfaces__rosidl_typesupport_introspection_cpp.dir/all] Error 2
[6.759s] make[2]: *** [CMakeFiles/Makefile2:388: CMakeFiles/first_interfaces__rosidl_typesupport_fastrtps_cpp.dir/all] Error 2
[6.760s] make[3]: *** [CMakeFiles/first_interfaces__rosidl_typesupport_cpp.dir/build.make:73: CMakeFiles/first_interfaces__rosidl_typesupport_cpp.dir/rosidl_typesupport_cpp/first_interfaces/msg/custom_message__type_support.cpp.o] Error 1
[6.760s] make[3]: Leaving directory '/home/iliass/ros2_athens_ws/build/first_interfaces'
[6.760s] make[2]: *** [CMakeFiles/Makefile2:499: CMakeFiles/first_interfaces__rosidl_typesupport_cpp.dir/all] Error 2
[6.760s] make[2]: Leaving directory '/home/iliass/ros2_athens_ws/build/first_interfaces'
[6.760s] make[1]: *** [Makefile:141: all] Error 2
[6.761s] make[1]: Leaving directory '/home/iliass/ros2_athens_ws/build/first_interfaces'
[6.765s] Invoked command in '/home/iliass/ros2_athens_ws/build/first_interfaces' returned '2': CMAKE_PREFIX_PATH=/home/iliass/ros2_athens_ws/install/first_package:/opt/ros/foxy /usr/bin/cmake --build /home/iliass/ros2_athens_ws/build/first_interfaces -- -j16 -l16
