[0.663s] Invoking command in '/home/iliass/ros2_athens_ws/src/first_package': PYTHONPATH=/home/iliass/ros2_athens_ws/build/first_package/prefix_override:/usr/lib/python3/dist-packages/colcon_core/task/python/colcon_distutils_commands:/home/iliass/ros2_athens_ws/install/first_package/lib/python3.8/site-packages:${PYTHONPATH} /usr/bin/python3 -W ignore:setup.py install is deprecated setup.py egg_info --egg-base ../../build/first_package build --build-base /home/iliass/ros2_athens_ws/build/first_package/build install --record /home/iliass/ros2_athens_ws/build/first_package/install.log --install-scripts $base/lib/first_package --single-version-externally-managed install_data
[0.882s] running egg_info
[0.882s] writing ../../build/first_package/first_package.egg-info/PKG-INFO
[0.882s] writing dependency_links to ../../build/first_package/first_package.egg-info/dependency_links.txt
[0.883s] writing entry points to ../../build/first_package/first_package.egg-info/entry_points.txt
[0.883s] writing requirements to ../../build/first_package/first_package.egg-info/requires.txt
[0.883s] writing top-level names to ../../build/first_package/first_package.egg-info/top_level.txt
[0.930s] reading manifest file '../../build/first_package/first_package.egg-info/SOURCES.txt'
[0.931s] writing manifest file '../../build/first_package/first_package.egg-info/SOURCES.txt'
[0.931s] running build
[0.932s] running build_py
[0.932s] copying first_package/simple_pubsub.py -> /home/iliass/ros2_athens_ws/build/first_package/build/lib/first_package
[0.932s] copying first_package/simple_publisher.py -> /home/iliass/ros2_athens_ws/build/first_package/build/lib/first_package
[0.933s] running install
[0.934s] running install_lib
[0.935s] copying /home/iliass/ros2_athens_ws/build/first_package/build/lib/first_package/simple_pubsub.py -> /home/iliass/ros2_athens_ws/install/first_package/lib/python3.8/site-packages/first_package
[0.936s] copying /home/iliass/ros2_athens_ws/build/first_package/build/lib/first_package/simple_publisher.py -> /home/iliass/ros2_athens_ws/install/first_package/lib/python3.8/site-packages/first_package
[0.936s] byte-compiling /home/iliass/ros2_athens_ws/install/first_package/lib/python3.8/site-packages/first_package/simple_pubsub.py to simple_pubsub.cpython-38.pyc
[0.938s] byte-compiling /home/iliass/ros2_athens_ws/install/first_package/lib/python3.8/site-packages/first_package/simple_publisher.py to simple_publisher.cpython-38.pyc
[0.939s] running install_data
[0.939s] running install_egg_info
[0.940s] removing '/home/iliass/ros2_athens_ws/install/first_package/lib/python3.8/site-packages/first_package-0.0.0-py3.8.egg-info' (and everything under it)
[0.942s] Copying ../../build/first_package/first_package.egg-info to /home/iliass/ros2_athens_ws/install/first_package/lib/python3.8/site-packages/first_package-0.0.0-py3.8.egg-info
[0.942s] running install_scripts
[0.961s] Installing simple_publisher_node script to /home/iliass/ros2_athens_ws/install/first_package/lib/first_package
[0.961s] Installing simple_pubsub_node script to /home/iliass/ros2_athens_ws/install/first_package/lib/first_package
[0.961s] Installing simple_subscriber_node script to /home/iliass/ros2_athens_ws/install/first_package/lib/first_package
[0.961s] writing list of installed files to '/home/iliass/ros2_athens_ws/build/first_package/install.log'
[0.981s] Invoked command in '/home/iliass/ros2_athens_ws/src/first_package' returned '0': PYTHONPATH=/home/iliass/ros2_athens_ws/build/first_package/prefix_override:/usr/lib/python3/dist-packages/colcon_core/task/python/colcon_distutils_commands:/home/iliass/ros2_athens_ws/install/first_package/lib/python3.8/site-packages:${PYTHONPATH} /usr/bin/python3 -W ignore:setup.py install is deprecated setup.py egg_info --egg-base ../../build/first_package build --build-base /home/iliass/ros2_athens_ws/build/first_package/build install --record /home/iliass/ros2_athens_ws/build/first_package/install.log --install-scripts $base/lib/first_package --single-version-externally-managed install_data
