[0.033s] Invoking command in '/home/iliass/ros2_athens_ws/build/stm_interfaces': CMAKE_PREFIX_PATH=${CMAKE_PREFIX_PATH}:/home/iliass/ros2_athens_ws/install/stm_station:/home/iliass/ros2_athens_ws/install/first_package:/opt/ros/foxy /usr/bin/cmake --build /home/iliass/ros2_athens_ws/build/stm_interfaces -- -j16 -l16
[0.043s] make[1]: Entering directory '/home/iliass/ros2_athens_ws/build/stm_interfaces'
[0.065s] make[2]: Entering directory '/home/iliass/ros2_athens_ws/build/stm_interfaces'
[0.066s] make[3]: Entering directory '/home/iliass/ros2_athens_ws/build/stm_interfaces'
[0.067s] make[3]: Entering directory '/home/iliass/ros2_athens_ws/build/stm_interfaces'
[0.078s] make[3]: Leaving directory '/home/iliass/ros2_athens_ws/build/stm_interfaces'
[0.081s] make[3]: Leaving directory '/home/iliass/ros2_athens_ws/build/stm_interfaces'
[0.091s] [  2%] Built target stm_interfaces__cpp
[0.095s] make[3]: Entering directory '/home/iliass/ros2_athens_ws/build/stm_interfaces'
[0.096s] make[3]: Entering directory '/home/iliass/ros2_athens_ws/build/stm_interfaces'
[0.096s] make[3]: Entering directory '/home/iliass/ros2_athens_ws/build/stm_interfaces'
[0.096s] [ 12%] Built target stm_interfaces__rosidl_generator_c
[0.100s] make[3]: Entering directory '/home/iliass/ros2_athens_ws/build/stm_interfaces'
[0.101s] make[3]: Entering directory '/home/iliass/ros2_athens_ws/build/stm_interfaces'
[0.109s] make[3]: Leaving directory '/home/iliass/ros2_athens_ws/build/stm_interfaces'
[0.111s] make[3]: Leaving directory '/home/iliass/ros2_athens_ws/build/stm_interfaces'
[0.113s] make[3]: Leaving directory '/home/iliass/ros2_athens_ws/build/stm_interfaces'
[0.114s] make[3]: Leaving directory '/home/iliass/ros2_athens_ws/build/stm_interfaces'
[0.117s] make[3]: Leaving directory '/home/iliass/ros2_athens_ws/build/stm_interfaces'
[0.126s] [ 23%] Built target stm_interfaces__rosidl_typesupport_cpp
[0.129s] [ 34%] Built target stm_interfaces__rosidl_typesupport_introspection_cpp
[0.129s] [ 44%] Built target stm_interfaces__rosidl_typesupport_fastrtps_cpp
[0.130s] [ 55%] Built target stm_interfaces__rosidl_typesupport_introspection_c
[0.131s] [ 65%] Built target stm_interfaces__rosidl_typesupport_c
[0.133s] make[3]: Entering directory '/home/iliass/ros2_athens_ws/build/stm_interfaces'
[0.142s] make[3]: Leaving directory '/home/iliass/ros2_athens_ws/build/stm_interfaces'
[0.156s] [ 76%] Built target stm_interfaces__rosidl_typesupport_fastrtps_c
[0.158s] make[3]: Entering directory '/home/iliass/ros2_athens_ws/build/stm_interfaces'
[0.168s] make[3]: Leaving directory '/home/iliass/ros2_athens_ws/build/stm_interfaces'
[0.177s] [ 76%] Built target stm_interfaces
[0.179s] make[3]: Entering directory '/home/iliass/ros2_athens_ws/build/stm_interfaces'
[0.189s] make[3]: Leaving directory '/home/iliass/ros2_athens_ws/build/stm_interfaces'
[0.198s] [ 78%] Built target stm_interfaces__py
[0.202s] make[3]: Entering directory '/home/iliass/ros2_athens_ws/build/stm_interfaces'
[0.213s] make[3]: Leaving directory '/home/iliass/ros2_athens_ws/build/stm_interfaces'
[0.230s] [ 87%] Built target stm_interfaces__python
[0.232s] make[3]: Entering directory '/home/iliass/ros2_athens_ws/build/stm_interfaces'
[0.232s] make[3]: Entering directory '/home/iliass/ros2_athens_ws/build/stm_interfaces'
[0.233s] make[3]: Entering directory '/home/iliass/ros2_athens_ws/build/stm_interfaces'
[0.242s] make[3]: Leaving directory '/home/iliass/ros2_athens_ws/build/stm_interfaces'
[0.244s] make[3]: Leaving directory '/home/iliass/ros2_athens_ws/build/stm_interfaces'
[0.245s] make[3]: Leaving directory '/home/iliass/ros2_athens_ws/build/stm_interfaces'
[0.258s] [ 91%] Built target stm_interfaces__rosidl_typesupport_c__pyext
[0.261s] [ 95%] Built target stm_interfaces__rosidl_typesupport_introspection_c__pyext
[0.263s] [100%] Built target stm_interfaces__rosidl_typesupport_fastrtps_c__pyext
[0.263s] make[2]: Leaving directory '/home/iliass/ros2_athens_ws/build/stm_interfaces'
[0.270s] make[1]: Leaving directory '/home/iliass/ros2_athens_ws/build/stm_interfaces'
[0.274s] Invoked command in '/home/iliass/ros2_athens_ws/build/stm_interfaces' returned '0': CMAKE_PREFIX_PATH=${CMAKE_PREFIX_PATH}:/home/iliass/ros2_athens_ws/install/stm_station:/home/iliass/ros2_athens_ws/install/first_package:/opt/ros/foxy /usr/bin/cmake --build /home/iliass/ros2_athens_ws/build/stm_interfaces -- -j16 -l16
[0.392s] Invoking command in '/home/iliass/ros2_athens_ws/build/stm_interfaces': CMAKE_PREFIX_PATH=${CMAKE_PREFIX_PATH}:/home/iliass/ros2_athens_ws/install/stm_station:/home/iliass/ros2_athens_ws/install/first_package:/opt/ros/foxy /usr/bin/cmake --install /home/iliass/ros2_athens_ws/build/stm_interfaces
[0.406s] -- Install configuration: ""
[0.406s] -- Up-to-date: /home/iliass/ros2_athens_ws/install/stm_interfaces/share/ament_index/resource_index/rosidl_interfaces/stm_interfaces
[0.407s] -- Up-to-date: /home/iliass/ros2_athens_ws/install/stm_interfaces/include/stm_interfaces
[0.407s] -- Up-to-date: /home/iliass/ros2_athens_ws/install/stm_interfaces/include/stm_interfaces/srv
[0.407s] -- Up-to-date: /home/iliass/ros2_athens_ws/install/stm_interfaces/include/stm_interfaces/srv/detail
[0.407s] -- Up-to-date: /home/iliass/ros2_athens_ws/install/stm_interfaces/include/stm_interfaces/srv/detail/motor_service__functions.c
[0.407s] -- Up-to-date: /home/iliass/ros2_athens_ws/install/stm_interfaces/include/stm_interfaces/srv/detail/motor_service__struct.h
[0.408s] -- Up-to-date: /home/iliass/ros2_athens_ws/install/stm_interfaces/include/stm_interfaces/srv/detail/motor_service__functions.h
[0.408s] -- Up-to-date: /home/iliass/ros2_athens_ws/install/stm_interfaces/include/stm_interfaces/srv/detail/stm_set_control_type__functions.h
[0.408s] -- Up-to-date: /home/iliass/ros2_athens_ws/install/stm_interfaces/include/stm_interfaces/srv/detail/add_two_ints__functions.c
[0.408s] -- Up-to-date: /home/iliass/ros2_athens_ws/install/stm_interfaces/include/stm_interfaces/srv/detail/add_two_ints__functions.h
[0.409s] -- Up-to-date: /home/iliass/ros2_athens_ws/install/stm_interfaces/include/stm_interfaces/srv/detail/motor_service__type_support.h
[0.409s] -- Up-to-date: /home/iliass/ros2_athens_ws/install/stm_interfaces/include/stm_interfaces/srv/detail/add_two_ints__struct.h
[0.409s] -- Up-to-date: /home/iliass/ros2_athens_ws/install/stm_interfaces/include/stm_interfaces/srv/detail/stm_set_control_type__struct.h
[0.409s] -- Up-to-date: /home/iliass/ros2_athens_ws/install/stm_interfaces/include/stm_interfaces/srv/detail/stm_set_control_type__functions.c
[0.409s] -- Up-to-date: /home/iliass/ros2_athens_ws/install/stm_interfaces/include/stm_interfaces/srv/detail/stm_set_control_type__type_support.h
[0.410s] -- Up-to-date: /home/iliass/ros2_athens_ws/install/stm_interfaces/include/stm_interfaces/srv/detail/add_two_ints__type_support.h
[0.410s] -- Up-to-date: /home/iliass/ros2_athens_ws/install/stm_interfaces/include/stm_interfaces/srv/add_two_ints.h
[0.410s] -- Up-to-date: /home/iliass/ros2_athens_ws/install/stm_interfaces/include/stm_interfaces/srv/motor_service.h
[0.410s] -- Up-to-date: /home/iliass/ros2_athens_ws/install/stm_interfaces/include/stm_interfaces/srv/stm_set_control_type.h
[0.410s] -- Up-to-date: /home/iliass/ros2_athens_ws/install/stm_interfaces/include/stm_interfaces/msg
[0.410s] -- Up-to-date: /home/iliass/ros2_athens_ws/install/stm_interfaces/include/stm_interfaces/msg/stm_control.h
[0.410s] -- Up-to-date: /home/iliass/ros2_athens_ws/install/stm_interfaces/include/stm_interfaces/msg/detail
[0.410s] -- Up-to-date: /home/iliass/ros2_athens_ws/install/stm_interfaces/include/stm_interfaces/msg/detail/stm_state__struct.h
[0.410s] -- Up-to-date: /home/iliass/ros2_athens_ws/install/stm_interfaces/include/stm_interfaces/msg/detail/stm_control__functions.h
[0.411s] -- Up-to-date: /home/iliass/ros2_athens_ws/install/stm_interfaces/include/stm_interfaces/msg/detail/stm_control__type_support.h
[0.411s] -- Up-to-date: /home/iliass/ros2_athens_ws/install/stm_interfaces/include/stm_interfaces/msg/detail/stm_state__functions.h
[0.411s] -- Up-to-date: /home/iliass/ros2_athens_ws/install/stm_interfaces/include/stm_interfaces/msg/detail/stm_state__functions.c
[0.412s] -- Up-to-date: /home/iliass/ros2_athens_ws/install/stm_interfaces/include/stm_interfaces/msg/detail/stm_control__functions.c
[0.412s] -- Up-to-date: /home/iliass/ros2_athens_ws/install/stm_interfaces/include/stm_interfaces/msg/detail/stm_control__struct.h
[0.412s] -- Up-to-date: /home/iliass/ros2_athens_ws/install/stm_interfaces/include/stm_interfaces/msg/detail/stm_state__type_support.h
[0.412s] -- Up-to-date: /home/iliass/ros2_athens_ws/install/stm_interfaces/include/stm_interfaces/msg/stm_state.h
[0.412s] -- Up-to-date: /home/iliass/ros2_athens_ws/install/stm_interfaces/include/stm_interfaces/msg/rosidl_generator_c__visibility_control.h
[0.413s] -- Up-to-date: /home/iliass/ros2_athens_ws/install/stm_interfaces/share/stm_interfaces/environment/library_path.sh
[0.413s] -- Up-to-date: /home/iliass/ros2_athens_ws/install/stm_interfaces/share/stm_interfaces/environment/library_path.dsv
[0.413s] -- Up-to-date: /home/iliass/ros2_athens_ws/install/stm_interfaces/lib/libstm_interfaces__rosidl_generator_c.so
[0.413s] -- Up-to-date: /home/iliass/ros2_athens_ws/install/stm_interfaces/include/stm_interfaces
[0.413s] -- Up-to-date: /home/iliass/ros2_athens_ws/install/stm_interfaces/include/stm_interfaces/srv
[0.414s] -- Up-to-date: /home/iliass/ros2_athens_ws/install/stm_interfaces/include/stm_interfaces/srv/detail
[0.414s] -- Up-to-date: /home/iliass/ros2_athens_ws/install/stm_interfaces/include/stm_interfaces/srv/detail/add_two_ints__rosidl_typesupport_fastrtps_c.h
[0.414s] -- Up-to-date: /home/iliass/ros2_athens_ws/install/stm_interfaces/include/stm_interfaces/srv/detail/motor_service__rosidl_typesupport_fastrtps_c.h
[0.414s] -- Up-to-date: /home/iliass/ros2_athens_ws/install/stm_interfaces/include/stm_interfaces/srv/detail/stm_set_control_type__rosidl_typesupport_fastrtps_c.h
[0.415s] -- Up-to-date: /home/iliass/ros2_athens_ws/install/stm_interfaces/include/stm_interfaces/msg
[0.415s] -- Up-to-date: /home/iliass/ros2_athens_ws/install/stm_interfaces/include/stm_interfaces/msg/detail
[0.415s] -- Up-to-date: /home/iliass/ros2_athens_ws/install/stm_interfaces/include/stm_interfaces/msg/detail/stm_state__rosidl_typesupport_fastrtps_c.h
[0.415s] -- Up-to-date: /home/iliass/ros2_athens_ws/install/stm_interfaces/include/stm_interfaces/msg/detail/stm_control__rosidl_typesupport_fastrtps_c.h
[0.415s] -- Up-to-date: /home/iliass/ros2_athens_ws/install/stm_interfaces/include/stm_interfaces/msg/rosidl_typesupport_fastrtps_c__visibility_control.h
[0.415s] -- Up-to-date: /home/iliass/ros2_athens_ws/install/stm_interfaces/lib/libstm_interfaces__rosidl_typesupport_fastrtps_c.so
[0.415s] -- Up-to-date: /home/iliass/ros2_athens_ws/install/stm_interfaces/include/stm_interfaces
[0.415s] -- Up-to-date: /home/iliass/ros2_athens_ws/install/stm_interfaces/include/stm_interfaces/srv
[0.416s] -- Up-to-date: /home/iliass/ros2_athens_ws/install/stm_interfaces/include/stm_interfaces/srv/detail
[0.416s] -- Up-to-date: /home/iliass/ros2_athens_ws/install/stm_interfaces/include/stm_interfaces/srv/detail/add_two_ints__rosidl_typesupport_fastrtps_cpp.hpp
[0.416s] -- Up-to-date: /home/iliass/ros2_athens_ws/install/stm_interfaces/include/stm_interfaces/srv/detail/stm_set_control_type__rosidl_typesupport_fastrtps_cpp.hpp
[0.416s] -- Up-to-date: /home/iliass/ros2_athens_ws/install/stm_interfaces/include/stm_interfaces/srv/detail/dds_fastrtps
[0.416s] -- Up-to-date: /home/iliass/ros2_athens_ws/install/stm_interfaces/include/stm_interfaces/srv/detail/motor_service__rosidl_typesupport_fastrtps_cpp.hpp
[0.416s] -- Up-to-date: /home/iliass/ros2_athens_ws/install/stm_interfaces/include/stm_interfaces/msg
[0.417s] -- Up-to-date: /home/iliass/ros2_athens_ws/install/stm_interfaces/include/stm_interfaces/msg/detail
[0.417s] -- Up-to-date: /home/iliass/ros2_athens_ws/install/stm_interfaces/include/stm_interfaces/msg/detail/stm_state__rosidl_typesupport_fastrtps_cpp.hpp
[0.417s] -- Up-to-date: /home/iliass/ros2_athens_ws/install/stm_interfaces/include/stm_interfaces/msg/detail/dds_fastrtps
[0.417s] -- Up-to-date: /home/iliass/ros2_athens_ws/install/stm_interfaces/include/stm_interfaces/msg/detail/stm_control__rosidl_typesupport_fastrtps_cpp.hpp
[0.418s] -- Up-to-date: /home/iliass/ros2_athens_ws/install/stm_interfaces/include/stm_interfaces/msg/rosidl_typesupport_fastrtps_cpp__visibility_control.h
[0.418s] -- Up-to-date: /home/iliass/ros2_athens_ws/install/stm_interfaces/lib/libstm_interfaces__rosidl_typesupport_fastrtps_cpp.so
[0.419s] -- Up-to-date: /home/iliass/ros2_athens_ws/install/stm_interfaces/include/stm_interfaces
[0.419s] -- Up-to-date: /home/iliass/ros2_athens_ws/install/stm_interfaces/include/stm_interfaces/srv
[0.419s] -- Up-to-date: /home/iliass/ros2_athens_ws/install/stm_interfaces/include/stm_interfaces/srv/detail
[0.419s] -- Up-to-date: /home/iliass/ros2_athens_ws/install/stm_interfaces/include/stm_interfaces/srv/detail/motor_service__rosidl_typesupport_introspection_c.h
[0.419s] -- Up-to-date: /home/iliass/ros2_athens_ws/install/stm_interfaces/include/stm_interfaces/srv/detail/motor_service__type_support.c
[0.419s] -- Up-to-date: /home/iliass/ros2_athens_ws/install/stm_interfaces/include/stm_interfaces/srv/detail/add_two_ints__type_support.c
[0.419s] -- Up-to-date: /home/iliass/ros2_athens_ws/install/stm_interfaces/include/stm_interfaces/srv/detail/stm_set_control_type__type_support.c
[0.419s] -- Up-to-date: /home/iliass/ros2_athens_ws/install/stm_interfaces/include/stm_interfaces/srv/detail/add_two_ints__rosidl_typesupport_introspection_c.h
[0.419s] -- Up-to-date: /home/iliass/ros2_athens_ws/install/stm_interfaces/include/stm_interfaces/srv/detail/stm_set_control_type__rosidl_typesupport_introspection_c.h
[0.420s] -- Up-to-date: /home/iliass/ros2_athens_ws/install/stm_interfaces/include/stm_interfaces/msg
[0.420s] -- Up-to-date: /home/iliass/ros2_athens_ws/install/stm_interfaces/include/stm_interfaces/msg/detail
[0.420s] -- Up-to-date: /home/iliass/ros2_athens_ws/install/stm_interfaces/include/stm_interfaces/msg/detail/stm_state__type_support.c
[0.420s] -- Up-to-date: /home/iliass/ros2_athens_ws/install/stm_interfaces/include/stm_interfaces/msg/detail/stm_control__type_support.c
[0.420s] -- Up-to-date: /home/iliass/ros2_athens_ws/install/stm_interfaces/include/stm_interfaces/msg/detail/stm_control__rosidl_typesupport_introspection_c.h
[0.421s] -- Up-to-date: /home/iliass/ros2_athens_ws/install/stm_interfaces/include/stm_interfaces/msg/detail/stm_state__rosidl_typesupport_introspection_c.h
[0.421s] -- Up-to-date: /home/iliass/ros2_athens_ws/install/stm_interfaces/include/stm_interfaces/msg/rosidl_typesupport_introspection_c__visibility_control.h
[0.421s] -- Up-to-date: /home/iliass/ros2_athens_ws/install/stm_interfaces/lib/libstm_interfaces__rosidl_typesupport_introspection_c.so
[0.422s] -- Up-to-date: /home/iliass/ros2_athens_ws/install/stm_interfaces/lib/libstm_interfaces__rosidl_typesupport_c.so
[0.422s] -- Up-to-date: /home/iliass/ros2_athens_ws/install/stm_interfaces/include/stm_interfaces
[0.422s] -- Up-to-date: /home/iliass/ros2_athens_ws/install/stm_interfaces/include/stm_interfaces/srv
[0.422s] -- Up-to-date: /home/iliass/ros2_athens_ws/install/stm_interfaces/include/stm_interfaces/srv/detail
[0.423s] -- Up-to-date: /home/iliass/ros2_athens_ws/install/stm_interfaces/include/stm_interfaces/srv/detail/stm_set_control_type__builder.hpp
[0.423s] -- Up-to-date: /home/iliass/ros2_athens_ws/install/stm_interfaces/include/stm_interfaces/srv/detail/stm_set_control_type__traits.hpp
[0.423s] -- Up-to-date: /home/iliass/ros2_athens_ws/install/stm_interfaces/include/stm_interfaces/srv/detail/stm_set_control_type__type_support.hpp
[0.423s] -- Up-to-date: /home/iliass/ros2_athens_ws/install/stm_interfaces/include/stm_interfaces/srv/detail/motor_service__struct.hpp
[0.424s] -- Up-to-date: /home/iliass/ros2_athens_ws/install/stm_interfaces/include/stm_interfaces/srv/detail/add_two_ints__traits.hpp
[0.424s] -- Up-to-date: /home/iliass/ros2_athens_ws/install/stm_interfaces/include/stm_interfaces/srv/detail/motor_service__type_support.hpp
[0.424s] -- Up-to-date: /home/iliass/ros2_athens_ws/install/stm_interfaces/include/stm_interfaces/srv/detail/add_two_ints__type_support.hpp
[0.425s] -- Up-to-date: /home/iliass/ros2_athens_ws/install/stm_interfaces/include/stm_interfaces/srv/detail/add_two_ints__builder.hpp
[0.425s] -- Up-to-date: /home/iliass/ros2_athens_ws/install/stm_interfaces/include/stm_interfaces/srv/detail/add_two_ints__struct.hpp
[0.425s] -- Up-to-date: /home/iliass/ros2_athens_ws/install/stm_interfaces/include/stm_interfaces/srv/detail/motor_service__traits.hpp
[0.425s] -- Up-to-date: /home/iliass/ros2_athens_ws/install/stm_interfaces/include/stm_interfaces/srv/detail/motor_service__builder.hpp
[0.425s] -- Up-to-date: /home/iliass/ros2_athens_ws/install/stm_interfaces/include/stm_interfaces/srv/detail/stm_set_control_type__struct.hpp
[0.426s] -- Up-to-date: /home/iliass/ros2_athens_ws/install/stm_interfaces/include/stm_interfaces/srv/add_two_ints.hpp
[0.426s] -- Up-to-date: /home/iliass/ros2_athens_ws/install/stm_interfaces/include/stm_interfaces/srv/stm_set_control_type.hpp
[0.426s] -- Up-to-date: /home/iliass/ros2_athens_ws/install/stm_interfaces/include/stm_interfaces/srv/motor_service.hpp
[0.426s] -- Up-to-date: /home/iliass/ros2_athens_ws/install/stm_interfaces/include/stm_interfaces/msg
[0.426s] -- Up-to-date: /home/iliass/ros2_athens_ws/install/stm_interfaces/include/stm_interfaces/msg/stm_control.hpp
[0.426s] -- Up-to-date: /home/iliass/ros2_athens_ws/install/stm_interfaces/include/stm_interfaces/msg/detail
[0.427s] -- Up-to-date: /home/iliass/ros2_athens_ws/install/stm_interfaces/include/stm_interfaces/msg/detail/stm_state__builder.hpp
[0.427s] -- Up-to-date: /home/iliass/ros2_athens_ws/install/stm_interfaces/include/stm_interfaces/msg/detail/stm_control__type_support.hpp
[0.428s] -- Up-to-date: /home/iliass/ros2_athens_ws/install/stm_interfaces/include/stm_interfaces/msg/detail/stm_state__struct.hpp
[0.429s] -- Up-to-date: /home/iliass/ros2_athens_ws/install/stm_interfaces/include/stm_interfaces/msg/detail/stm_state__traits.hpp
[0.430s] -- Up-to-date: /home/iliass/ros2_athens_ws/install/stm_interfaces/include/stm_interfaces/msg/detail/stm_control__struct.hpp
[0.430s] -- Up-to-date: /home/iliass/ros2_athens_ws/install/stm_interfaces/include/stm_interfaces/msg/detail/stm_state__type_support.hpp
[0.430s] -- Up-to-date: /home/iliass/ros2_athens_ws/install/stm_interfaces/include/stm_interfaces/msg/detail/stm_control__builder.hpp
[0.431s] -- Up-to-date: /home/iliass/ros2_athens_ws/install/stm_interfaces/include/stm_interfaces/msg/detail/stm_control__traits.hpp
[0.431s] -- Up-to-date: /home/iliass/ros2_athens_ws/install/stm_interfaces/include/stm_interfaces/msg/rosidl_generator_cpp__visibility_control.hpp
[0.432s] -- Up-to-date: /home/iliass/ros2_athens_ws/install/stm_interfaces/include/stm_interfaces/msg/stm_state.hpp
[0.432s] -- Up-to-date: /home/iliass/ros2_athens_ws/install/stm_interfaces/include/stm_interfaces
[0.432s] -- Up-to-date: /home/iliass/ros2_athens_ws/install/stm_interfaces/include/stm_interfaces/srv
[0.433s] -- Up-to-date: /home/iliass/ros2_athens_ws/install/stm_interfaces/include/stm_interfaces/srv/detail
[0.433s] -- Up-to-date: /home/iliass/ros2_athens_ws/install/stm_interfaces/include/stm_interfaces/srv/detail/stm_set_control_type__rosidl_typesupport_introspection_cpp.hpp
[0.433s] -- Up-to-date: /home/iliass/ros2_athens_ws/install/stm_interfaces/include/stm_interfaces/srv/detail/add_two_ints__type_support.cpp
[0.433s] -- Up-to-date: /home/iliass/ros2_athens_ws/install/stm_interfaces/include/stm_interfaces/srv/detail/motor_service__type_support.cpp
[0.434s] -- Up-to-date: /home/iliass/ros2_athens_ws/install/stm_interfaces/include/stm_interfaces/srv/detail/add_two_ints__rosidl_typesupport_introspection_cpp.hpp
[0.434s] -- Up-to-date: /home/iliass/ros2_athens_ws/install/stm_interfaces/include/stm_interfaces/srv/detail/motor_service__rosidl_typesupport_introspection_cpp.hpp
[0.434s] -- Up-to-date: /home/iliass/ros2_athens_ws/install/stm_interfaces/include/stm_interfaces/srv/detail/stm_set_control_type__type_support.cpp
[0.434s] -- Up-to-date: /home/iliass/ros2_athens_ws/install/stm_interfaces/include/stm_interfaces/msg
[0.435s] -- Up-to-date: /home/iliass/ros2_athens_ws/install/stm_interfaces/include/stm_interfaces/msg/detail
[0.435s] -- Up-to-date: /home/iliass/ros2_athens_ws/install/stm_interfaces/include/stm_interfaces/msg/detail/stm_control__type_support.cpp
[0.435s] -- Up-to-date: /home/iliass/ros2_athens_ws/install/stm_interfaces/include/stm_interfaces/msg/detail/stm_state__rosidl_typesupport_introspection_cpp.hpp
[0.436s] -- Up-to-date: /home/iliass/ros2_athens_ws/install/stm_interfaces/include/stm_interfaces/msg/detail/stm_control__rosidl_typesupport_introspection_cpp.hpp
[0.436s] -- Up-to-date: /home/iliass/ros2_athens_ws/install/stm_interfaces/include/stm_interfaces/msg/detail/stm_state__type_support.cpp
[0.436s] -- Up-to-date: /home/iliass/ros2_athens_ws/install/stm_interfaces/lib/libstm_interfaces__rosidl_typesupport_introspection_cpp.so
[0.436s] -- Up-to-date: /home/iliass/ros2_athens_ws/install/stm_interfaces/lib/libstm_interfaces__rosidl_typesupport_cpp.so
[0.436s] -- Up-to-date: /home/iliass/ros2_athens_ws/install/stm_interfaces/share/stm_interfaces/environment/pythonpath.sh
[0.436s] -- Up-to-date: /home/iliass/ros2_athens_ws/install/stm_interfaces/share/stm_interfaces/environment/pythonpath.dsv
[0.437s] -- Up-to-date: /home/iliass/ros2_athens_ws/install/stm_interfaces/lib/python3.8/site-packages/stm_interfaces/__init__.py
[0.470s] -- Up-to-date: /home/iliass/ros2_athens_ws/install/stm_interfaces/lib/python3.8/site-packages/stm_interfaces/msg
[0.470s] -- Up-to-date: /home/iliass/ros2_athens_ws/install/stm_interfaces/lib/python3.8/site-packages/stm_interfaces/msg/_stm_control.py
[0.470s] -- Up-to-date: /home/iliass/ros2_athens_ws/install/stm_interfaces/lib/python3.8/site-packages/stm_interfaces/msg/__init__.py
[0.470s] -- Up-to-date: /home/iliass/ros2_athens_ws/install/stm_interfaces/lib/python3.8/site-packages/stm_interfaces/msg/_stm_state_s.c
[0.470s] -- Up-to-date: /home/iliass/ros2_athens_ws/install/stm_interfaces/lib/python3.8/site-packages/stm_interfaces/msg/_stm_state.py
[0.470s] -- Up-to-date: /home/iliass/ros2_athens_ws/install/stm_interfaces/lib/python3.8/site-packages/stm_interfaces/msg/_stm_control_s.c
[0.470s] -- Up-to-date: /home/iliass/ros2_athens_ws/install/stm_interfaces/lib/python3.8/site-packages/stm_interfaces/srv
[0.471s] -- Up-to-date: /home/iliass/ros2_athens_ws/install/stm_interfaces/lib/python3.8/site-packages/stm_interfaces/srv/_stm_set_control_type.py
[0.471s] -- Up-to-date: /home/iliass/ros2_athens_ws/install/stm_interfaces/lib/python3.8/site-packages/stm_interfaces/srv/_add_two_ints.py
[0.471s] -- Up-to-date: /home/iliass/ros2_athens_ws/install/stm_interfaces/lib/python3.8/site-packages/stm_interfaces/srv/_stm_set_control_type_s.c
[0.471s] -- Up-to-date: /home/iliass/ros2_athens_ws/install/stm_interfaces/lib/python3.8/site-packages/stm_interfaces/srv/_add_two_ints_s.c
[0.471s] -- Up-to-date: /home/iliass/ros2_athens_ws/install/stm_interfaces/lib/python3.8/site-packages/stm_interfaces/srv/__init__.py
[0.472s] -- Up-to-date: /home/iliass/ros2_athens_ws/install/stm_interfaces/lib/python3.8/site-packages/stm_interfaces/srv/_motor_service.py
[0.472s] -- Up-to-date: /home/iliass/ros2_athens_ws/install/stm_interfaces/lib/python3.8/site-packages/stm_interfaces/srv/_motor_service_s.c
[0.472s] -- Up-to-date: /home/iliass/ros2_athens_ws/install/stm_interfaces/lib/python3.8/site-packages/stm_interfaces/stm_interfaces_s__rosidl_typesupport_fastrtps_c.cpython-38-x86_64-linux-gnu.so
[0.472s] -- Up-to-date: /home/iliass/ros2_athens_ws/install/stm_interfaces/lib/python3.8/site-packages/stm_interfaces/stm_interfaces_s__rosidl_typesupport_introspection_c.cpython-38-x86_64-linux-gnu.so
[0.473s] -- Up-to-date: /home/iliass/ros2_athens_ws/install/stm_interfaces/lib/python3.8/site-packages/stm_interfaces/stm_interfaces_s__rosidl_typesupport_c.cpython-38-x86_64-linux-gnu.so
[0.473s] -- Up-to-date: /home/iliass/ros2_athens_ws/install/stm_interfaces/lib/libstm_interfaces__python.so
[0.473s] -- Up-to-date: /home/iliass/ros2_athens_ws/install/stm_interfaces/share/stm_interfaces/msg/STMControl.idl
[0.473s] -- Up-to-date: /home/iliass/ros2_athens_ws/install/stm_interfaces/share/stm_interfaces/msg/STMState.idl
[0.473s] -- Up-to-date: /home/iliass/ros2_athens_ws/install/stm_interfaces/share/stm_interfaces/srv/STMSetControlType.idl
[0.473s] -- Up-to-date: /home/iliass/ros2_athens_ws/install/stm_interfaces/share/stm_interfaces/msg/STMControl.msg
[0.474s] -- Up-to-date: /home/iliass/ros2_athens_ws/install/stm_interfaces/share/stm_interfaces/msg/STMState.msg
[0.474s] -- Up-to-date: /home/iliass/ros2_athens_ws/install/stm_interfaces/share/stm_interfaces/srv/STMSetControlType.srv
[0.474s] -- Up-to-date: /home/iliass/ros2_athens_ws/install/stm_interfaces/share/stm_interfaces/srv/STMSetControlType_Request.msg
[0.474s] -- Up-to-date: /home/iliass/ros2_athens_ws/install/stm_interfaces/share/stm_interfaces/srv/STMSetControlType_Response.msg
[0.475s] -- Up-to-date: /home/iliass/ros2_athens_ws/install/stm_interfaces/share/ament_index/resource_index/package_run_dependencies/stm_interfaces
[0.475s] -- Up-to-date: /home/iliass/ros2_athens_ws/install/stm_interfaces/share/ament_index/resource_index/parent_prefix_path/stm_interfaces
[0.475s] -- Up-to-date: /home/iliass/ros2_athens_ws/install/stm_interfaces/share/stm_interfaces/environment/ament_prefix_path.sh
[0.475s] -- Up-to-date: /home/iliass/ros2_athens_ws/install/stm_interfaces/share/stm_interfaces/environment/ament_prefix_path.dsv
[0.475s] -- Up-to-date: /home/iliass/ros2_athens_ws/install/stm_interfaces/share/stm_interfaces/environment/path.sh
[0.476s] -- Up-to-date: /home/iliass/ros2_athens_ws/install/stm_interfaces/share/stm_interfaces/environment/path.dsv
[0.476s] -- Up-to-date: /home/iliass/ros2_athens_ws/install/stm_interfaces/share/stm_interfaces/local_setup.bash
[0.476s] -- Up-to-date: /home/iliass/ros2_athens_ws/install/stm_interfaces/share/stm_interfaces/local_setup.sh
[0.476s] -- Up-to-date: /home/iliass/ros2_athens_ws/install/stm_interfaces/share/stm_interfaces/local_setup.zsh
[0.477s] -- Up-to-date: /home/iliass/ros2_athens_ws/install/stm_interfaces/share/stm_interfaces/local_setup.dsv
[0.477s] -- Installing: /home/iliass/ros2_athens_ws/install/stm_interfaces/share/stm_interfaces/package.dsv
[0.477s] -- Up-to-date: /home/iliass/ros2_athens_ws/install/stm_interfaces/share/ament_index/resource_index/packages/stm_interfaces
[0.477s] -- Up-to-date: /home/iliass/ros2_athens_ws/install/stm_interfaces/share/stm_interfaces/cmake/stm_interfaces__rosidl_generator_cExport.cmake
[0.478s] -- Up-to-date: /home/iliass/ros2_athens_ws/install/stm_interfaces/share/stm_interfaces/cmake/stm_interfaces__rosidl_generator_cExport-noconfig.cmake
[0.478s] -- Up-to-date: /home/iliass/ros2_athens_ws/install/stm_interfaces/share/stm_interfaces/cmake/stm_interfaces__rosidl_typesupport_introspection_cExport.cmake
[0.478s] -- Up-to-date: /home/iliass/ros2_athens_ws/install/stm_interfaces/share/stm_interfaces/cmake/stm_interfaces__rosidl_typesupport_introspection_cExport-noconfig.cmake
[0.479s] -- Up-to-date: /home/iliass/ros2_athens_ws/install/stm_interfaces/share/stm_interfaces/cmake/stm_interfaces__rosidl_typesupport_cExport.cmake
[0.479s] -- Up-to-date: /home/iliass/ros2_athens_ws/install/stm_interfaces/share/stm_interfaces/cmake/stm_interfaces__rosidl_typesupport_cExport-noconfig.cmake
[0.479s] -- Up-to-date: /home/iliass/ros2_athens_ws/install/stm_interfaces/share/stm_interfaces/cmake/stm_interfaces__rosidl_generator_cppExport.cmake
[0.479s] -- Up-to-date: /home/iliass/ros2_athens_ws/install/stm_interfaces/share/stm_interfaces/cmake/stm_interfaces__rosidl_typesupport_introspection_cppExport.cmake
[0.480s] -- Up-to-date: /home/iliass/ros2_athens_ws/install/stm_interfaces/share/stm_interfaces/cmake/stm_interfaces__rosidl_typesupport_introspection_cppExport-noconfig.cmake
[0.480s] -- Up-to-date: /home/iliass/ros2_athens_ws/install/stm_interfaces/share/stm_interfaces/cmake/stm_interfaces__rosidl_typesupport_cppExport.cmake
[0.481s] -- Up-to-date: /home/iliass/ros2_athens_ws/install/stm_interfaces/share/stm_interfaces/cmake/stm_interfaces__rosidl_typesupport_cppExport-noconfig.cmake
[0.481s] -- Up-to-date: /home/iliass/ros2_athens_ws/install/stm_interfaces/share/stm_interfaces/cmake/rosidl_cmake-extras.cmake
[0.481s] -- Up-to-date: /home/iliass/ros2_athens_ws/install/stm_interfaces/share/stm_interfaces/cmake/ament_cmake_export_dependencies-extras.cmake
[0.482s] -- Up-to-date: /home/iliass/ros2_athens_ws/install/stm_interfaces/share/stm_interfaces/cmake/ament_cmake_export_libraries-extras.cmake
[0.482s] -- Up-to-date: /home/iliass/ros2_athens_ws/install/stm_interfaces/share/stm_interfaces/cmake/ament_cmake_export_targets-extras.cmake
[0.482s] -- Up-to-date: /home/iliass/ros2_athens_ws/install/stm_interfaces/share/stm_interfaces/cmake/ament_cmake_export_include_directories-extras.cmake
[0.482s] -- Up-to-date: /home/iliass/ros2_athens_ws/install/stm_interfaces/share/stm_interfaces/cmake/rosidl_cmake_export_typesupport_libraries-extras.cmake
[0.483s] -- Up-to-date: /home/iliass/ros2_athens_ws/install/stm_interfaces/share/stm_interfaces/cmake/rosidl_cmake_export_typesupport_targets-extras.cmake
[0.483s] -- Up-to-date: /home/iliass/ros2_athens_ws/install/stm_interfaces/share/stm_interfaces/cmake/stm_interfacesConfig.cmake
[0.483s] -- Up-to-date: /home/iliass/ros2_athens_ws/install/stm_interfaces/share/stm_interfaces/cmake/stm_interfacesConfig-version.cmake
[0.483s] -- Up-to-date: /home/iliass/ros2_athens_ws/install/stm_interfaces/share/stm_interfaces/package.xml
[0.487s] Invoked command in '/home/iliass/ros2_athens_ws/build/stm_interfaces' returned '0': CMAKE_PREFIX_PATH=${CMAKE_PREFIX_PATH}:/home/iliass/ros2_athens_ws/install/stm_station:/home/iliass/ros2_athens_ws/install/first_package:/opt/ros/foxy /usr/bin/cmake --install /home/iliass/ros2_athens_ws/build/stm_interfaces
