[0.697s] DEBUG:colcon:Command line arguments: ['/usr/bin/colcon', 'build']
[0.698s] DEBUG:colcon:Parsed command line arguments: Namespace(allow_overriding=[], ament_cmake_args=None, base_paths=['.'], build_base='build', catkin_cmake_args=None, catkin_skip_building_tests=False, cmake_args=None, cmake_clean_cache=False, cmake_clean_first=False, cmake_force_configure=False, cmake_target=None, cmake_target_skip_unavailable=False, continue_on_error=False, event_handlers=None, executor='parallel', ignore_user_meta=False, install_base='install', log_base=None, log_level=None, main=<bound method BuildVerb.main of <colcon_core.verb.build.BuildVerb object at 0x7fdf1faa2df0>>, merge_install=False, metas=['./colcon.meta'], packages_above=None, packages_above_and_dependencies=None, packages_above_depth=None, packages_end=None, packages_ignore=None, packages_ignore_regex=None, packages_select=None, packages_select_build_failed=False, packages_select_by_dep=None, packages_select_regex=None, packages_select_test_failures=False, packages_skip=None, packages_skip_build_finished=False, packages_skip_by_dep=None, packages_skip_regex=None, packages_skip_test_passed=False, packages_skip_up_to=None, packages_start=None, packages_up_to=None, packages_up_to_regex=None, parallel_workers=16, paths=None, symlink_install=False, test_result_base=None, verb_extension=<colcon_core.verb.build.BuildVerb object at 0x7fdf1faa2df0>, verb_name='build', verb_parser=<colcon_defaults.argument_parser.defaults.DefaultArgumentsDecorator object at 0x7fdf1faac3a0>)
[0.840s] Level 1:colcon.colcon_core.package_discovery:discover_packages(colcon_meta) check parameters
[0.841s] Level 1:colcon.colcon_core.package_discovery:discover_packages(recursive) check parameters
[0.841s] Level 1:colcon.colcon_core.package_discovery:discover_packages(ignore) check parameters
[0.841s] Level 1:colcon.colcon_core.package_discovery:discover_packages(path) check parameters
[0.841s] Level 1:colcon.colcon_core.package_discovery:discover_packages(colcon_meta) discover
[0.841s] Level 1:colcon.colcon_core.package_discovery:discover_packages(recursive) discover
[0.841s] INFO:colcon.colcon_core.package_discovery:Crawling recursively for packages in '/home/iliass/ros2_athens_ws'
[0.841s] Level 1:colcon.colcon_core.package_identification:_identify(.) by extensions ['ignore', 'ignore_ament_install']
[0.841s] Level 1:colcon.colcon_core.package_identification:_identify(.) by extension 'ignore'
[0.841s] Level 1:colcon.colcon_core.package_identification:_identify(.) by extension 'ignore_ament_install'
[0.841s] Level 1:colcon.colcon_core.package_identification:_identify(.) by extensions ['colcon_pkg']
[0.841s] Level 1:colcon.colcon_core.package_identification:_identify(.) by extension 'colcon_pkg'
[0.841s] Level 1:colcon.colcon_core.package_identification:_identify(.) by extensions ['colcon_meta']
[0.842s] Level 1:colcon.colcon_core.package_identification:_identify(.) by extension 'colcon_meta'
[0.842s] Level 1:colcon.colcon_core.package_identification:_identify(.) by extensions ['ros']
[0.842s] Level 1:colcon.colcon_core.package_identification:_identify(.) by extension 'ros'
[0.861s] Level 1:colcon.colcon_core.package_identification:_identify(.) by extensions ['cmake', 'python']
[0.861s] Level 1:colcon.colcon_core.package_identification:_identify(.) by extension 'cmake'
[0.861s] Level 1:colcon.colcon_core.package_identification:_identify(.) by extension 'python'
[0.861s] Level 1:colcon.colcon_core.package_identification:_identify(.) by extensions ['python_setup_py']
[0.861s] Level 1:colcon.colcon_core.package_identification:_identify(.) by extension 'python_setup_py'
[0.862s] Level 1:colcon.colcon_core.package_identification:_identify(bags) by extensions ['ignore', 'ignore_ament_install']
[0.862s] Level 1:colcon.colcon_core.package_identification:_identify(bags) by extension 'ignore'
[0.862s] Level 1:colcon.colcon_core.package_identification:_identify(bags) by extension 'ignore_ament_install'
[0.862s] Level 1:colcon.colcon_core.package_identification:_identify(bags) by extensions ['colcon_pkg']
[0.862s] Level 1:colcon.colcon_core.package_identification:_identify(bags) by extension 'colcon_pkg'
[0.862s] Level 1:colcon.colcon_core.package_identification:_identify(bags) by extensions ['colcon_meta']
[0.862s] Level 1:colcon.colcon_core.package_identification:_identify(bags) by extension 'colcon_meta'
[0.862s] Level 1:colcon.colcon_core.package_identification:_identify(bags) by extensions ['ros']
[0.862s] Level 1:colcon.colcon_core.package_identification:_identify(bags) by extension 'ros'
[0.862s] Level 1:colcon.colcon_core.package_identification:_identify(bags) by extensions ['cmake', 'python']
[0.863s] Level 1:colcon.colcon_core.package_identification:_identify(bags) by extension 'cmake'
[0.863s] Level 1:colcon.colcon_core.package_identification:_identify(bags) by extension 'python'
[0.863s] Level 1:colcon.colcon_core.package_identification:_identify(bags) by extensions ['python_setup_py']
[0.863s] Level 1:colcon.colcon_core.package_identification:_identify(bags) by extension 'python_setup_py'
[0.863s] Level 1:colcon.colcon_core.package_identification:_identify(bags/motor) by extensions ['ignore', 'ignore_ament_install']
[0.863s] Level 1:colcon.colcon_core.package_identification:_identify(bags/motor) by extension 'ignore'
[0.863s] Level 1:colcon.colcon_core.package_identification:_identify(bags/motor) by extension 'ignore_ament_install'
[0.863s] Level 1:colcon.colcon_core.package_identification:_identify(bags/motor) by extensions ['colcon_pkg']
[0.863s] Level 1:colcon.colcon_core.package_identification:_identify(bags/motor) by extension 'colcon_pkg'
[0.863s] Level 1:colcon.colcon_core.package_identification:_identify(bags/motor) by extensions ['colcon_meta']
[0.863s] Level 1:colcon.colcon_core.package_identification:_identify(bags/motor) by extension 'colcon_meta'
[0.863s] Level 1:colcon.colcon_core.package_identification:_identify(bags/motor) by extensions ['ros']
[0.863s] Level 1:colcon.colcon_core.package_identification:_identify(bags/motor) by extension 'ros'
[0.863s] Level 1:colcon.colcon_core.package_identification:_identify(bags/motor) by extensions ['cmake', 'python']
[0.864s] Level 1:colcon.colcon_core.package_identification:_identify(bags/motor) by extension 'cmake'
[0.864s] Level 1:colcon.colcon_core.package_identification:_identify(bags/motor) by extension 'python'
[0.864s] Level 1:colcon.colcon_core.package_identification:_identify(bags/motor) by extensions ['python_setup_py']
[0.864s] Level 1:colcon.colcon_core.package_identification:_identify(bags/motor) by extension 'python_setup_py'
[0.864s] Level 1:colcon.colcon_core.package_identification:_identify(bags/turtlesim_demo) by extensions ['ignore', 'ignore_ament_install']
[0.864s] Level 1:colcon.colcon_core.package_identification:_identify(bags/turtlesim_demo) by extension 'ignore'
[0.864s] Level 1:colcon.colcon_core.package_identification:_identify(bags/turtlesim_demo) by extension 'ignore_ament_install'
[0.864s] Level 1:colcon.colcon_core.package_identification:_identify(bags/turtlesim_demo) by extensions ['colcon_pkg']
[0.864s] Level 1:colcon.colcon_core.package_identification:_identify(bags/turtlesim_demo) by extension 'colcon_pkg'
[0.864s] Level 1:colcon.colcon_core.package_identification:_identify(bags/turtlesim_demo) by extensions ['colcon_meta']
[0.864s] Level 1:colcon.colcon_core.package_identification:_identify(bags/turtlesim_demo) by extension 'colcon_meta'
[0.864s] Level 1:colcon.colcon_core.package_identification:_identify(bags/turtlesim_demo) by extensions ['ros']
[0.864s] Level 1:colcon.colcon_core.package_identification:_identify(bags/turtlesim_demo) by extension 'ros'
[0.864s] Level 1:colcon.colcon_core.package_identification:_identify(bags/turtlesim_demo) by extensions ['cmake', 'python']
[0.864s] Level 1:colcon.colcon_core.package_identification:_identify(bags/turtlesim_demo) by extension 'cmake'
[0.864s] Level 1:colcon.colcon_core.package_identification:_identify(bags/turtlesim_demo) by extension 'python'
[0.865s] Level 1:colcon.colcon_core.package_identification:_identify(bags/turtlesim_demo) by extensions ['python_setup_py']
[0.865s] Level 1:colcon.colcon_core.package_identification:_identify(bags/turtlesim_demo) by extension 'python_setup_py'
[0.865s] Level 1:colcon.colcon_core.package_identification:_identify(build) by extensions ['ignore', 'ignore_ament_install']
[0.865s] Level 1:colcon.colcon_core.package_identification:_identify(build) by extension 'ignore'
[0.865s] Level 1:colcon.colcon_core.package_identification:_identify(build) ignored
[0.866s] Level 1:colcon.colcon_core.package_identification:_identify(install) by extensions ['ignore', 'ignore_ament_install']
[0.866s] Level 1:colcon.colcon_core.package_identification:_identify(install) by extension 'ignore'
[0.866s] Level 1:colcon.colcon_core.package_identification:_identify(install) ignored
[0.866s] Level 1:colcon.colcon_core.package_identification:_identify(log) by extensions ['ignore', 'ignore_ament_install']
[0.866s] Level 1:colcon.colcon_core.package_identification:_identify(log) by extension 'ignore'
[0.866s] Level 1:colcon.colcon_core.package_identification:_identify(log) ignored
[0.866s] Level 1:colcon.colcon_core.package_identification:_identify(src) by extensions ['ignore', 'ignore_ament_install']
[0.867s] Level 1:colcon.colcon_core.package_identification:_identify(src) by extension 'ignore'
[0.867s] Level 1:colcon.colcon_core.package_identification:_identify(src) by extension 'ignore_ament_install'
[0.867s] Level 1:colcon.colcon_core.package_identification:_identify(src) by extensions ['colcon_pkg']
[0.867s] Level 1:colcon.colcon_core.package_identification:_identify(src) by extension 'colcon_pkg'
[0.867s] Level 1:colcon.colcon_core.package_identification:_identify(src) by extensions ['colcon_meta']
[0.867s] Level 1:colcon.colcon_core.package_identification:_identify(src) by extension 'colcon_meta'
[0.867s] Level 1:colcon.colcon_core.package_identification:_identify(src) by extensions ['ros']
[0.867s] Level 1:colcon.colcon_core.package_identification:_identify(src) by extension 'ros'
[0.867s] Level 1:colcon.colcon_core.package_identification:_identify(src) by extensions ['cmake', 'python']
[0.867s] Level 1:colcon.colcon_core.package_identification:_identify(src) by extension 'cmake'
[0.867s] Level 1:colcon.colcon_core.package_identification:_identify(src) by extension 'python'
[0.867s] Level 1:colcon.colcon_core.package_identification:_identify(src) by extensions ['python_setup_py']
[0.867s] Level 1:colcon.colcon_core.package_identification:_identify(src) by extension 'python_setup_py'
[0.867s] Level 1:colcon.colcon_core.package_identification:_identify(src/first_interfaces) by extensions ['ignore', 'ignore_ament_install']
[0.867s] Level 1:colcon.colcon_core.package_identification:_identify(src/first_interfaces) by extension 'ignore'
[0.867s] Level 1:colcon.colcon_core.package_identification:_identify(src/first_interfaces) by extension 'ignore_ament_install'
[0.868s] Level 1:colcon.colcon_core.package_identification:_identify(src/first_interfaces) by extensions ['colcon_pkg']
[0.868s] Level 1:colcon.colcon_core.package_identification:_identify(src/first_interfaces) by extension 'colcon_pkg'
[0.868s] Level 1:colcon.colcon_core.package_identification:_identify(src/first_interfaces) by extensions ['colcon_meta']
[0.868s] Level 1:colcon.colcon_core.package_identification:_identify(src/first_interfaces) by extension 'colcon_meta'
[0.868s] Level 1:colcon.colcon_core.package_identification:_identify(src/first_interfaces) by extensions ['ros']
[0.868s] Level 1:colcon.colcon_core.package_identification:_identify(src/first_interfaces) by extension 'ros'
[0.871s] DEBUG:colcon.colcon_core.package_identification:Package 'src/first_interfaces' with type 'ros.ament_cmake' and name 'first_interfaces'
[0.871s] Level 1:colcon.colcon_core.package_identification:_identify(src/first_package) by extensions ['ignore', 'ignore_ament_install']
[0.871s] Level 1:colcon.colcon_core.package_identification:_identify(src/first_package) by extension 'ignore'
[0.871s] Level 1:colcon.colcon_core.package_identification:_identify(src/first_package) by extension 'ignore_ament_install'
[0.871s] Level 1:colcon.colcon_core.package_identification:_identify(src/first_package) by extensions ['colcon_pkg']
[0.871s] Level 1:colcon.colcon_core.package_identification:_identify(src/first_package) by extension 'colcon_pkg'
[0.871s] Level 1:colcon.colcon_core.package_identification:_identify(src/first_package) by extensions ['colcon_meta']
[0.871s] Level 1:colcon.colcon_core.package_identification:_identify(src/first_package) by extension 'colcon_meta'
[0.871s] Level 1:colcon.colcon_core.package_identification:_identify(src/first_package) by extensions ['ros']
[0.871s] Level 1:colcon.colcon_core.package_identification:_identify(src/first_package) by extension 'ros'
[0.873s] DEBUG:colcon.colcon_core.package_identification:Package 'src/first_package' with type 'ros.ament_python' and name 'first_package'
[0.873s] Level 1:colcon.colcon_core.package_identification:_identify(src/stm_interfaces) by extensions ['ignore', 'ignore_ament_install']
[0.873s] Level 1:colcon.colcon_core.package_identification:_identify(src/stm_interfaces) by extension 'ignore'
[0.873s] Level 1:colcon.colcon_core.package_identification:_identify(src/stm_interfaces) by extension 'ignore_ament_install'
[0.873s] Level 1:colcon.colcon_core.package_identification:_identify(src/stm_interfaces) by extensions ['colcon_pkg']
[0.873s] Level 1:colcon.colcon_core.package_identification:_identify(src/stm_interfaces) by extension 'colcon_pkg'
[0.874s] Level 1:colcon.colcon_core.package_identification:_identify(src/stm_interfaces) by extensions ['colcon_meta']
[0.874s] Level 1:colcon.colcon_core.package_identification:_identify(src/stm_interfaces) by extension 'colcon_meta'
[0.874s] Level 1:colcon.colcon_core.package_identification:_identify(src/stm_interfaces) by extensions ['ros']
[0.874s] Level 1:colcon.colcon_core.package_identification:_identify(src/stm_interfaces) by extension 'ros'
[0.874s] DEBUG:colcon.colcon_core.package_identification:Package 'src/stm_interfaces' with type 'ros.ament_cmake' and name 'stm_interfaces'
[0.874s] Level 1:colcon.colcon_core.package_identification:_identify(src/stm_station) by extensions ['ignore', 'ignore_ament_install']
[0.875s] Level 1:colcon.colcon_core.package_identification:_identify(src/stm_station) by extension 'ignore'
[0.875s] Level 1:colcon.colcon_core.package_identification:_identify(src/stm_station) by extension 'ignore_ament_install'
[0.875s] Level 1:colcon.colcon_core.package_identification:_identify(src/stm_station) by extensions ['colcon_pkg']
[0.875s] Level 1:colcon.colcon_core.package_identification:_identify(src/stm_station) by extension 'colcon_pkg'
[0.875s] Level 1:colcon.colcon_core.package_identification:_identify(src/stm_station) by extensions ['colcon_meta']
[0.875s] Level 1:colcon.colcon_core.package_identification:_identify(src/stm_station) by extension 'colcon_meta'
[0.875s] Level 1:colcon.colcon_core.package_identification:_identify(src/stm_station) by extensions ['ros']
[0.875s] Level 1:colcon.colcon_core.package_identification:_identify(src/stm_station) by extension 'ros'
[0.876s] DEBUG:colcon.colcon_core.package_identification:Package 'src/stm_station' with type 'ros.ament_python' and name 'stm_station'
[0.876s] Level 1:colcon.colcon_core.package_identification:_identify(test) by extensions ['ignore', 'ignore_ament_install']
[0.876s] Level 1:colcon.colcon_core.package_identification:_identify(test) by extension 'ignore'
[0.876s] Level 1:colcon.colcon_core.package_identification:_identify(test) by extension 'ignore_ament_install'
[0.876s] Level 1:colcon.colcon_core.package_identification:_identify(test) by extensions ['colcon_pkg']
[0.876s] Level 1:colcon.colcon_core.package_identification:_identify(test) by extension 'colcon_pkg'
[0.876s] Level 1:colcon.colcon_core.package_identification:_identify(test) by extensions ['colcon_meta']
[0.876s] Level 1:colcon.colcon_core.package_identification:_identify(test) by extension 'colcon_meta'
[0.876s] Level 1:colcon.colcon_core.package_identification:_identify(test) by extensions ['ros']
[0.876s] Level 1:colcon.colcon_core.package_identification:_identify(test) by extension 'ros'
[0.876s] Level 1:colcon.colcon_core.package_identification:_identify(test) by extensions ['cmake', 'python']
[0.876s] Level 1:colcon.colcon_core.package_identification:_identify(test) by extension 'cmake'
[0.876s] Level 1:colcon.colcon_core.package_identification:_identify(test) by extension 'python'
[0.877s] Level 1:colcon.colcon_core.package_identification:_identify(test) by extensions ['python_setup_py']
[0.877s] Level 1:colcon.colcon_core.package_identification:_identify(test) by extension 'python_setup_py'
[0.877s] Level 1:colcon.colcon_core.package_discovery:discover_packages(recursive) using defaults
[0.877s] Level 1:colcon.colcon_core.package_discovery:discover_packages(ignore) discover
[0.877s] Level 1:colcon.colcon_core.package_discovery:discover_packages(ignore) using defaults
[0.877s] Level 1:colcon.colcon_core.package_discovery:discover_packages(path) discover
[0.877s] Level 1:colcon.colcon_core.package_discovery:discover_packages(path) using defaults
[0.896s] Level 1:colcon.colcon_core.package_discovery:discover_packages(prefix_path) check parameters
[0.896s] Level 1:colcon.colcon_core.package_discovery:discover_packages(prefix_path) discover
[0.898s] DEBUG:colcon.colcon_installed_package_information.package_discovery:Found 4 installed packages in /home/iliass/ros2_athens_ws/install
[0.900s] DEBUG:colcon.colcon_installed_package_information.package_discovery:Found 280 installed packages in /opt/ros/foxy
[0.901s] Level 1:colcon.colcon_core.package_discovery:discover_packages(prefix_path) using defaults
[0.971s] Level 5:colcon.colcon_core.verb:set package 'first_interfaces' build argument 'cmake_args' from command line to 'None'
[0.971s] Level 5:colcon.colcon_core.verb:set package 'first_interfaces' build argument 'cmake_target' from command line to 'None'
[0.971s] Level 5:colcon.colcon_core.verb:set package 'first_interfaces' build argument 'cmake_target_skip_unavailable' from command line to 'False'
[0.971s] Level 5:colcon.colcon_core.verb:set package 'first_interfaces' build argument 'cmake_clean_cache' from command line to 'False'
[0.971s] Level 5:colcon.colcon_core.verb:set package 'first_interfaces' build argument 'cmake_clean_first' from command line to 'False'
[0.971s] Level 5:colcon.colcon_core.verb:set package 'first_interfaces' build argument 'cmake_force_configure' from command line to 'False'
[0.971s] Level 5:colcon.colcon_core.verb:set package 'first_interfaces' build argument 'ament_cmake_args' from command line to 'None'
[0.971s] Level 5:colcon.colcon_core.verb:set package 'first_interfaces' build argument 'catkin_cmake_args' from command line to 'None'
[0.971s] Level 5:colcon.colcon_core.verb:set package 'first_interfaces' build argument 'catkin_skip_building_tests' from command line to 'False'
[0.971s] DEBUG:colcon.colcon_core.verb:Building package 'first_interfaces' with the following arguments: {'ament_cmake_args': None, 'build_base': '/home/iliass/ros2_athens_ws/build/first_interfaces', 'catkin_cmake_args': None, 'catkin_skip_building_tests': False, 'cmake_args': None, 'cmake_clean_cache': False, 'cmake_clean_first': False, 'cmake_force_configure': False, 'cmake_target': None, 'cmake_target_skip_unavailable': False, 'install_base': '/home/iliass/ros2_athens_ws/install/first_interfaces', 'merge_install': False, 'path': '/home/iliass/ros2_athens_ws/src/first_interfaces', 'symlink_install': False, 'test_result_base': None}
[0.971s] Level 5:colcon.colcon_core.verb:set package 'stm_interfaces' build argument 'cmake_args' from command line to 'None'
[0.971s] Level 5:colcon.colcon_core.verb:set package 'stm_interfaces' build argument 'cmake_target' from command line to 'None'
[0.972s] Level 5:colcon.colcon_core.verb:set package 'stm_interfaces' build argument 'cmake_target_skip_unavailable' from command line to 'False'
[0.972s] Level 5:colcon.colcon_core.verb:set package 'stm_interfaces' build argument 'cmake_clean_cache' from command line to 'False'
[0.972s] Level 5:colcon.colcon_core.verb:set package 'stm_interfaces' build argument 'cmake_clean_first' from command line to 'False'
[0.972s] Level 5:colcon.colcon_core.verb:set package 'stm_interfaces' build argument 'cmake_force_configure' from command line to 'False'
[0.972s] Level 5:colcon.colcon_core.verb:set package 'stm_interfaces' build argument 'ament_cmake_args' from command line to 'None'
[0.972s] Level 5:colcon.colcon_core.verb:set package 'stm_interfaces' build argument 'catkin_cmake_args' from command line to 'None'
[0.972s] Level 5:colcon.colcon_core.verb:set package 'stm_interfaces' build argument 'catkin_skip_building_tests' from command line to 'False'
[0.972s] DEBUG:colcon.colcon_core.verb:Building package 'stm_interfaces' with the following arguments: {'ament_cmake_args': None, 'build_base': '/home/iliass/ros2_athens_ws/build/stm_interfaces', 'catkin_cmake_args': None, 'catkin_skip_building_tests': False, 'cmake_args': None, 'cmake_clean_cache': False, 'cmake_clean_first': False, 'cmake_force_configure': False, 'cmake_target': None, 'cmake_target_skip_unavailable': False, 'install_base': '/home/iliass/ros2_athens_ws/install/stm_interfaces', 'merge_install': False, 'path': '/home/iliass/ros2_athens_ws/src/stm_interfaces', 'symlink_install': False, 'test_result_base': None}
[0.972s] Level 5:colcon.colcon_core.verb:set package 'first_package' build argument 'cmake_args' from command line to 'None'
[0.972s] Level 5:colcon.colcon_core.verb:set package 'first_package' build argument 'cmake_target' from command line to 'None'
[0.972s] Level 5:colcon.colcon_core.verb:set package 'first_package' build argument 'cmake_target_skip_unavailable' from command line to 'False'
[0.972s] Level 5:colcon.colcon_core.verb:set package 'first_package' build argument 'cmake_clean_cache' from command line to 'False'
[0.972s] Level 5:colcon.colcon_core.verb:set package 'first_package' build argument 'cmake_clean_first' from command line to 'False'
[0.972s] Level 5:colcon.colcon_core.verb:set package 'first_package' build argument 'cmake_force_configure' from command line to 'False'
[0.972s] Level 5:colcon.colcon_core.verb:set package 'first_package' build argument 'ament_cmake_args' from command line to 'None'
[0.972s] Level 5:colcon.colcon_core.verb:set package 'first_package' build argument 'catkin_cmake_args' from command line to 'None'
[0.972s] Level 5:colcon.colcon_core.verb:set package 'first_package' build argument 'catkin_skip_building_tests' from command line to 'False'
[0.972s] DEBUG:colcon.colcon_core.verb:Building package 'first_package' with the following arguments: {'ament_cmake_args': None, 'build_base': '/home/iliass/ros2_athens_ws/build/first_package', 'catkin_cmake_args': None, 'catkin_skip_building_tests': False, 'cmake_args': None, 'cmake_clean_cache': False, 'cmake_clean_first': False, 'cmake_force_configure': False, 'cmake_target': None, 'cmake_target_skip_unavailable': False, 'install_base': '/home/iliass/ros2_athens_ws/install/first_package', 'merge_install': False, 'path': '/home/iliass/ros2_athens_ws/src/first_package', 'symlink_install': False, 'test_result_base': None}
[0.973s] Level 5:colcon.colcon_core.verb:set package 'stm_station' build argument 'cmake_args' from command line to 'None'
[0.973s] Level 5:colcon.colcon_core.verb:set package 'stm_station' build argument 'cmake_target' from command line to 'None'
[0.973s] Level 5:colcon.colcon_core.verb:set package 'stm_station' build argument 'cmake_target_skip_unavailable' from command line to 'False'
[0.973s] Level 5:colcon.colcon_core.verb:set package 'stm_station' build argument 'cmake_clean_cache' from command line to 'False'
[0.973s] Level 5:colcon.colcon_core.verb:set package 'stm_station' build argument 'cmake_clean_first' from command line to 'False'
[0.973s] Level 5:colcon.colcon_core.verb:set package 'stm_station' build argument 'cmake_force_configure' from command line to 'False'
[0.973s] Level 5:colcon.colcon_core.verb:set package 'stm_station' build argument 'ament_cmake_args' from command line to 'None'
[0.973s] Level 5:colcon.colcon_core.verb:set package 'stm_station' build argument 'catkin_cmake_args' from command line to 'None'
[0.973s] Level 5:colcon.colcon_core.verb:set package 'stm_station' build argument 'catkin_skip_building_tests' from command line to 'False'
[0.973s] DEBUG:colcon.colcon_core.verb:Building package 'stm_station' with the following arguments: {'ament_cmake_args': None, 'build_base': '/home/iliass/ros2_athens_ws/build/stm_station', 'catkin_cmake_args': None, 'catkin_skip_building_tests': False, 'cmake_args': None, 'cmake_clean_cache': False, 'cmake_clean_first': False, 'cmake_force_configure': False, 'cmake_target': None, 'cmake_target_skip_unavailable': False, 'install_base': '/home/iliass/ros2_athens_ws/install/stm_station', 'merge_install': False, 'path': '/home/iliass/ros2_athens_ws/src/stm_station', 'symlink_install': False, 'test_result_base': None}
[0.973s] INFO:colcon.colcon_core.executor:Executing jobs using 'parallel' executor
[0.974s] DEBUG:colcon.colcon_parallel_executor.executor.parallel:run_until_complete
[0.974s] INFO:colcon.colcon_ros.task.ament_cmake.build:Building ROS package in '/home/iliass/ros2_athens_ws/src/first_interfaces' with build type 'ament_cmake'
[0.975s] INFO:colcon.colcon_cmake.task.cmake.build:Building CMake package in '/home/iliass/ros2_athens_ws/src/first_interfaces'
[0.977s] INFO:colcon.colcon_core.plugin_system:Skipping extension 'colcon_core.shell.bat': Not used on non-Windows systems
[0.978s] INFO:colcon.colcon_core.shell:Skip shell extension 'powershell' for command environment: Not usable outside of PowerShell
[0.978s] DEBUG:colcon.colcon_core.shell:Skip shell extension 'dsv' for command environment
[0.983s] INFO:colcon.colcon_ros.task.ament_cmake.build:Building ROS package in '/home/iliass/ros2_athens_ws/src/stm_interfaces' with build type 'ament_cmake'
[0.984s] INFO:colcon.colcon_cmake.task.cmake.build:Building CMake package in '/home/iliass/ros2_athens_ws/src/stm_interfaces'
[0.985s] INFO:colcon.colcon_core.shell:Skip shell extension 'powershell' for command environment: Not usable outside of PowerShell
[0.985s] DEBUG:colcon.colcon_core.shell:Skip shell extension 'dsv' for command environment
[1.000s] DEBUG:colcon.colcon_core.event_handler.log_command:Invoking command in '/home/iliass/ros2_athens_ws/build/first_interfaces': CMAKE_PREFIX_PATH=${CMAKE_PREFIX_PATH}:/home/iliass/ros2_athens_ws/install/stm_station:/home/iliass/ros2_athens_ws/install/first_package:/opt/ros/foxy /usr/bin/cmake --build /home/iliass/ros2_athens_ws/build/first_interfaces -- -j16 -l16
[1.011s] DEBUG:colcon.colcon_core.event_handler.log_command:Invoking command in '/home/iliass/ros2_athens_ws/build/stm_interfaces': CMAKE_PREFIX_PATH=${CMAKE_PREFIX_PATH}:/home/iliass/ros2_athens_ws/install/stm_station:/home/iliass/ros2_athens_ws/install/first_package:/opt/ros/foxy /usr/bin/cmake --build /home/iliass/ros2_athens_ws/build/stm_interfaces -- -j16 -l16
[1.243s] DEBUG:colcon.colcon_core.event_handler.log_command:Invoked command in '/home/iliass/ros2_athens_ws/build/first_interfaces' returned '0': CMAKE_PREFIX_PATH=${CMAKE_PREFIX_PATH}:/home/iliass/ros2_athens_ws/install/stm_station:/home/iliass/ros2_athens_ws/install/first_package:/opt/ros/foxy /usr/bin/cmake --build /home/iliass/ros2_athens_ws/build/first_interfaces -- -j16 -l16
[1.258s] DEBUG:colcon.colcon_core.event_handler.log_command:Invoked command in '/home/iliass/ros2_athens_ws/build/stm_interfaces' returned '0': CMAKE_PREFIX_PATH=${CMAKE_PREFIX_PATH}:/home/iliass/ros2_athens_ws/install/stm_station:/home/iliass/ros2_athens_ws/install/first_package:/opt/ros/foxy /usr/bin/cmake --build /home/iliass/ros2_athens_ws/build/stm_interfaces -- -j16 -l16
[1.327s] DEBUG:colcon.colcon_core.event_handler.log_command:Invoking command in '/home/iliass/ros2_athens_ws/build/first_interfaces': CMAKE_PREFIX_PATH=${CMAKE_PREFIX_PATH}:/home/iliass/ros2_athens_ws/install/stm_station:/home/iliass/ros2_athens_ws/install/first_package:/opt/ros/foxy /usr/bin/cmake --install /home/iliass/ros2_athens_ws/build/first_interfaces
[1.371s] DEBUG:colcon.colcon_core.event_handler.log_command:Invoking command in '/home/iliass/ros2_athens_ws/build/stm_interfaces': CMAKE_PREFIX_PATH=${CMAKE_PREFIX_PATH}:/home/iliass/ros2_athens_ws/install/stm_station:/home/iliass/ros2_athens_ws/install/first_package:/opt/ros/foxy /usr/bin/cmake --install /home/iliass/ros2_athens_ws/build/stm_interfaces
[1.395s] Level 1:colcon.colcon_core.environment:create_environment_scripts_only(first_interfaces)
[1.408s] DEBUG:colcon.colcon_core.event_handler.log_command:Invoked command in '/home/iliass/ros2_athens_ws/build/first_interfaces' returned '0': CMAKE_PREFIX_PATH=${CMAKE_PREFIX_PATH}:/home/iliass/ros2_athens_ws/install/stm_station:/home/iliass/ros2_athens_ws/install/first_package:/opt/ros/foxy /usr/bin/cmake --install /home/iliass/ros2_athens_ws/build/first_interfaces
[1.409s] Level 1:colcon.colcon_core.environment:checking '/home/iliass/ros2_athens_ws/install/first_interfaces' for CMake module files
[1.410s] Level 1:colcon.colcon_core.environment:checking '/home/iliass/ros2_athens_ws/install/first_interfaces' for CMake config files
[1.410s] Level 1:colcon.colcon_core.shell:create_environment_hook('first_interfaces', 'cmake_prefix_path')
[1.410s] INFO:colcon.colcon_core.shell:Creating environment hook '/home/iliass/ros2_athens_ws/install/first_interfaces/share/first_interfaces/hook/cmake_prefix_path.ps1'
[1.411s] INFO:colcon.colcon_core.shell:Creating environment descriptor '/home/iliass/ros2_athens_ws/install/first_interfaces/share/first_interfaces/hook/cmake_prefix_path.dsv'
[1.411s] INFO:colcon.colcon_core.shell:Creating environment hook '/home/iliass/ros2_athens_ws/install/first_interfaces/share/first_interfaces/hook/cmake_prefix_path.sh'
[1.412s] Level 1:colcon.colcon_core.environment:checking '/home/iliass/ros2_athens_ws/install/first_interfaces/lib'
[1.413s] Level 1:colcon.colcon_core.shell:create_environment_hook('first_interfaces', 'ld_library_path_lib')
[1.413s] INFO:colcon.colcon_core.shell:Creating environment hook '/home/iliass/ros2_athens_ws/install/first_interfaces/share/first_interfaces/hook/ld_library_path_lib.ps1'
[1.413s] INFO:colcon.colcon_core.shell:Creating environment descriptor '/home/iliass/ros2_athens_ws/install/first_interfaces/share/first_interfaces/hook/ld_library_path_lib.dsv'
[1.414s] INFO:colcon.colcon_core.shell:Creating environment hook '/home/iliass/ros2_athens_ws/install/first_interfaces/share/first_interfaces/hook/ld_library_path_lib.sh'
[1.414s] Level 1:colcon.colcon_core.environment:checking '/home/iliass/ros2_athens_ws/install/first_interfaces/bin'
[1.414s] Level 1:colcon.colcon_core.environment:checking '/home/iliass/ros2_athens_ws/install/first_interfaces/lib/pkgconfig/first_interfaces.pc'
[1.414s] Level 1:colcon.colcon_core.environment:checking '/home/iliass/ros2_athens_ws/install/first_interfaces/lib/python3.8/site-packages'
[1.414s] Level 1:colcon.colcon_core.shell:create_environment_hook('first_interfaces', 'pythonpath')
[1.414s] INFO:colcon.colcon_core.shell:Creating environment hook '/home/iliass/ros2_athens_ws/install/first_interfaces/share/first_interfaces/hook/pythonpath.ps1'
[1.415s] INFO:colcon.colcon_core.shell:Creating environment descriptor '/home/iliass/ros2_athens_ws/install/first_interfaces/share/first_interfaces/hook/pythonpath.dsv'
[1.415s] INFO:colcon.colcon_core.shell:Creating environment hook '/home/iliass/ros2_athens_ws/install/first_interfaces/share/first_interfaces/hook/pythonpath.sh'
[1.416s] Level 1:colcon.colcon_core.environment:checking '/home/iliass/ros2_athens_ws/install/first_interfaces/bin'
[1.417s] INFO:colcon.colcon_core.shell:Creating package script '/home/iliass/ros2_athens_ws/install/first_interfaces/share/first_interfaces/package.ps1'
[1.418s] INFO:colcon.colcon_core.shell:Creating package descriptor '/home/iliass/ros2_athens_ws/install/first_interfaces/share/first_interfaces/package.dsv'
[1.419s] INFO:colcon.colcon_core.shell:Creating package script '/home/iliass/ros2_athens_ws/install/first_interfaces/share/first_interfaces/package.sh'
[1.419s] INFO:colcon.colcon_core.shell:Creating package script '/home/iliass/ros2_athens_ws/install/first_interfaces/share/first_interfaces/package.bash'
[1.420s] INFO:colcon.colcon_core.shell:Creating package script '/home/iliass/ros2_athens_ws/install/first_interfaces/share/first_interfaces/package.zsh'
[1.421s] Level 1:colcon.colcon_core.environment:create_file_with_runtime_dependencies(/home/iliass/ros2_athens_ws/install/first_interfaces/share/colcon-core/packages/first_interfaces)
[1.438s] Level 1:colcon.colcon_core.environment:create_environment_scripts_only(stm_interfaces)
[1.439s] Level 1:colcon.colcon_core.environment:checking '/home/iliass/ros2_athens_ws/install/stm_interfaces' for CMake module files
[1.440s] DEBUG:colcon.colcon_core.event_handler.log_command:Invoked command in '/home/iliass/ros2_athens_ws/build/stm_interfaces' returned '0': CMAKE_PREFIX_PATH=${CMAKE_PREFIX_PATH}:/home/iliass/ros2_athens_ws/install/stm_station:/home/iliass/ros2_athens_ws/install/first_package:/opt/ros/foxy /usr/bin/cmake --install /home/iliass/ros2_athens_ws/build/stm_interfaces
[1.440s] Level 1:colcon.colcon_core.environment:checking '/home/iliass/ros2_athens_ws/install/stm_interfaces' for CMake config files
[1.441s] Level 1:colcon.colcon_core.shell:create_environment_hook('stm_interfaces', 'cmake_prefix_path')
[1.441s] INFO:colcon.colcon_core.shell:Creating environment hook '/home/iliass/ros2_athens_ws/install/stm_interfaces/share/stm_interfaces/hook/cmake_prefix_path.ps1'
[1.442s] INFO:colcon.colcon_core.shell:Creating environment descriptor '/home/iliass/ros2_athens_ws/install/stm_interfaces/share/stm_interfaces/hook/cmake_prefix_path.dsv'
[1.443s] INFO:colcon.colcon_core.shell:Creating environment hook '/home/iliass/ros2_athens_ws/install/stm_interfaces/share/stm_interfaces/hook/cmake_prefix_path.sh'
[1.443s] Level 1:colcon.colcon_core.environment:checking '/home/iliass/ros2_athens_ws/install/stm_interfaces/lib'
[1.444s] Level 1:colcon.colcon_core.shell:create_environment_hook('stm_interfaces', 'ld_library_path_lib')
[1.444s] INFO:colcon.colcon_core.shell:Creating environment hook '/home/iliass/ros2_athens_ws/install/stm_interfaces/share/stm_interfaces/hook/ld_library_path_lib.ps1'
[1.444s] INFO:colcon.colcon_core.shell:Creating environment descriptor '/home/iliass/ros2_athens_ws/install/stm_interfaces/share/stm_interfaces/hook/ld_library_path_lib.dsv'
[1.445s] INFO:colcon.colcon_core.shell:Creating environment hook '/home/iliass/ros2_athens_ws/install/stm_interfaces/share/stm_interfaces/hook/ld_library_path_lib.sh'
[1.445s] Level 1:colcon.colcon_core.environment:checking '/home/iliass/ros2_athens_ws/install/stm_interfaces/bin'
[1.445s] Level 1:colcon.colcon_core.environment:checking '/home/iliass/ros2_athens_ws/install/stm_interfaces/lib/pkgconfig/stm_interfaces.pc'
[1.446s] Level 1:colcon.colcon_core.environment:checking '/home/iliass/ros2_athens_ws/install/stm_interfaces/lib/python3.8/site-packages'
[1.446s] Level 1:colcon.colcon_core.shell:create_environment_hook('stm_interfaces', 'pythonpath')
[1.446s] INFO:colcon.colcon_core.shell:Creating environment hook '/home/iliass/ros2_athens_ws/install/stm_interfaces/share/stm_interfaces/hook/pythonpath.ps1'
[1.446s] INFO:colcon.colcon_core.shell:Creating environment descriptor '/home/iliass/ros2_athens_ws/install/stm_interfaces/share/stm_interfaces/hook/pythonpath.dsv'
[1.447s] INFO:colcon.colcon_core.shell:Creating environment hook '/home/iliass/ros2_athens_ws/install/stm_interfaces/share/stm_interfaces/hook/pythonpath.sh'
[1.447s] Level 1:colcon.colcon_core.environment:checking '/home/iliass/ros2_athens_ws/install/stm_interfaces/bin'
[1.448s] INFO:colcon.colcon_core.shell:Creating package script '/home/iliass/ros2_athens_ws/install/stm_interfaces/share/stm_interfaces/package.ps1'
[1.449s] INFO:colcon.colcon_core.shell:Creating package descriptor '/home/iliass/ros2_athens_ws/install/stm_interfaces/share/stm_interfaces/package.dsv'
[1.450s] INFO:colcon.colcon_core.shell:Creating package script '/home/iliass/ros2_athens_ws/install/stm_interfaces/share/stm_interfaces/package.sh'
[1.450s] INFO:colcon.colcon_core.shell:Creating package script '/home/iliass/ros2_athens_ws/install/stm_interfaces/share/stm_interfaces/package.bash'
[1.451s] INFO:colcon.colcon_core.shell:Creating package script '/home/iliass/ros2_athens_ws/install/stm_interfaces/share/stm_interfaces/package.zsh'
[1.451s] Level 1:colcon.colcon_core.environment:create_file_with_runtime_dependencies(/home/iliass/ros2_athens_ws/install/stm_interfaces/share/colcon-core/packages/stm_interfaces)
[1.487s] Level 1:colcon.colcon_core.environment:create_environment_scripts_only(first_interfaces)
[1.488s] Level 1:colcon.colcon_core.environment:checking '/home/iliass/ros2_athens_ws/install/first_interfaces' for CMake module files
[1.488s] Level 1:colcon.colcon_core.environment:checking '/home/iliass/ros2_athens_ws/install/first_interfaces' for CMake config files
[1.489s] Level 1:colcon.colcon_core.shell:create_environment_hook('first_interfaces', 'cmake_prefix_path')
[1.489s] INFO:colcon.colcon_core.shell:Creating environment hook '/home/iliass/ros2_athens_ws/install/first_interfaces/share/first_interfaces/hook/cmake_prefix_path.ps1'
[1.490s] INFO:colcon.colcon_core.shell:Creating environment descriptor '/home/iliass/ros2_athens_ws/install/first_interfaces/share/first_interfaces/hook/cmake_prefix_path.dsv'
[1.491s] INFO:colcon.colcon_core.shell:Creating environment hook '/home/iliass/ros2_athens_ws/install/first_interfaces/share/first_interfaces/hook/cmake_prefix_path.sh'
[1.492s] Level 1:colcon.colcon_core.environment:checking '/home/iliass/ros2_athens_ws/install/first_interfaces/lib'
[1.492s] Level 1:colcon.colcon_core.shell:create_environment_hook('first_interfaces', 'ld_library_path_lib')
[1.493s] INFO:colcon.colcon_core.shell:Creating environment hook '/home/iliass/ros2_athens_ws/install/first_interfaces/share/first_interfaces/hook/ld_library_path_lib.ps1'
[1.493s] INFO:colcon.colcon_core.shell:Creating environment descriptor '/home/iliass/ros2_athens_ws/install/first_interfaces/share/first_interfaces/hook/ld_library_path_lib.dsv'
[1.494s] INFO:colcon.colcon_core.shell:Creating environment hook '/home/iliass/ros2_athens_ws/install/first_interfaces/share/first_interfaces/hook/ld_library_path_lib.sh'
[1.494s] Level 1:colcon.colcon_core.environment:checking '/home/iliass/ros2_athens_ws/install/first_interfaces/bin'
[1.494s] Level 1:colcon.colcon_core.environment:checking '/home/iliass/ros2_athens_ws/install/first_interfaces/lib/pkgconfig/first_interfaces.pc'
[1.494s] Level 1:colcon.colcon_core.environment:checking '/home/iliass/ros2_athens_ws/install/first_interfaces/lib/python3.8/site-packages'
[1.495s] Level 1:colcon.colcon_core.shell:create_environment_hook('first_interfaces', 'pythonpath')
[1.495s] INFO:colcon.colcon_core.shell:Creating environment hook '/home/iliass/ros2_athens_ws/install/first_interfaces/share/first_interfaces/hook/pythonpath.ps1'
[1.495s] INFO:colcon.colcon_core.shell:Creating environment descriptor '/home/iliass/ros2_athens_ws/install/first_interfaces/share/first_interfaces/hook/pythonpath.dsv'
[1.496s] INFO:colcon.colcon_core.shell:Creating environment hook '/home/iliass/ros2_athens_ws/install/first_interfaces/share/first_interfaces/hook/pythonpath.sh'
[1.496s] Level 1:colcon.colcon_core.environment:checking '/home/iliass/ros2_athens_ws/install/first_interfaces/bin'
[1.497s] INFO:colcon.colcon_core.shell:Creating package script '/home/iliass/ros2_athens_ws/install/first_interfaces/share/first_interfaces/package.ps1'
[1.497s] INFO:colcon.colcon_core.shell:Creating package descriptor '/home/iliass/ros2_athens_ws/install/first_interfaces/share/first_interfaces/package.dsv'
[1.498s] INFO:colcon.colcon_core.shell:Creating package script '/home/iliass/ros2_athens_ws/install/first_interfaces/share/first_interfaces/package.sh'
[1.498s] INFO:colcon.colcon_core.shell:Creating package script '/home/iliass/ros2_athens_ws/install/first_interfaces/share/first_interfaces/package.bash'
[1.499s] INFO:colcon.colcon_core.shell:Creating package script '/home/iliass/ros2_athens_ws/install/first_interfaces/share/first_interfaces/package.zsh'
[1.500s] Level 1:colcon.colcon_core.environment:create_file_with_runtime_dependencies(/home/iliass/ros2_athens_ws/install/first_interfaces/share/colcon-core/packages/first_interfaces)
[1.502s] INFO:colcon.colcon_ros.task.ament_python.build:Building ROS package in '/home/iliass/ros2_athens_ws/src/first_package' with build type 'ament_python'
[1.503s] Level 1:colcon.colcon_core.shell:create_environment_hook('first_package', 'ament_prefix_path')
[1.504s] INFO:colcon.colcon_core.shell:Creating environment hook '/home/iliass/ros2_athens_ws/install/first_package/share/first_package/hook/ament_prefix_path.ps1'
[1.504s] INFO:colcon.colcon_core.shell:Creating environment descriptor '/home/iliass/ros2_athens_ws/install/first_package/share/first_package/hook/ament_prefix_path.dsv'
[1.506s] INFO:colcon.colcon_core.shell:Creating environment hook '/home/iliass/ros2_athens_ws/install/first_package/share/first_package/hook/ament_prefix_path.sh'
[1.507s] INFO:colcon.colcon_core.shell:Skip shell extension 'powershell' for command environment: Not usable outside of PowerShell
[1.507s] DEBUG:colcon.colcon_core.shell:Skip shell extension 'dsv' for command environment
[1.568s] Level 1:colcon.colcon_core.environment:create_environment_scripts_only(stm_interfaces)
[1.569s] Level 1:colcon.colcon_core.environment:checking '/home/iliass/ros2_athens_ws/install/stm_interfaces' for CMake module files
[1.569s] Level 1:colcon.colcon_core.environment:checking '/home/iliass/ros2_athens_ws/install/stm_interfaces' for CMake config files
[1.570s] Level 1:colcon.colcon_core.shell:create_environment_hook('stm_interfaces', 'cmake_prefix_path')
[1.570s] INFO:colcon.colcon_core.shell:Creating environment hook '/home/iliass/ros2_athens_ws/install/stm_interfaces/share/stm_interfaces/hook/cmake_prefix_path.ps1'
[1.571s] INFO:colcon.colcon_core.shell:Creating environment descriptor '/home/iliass/ros2_athens_ws/install/stm_interfaces/share/stm_interfaces/hook/cmake_prefix_path.dsv'
[1.571s] INFO:colcon.colcon_core.shell:Creating environment hook '/home/iliass/ros2_athens_ws/install/stm_interfaces/share/stm_interfaces/hook/cmake_prefix_path.sh'
[1.572s] Level 1:colcon.colcon_core.environment:checking '/home/iliass/ros2_athens_ws/install/stm_interfaces/lib'
[1.572s] Level 1:colcon.colcon_core.shell:create_environment_hook('stm_interfaces', 'ld_library_path_lib')
[1.573s] INFO:colcon.colcon_core.shell:Creating environment hook '/home/iliass/ros2_athens_ws/install/stm_interfaces/share/stm_interfaces/hook/ld_library_path_lib.ps1'
[1.573s] INFO:colcon.colcon_core.shell:Creating environment descriptor '/home/iliass/ros2_athens_ws/install/stm_interfaces/share/stm_interfaces/hook/ld_library_path_lib.dsv'
[1.574s] INFO:colcon.colcon_core.shell:Creating environment hook '/home/iliass/ros2_athens_ws/install/stm_interfaces/share/stm_interfaces/hook/ld_library_path_lib.sh'
[1.574s] Level 1:colcon.colcon_core.environment:checking '/home/iliass/ros2_athens_ws/install/stm_interfaces/bin'
[1.574s] Level 1:colcon.colcon_core.environment:checking '/home/iliass/ros2_athens_ws/install/stm_interfaces/lib/pkgconfig/stm_interfaces.pc'
[1.575s] Level 1:colcon.colcon_core.environment:checking '/home/iliass/ros2_athens_ws/install/stm_interfaces/lib/python3.8/site-packages'
[1.575s] Level 1:colcon.colcon_core.shell:create_environment_hook('stm_interfaces', 'pythonpath')
[1.575s] INFO:colcon.colcon_core.shell:Creating environment hook '/home/iliass/ros2_athens_ws/install/stm_interfaces/share/stm_interfaces/hook/pythonpath.ps1'
[1.576s] INFO:colcon.colcon_core.shell:Creating environment descriptor '/home/iliass/ros2_athens_ws/install/stm_interfaces/share/stm_interfaces/hook/pythonpath.dsv'
[1.577s] INFO:colcon.colcon_core.shell:Creating environment hook '/home/iliass/ros2_athens_ws/install/stm_interfaces/share/stm_interfaces/hook/pythonpath.sh'
[1.578s] Level 1:colcon.colcon_core.environment:checking '/home/iliass/ros2_athens_ws/install/stm_interfaces/bin'
[1.578s] INFO:colcon.colcon_core.shell:Creating package script '/home/iliass/ros2_athens_ws/install/stm_interfaces/share/stm_interfaces/package.ps1'
[1.579s] INFO:colcon.colcon_core.shell:Creating package descriptor '/home/iliass/ros2_athens_ws/install/stm_interfaces/share/stm_interfaces/package.dsv'
[1.580s] INFO:colcon.colcon_core.shell:Creating package script '/home/iliass/ros2_athens_ws/install/stm_interfaces/share/stm_interfaces/package.sh'
[1.581s] INFO:colcon.colcon_core.shell:Creating package script '/home/iliass/ros2_athens_ws/install/stm_interfaces/share/stm_interfaces/package.bash'
[1.581s] INFO:colcon.colcon_core.shell:Creating package script '/home/iliass/ros2_athens_ws/install/stm_interfaces/share/stm_interfaces/package.zsh'
[1.582s] Level 1:colcon.colcon_core.environment:create_file_with_runtime_dependencies(/home/iliass/ros2_athens_ws/install/stm_interfaces/share/colcon-core/packages/stm_interfaces)
[1.583s] INFO:colcon.colcon_ros.task.ament_python.build:Building ROS package in '/home/iliass/ros2_athens_ws/src/stm_station' with build type 'ament_python'
[1.584s] Level 1:colcon.colcon_core.shell:create_environment_hook('stm_station', 'ament_prefix_path')
[1.584s] INFO:colcon.colcon_core.shell:Creating environment hook '/home/iliass/ros2_athens_ws/install/stm_station/share/stm_station/hook/ament_prefix_path.ps1'
[1.586s] INFO:colcon.colcon_core.shell:Creating environment descriptor '/home/iliass/ros2_athens_ws/install/stm_station/share/stm_station/hook/ament_prefix_path.dsv'
[1.587s] INFO:colcon.colcon_core.shell:Creating environment hook '/home/iliass/ros2_athens_ws/install/stm_station/share/stm_station/hook/ament_prefix_path.sh'
[1.587s] INFO:colcon.colcon_core.shell:Skip shell extension 'powershell' for command environment: Not usable outside of PowerShell
[1.587s] DEBUG:colcon.colcon_core.shell:Skip shell extension 'dsv' for command environment
[2.228s] INFO:colcon.colcon_core.task.python.build:Building Python package in '/home/iliass/ros2_athens_ws/src/first_package'
[2.228s] INFO:colcon.colcon_core.shell:Skip shell extension 'powershell' for command environment: Not usable outside of PowerShell
[2.228s] DEBUG:colcon.colcon_core.shell:Skip shell extension 'dsv' for command environment
[2.458s] INFO:colcon.colcon_core.task.python.build:Building Python package in '/home/iliass/ros2_athens_ws/src/stm_station'
[2.459s] INFO:colcon.colcon_core.shell:Skip shell extension 'powershell' for command environment: Not usable outside of PowerShell
[2.459s] DEBUG:colcon.colcon_core.shell:Skip shell extension 'dsv' for command environment
[2.907s] DEBUG:colcon.colcon_core.event_handler.log_command:Invoking command in '/home/iliass/ros2_athens_ws/src/first_package': CMAKE_PREFIX_PATH=/home/iliass/ros2_athens_ws/install/first_interfaces:/home/iliass/ros2_athens_ws/install/stm_interfaces LD_LIBRARY_PATH=/home/iliass/ros2_athens_ws/install/first_interfaces/lib:/home/iliass/ros2_athens_ws/install/stm_interfaces/lib:/opt/ros/foxy/opt/yaml_cpp_vendor/lib:/opt/ros/foxy/opt/rviz_ogre_vendor/lib:/opt/ros/foxy/lib/x86_64-linux-gnu:/opt/ros/foxy/lib PYTHONPATH=/home/iliass/ros2_athens_ws/build/first_package/prefix_override:/usr/lib/python3/dist-packages/colcon_core/task/python/colcon_distutils_commands:/home/iliass/ros2_athens_ws/install/first_package/lib/python3.8/site-packages:/home/iliass/ros2_athens_ws/install/first_interfaces/lib/python3.8/site-packages:/home/iliass/ros2_athens_ws/install/stm_station/lib/python3.8/site-packages:/home/iliass/ros2_athens_ws/install/stm_interfaces/lib/python3.8/site-packages:/home/iliass/ros2_athens_ws/install/first_package/lib/python3.8/site-packages:/opt/ros/foxy/lib/python3.8/site-packages /usr/bin/python3 -W ignore:setup.py install is deprecated setup.py egg_info --egg-base ../../build/first_package build --build-base /home/iliass/ros2_athens_ws/build/first_package/build install --record /home/iliass/ros2_athens_ws/build/first_package/install.log --install-scripts $base/lib/first_package --single-version-externally-managed install_data
[3.090s] DEBUG:colcon.colcon_core.event_handler.log_command:Invoking command in '/home/iliass/ros2_athens_ws/src/stm_station': PYTHONPATH=/home/iliass/ros2_athens_ws/build/stm_station/prefix_override:/usr/lib/python3/dist-packages/colcon_core/task/python/colcon_distutils_commands:/home/iliass/ros2_athens_ws/install/stm_station/lib/python3.8/site-packages:/home/iliass/ros2_athens_ws/install/stm_interfaces/lib/python3.8/site-packages:/home/iliass/ros2_athens_ws/install/stm_station/lib/python3.8/site-packages:/home/iliass/ros2_athens_ws/install/first_package/lib/python3.8/site-packages:/home/iliass/ros2_athens_ws/install/first_interfaces/lib/python3.8/site-packages:/opt/ros/foxy/lib/python3.8/site-packages /usr/bin/python3 -W ignore:setup.py install is deprecated setup.py egg_info --egg-base ../../build/stm_station build --build-base /home/iliass/ros2_athens_ws/build/stm_station/build install --record /home/iliass/ros2_athens_ws/build/stm_station/install.log --install-scripts $base/lib/stm_station --single-version-externally-managed install_data
[3.192s] Level 1:colcon.colcon_core.environment:checking '/home/iliass/ros2_athens_ws/install/first_package' for CMake module files
[3.193s] DEBUG:colcon.colcon_core.event_handler.log_command:Invoked command in '/home/iliass/ros2_athens_ws/src/first_package' returned '0': CMAKE_PREFIX_PATH=/home/iliass/ros2_athens_ws/install/first_interfaces:/home/iliass/ros2_athens_ws/install/stm_interfaces LD_LIBRARY_PATH=/home/iliass/ros2_athens_ws/install/first_interfaces/lib:/home/iliass/ros2_athens_ws/install/stm_interfaces/lib:/opt/ros/foxy/opt/yaml_cpp_vendor/lib:/opt/ros/foxy/opt/rviz_ogre_vendor/lib:/opt/ros/foxy/lib/x86_64-linux-gnu:/opt/ros/foxy/lib PYTHONPATH=/home/iliass/ros2_athens_ws/build/first_package/prefix_override:/usr/lib/python3/dist-packages/colcon_core/task/python/colcon_distutils_commands:/home/iliass/ros2_athens_ws/install/first_package/lib/python3.8/site-packages:/home/iliass/ros2_athens_ws/install/first_interfaces/lib/python3.8/site-packages:/home/iliass/ros2_athens_ws/install/stm_station/lib/python3.8/site-packages:/home/iliass/ros2_athens_ws/install/stm_interfaces/lib/python3.8/site-packages:/home/iliass/ros2_athens_ws/install/first_package/lib/python3.8/site-packages:/opt/ros/foxy/lib/python3.8/site-packages /usr/bin/python3 -W ignore:setup.py install is deprecated setup.py egg_info --egg-base ../../build/first_package build --build-base /home/iliass/ros2_athens_ws/build/first_package/build install --record /home/iliass/ros2_athens_ws/build/first_package/install.log --install-scripts $base/lib/first_package --single-version-externally-managed install_data
[3.194s] Level 1:colcon.colcon_core.environment:checking '/home/iliass/ros2_athens_ws/install/first_package' for CMake config files
[3.195s] Level 1:colcon.colcon_core.environment:checking '/home/iliass/ros2_athens_ws/install/first_package/lib'
[3.195s] Level 1:colcon.colcon_core.environment:checking '/home/iliass/ros2_athens_ws/install/first_package/bin'
[3.195s] Level 1:colcon.colcon_core.environment:checking '/home/iliass/ros2_athens_ws/install/first_package/lib/pkgconfig/first_package.pc'
[3.195s] Level 1:colcon.colcon_core.environment:checking '/home/iliass/ros2_athens_ws/install/first_package/lib/python3.8/site-packages'
[3.196s] Level 1:colcon.colcon_core.shell:create_environment_hook('first_package', 'pythonpath')
[3.196s] INFO:colcon.colcon_core.shell:Creating environment hook '/home/iliass/ros2_athens_ws/install/first_package/share/first_package/hook/pythonpath.ps1'
[3.197s] INFO:colcon.colcon_core.shell:Creating environment descriptor '/home/iliass/ros2_athens_ws/install/first_package/share/first_package/hook/pythonpath.dsv'
[3.197s] INFO:colcon.colcon_core.shell:Creating environment hook '/home/iliass/ros2_athens_ws/install/first_package/share/first_package/hook/pythonpath.sh'
[3.198s] Level 1:colcon.colcon_core.environment:checking '/home/iliass/ros2_athens_ws/install/first_package/bin'
[3.198s] Level 1:colcon.colcon_core.environment:create_environment_scripts_only(first_package)
[3.199s] INFO:colcon.colcon_core.shell:Creating package script '/home/iliass/ros2_athens_ws/install/first_package/share/first_package/package.ps1'
[3.200s] INFO:colcon.colcon_core.shell:Creating package descriptor '/home/iliass/ros2_athens_ws/install/first_package/share/first_package/package.dsv'
[3.200s] INFO:colcon.colcon_core.shell:Creating package script '/home/iliass/ros2_athens_ws/install/first_package/share/first_package/package.sh'
[3.201s] INFO:colcon.colcon_core.shell:Creating package script '/home/iliass/ros2_athens_ws/install/first_package/share/first_package/package.bash'
[3.201s] INFO:colcon.colcon_core.shell:Creating package script '/home/iliass/ros2_athens_ws/install/first_package/share/first_package/package.zsh'
[3.202s] Level 1:colcon.colcon_core.environment:create_file_with_runtime_dependencies(/home/iliass/ros2_athens_ws/install/first_package/share/colcon-core/packages/first_package)
[3.390s] Level 1:colcon.colcon_core.environment:checking '/home/iliass/ros2_athens_ws/install/stm_station' for CMake module files
[3.390s] DEBUG:colcon.colcon_core.event_handler.log_command:Invoked command in '/home/iliass/ros2_athens_ws/src/stm_station' returned '0': PYTHONPATH=/home/iliass/ros2_athens_ws/build/stm_station/prefix_override:/usr/lib/python3/dist-packages/colcon_core/task/python/colcon_distutils_commands:/home/iliass/ros2_athens_ws/install/stm_station/lib/python3.8/site-packages:/home/iliass/ros2_athens_ws/install/stm_interfaces/lib/python3.8/site-packages:/home/iliass/ros2_athens_ws/install/stm_station/lib/python3.8/site-packages:/home/iliass/ros2_athens_ws/install/first_package/lib/python3.8/site-packages:/home/iliass/ros2_athens_ws/install/first_interfaces/lib/python3.8/site-packages:/opt/ros/foxy/lib/python3.8/site-packages /usr/bin/python3 -W ignore:setup.py install is deprecated setup.py egg_info --egg-base ../../build/stm_station build --build-base /home/iliass/ros2_athens_ws/build/stm_station/build install --record /home/iliass/ros2_athens_ws/build/stm_station/install.log --install-scripts $base/lib/stm_station --single-version-externally-managed install_data
[3.391s] Level 1:colcon.colcon_core.environment:checking '/home/iliass/ros2_athens_ws/install/stm_station' for CMake config files
[3.391s] Level 1:colcon.colcon_core.environment:checking '/home/iliass/ros2_athens_ws/install/stm_station/lib'
[3.391s] Level 1:colcon.colcon_core.environment:checking '/home/iliass/ros2_athens_ws/install/stm_station/bin'
[3.391s] Level 1:colcon.colcon_core.environment:checking '/home/iliass/ros2_athens_ws/install/stm_station/lib/pkgconfig/stm_station.pc'
[3.392s] Level 1:colcon.colcon_core.environment:checking '/home/iliass/ros2_athens_ws/install/stm_station/lib/python3.8/site-packages'
[3.392s] Level 1:colcon.colcon_core.shell:create_environment_hook('stm_station', 'pythonpath')
[3.392s] INFO:colcon.colcon_core.shell:Creating environment hook '/home/iliass/ros2_athens_ws/install/stm_station/share/stm_station/hook/pythonpath.ps1'
[3.393s] INFO:colcon.colcon_core.shell:Creating environment descriptor '/home/iliass/ros2_athens_ws/install/stm_station/share/stm_station/hook/pythonpath.dsv'
[3.393s] INFO:colcon.colcon_core.shell:Creating environment hook '/home/iliass/ros2_athens_ws/install/stm_station/share/stm_station/hook/pythonpath.sh'
[3.393s] Level 1:colcon.colcon_core.environment:checking '/home/iliass/ros2_athens_ws/install/stm_station/bin'
[3.394s] Level 1:colcon.colcon_core.environment:create_environment_scripts_only(stm_station)
[3.394s] INFO:colcon.colcon_core.shell:Creating package script '/home/iliass/ros2_athens_ws/install/stm_station/share/stm_station/package.ps1'
[3.394s] INFO:colcon.colcon_core.shell:Creating package descriptor '/home/iliass/ros2_athens_ws/install/stm_station/share/stm_station/package.dsv'
[3.395s] INFO:colcon.colcon_core.shell:Creating package script '/home/iliass/ros2_athens_ws/install/stm_station/share/stm_station/package.sh'
[3.395s] INFO:colcon.colcon_core.shell:Creating package script '/home/iliass/ros2_athens_ws/install/stm_station/share/stm_station/package.bash'
[3.396s] INFO:colcon.colcon_core.shell:Creating package script '/home/iliass/ros2_athens_ws/install/stm_station/share/stm_station/package.zsh'
[3.396s] Level 1:colcon.colcon_core.environment:create_file_with_runtime_dependencies(/home/iliass/ros2_athens_ws/install/stm_station/share/colcon-core/packages/stm_station)
[3.396s] DEBUG:colcon.colcon_parallel_executor.executor.parallel:closing loop
[3.397s] DEBUG:colcon.colcon_parallel_executor.executor.parallel:loop closed
[3.398s] DEBUG:colcon.colcon_parallel_executor.executor.parallel:run_until_complete finished with '0'
[3.398s] DEBUG:colcon.colcon_core.event_reactor:joining thread
[3.622s] INFO:colcon.colcon_core.plugin_system:Skipping extension 'colcon_notification.desktop_notification.notify_send': Could not find 'notify-send'
[3.623s] INFO:colcon.colcon_core.plugin_system:Skipping extension 'colcon_notification.desktop_notification.terminal_notifier': Not used on non-Darwin systems
[3.623s] INFO:colcon.colcon_core.plugin_system:Skipping extension 'colcon_notification.desktop_notification.win32': Not used on non-Windows systems
[3.624s] INFO:colcon.colcon_notification.desktop_notification:Sending desktop notification using 'notify2'
[3.631s] DEBUG:colcon.colcon_notification.desktop_notification.notify2:Failed to initialize notify2: org.freedesktop.DBus.Error.ServiceUnknown: The name org.freedesktop.Notifications was not provided by any .service files
[3.632s] DEBUG:colcon.colcon_core.event_reactor:joined thread
[3.634s] INFO:colcon.colcon_core.shell:Creating prefix script '/home/iliass/ros2_athens_ws/install/local_setup.ps1'
[3.639s] INFO:colcon.colcon_core.shell:Creating prefix util module '/home/iliass/ros2_athens_ws/install/_local_setup_util_ps1.py'
[3.646s] INFO:colcon.colcon_core.shell:Creating prefix chain script '/home/iliass/ros2_athens_ws/install/setup.ps1'
[3.654s] INFO:colcon.colcon_core.shell:Creating prefix script '/home/iliass/ros2_athens_ws/install/local_setup.sh'
[3.656s] INFO:colcon.colcon_core.shell:Creating prefix util module '/home/iliass/ros2_athens_ws/install/_local_setup_util_sh.py'
[3.659s] INFO:colcon.colcon_core.shell:Creating prefix chain script '/home/iliass/ros2_athens_ws/install/setup.sh'
[3.664s] INFO:colcon.colcon_core.shell:Creating prefix script '/home/iliass/ros2_athens_ws/install/local_setup.bash'
[3.667s] INFO:colcon.colcon_core.shell:Creating prefix chain script '/home/iliass/ros2_athens_ws/install/setup.bash'
[3.673s] INFO:colcon.colcon_core.shell:Creating prefix script '/home/iliass/ros2_athens_ws/install/local_setup.zsh'
[3.677s] INFO:colcon.colcon_core.shell:Creating prefix chain script '/home/iliass/ros2_athens_ws/install/setup.zsh'
