[0.018s] Invoking command in '/home/iliass/ros2_athens_ws/build/first_interfaces': CMAKE_PREFIX_PATH=/home/iliass/ros2_athens_ws/install/first_package:/opt/ros/foxy /usr/bin/cmake --build /home/iliass/ros2_athens_ws/build/first_interfaces -- -j16 -l16
[0.156s] make[1]: Entering directory '/home/iliass/ros2_athens_ws/build/first_interfaces'
[0.156s] -- Found ament_cmake: 0.9.12 (/opt/ros/foxy/share/ament_cmake/cmake)
[0.156s] -- Found PythonInterp: /usr/bin/python3 (found suitable version "3.8.10", minimum required is "3") 
[0.156s] -- Using PYTHON_EXECUTABLE: /usr/bin/python3
[0.158s] -- Found std_msgs: 2.0.5 (/opt/ros/foxy/share/std_msgs/cmake)
[0.302s] -- Using all available rosidl_typesupport_c: rosidl_typesupport_fastrtps_c;rosidl_typesupport_introspection_c
[0.304s] -- Found rosidl_adapter: 1.3.1 (/opt/ros/foxy/share/rosidl_adapter/cmake)
[2.764s] -- Using all available rosidl_typesupport_cpp: rosidl_typesupport_fastrtps_cpp;rosidl_typesupport_introspection_cpp
[2.788s] -- Found rosidl_default_generators: 1.0.1 (/opt/ros/foxy/share/rosidl_default_generators/cmake)
[2.805s] -- Found PythonInterp: /usr/bin/python3 (found version "3.8.10") 
[2.878s] -- Found ament_cmake_ros: 0.9.2 (/opt/ros/foxy/share/ament_cmake_ros/cmake)
[5.406s] -- Using all available rosidl_typesupport_c: rosidl_typesupport_fastrtps_c;rosidl_typesupport_introspection_c
[5.410s] -- Using all available rosidl_typesupport_cpp: rosidl_typesupport_fastrtps_cpp;rosidl_typesupport_introspection_cpp
[5.425s] -- Found PythonInterp: /usr/bin/python3 (found suitable version "3.8.10", minimum required is "3.5") 
[5.425s] -- Found python_cmake_module: 0.8.1 (/opt/ros/foxy/share/python_cmake_module/cmake)
[5.441s] -- Using PYTHON_EXECUTABLE: /usr/bin/python3
[5.441s] -- Using PYTHON_INCLUDE_DIRS: /usr/include/python3.8
[5.441s] -- Using PYTHON_LIBRARIES: /usr/lib/x86_64-linux-gnu/libpython3.8.so
[5.449s] -- Found ament_lint_auto: 0.9.8 (/opt/ros/foxy/share/ament_lint_auto/cmake)
[5.455s] -- Added test 'copyright' to check source files copyright and LICENSE
[5.460s] -- Added test 'cppcheck' to perform static code analysis on C / C++ code
[5.460s] -- Configured cppcheck include dirs: 
[5.460s] -- Configured cppcheck exclude dirs and/or files: 
[5.465s] -- Added test 'cpplint' to check C / C++ code against the Google style
[5.466s] -- Configured cpplint exclude dirs and/or files: 
[5.466s] -- Added test 'flake8' to check Python code syntax and style conventions
[5.468s] -- Added test 'lint_cmake' to check CMake code style
[5.469s] -- Added test 'pep257' to check Python code against some of the style conventions in PEP 257
[5.474s] -- Added test 'uncrustify' to check C / C++ code style
[5.474s] -- Configured uncrustify additional arguments: 
[5.475s] -- Added test 'xmllint' to check XML markup files
[5.477s] -- Configuring done
[5.492s] -- Generating done
[5.495s] -- Build files have been written to: /home/iliass/ros2_athens_ws/build/first_interfaces
[5.506s] make[2]: Entering directory '/home/iliass/ros2_athens_ws/build/first_interfaces'
[5.506s] make[3]: Entering directory '/home/iliass/ros2_athens_ws/build/first_interfaces'
[5.507s] make[3]: Entering directory '/home/iliass/ros2_athens_ws/build/first_interfaces'
[5.511s] [  3%] [34m[1mGenerating C code for ROS interfaces[0m
[5.512s] make[3]: Leaving directory '/home/iliass/ros2_athens_ws/build/first_interfaces'
[5.513s] make[3]: Entering directory '/home/iliass/ros2_athens_ws/build/first_interfaces'
[5.518s] [  6%] [34m[1mGenerating C++ code for ROS interfaces[0m
[5.645s] [35m[1mScanning dependencies of target first_interfaces__rosidl_generator_c[0m
[5.646s] make[3]: Leaving directory '/home/iliass/ros2_athens_ws/build/first_interfaces'
[5.649s] make[3]: Leaving directory '/home/iliass/ros2_athens_ws/build/first_interfaces'
[5.650s] make[3]: Entering directory '/home/iliass/ros2_athens_ws/build/first_interfaces'
[5.652s] [  6%] Built target first_interfaces__cpp
[5.653s] make[3]: Entering directory '/home/iliass/ros2_athens_ws/build/first_interfaces'
[5.654s] make[3]: Entering directory '/home/iliass/ros2_athens_ws/build/first_interfaces'
[5.654s] make[3]: Entering directory '/home/iliass/ros2_athens_ws/build/first_interfaces'
[5.656s] [  9%] [32mBuilding C object CMakeFiles/first_interfaces__rosidl_generator_c.dir/rosidl_generator_c/first_interfaces/msg/detail/custom__functions.c.o[0m
[5.659s] [ 16%] [34m[1mGenerating C++ type support for eProsima Fast-RTPS[0m
[5.660s] [ 12%] [34m[1mGenerating C++ type support dispatch for ROS interfaces[0m
[5.660s] [ 19%] [34m[1mGenerating C++ introspection for ROS interfaces[0m
[5.735s] [ 22%] [32m[1mLinking C shared library libfirst_interfaces__rosidl_generator_c.so[0m
[5.794s] [35m[1mScanning dependencies of target first_interfaces__rosidl_typesupport_cpp[0m
[5.796s] make[3]: Leaving directory '/home/iliass/ros2_athens_ws/build/first_interfaces'
[5.798s] make[3]: Entering directory '/home/iliass/ros2_athens_ws/build/first_interfaces'
[5.805s] [ 25%] [32mBuilding CXX object CMakeFiles/first_interfaces__rosidl_typesupport_cpp.dir/rosidl_typesupport_cpp/first_interfaces/msg/custom__type_support.cpp.o[0m
[5.821s] [35m[1mScanning dependencies of target first_interfaces__rosidl_typesupport_fastrtps_cpp[0m
[5.823s] make[3]: Leaving directory '/home/iliass/ros2_athens_ws/build/first_interfaces'
[5.825s] make[3]: Entering directory '/home/iliass/ros2_athens_ws/build/first_interfaces'
[5.832s] [35m[1mScanning dependencies of target first_interfaces__rosidl_typesupport_introspection_cpp[0m
[5.832s] [ 29%] [32mBuilding CXX object CMakeFiles/first_interfaces__rosidl_typesupport_fastrtps_cpp.dir/rosidl_typesupport_fastrtps_cpp/first_interfaces/msg/detail/dds_fastrtps/custom__type_support.cpp.o[0m
[5.833s] make[3]: Leaving directory '/home/iliass/ros2_athens_ws/build/first_interfaces'
[5.835s] make[3]: Entering directory '/home/iliass/ros2_athens_ws/build/first_interfaces'
[5.842s] [ 32%] [32mBuilding CXX object CMakeFiles/first_interfaces__rosidl_typesupport_introspection_cpp.dir/rosidl_typesupport_introspection_cpp/first_interfaces/msg/detail/custom__type_support.cpp.o[0m
[5.869s] make[3]: Leaving directory '/home/iliass/ros2_athens_ws/build/first_interfaces'
[5.877s] [ 32%] Built target first_interfaces__rosidl_generator_c
[5.881s] make[3]: Entering directory '/home/iliass/ros2_athens_ws/build/first_interfaces'
[5.882s] make[3]: Entering directory '/home/iliass/ros2_athens_ws/build/first_interfaces'
[5.890s] [ 35%] [34m[1mGenerating C introspection for ROS interfaces[0m
[5.890s] [ 38%] [34m[1mGenerating C type support dispatch for ROS interfaces[0m
[6.085s] [ 41%] [32m[1mLinking CXX shared library libfirst_interfaces__rosidl_typesupport_cpp.so[0m
[6.119s] [35m[1mScanning dependencies of target first_interfaces__rosidl_typesupport_c[0m
[6.123s] make[3]: Leaving directory '/home/iliass/ros2_athens_ws/build/first_interfaces'
[6.125s] make[3]: Entering directory '/home/iliass/ros2_athens_ws/build/first_interfaces'
[6.134s] [ 45%] [32mBuilding CXX object CMakeFiles/first_interfaces__rosidl_typesupport_c.dir/rosidl_typesupport_c/first_interfaces/msg/custom__type_support.cpp.o[0m
[6.137s] [35m[1mScanning dependencies of target first_interfaces__rosidl_typesupport_introspection_c[0m
[6.141s] make[3]: Leaving directory '/home/iliass/ros2_athens_ws/build/first_interfaces'
[6.144s] make[3]: Entering directory '/home/iliass/ros2_athens_ws/build/first_interfaces'
[6.153s] [ 48%] [32mBuilding C object CMakeFiles/first_interfaces__rosidl_typesupport_introspection_c.dir/rosidl_typesupport_introspection_c/first_interfaces/msg/detail/custom__type_support.c.o[0m
[6.167s] [ 51%] [32m[1mLinking CXX shared library libfirst_interfaces__rosidl_typesupport_c.so[0m
[6.190s] make[3]: Leaving directory '/home/iliass/ros2_athens_ws/build/first_interfaces'
[6.190s] [ 54%] [32m[1mLinking C shared library libfirst_interfaces__rosidl_typesupport_introspection_c.so[0m
[6.198s] [ 54%] Built target first_interfaces__rosidl_typesupport_cpp
[6.200s] [ 58%] [32m[1mLinking CXX shared library libfirst_interfaces__rosidl_typesupport_introspection_cpp.so[0m
[6.268s] make[3]: Leaving directory '/home/iliass/ros2_athens_ws/build/first_interfaces'
[6.278s] [ 58%] Built target first_interfaces__rosidl_typesupport_c
[6.282s] make[3]: Leaving directory '/home/iliass/ros2_athens_ws/build/first_interfaces'
[6.290s] [ 58%] Built target first_interfaces__rosidl_typesupport_introspection_c
[6.308s] [ 61%] [32m[1mLinking CXX shared library libfirst_interfaces__rosidl_typesupport_fastrtps_cpp.so[0m
[6.330s] make[3]: Leaving directory '/home/iliass/ros2_athens_ws/build/first_interfaces'
[6.338s] [ 61%] Built target first_interfaces__rosidl_typesupport_introspection_cpp
[6.466s] make[3]: Leaving directory '/home/iliass/ros2_athens_ws/build/first_interfaces'
[6.475s] [ 61%] Built target first_interfaces__rosidl_typesupport_fastrtps_cpp
[6.479s] make[3]: Entering directory '/home/iliass/ros2_athens_ws/build/first_interfaces'
[6.489s] [ 64%] [34m[1mGenerating C type support for eProsima Fast-RTPS[0m
[6.723s] [35m[1mScanning dependencies of target first_interfaces__rosidl_typesupport_fastrtps_c[0m
[6.731s] make[3]: Leaving directory '/home/iliass/ros2_athens_ws/build/first_interfaces'
[6.733s] make[3]: Entering directory '/home/iliass/ros2_athens_ws/build/first_interfaces'
[6.742s] [ 67%] [32mBuilding CXX object CMakeFiles/first_interfaces__rosidl_typesupport_fastrtps_c.dir/rosidl_typesupport_fastrtps_c/first_interfaces/msg/detail/custom__type_support_c.cpp.o[0m
[6.976s] [ 70%] [32m[1mLinking CXX shared library libfirst_interfaces__rosidl_typesupport_fastrtps_c.so[0m
[7.180s] make[3]: Leaving directory '/home/iliass/ros2_athens_ws/build/first_interfaces'
[7.185s] [ 70%] Built target first_interfaces__rosidl_typesupport_fastrtps_c
[7.186s] make[3]: Entering directory '/home/iliass/ros2_athens_ws/build/first_interfaces'
[7.192s] [35m[1mScanning dependencies of target first_interfaces[0m
[7.193s] make[3]: Leaving directory '/home/iliass/ros2_athens_ws/build/first_interfaces'
[7.199s] [ 70%] Built target first_interfaces
[7.200s] make[3]: Entering directory '/home/iliass/ros2_athens_ws/build/first_interfaces'
[7.205s] [35m[1mScanning dependencies of target first_interfaces__py[0m
[7.206s] make[3]: Leaving directory '/home/iliass/ros2_athens_ws/build/first_interfaces'
[7.207s] make[3]: Entering directory '/home/iliass/ros2_athens_ws/build/first_interfaces'
[7.212s] [ 74%] [34m[1mGenerating Python code for ROS interfaces[0m
[7.504s] make[3]: Leaving directory '/home/iliass/ros2_athens_ws/build/first_interfaces'
[7.509s] [ 74%] Built target first_interfaces__py
[7.511s] make[3]: Entering directory '/home/iliass/ros2_athens_ws/build/first_interfaces'
[7.516s] [35m[1mScanning dependencies of target first_interfaces__python[0m
[7.551s] make[3]: Leaving directory '/home/iliass/ros2_athens_ws/build/first_interfaces'
[7.553s] make[3]: Entering directory '/home/iliass/ros2_athens_ws/build/first_interfaces'
[7.558s] [ 77%] [32mBuilding C object CMakeFiles/first_interfaces__python.dir/rosidl_generator_py/first_interfaces/msg/_custom_s.c.o[0m
[7.651s] [ 80%] [32m[1mLinking C shared library rosidl_generator_py/first_interfaces/libfirst_interfaces__python.so[0m
[7.756s] make[3]: Leaving directory '/home/iliass/ros2_athens_ws/build/first_interfaces'
[7.762s] [ 80%] Built target first_interfaces__python
[7.764s] make[3]: Entering directory '/home/iliass/ros2_athens_ws/build/first_interfaces'
[7.764s] make[3]: Entering directory '/home/iliass/ros2_athens_ws/build/first_interfaces'
[7.765s] make[3]: Entering directory '/home/iliass/ros2_athens_ws/build/first_interfaces'
[7.770s] [35m[1mScanning dependencies of target first_interfaces__rosidl_typesupport_c__pyext[0m
[7.770s] [35m[1mScanning dependencies of target first_interfaces__rosidl_typesupport_fastrtps_c__pyext[0m
[7.770s] [35m[1mScanning dependencies of target first_interfaces__rosidl_typesupport_introspection_c__pyext[0m
[7.775s] make[3]: Leaving directory '/home/iliass/ros2_athens_ws/build/first_interfaces'
[7.775s] make[3]: Leaving directory '/home/iliass/ros2_athens_ws/build/first_interfaces'
[7.775s] make[3]: Leaving directory '/home/iliass/ros2_athens_ws/build/first_interfaces'
[7.777s] make[3]: Entering directory '/home/iliass/ros2_athens_ws/build/first_interfaces'
[7.777s] make[3]: Entering directory '/home/iliass/ros2_athens_ws/build/first_interfaces'
[7.777s] make[3]: Entering directory '/home/iliass/ros2_athens_ws/build/first_interfaces'
[7.782s] [ 83%] [32mBuilding C object CMakeFiles/first_interfaces__rosidl_typesupport_fastrtps_c__pyext.dir/rosidl_generator_py/first_interfaces/_first_interfaces_s.ep.rosidl_typesupport_fastrtps_c.c.o[0m
[7.783s] [ 90%] [32mBuilding C object CMakeFiles/first_interfaces__rosidl_typesupport_introspection_c__pyext.dir/rosidl_generator_py/first_interfaces/_first_interfaces_s.ep.rosidl_typesupport_introspection_c.c.o[0m
[7.783s] [ 90%] [32mBuilding C object CMakeFiles/first_interfaces__rosidl_typesupport_c__pyext.dir/rosidl_generator_py/first_interfaces/_first_interfaces_s.ep.rosidl_typesupport_c.c.o[0m
[7.832s] [ 93%] [32m[1mLinking CXX shared library rosidl_generator_py/first_interfaces/first_interfaces_s__rosidl_typesupport_fastrtps_c.cpython-38-x86_64-linux-gnu.so[0m
[7.834s] [ 96%] [32m[1mLinking C shared library rosidl_generator_py/first_interfaces/first_interfaces_s__rosidl_typesupport_c.cpython-38-x86_64-linux-gnu.so[0m
[7.834s] [100%] [32m[1mLinking C shared library rosidl_generator_py/first_interfaces/first_interfaces_s__rosidl_typesupport_introspection_c.cpython-38-x86_64-linux-gnu.so[0m
[7.922s] make[3]: Leaving directory '/home/iliass/ros2_athens_ws/build/first_interfaces'
[7.923s] make[3]: Leaving directory '/home/iliass/ros2_athens_ws/build/first_interfaces'
[7.929s] [100%] Built target first_interfaces__rosidl_typesupport_c__pyext
[7.930s] [100%] Built target first_interfaces__rosidl_typesupport_introspection_c__pyext
[7.958s] make[3]: Leaving directory '/home/iliass/ros2_athens_ws/build/first_interfaces'
[7.964s] [100%] Built target first_interfaces__rosidl_typesupport_fastrtps_c__pyext
[7.964s] make[2]: Leaving directory '/home/iliass/ros2_athens_ws/build/first_interfaces'
[7.970s] make[1]: Leaving directory '/home/iliass/ros2_athens_ws/build/first_interfaces'
[7.971s] Invoked command in '/home/iliass/ros2_athens_ws/build/first_interfaces' returned '0': CMAKE_PREFIX_PATH=/home/iliass/ros2_athens_ws/install/first_package:/opt/ros/foxy /usr/bin/cmake --build /home/iliass/ros2_athens_ws/build/first_interfaces -- -j16 -l16
[8.019s] Invoking command in '/home/iliass/ros2_athens_ws/build/first_interfaces': CMAKE_PREFIX_PATH=/home/iliass/ros2_athens_ws/install/first_package:/opt/ros/foxy /usr/bin/cmake --install /home/iliass/ros2_athens_ws/build/first_interfaces
[8.024s] -- Install configuration: ""
[8.024s] -- Installing: /home/iliass/ros2_athens_ws/install/first_interfaces/share/ament_index/resource_index/rosidl_interfaces/first_interfaces
[8.024s] -- Installing: /home/iliass/ros2_athens_ws/install/first_interfaces/include/first_interfaces
[8.026s] -- Installing: /home/iliass/ros2_athens_ws/install/first_interfaces/include/first_interfaces/msg
[8.026s] -- Installing: /home/iliass/ros2_athens_ws/install/first_interfaces/include/first_interfaces/msg/detail
[8.026s] -- Installing: /home/iliass/ros2_athens_ws/install/first_interfaces/include/first_interfaces/msg/detail/custom__functions.c
[8.026s] -- Installing: /home/iliass/ros2_athens_ws/install/first_interfaces/include/first_interfaces/msg/detail/custom_message__functions.h
[8.027s] -- Installing: /home/iliass/ros2_athens_ws/install/first_interfaces/include/first_interfaces/msg/detail/custom__functions.h
[8.027s] -- Installing: /home/iliass/ros2_athens_ws/install/first_interfaces/include/first_interfaces/msg/detail/custom__struct.h
[8.027s] -- Installing: /home/iliass/ros2_athens_ws/install/first_interfaces/include/first_interfaces/msg/detail/custom_message__type_support.h
[8.027s] -- Installing: /home/iliass/ros2_athens_ws/install/first_interfaces/include/first_interfaces/msg/detail/custom_message__functions.c
[8.028s] -- Installing: /home/iliass/ros2_athens_ws/install/first_interfaces/include/first_interfaces/msg/detail/custom_message__struct.h
[8.028s] -- Installing: /home/iliass/ros2_athens_ws/install/first_interfaces/include/first_interfaces/msg/detail/custom__type_support.h
[8.028s] -- Installing: /home/iliass/ros2_athens_ws/install/first_interfaces/include/first_interfaces/msg/custom.h
[8.028s] -- Installing: /home/iliass/ros2_athens_ws/install/first_interfaces/include/first_interfaces/msg/rosidl_generator_c__visibility_control.h
[8.028s] -- Installing: /home/iliass/ros2_athens_ws/install/first_interfaces/include/first_interfaces/msg/custom_message.h
[8.029s] -- Installing: /home/iliass/ros2_athens_ws/install/first_interfaces/share/first_interfaces/environment/library_path.sh
[8.029s] -- Installing: /home/iliass/ros2_athens_ws/install/first_interfaces/share/first_interfaces/environment/library_path.dsv
[8.030s] -- Installing: /home/iliass/ros2_athens_ws/install/first_interfaces/lib/libfirst_interfaces__rosidl_generator_c.so
[8.030s] -- Set runtime path of "/home/iliass/ros2_athens_ws/install/first_interfaces/lib/libfirst_interfaces__rosidl_generator_c.so" to ""
[8.030s] -- Up-to-date: /home/iliass/ros2_athens_ws/install/first_interfaces/include/first_interfaces
[8.030s] -- Up-to-date: /home/iliass/ros2_athens_ws/install/first_interfaces/include/first_interfaces/msg
[8.030s] -- Up-to-date: /home/iliass/ros2_athens_ws/install/first_interfaces/include/first_interfaces/msg/detail
[8.030s] -- Installing: /home/iliass/ros2_athens_ws/install/first_interfaces/include/first_interfaces/msg/detail/custom__rosidl_typesupport_fastrtps_c.h
[8.030s] -- Installing: /home/iliass/ros2_athens_ws/install/first_interfaces/include/first_interfaces/msg/rosidl_typesupport_fastrtps_c__visibility_control.h
[8.031s] -- Installing: /home/iliass/ros2_athens_ws/install/first_interfaces/lib/libfirst_interfaces__rosidl_typesupport_fastrtps_c.so
[8.031s] -- Set runtime path of "/home/iliass/ros2_athens_ws/install/first_interfaces/lib/libfirst_interfaces__rosidl_typesupport_fastrtps_c.so" to ""
[8.031s] -- Up-to-date: /home/iliass/ros2_athens_ws/install/first_interfaces/include/first_interfaces
[8.031s] -- Up-to-date: /home/iliass/ros2_athens_ws/install/first_interfaces/include/first_interfaces/msg
[8.031s] -- Up-to-date: /home/iliass/ros2_athens_ws/install/first_interfaces/include/first_interfaces/msg/detail
[8.031s] -- Installing: /home/iliass/ros2_athens_ws/install/first_interfaces/include/first_interfaces/msg/detail/custom_message__rosidl_typesupport_fastrtps_cpp.hpp
[8.032s] -- Installing: /home/iliass/ros2_athens_ws/install/first_interfaces/include/first_interfaces/msg/detail/custom__rosidl_typesupport_fastrtps_cpp.hpp
[8.032s] -- Installing: /home/iliass/ros2_athens_ws/install/first_interfaces/include/first_interfaces/msg/detail/dds_fastrtps
[8.032s] -- Installing: /home/iliass/ros2_athens_ws/install/first_interfaces/include/first_interfaces/msg/rosidl_typesupport_fastrtps_cpp__visibility_control.h
[8.032s] -- Installing: /home/iliass/ros2_athens_ws/install/first_interfaces/lib/libfirst_interfaces__rosidl_typesupport_fastrtps_cpp.so
[8.032s] -- Set runtime path of "/home/iliass/ros2_athens_ws/install/first_interfaces/lib/libfirst_interfaces__rosidl_typesupport_fastrtps_cpp.so" to ""
[8.032s] -- Up-to-date: /home/iliass/ros2_athens_ws/install/first_interfaces/include/first_interfaces
[8.033s] -- Up-to-date: /home/iliass/ros2_athens_ws/install/first_interfaces/include/first_interfaces/msg
[8.033s] -- Up-to-date: /home/iliass/ros2_athens_ws/install/first_interfaces/include/first_interfaces/msg/detail
[8.033s] -- Installing: /home/iliass/ros2_athens_ws/install/first_interfaces/include/first_interfaces/msg/detail/custom__rosidl_typesupport_introspection_c.h
[8.033s] -- Installing: /home/iliass/ros2_athens_ws/install/first_interfaces/include/first_interfaces/msg/detail/custom__type_support.c
[8.033s] -- Installing: /home/iliass/ros2_athens_ws/install/first_interfaces/include/first_interfaces/msg/rosidl_typesupport_introspection_c__visibility_control.h
[8.033s] -- Installing: /home/iliass/ros2_athens_ws/install/first_interfaces/lib/libfirst_interfaces__rosidl_typesupport_introspection_c.so
[8.034s] -- Set runtime path of "/home/iliass/ros2_athens_ws/install/first_interfaces/lib/libfirst_interfaces__rosidl_typesupport_introspection_c.so" to ""
[8.034s] -- Installing: /home/iliass/ros2_athens_ws/install/first_interfaces/lib/libfirst_interfaces__rosidl_typesupport_c.so
[8.034s] -- Set runtime path of "/home/iliass/ros2_athens_ws/install/first_interfaces/lib/libfirst_interfaces__rosidl_typesupport_c.so" to ""
[8.034s] -- Up-to-date: /home/iliass/ros2_athens_ws/install/first_interfaces/include/first_interfaces
[8.035s] -- Up-to-date: /home/iliass/ros2_athens_ws/install/first_interfaces/include/first_interfaces/msg
[8.035s] -- Up-to-date: /home/iliass/ros2_athens_ws/install/first_interfaces/include/first_interfaces/msg/detail
[8.035s] -- Installing: /home/iliass/ros2_athens_ws/install/first_interfaces/include/first_interfaces/msg/detail/custom__struct.hpp
[8.035s] -- Installing: /home/iliass/ros2_athens_ws/install/first_interfaces/include/first_interfaces/msg/detail/custom_message__builder.hpp
[8.035s] -- Installing: /home/iliass/ros2_athens_ws/install/first_interfaces/include/first_interfaces/msg/detail/custom__type_support.hpp
[8.035s] -- Installing: /home/iliass/ros2_athens_ws/install/first_interfaces/include/first_interfaces/msg/detail/custom_message__traits.hpp
[8.036s] -- Installing: /home/iliass/ros2_athens_ws/install/first_interfaces/include/first_interfaces/msg/detail/custom_message__type_support.hpp
[8.036s] -- Installing: /home/iliass/ros2_athens_ws/install/first_interfaces/include/first_interfaces/msg/detail/custom_message__struct.hpp
[8.036s] -- Installing: /home/iliass/ros2_athens_ws/install/first_interfaces/include/first_interfaces/msg/detail/custom__traits.hpp
[8.036s] -- Installing: /home/iliass/ros2_athens_ws/install/first_interfaces/include/first_interfaces/msg/detail/custom__builder.hpp
[8.036s] -- Installing: /home/iliass/ros2_athens_ws/install/first_interfaces/include/first_interfaces/msg/rosidl_generator_cpp__visibility_control.hpp
[8.036s] -- Installing: /home/iliass/ros2_athens_ws/install/first_interfaces/include/first_interfaces/msg/custom_message.hpp
[8.037s] -- Installing: /home/iliass/ros2_athens_ws/install/first_interfaces/include/first_interfaces/msg/custom.hpp
[8.037s] -- Up-to-date: /home/iliass/ros2_athens_ws/install/first_interfaces/include/first_interfaces
[8.038s] -- Up-to-date: /home/iliass/ros2_athens_ws/install/first_interfaces/include/first_interfaces/msg
[8.038s] -- Up-to-date: /home/iliass/ros2_athens_ws/install/first_interfaces/include/first_interfaces/msg/detail
[8.039s] -- Installing: /home/iliass/ros2_athens_ws/install/first_interfaces/include/first_interfaces/msg/detail/custom_message__type_support.cpp
[8.039s] -- Installing: /home/iliass/ros2_athens_ws/install/first_interfaces/include/first_interfaces/msg/detail/custom__type_support.cpp
[8.039s] -- Installing: /home/iliass/ros2_athens_ws/install/first_interfaces/include/first_interfaces/msg/detail/custom__rosidl_typesupport_introspection_cpp.hpp
[8.039s] -- Installing: /home/iliass/ros2_athens_ws/install/first_interfaces/include/first_interfaces/msg/detail/custom_message__rosidl_typesupport_introspection_cpp.hpp
[8.040s] -- Installing: /home/iliass/ros2_athens_ws/install/first_interfaces/lib/libfirst_interfaces__rosidl_typesupport_introspection_cpp.so
[8.041s] -- Set runtime path of "/home/iliass/ros2_athens_ws/install/first_interfaces/lib/libfirst_interfaces__rosidl_typesupport_introspection_cpp.so" to ""
[8.041s] -- Installing: /home/iliass/ros2_athens_ws/install/first_interfaces/lib/libfirst_interfaces__rosidl_typesupport_cpp.so
[8.041s] -- Set runtime path of "/home/iliass/ros2_athens_ws/install/first_interfaces/lib/libfirst_interfaces__rosidl_typesupport_cpp.so" to ""
[8.041s] -- Installing: /home/iliass/ros2_athens_ws/install/first_interfaces/share/first_interfaces/environment/pythonpath.sh
[8.042s] -- Installing: /home/iliass/ros2_athens_ws/install/first_interfaces/share/first_interfaces/environment/pythonpath.dsv
[8.042s] -- Installing: /home/iliass/ros2_athens_ws/install/first_interfaces/lib/python3.8/site-packages/first_interfaces/__init__.py
[8.062s] Compiling '/home/iliass/ros2_athens_ws/install/first_interfaces/lib/python3.8/site-packages/first_interfaces/__init__.py'...
[8.064s] -- Installing: /home/iliass/ros2_athens_ws/install/first_interfaces/lib/python3.8/site-packages/first_interfaces/msg
[8.064s] -- Installing: /home/iliass/ros2_athens_ws/install/first_interfaces/lib/python3.8/site-packages/first_interfaces/msg/__init__.py
[8.065s] -- Installing: /home/iliass/ros2_athens_ws/install/first_interfaces/lib/python3.8/site-packages/first_interfaces/msg/_custom.py
[8.065s] -- Installing: /home/iliass/ros2_athens_ws/install/first_interfaces/lib/python3.8/site-packages/first_interfaces/msg/_custom_s.c
[8.065s] -- Installing: /home/iliass/ros2_athens_ws/install/first_interfaces/lib/python3.8/site-packages/first_interfaces/first_interfaces_s__rosidl_typesupport_fastrtps_c.cpython-38-x86_64-linux-gnu.so
[8.065s] -- Set runtime path of "/home/iliass/ros2_athens_ws/install/first_interfaces/lib/python3.8/site-packages/first_interfaces/first_interfaces_s__rosidl_typesupport_fastrtps_c.cpython-38-x86_64-linux-gnu.so" to ""
[8.065s] -- Installing: /home/iliass/ros2_athens_ws/install/first_interfaces/lib/python3.8/site-packages/first_interfaces/first_interfaces_s__rosidl_typesupport_introspection_c.cpython-38-x86_64-linux-gnu.so
[8.065s] -- Set runtime path of "/home/iliass/ros2_athens_ws/install/first_interfaces/lib/python3.8/site-packages/first_interfaces/first_interfaces_s__rosidl_typesupport_introspection_c.cpython-38-x86_64-linux-gnu.so" to ""
[8.066s] -- Installing: /home/iliass/ros2_athens_ws/install/first_interfaces/lib/python3.8/site-packages/first_interfaces/first_interfaces_s__rosidl_typesupport_c.cpython-38-x86_64-linux-gnu.so
[8.066s] -- Set runtime path of "/home/iliass/ros2_athens_ws/install/first_interfaces/lib/python3.8/site-packages/first_interfaces/first_interfaces_s__rosidl_typesupport_c.cpython-38-x86_64-linux-gnu.so" to ""
[8.066s] -- Installing: /home/iliass/ros2_athens_ws/install/first_interfaces/lib/libfirst_interfaces__python.so
[8.067s] -- Set runtime path of "/home/iliass/ros2_athens_ws/install/first_interfaces/lib/libfirst_interfaces__python.so" to ""
[8.067s] -- Installing: /home/iliass/ros2_athens_ws/install/first_interfaces/share/first_interfaces/msg/Custom.idl
[8.067s] -- Installing: /home/iliass/ros2_athens_ws/install/first_interfaces/share/first_interfaces/msg/Custom.msg
[8.067s] -- Installing: /home/iliass/ros2_athens_ws/install/first_interfaces/share/ament_index/resource_index/package_run_dependencies/first_interfaces
[8.067s] -- Installing: /home/iliass/ros2_athens_ws/install/first_interfaces/share/ament_index/resource_index/parent_prefix_path/first_interfaces
[8.067s] -- Installing: /home/iliass/ros2_athens_ws/install/first_interfaces/share/first_interfaces/environment/ament_prefix_path.sh
[8.067s] -- Installing: /home/iliass/ros2_athens_ws/install/first_interfaces/share/first_interfaces/environment/ament_prefix_path.dsv
[8.067s] -- Installing: /home/iliass/ros2_athens_ws/install/first_interfaces/share/first_interfaces/environment/path.sh
[8.068s] -- Installing: /home/iliass/ros2_athens_ws/install/first_interfaces/share/first_interfaces/environment/path.dsv
[8.068s] -- Installing: /home/iliass/ros2_athens_ws/install/first_interfaces/share/first_interfaces/local_setup.bash
[8.068s] -- Installing: /home/iliass/ros2_athens_ws/install/first_interfaces/share/first_interfaces/local_setup.sh
[8.068s] -- Installing: /home/iliass/ros2_athens_ws/install/first_interfaces/share/first_interfaces/local_setup.zsh
[8.068s] -- Installing: /home/iliass/ros2_athens_ws/install/first_interfaces/share/first_interfaces/local_setup.dsv
[8.068s] -- Installing: /home/iliass/ros2_athens_ws/install/first_interfaces/share/first_interfaces/package.dsv
[8.068s] -- Installing: /home/iliass/ros2_athens_ws/install/first_interfaces/share/ament_index/resource_index/packages/first_interfaces
[8.069s] -- Installing: /home/iliass/ros2_athens_ws/install/first_interfaces/share/first_interfaces/cmake/first_interfaces__rosidl_generator_cExport.cmake
[8.069s] -- Installing: /home/iliass/ros2_athens_ws/install/first_interfaces/share/first_interfaces/cmake/first_interfaces__rosidl_generator_cExport-noconfig.cmake
[8.069s] -- Installing: /home/iliass/ros2_athens_ws/install/first_interfaces/share/first_interfaces/cmake/first_interfaces__rosidl_typesupport_introspection_cExport.cmake
[8.069s] -- Installing: /home/iliass/ros2_athens_ws/install/first_interfaces/share/first_interfaces/cmake/first_interfaces__rosidl_typesupport_introspection_cExport-noconfig.cmake
[8.069s] -- Installing: /home/iliass/ros2_athens_ws/install/first_interfaces/share/first_interfaces/cmake/first_interfaces__rosidl_typesupport_cExport.cmake
[8.069s] -- Installing: /home/iliass/ros2_athens_ws/install/first_interfaces/share/first_interfaces/cmake/first_interfaces__rosidl_typesupport_cExport-noconfig.cmake
[8.069s] -- Installing: /home/iliass/ros2_athens_ws/install/first_interfaces/share/first_interfaces/cmake/first_interfaces__rosidl_generator_cppExport.cmake
[8.069s] -- Installing: /home/iliass/ros2_athens_ws/install/first_interfaces/share/first_interfaces/cmake/first_interfaces__rosidl_typesupport_introspection_cppExport.cmake
[8.069s] -- Installing: /home/iliass/ros2_athens_ws/install/first_interfaces/share/first_interfaces/cmake/first_interfaces__rosidl_typesupport_introspection_cppExport-noconfig.cmake
[8.069s] -- Installing: /home/iliass/ros2_athens_ws/install/first_interfaces/share/first_interfaces/cmake/first_interfaces__rosidl_typesupport_cppExport.cmake
[8.069s] -- Installing: /home/iliass/ros2_athens_ws/install/first_interfaces/share/first_interfaces/cmake/first_interfaces__rosidl_typesupport_cppExport-noconfig.cmake
[8.070s] -- Installing: /home/iliass/ros2_athens_ws/install/first_interfaces/share/first_interfaces/cmake/rosidl_cmake-extras.cmake
[8.070s] -- Installing: /home/iliass/ros2_athens_ws/install/first_interfaces/share/first_interfaces/cmake/ament_cmake_export_dependencies-extras.cmake
[8.070s] -- Installing: /home/iliass/ros2_athens_ws/install/first_interfaces/share/first_interfaces/cmake/ament_cmake_export_libraries-extras.cmake
[8.070s] -- Installing: /home/iliass/ros2_athens_ws/install/first_interfaces/share/first_interfaces/cmake/ament_cmake_export_targets-extras.cmake
[8.070s] -- Installing: /home/iliass/ros2_athens_ws/install/first_interfaces/share/first_interfaces/cmake/ament_cmake_export_include_directories-extras.cmake
[8.070s] -- Installing: /home/iliass/ros2_athens_ws/install/first_interfaces/share/first_interfaces/cmake/rosidl_cmake_export_typesupport_libraries-extras.cmake
[8.070s] -- Installing: /home/iliass/ros2_athens_ws/install/first_interfaces/share/first_interfaces/cmake/rosidl_cmake_export_typesupport_targets-extras.cmake
[8.070s] -- Installing: /home/iliass/ros2_athens_ws/install/first_interfaces/share/first_interfaces/cmake/first_interfacesConfig.cmake
[8.070s] -- Installing: /home/iliass/ros2_athens_ws/install/first_interfaces/share/first_interfaces/cmake/first_interfacesConfig-version.cmake
[8.070s] -- Installing: /home/iliass/ros2_athens_ws/install/first_interfaces/share/first_interfaces/package.xml
[8.073s] Invoked command in '/home/iliass/ros2_athens_ws/build/first_interfaces' returned '0': CMAKE_PREFIX_PATH=/home/iliass/ros2_athens_ws/install/first_package:/opt/ros/foxy /usr/bin/cmake --install /home/iliass/ros2_athens_ws/build/first_interfaces
