running egg_info
creating ../../build/first_package/first_package.egg-info
writing ../../build/first_package/first_package.egg-info/PKG-INFO
writing dependency_links to ../../build/first_package/first_package.egg-info/dependency_links.txt
writing entry points to ../../build/first_package/first_package.egg-info/entry_points.txt
writing requirements to ../../build/first_package/first_package.egg-info/requires.txt
writing top-level names to ../../build/first_package/first_package.egg-info/top_level.txt
writing manifest file '../../build/first_package/first_package.egg-info/SOURCES.txt'
reading manifest file '../../build/first_package/first_package.egg-info/SOURCES.txt'
writing manifest file '../../build/first_package/first_package.egg-info/SOURCES.txt'
running build
running build_py
creating /home/iliass/ros2_athens_ws/build/first_package/build
creating /home/iliass/ros2_athens_ws/build/first_package/build/lib
creating /home/iliass/ros2_athens_ws/build/first_package/build/lib/first_package
copying first_package/__init__.py -> /home/iliass/ros2_athens_ws/build/first_package/build/lib/first_package
copying first_package/simple_publisher.py -> /home/iliass/ros2_athens_ws/build/first_package/build/lib/first_package
running install
running install_lib
creating /home/iliass/ros2_athens_ws/install/first_package/lib/python3.8/site-packages/first_package
copying /home/iliass/ros2_athens_ws/build/first_package/build/lib/first_package/__init__.py -> /home/iliass/ros2_athens_ws/install/first_package/lib/python3.8/site-packages/first_package
copying /home/iliass/ros2_athens_ws/build/first_package/build/lib/first_package/simple_publisher.py -> /home/iliass/ros2_athens_ws/install/first_package/lib/python3.8/site-packages/first_package
byte-compiling /home/iliass/ros2_athens_ws/install/first_package/lib/python3.8/site-packages/first_package/__init__.py to __init__.cpython-38.pyc
byte-compiling /home/iliass/ros2_athens_ws/install/first_package/lib/python3.8/site-packages/first_package/simple_publisher.py to simple_publisher.cpython-38.pyc
running install_data
creating /home/iliass/ros2_athens_ws/install/first_package/share/ament_index
creating /home/iliass/ros2_athens_ws/install/first_package/share/ament_index/resource_index
creating /home/iliass/ros2_athens_ws/install/first_package/share/ament_index/resource_index/packages
copying resource/first_package -> /home/iliass/ros2_athens_ws/install/first_package/share/ament_index/resource_index/packages
copying package.xml -> /home/iliass/ros2_athens_ws/install/first_package/share/first_package
running install_egg_info
Copying ../../build/first_package/first_package.egg-info to /home/iliass/ros2_athens_ws/install/first_package/lib/python3.8/site-packages/first_package-0.0.0-py3.8.egg-info
running install_scripts
Installing simple_publisher_node script to /home/iliass/ros2_athens_ws/install/first_package/lib/first_package
writing list of installed files to '/home/iliass/ros2_athens_ws/build/first_package/install.log'
