[0.424s] Invoking command in '/home/iliass/ros2_athens_ws/src/first_package': PYTHONPATH=/home/iliass/ros2_athens_ws/build/first_package/prefix_override:/usr/lib/python3/dist-packages/colcon_core/task/python/colcon_distutils_commands:/home/iliass/ros2_athens_ws/install/first_package/lib/python3.8/site-packages:${PYTHONPATH} /usr/bin/python3 -W ignore:setup.py install is deprecated setup.py egg_info --egg-base ../../build/first_package build --build-base /home/iliass/ros2_athens_ws/build/first_package/build install --record /home/iliass/ros2_athens_ws/build/first_package/install.log --install-scripts $base/lib/first_package --single-version-externally-managed install_data
[0.523s] running egg_info
[0.523s] creating ../../build/first_package/first_package.egg-info
[0.523s] writing ../../build/first_package/first_package.egg-info/PKG-INFO
[0.523s] writing dependency_links to ../../build/first_package/first_package.egg-info/dependency_links.txt
[0.523s] writing entry points to ../../build/first_package/first_package.egg-info/entry_points.txt
[0.523s] writing requirements to ../../build/first_package/first_package.egg-info/requires.txt
[0.523s] writing top-level names to ../../build/first_package/first_package.egg-info/top_level.txt
[0.528s] writing manifest file '../../build/first_package/first_package.egg-info/SOURCES.txt'
[0.544s] reading manifest file '../../build/first_package/first_package.egg-info/SOURCES.txt'
[0.545s] writing manifest file '../../build/first_package/first_package.egg-info/SOURCES.txt'
[0.545s] running build
[0.545s] running build_py
[0.545s] creating /home/iliass/ros2_athens_ws/build/first_package/build
[0.545s] creating /home/iliass/ros2_athens_ws/build/first_package/build/lib
[0.545s] creating /home/iliass/ros2_athens_ws/build/first_package/build/lib/first_package
[0.546s] copying first_package/__init__.py -> /home/iliass/ros2_athens_ws/build/first_package/build/lib/first_package
[0.546s] copying first_package/simple_publisher.py -> /home/iliass/ros2_athens_ws/build/first_package/build/lib/first_package
[0.546s] running install
[0.546s] running install_lib
[0.547s] creating /home/iliass/ros2_athens_ws/install/first_package/lib/python3.8/site-packages/first_package
[0.547s] copying /home/iliass/ros2_athens_ws/build/first_package/build/lib/first_package/__init__.py -> /home/iliass/ros2_athens_ws/install/first_package/lib/python3.8/site-packages/first_package
[0.547s] copying /home/iliass/ros2_athens_ws/build/first_package/build/lib/first_package/simple_publisher.py -> /home/iliass/ros2_athens_ws/install/first_package/lib/python3.8/site-packages/first_package
[0.547s] byte-compiling /home/iliass/ros2_athens_ws/install/first_package/lib/python3.8/site-packages/first_package/__init__.py to __init__.cpython-38.pyc
[0.548s] byte-compiling /home/iliass/ros2_athens_ws/install/first_package/lib/python3.8/site-packages/first_package/simple_publisher.py to simple_publisher.cpython-38.pyc
[0.548s] running install_data
[0.548s] creating /home/iliass/ros2_athens_ws/install/first_package/share/ament_index
[0.548s] creating /home/iliass/ros2_athens_ws/install/first_package/share/ament_index/resource_index
[0.548s] creating /home/iliass/ros2_athens_ws/install/first_package/share/ament_index/resource_index/packages
[0.548s] copying resource/first_package -> /home/iliass/ros2_athens_ws/install/first_package/share/ament_index/resource_index/packages
[0.548s] copying package.xml -> /home/iliass/ros2_athens_ws/install/first_package/share/first_package
[0.548s] running install_egg_info
[0.549s] Copying ../../build/first_package/first_package.egg-info to /home/iliass/ros2_athens_ws/install/first_package/lib/python3.8/site-packages/first_package-0.0.0-py3.8.egg-info
[0.549s] running install_scripts
[0.558s] Installing simple_publisher_node script to /home/iliass/ros2_athens_ws/install/first_package/lib/first_package
[0.559s] writing list of installed files to '/home/iliass/ros2_athens_ws/build/first_package/install.log'
[0.570s] Invoked command in '/home/iliass/ros2_athens_ws/src/first_package' returned '0': PYTHONPATH=/home/iliass/ros2_athens_ws/build/first_package/prefix_override:/usr/lib/python3/dist-packages/colcon_core/task/python/colcon_distutils_commands:/home/iliass/ros2_athens_ws/install/first_package/lib/python3.8/site-packages:${PYTHONPATH} /usr/bin/python3 -W ignore:setup.py install is deprecated setup.py egg_info --egg-base ../../build/first_package build --build-base /home/iliass/ros2_athens_ws/build/first_package/build install --record /home/iliass/ros2_athens_ws/build/first_package/install.log --install-scripts $base/lib/first_package --single-version-externally-managed install_data
