[0.482s] Invoking command in '/home/iliass/ros2_athens_ws/src/first_package': PYTHONPATH=/home/iliass/ros2_athens_ws/build/first_package/prefix_override:/usr/lib/python3/dist-packages/colcon_core/task/python/colcon_distutils_commands:/home/iliass/ros2_athens_ws/install/first_package/lib/python3.8/site-packages:${PYTHONPATH} /usr/bin/python3 -W ignore:setup.py install is deprecated setup.py egg_info --egg-base ../../build/first_package build --build-base /home/iliass/ros2_athens_ws/build/first_package/build install --record /home/iliass/ros2_athens_ws/build/first_package/install.log --install-scripts $base/lib/first_package --single-version-externally-managed install_data
[0.585s] running egg_info
[0.585s] writing ../../build/first_package/first_package.egg-info/PKG-INFO
[0.585s] writing dependency_links to ../../build/first_package/first_package.egg-info/dependency_links.txt
[0.585s] writing entry points to ../../build/first_package/first_package.egg-info/entry_points.txt
[0.586s] writing requirements to ../../build/first_package/first_package.egg-info/requires.txt
[0.586s] writing top-level names to ../../build/first_package/first_package.egg-info/top_level.txt
[0.605s] reading manifest file '../../build/first_package/first_package.egg-info/SOURCES.txt'
[0.606s] writing manifest file '../../build/first_package/first_package.egg-info/SOURCES.txt'
[0.606s] running build
[0.606s] running build_py
[0.606s] copying first_package/simple_pubsub.py -> /home/iliass/ros2_athens_ws/build/first_package/build/lib/first_package
[0.606s] copying first_package/simple_publisher.py -> /home/iliass/ros2_athens_ws/build/first_package/build/lib/first_package
[0.606s] copying first_package/simple_subscriber.py -> /home/iliass/ros2_athens_ws/build/first_package/build/lib/first_package
[0.607s] running install
[0.607s] running install_lib
[0.608s] copying /home/iliass/ros2_athens_ws/build/first_package/build/lib/first_package/simple_pubsub.py -> /home/iliass/ros2_athens_ws/install/first_package/lib/python3.8/site-packages/first_package
[0.608s] copying /home/iliass/ros2_athens_ws/build/first_package/build/lib/first_package/simple_publisher.py -> /home/iliass/ros2_athens_ws/install/first_package/lib/python3.8/site-packages/first_package
[0.608s] copying /home/iliass/ros2_athens_ws/build/first_package/build/lib/first_package/simple_subscriber.py -> /home/iliass/ros2_athens_ws/install/first_package/lib/python3.8/site-packages/first_package
[0.608s] byte-compiling /home/iliass/ros2_athens_ws/install/first_package/lib/python3.8/site-packages/first_package/simple_pubsub.py to simple_pubsub.cpython-38.pyc
[0.609s] byte-compiling /home/iliass/ros2_athens_ws/install/first_package/lib/python3.8/site-packages/first_package/simple_publisher.py to simple_publisher.cpython-38.pyc
[0.610s] byte-compiling /home/iliass/ros2_athens_ws/install/first_package/lib/python3.8/site-packages/first_package/simple_subscriber.py to simple_subscriber.cpython-38.pyc
[0.610s] running install_data
[0.610s] running install_egg_info
[0.612s] removing '/home/iliass/ros2_athens_ws/install/first_package/lib/python3.8/site-packages/first_package-0.0.0-py3.8.egg-info' (and everything under it)
[0.612s] Copying ../../build/first_package/first_package.egg-info to /home/iliass/ros2_athens_ws/install/first_package/lib/python3.8/site-packages/first_package-0.0.0-py3.8.egg-info
[0.612s] running install_scripts
[0.621s] Installing simple_publisher_node script to /home/iliass/ros2_athens_ws/install/first_package/lib/first_package
[0.622s] Installing simple_pubsub_node script to /home/iliass/ros2_athens_ws/install/first_package/lib/first_package
[0.622s] Installing simple_subscriber_node script to /home/iliass/ros2_athens_ws/install/first_package/lib/first_package
[0.622s] writing list of installed files to '/home/iliass/ros2_athens_ws/build/first_package/install.log'
[0.633s] Invoked command in '/home/iliass/ros2_athens_ws/src/first_package' returned '0': PYTHONPATH=/home/iliass/ros2_athens_ws/build/first_package/prefix_override:/usr/lib/python3/dist-packages/colcon_core/task/python/colcon_distutils_commands:/home/iliass/ros2_athens_ws/install/first_package/lib/python3.8/site-packages:${PYTHONPATH} /usr/bin/python3 -W ignore:setup.py install is deprecated setup.py egg_info --egg-base ../../build/first_package build --build-base /home/iliass/ros2_athens_ws/build/first_package/build install --record /home/iliass/ros2_athens_ws/build/first_package/install.log --install-scripts $base/lib/first_package --single-version-externally-managed install_data
