[0.021s] Invoking command in '/home/iliass/ros2_athens_ws/build/stm_interfaces': CMAKE_PREFIX_PATH=${CMAKE_PREFIX_PATH}:/home/iliass/ros2_athens_ws/install/stm_station:/home/iliass/ros2_athens_ws/install/first_package:/opt/ros/foxy /usr/bin/cmake --build /home/iliass/ros2_athens_ws/build/stm_interfaces -- -j16 -l16
[0.155s] make[1]: Entering directory '/home/iliass/ros2_athens_ws/build/stm_interfaces'
[0.155s] -- Found ament_cmake: 0.9.12 (/opt/ros/foxy/share/ament_cmake/cmake)
[0.155s] -- Found PythonInterp: /usr/bin/python3 (found suitable version "3.8.10", minimum required is "3") 
[0.155s] -- Using PYTHON_EXECUTABLE: /usr/bin/python3
[0.188s] -- Found std_msgs: 2.0.5 (/opt/ros/foxy/share/std_msgs/cmake)
[0.314s] -- Using all available rosidl_typesupport_c: rosidl_typesupport_fastrtps_c;rosidl_typesupport_introspection_c
[0.320s] -- Found rosidl_adapter: 1.3.1 (/opt/ros/foxy/share/rosidl_adapter/cmake)
[2.960s] -- Using all available rosidl_typesupport_cpp: rosidl_typesupport_fastrtps_cpp;rosidl_typesupport_introspection_cpp
[3.000s] -- Found rosidl_default_generators: 1.0.1 (/opt/ros/foxy/share/rosidl_default_generators/cmake)
[3.023s] -- Found PythonInterp: /usr/bin/python3 (found version "3.8.10") 
[3.111s] -- Found ament_cmake_ros: 0.9.2 (/opt/ros/foxy/share/ament_cmake_ros/cmake)
[5.694s] -- Using all available rosidl_typesupport_c: rosidl_typesupport_fastrtps_c;rosidl_typesupport_introspection_c
[5.701s] -- Using all available rosidl_typesupport_cpp: rosidl_typesupport_fastrtps_cpp;rosidl_typesupport_introspection_cpp
[5.717s] -- Found PythonInterp: /usr/bin/python3 (found suitable version "3.8.10", minimum required is "3.5") 
[5.718s] -- Found python_cmake_module: 0.8.1 (/opt/ros/foxy/share/python_cmake_module/cmake)
[5.736s] -- Using PYTHON_EXECUTABLE: /usr/bin/python3
[5.736s] -- Using PYTHON_INCLUDE_DIRS: /usr/include/python3.8
[5.736s] -- Using PYTHON_LIBRARIES: /usr/lib/x86_64-linux-gnu/libpython3.8.so
[5.747s] -- Found ament_lint_auto: 0.9.8 (/opt/ros/foxy/share/ament_lint_auto/cmake)
[5.767s] -- Added test 'copyright' to check source files copyright and LICENSE
[5.768s] -- Added test 'lint_cmake' to check CMake code style
[5.769s] -- Added test 'xmllint' to check XML markup files
[5.774s] -- Configuring done
[5.807s] -- Generating done
[5.809s] -- Build files have been written to: /home/iliass/ros2_athens_ws/build/stm_interfaces
[5.820s] make[2]: Entering directory '/home/iliass/ros2_athens_ws/build/stm_interfaces'
[5.821s] make[3]: Entering directory '/home/iliass/ros2_athens_ws/build/stm_interfaces'
[5.822s] make[3]: Entering directory '/home/iliass/ros2_athens_ws/build/stm_interfaces'
[5.827s] [35m[1mScanning dependencies of target stm_interfaces__cpp[0m
[5.827s] [  2%] [34m[1mGenerating C code for ROS interfaces[0m
[5.828s] make[3]: Leaving directory '/home/iliass/ros2_athens_ws/build/stm_interfaces'
[5.829s] make[3]: Entering directory '/home/iliass/ros2_athens_ws/build/stm_interfaces'
[5.834s] [  4%] [34m[1mGenerating C++ code for ROS interfaces[0m
[6.134s] make[3]: Leaving directory '/home/iliass/ros2_athens_ws/build/stm_interfaces'
[6.140s] [  4%] Built target stm_interfaces__cpp
[6.143s] make[3]: Entering directory '/home/iliass/ros2_athens_ws/build/stm_interfaces'
[6.143s] make[3]: Entering directory '/home/iliass/ros2_athens_ws/build/stm_interfaces'
[6.144s] make[3]: Entering directory '/home/iliass/ros2_athens_ws/build/stm_interfaces'
[6.148s] [  6%] [34m[1mGenerating C++ type support dispatch for ROS interfaces[0m
[6.149s] [  8%] [34m[1mGenerating C++ introspection for ROS interfaces[0m
[6.149s] [ 10%] [34m[1mGenerating C++ type support for eProsima Fast-RTPS[0m
[6.167s] [35m[1mScanning dependencies of target stm_interfaces__rosidl_generator_c[0m
[6.169s] make[3]: Leaving directory '/home/iliass/ros2_athens_ws/build/stm_interfaces'
[6.173s] make[3]: Entering directory '/home/iliass/ros2_athens_ws/build/stm_interfaces'
[6.180s] [ 17%] [32mBuilding C object CMakeFiles/stm_interfaces__rosidl_generator_c.dir/rosidl_generator_c/stm_interfaces/msg/detail/stm_state__functions.c.o[0m
[6.180s] [ 17%] [32mBuilding C object CMakeFiles/stm_interfaces__rosidl_generator_c.dir/rosidl_generator_c/stm_interfaces/msg/detail/stm_control__functions.c.o[0m
[6.180s] [ 17%] [32mBuilding C object CMakeFiles/stm_interfaces__rosidl_generator_c.dir/rosidl_generator_c/stm_interfaces/srv/detail/stm_set_control_type__functions.c.o[0m
[6.282s] [ 19%] [32m[1mLinking C shared library libstm_interfaces__rosidl_generator_c.so[0m
[6.415s] make[3]: Leaving directory '/home/iliass/ros2_athens_ws/build/stm_interfaces'
[6.421s] [ 19%] Built target stm_interfaces__rosidl_generator_c
[6.424s] make[3]: Entering directory '/home/iliass/ros2_athens_ws/build/stm_interfaces'
[6.424s] make[3]: Entering directory '/home/iliass/ros2_athens_ws/build/stm_interfaces'
[6.430s] [ 21%] [34m[1mGenerating C type support dispatch for ROS interfaces[0m
[6.430s] [ 23%] [34m[1mGenerating C introspection for ROS interfaces[0m
[6.438s] [35m[1mScanning dependencies of target stm_interfaces__rosidl_typesupport_cpp[0m
[6.440s] make[3]: Leaving directory '/home/iliass/ros2_athens_ws/build/stm_interfaces'
[6.442s] make[3]: Entering directory '/home/iliass/ros2_athens_ws/build/stm_interfaces'
[6.447s] [ 25%] [32mBuilding CXX object CMakeFiles/stm_interfaces__rosidl_typesupport_cpp.dir/rosidl_typesupport_cpp/stm_interfaces/msg/stm_control__type_support.cpp.o[0m
[6.448s] [ 27%] [32mBuilding CXX object CMakeFiles/stm_interfaces__rosidl_typesupport_cpp.dir/rosidl_typesupport_cpp/stm_interfaces/msg/stm_state__type_support.cpp.o[0m
[6.449s] [ 29%] [32mBuilding CXX object CMakeFiles/stm_interfaces__rosidl_typesupport_cpp.dir/rosidl_typesupport_cpp/stm_interfaces/srv/stm_set_control_type__type_support.cpp.o[0m
[6.465s] [35m[1mScanning dependencies of target stm_interfaces__rosidl_typesupport_introspection_cpp[0m
[6.468s] make[3]: Leaving directory '/home/iliass/ros2_athens_ws/build/stm_interfaces'
[6.470s] make[3]: Entering directory '/home/iliass/ros2_athens_ws/build/stm_interfaces'
[6.478s] [ 34%] [32mBuilding CXX object CMakeFiles/stm_interfaces__rosidl_typesupport_introspection_cpp.dir/rosidl_typesupport_introspection_cpp/stm_interfaces/msg/detail/stm_control__type_support.cpp.o[0m
[6.478s] [ 34%] [32mBuilding CXX object CMakeFiles/stm_interfaces__rosidl_typesupport_introspection_cpp.dir/rosidl_typesupport_introspection_cpp/stm_interfaces/msg/detail/stm_state__type_support.cpp.o[0m
[6.479s] [ 36%] [32mBuilding CXX object CMakeFiles/stm_interfaces__rosidl_typesupport_introspection_cpp.dir/rosidl_typesupport_introspection_cpp/stm_interfaces/srv/detail/stm_set_control_type__type_support.cpp.o[0m
[6.498s] [35m[1mScanning dependencies of target stm_interfaces__rosidl_typesupport_fastrtps_cpp[0m
[6.501s] make[3]: Leaving directory '/home/iliass/ros2_athens_ws/build/stm_interfaces'
[6.503s] make[3]: Entering directory '/home/iliass/ros2_athens_ws/build/stm_interfaces'
[6.509s] [ 38%] [32mBuilding CXX object CMakeFiles/stm_interfaces__rosidl_typesupport_fastrtps_cpp.dir/rosidl_typesupport_fastrtps_cpp/stm_interfaces/msg/detail/dds_fastrtps/stm_control__type_support.cpp.o[0m
[6.510s] [ 40%] [32mBuilding CXX object CMakeFiles/stm_interfaces__rosidl_typesupport_fastrtps_cpp.dir/rosidl_typesupport_fastrtps_cpp/stm_interfaces/srv/detail/dds_fastrtps/stm_set_control_type__type_support.cpp.o[0m
[6.511s] [ 42%] [32mBuilding CXX object CMakeFiles/stm_interfaces__rosidl_typesupport_fastrtps_cpp.dir/rosidl_typesupport_fastrtps_cpp/stm_interfaces/msg/detail/dds_fastrtps/stm_state__type_support.cpp.o[0m
[6.848s] [ 44%] [32m[1mLinking CXX shared library libstm_interfaces__rosidl_typesupport_cpp.so[0m
[6.855s] [ 46%] [32m[1mLinking CXX shared library libstm_interfaces__rosidl_typesupport_introspection_cpp.so[0m
[6.940s] [35m[1mScanning dependencies of target stm_interfaces__rosidl_typesupport_c[0m
[6.944s] make[3]: Leaving directory '/home/iliass/ros2_athens_ws/build/stm_interfaces'
[6.946s] make[3]: Entering directory '/home/iliass/ros2_athens_ws/build/stm_interfaces'
[6.954s] [ 51%] [32mBuilding CXX object CMakeFiles/stm_interfaces__rosidl_typesupport_c.dir/rosidl_typesupport_c/stm_interfaces/msg/stm_control__type_support.cpp.o[0m
[6.954s] [ 51%] [32mBuilding CXX object CMakeFiles/stm_interfaces__rosidl_typesupport_c.dir/rosidl_typesupport_c/stm_interfaces/msg/stm_state__type_support.cpp.o[0m
[6.955s] [ 53%] [32mBuilding CXX object CMakeFiles/stm_interfaces__rosidl_typesupport_c.dir/rosidl_typesupport_c/stm_interfaces/srv/stm_set_control_type__type_support.cpp.o[0m
[6.957s] make[3]: Leaving directory '/home/iliass/ros2_athens_ws/build/stm_interfaces'
[6.966s] [ 53%] Built target stm_interfaces__rosidl_typesupport_cpp
[6.980s] make[3]: Leaving directory '/home/iliass/ros2_athens_ws/build/stm_interfaces'
[6.989s] [ 53%] Built target stm_interfaces__rosidl_typesupport_introspection_cpp
[6.989s] [ 55%] [32m[1mLinking CXX shared library libstm_interfaces__rosidl_typesupport_c.so[0m
[6.999s] [35m[1mScanning dependencies of target stm_interfaces__rosidl_typesupport_introspection_c[0m
[7.002s] make[3]: Leaving directory '/home/iliass/ros2_athens_ws/build/stm_interfaces'
[7.004s] make[3]: Entering directory '/home/iliass/ros2_athens_ws/build/stm_interfaces'
[7.011s] [ 59%] [32mBuilding C object CMakeFiles/stm_interfaces__rosidl_typesupport_introspection_c.dir/rosidl_typesupport_introspection_c/stm_interfaces/srv/detail/stm_set_control_type__type_support.c.o[0m
[7.012s] [ 59%] [32mBuilding C object CMakeFiles/stm_interfaces__rosidl_typesupport_introspection_c.dir/rosidl_typesupport_introspection_c/stm_interfaces/msg/detail/stm_control__type_support.c.o[0m
[7.012s] [ 61%] [32mBuilding C object CMakeFiles/stm_interfaces__rosidl_typesupport_introspection_c.dir/rosidl_typesupport_introspection_c/stm_interfaces/msg/detail/stm_state__type_support.c.o[0m
[7.027s] [ 63%] [32m[1mLinking CXX shared library libstm_interfaces__rosidl_typesupport_fastrtps_cpp.so[0m
[7.045s] [ 65%] [32m[1mLinking C shared library libstm_interfaces__rosidl_typesupport_introspection_c.so[0m
[7.083s] make[3]: Leaving directory '/home/iliass/ros2_athens_ws/build/stm_interfaces'
[7.088s] [ 65%] Built target stm_interfaces__rosidl_typesupport_c
[7.133s] make[3]: Leaving directory '/home/iliass/ros2_athens_ws/build/stm_interfaces'
[7.139s] [ 65%] Built target stm_interfaces__rosidl_typesupport_introspection_c
[7.150s] make[3]: Leaving directory '/home/iliass/ros2_athens_ws/build/stm_interfaces'
[7.155s] [ 65%] Built target stm_interfaces__rosidl_typesupport_fastrtps_cpp
[7.157s] make[3]: Entering directory '/home/iliass/ros2_athens_ws/build/stm_interfaces'
[7.162s] [ 68%] [34m[1mGenerating C type support for eProsima Fast-RTPS[0m
[7.524s] [35m[1mScanning dependencies of target stm_interfaces__rosidl_typesupport_fastrtps_c[0m
[7.528s] make[3]: Leaving directory '/home/iliass/ros2_athens_ws/build/stm_interfaces'
[7.530s] make[3]: Entering directory '/home/iliass/ros2_athens_ws/build/stm_interfaces'
[7.536s] [ 70%] [32mBuilding CXX object CMakeFiles/stm_interfaces__rosidl_typesupport_fastrtps_c.dir/rosidl_typesupport_fastrtps_c/stm_interfaces/msg/detail/stm_state__type_support_c.cpp.o[0m
[7.537s] [ 72%] [32mBuilding CXX object CMakeFiles/stm_interfaces__rosidl_typesupport_fastrtps_c.dir/rosidl_typesupport_fastrtps_c/stm_interfaces/msg/detail/stm_control__type_support_c.cpp.o[0m
[7.538s] [ 74%] [32mBuilding CXX object CMakeFiles/stm_interfaces__rosidl_typesupport_fastrtps_c.dir/rosidl_typesupport_fastrtps_c/stm_interfaces/srv/detail/stm_set_control_type__type_support_c.cpp.o[0m
[7.761s] [ 76%] [32m[1mLinking CXX shared library libstm_interfaces__rosidl_typesupport_fastrtps_c.so[0m
[7.907s] make[3]: Leaving directory '/home/iliass/ros2_athens_ws/build/stm_interfaces'
[7.914s] [ 76%] Built target stm_interfaces__rosidl_typesupport_fastrtps_c
[7.916s] make[3]: Entering directory '/home/iliass/ros2_athens_ws/build/stm_interfaces'
[7.923s] make[3]: Leaving directory '/home/iliass/ros2_athens_ws/build/stm_interfaces'
[7.929s] [ 76%] Built target stm_interfaces
[7.930s] make[3]: Entering directory '/home/iliass/ros2_athens_ws/build/stm_interfaces'
[7.936s] [35m[1mScanning dependencies of target stm_interfaces__py[0m
[7.937s] make[3]: Leaving directory '/home/iliass/ros2_athens_ws/build/stm_interfaces'
[7.938s] make[3]: Entering directory '/home/iliass/ros2_athens_ws/build/stm_interfaces'
[7.943s] [ 78%] [34m[1mGenerating Python code for ROS interfaces[0m
[8.537s] make[3]: Leaving directory '/home/iliass/ros2_athens_ws/build/stm_interfaces'
[8.542s] [ 78%] Built target stm_interfaces__py
[8.544s] make[3]: Entering directory '/home/iliass/ros2_athens_ws/build/stm_interfaces'
[8.550s] [35m[1mScanning dependencies of target stm_interfaces__python[0m
[8.553s] make[3]: Leaving directory '/home/iliass/ros2_athens_ws/build/stm_interfaces'
[8.556s] make[3]: Entering directory '/home/iliass/ros2_athens_ws/build/stm_interfaces'
[8.560s] [ 82%] [32mBuilding C object CMakeFiles/stm_interfaces__python.dir/rosidl_generator_py/stm_interfaces/msg/_stm_control_s.c.o[0m
[8.560s] [ 82%] [32mBuilding C object CMakeFiles/stm_interfaces__python.dir/rosidl_generator_py/stm_interfaces/msg/_stm_state_s.c.o[0m
[8.561s] [ 85%] [32mBuilding C object CMakeFiles/stm_interfaces__python.dir/rosidl_generator_py/stm_interfaces/srv/_stm_set_control_type_s.c.o[0m
[8.641s] [ 87%] [32m[1mLinking C shared library rosidl_generator_py/stm_interfaces/libstm_interfaces__python.so[0m
[8.744s] make[3]: Leaving directory '/home/iliass/ros2_athens_ws/build/stm_interfaces'
[8.749s] [ 87%] Built target stm_interfaces__python
[8.751s] make[3]: Entering directory '/home/iliass/ros2_athens_ws/build/stm_interfaces'
[8.751s] make[3]: Entering directory '/home/iliass/ros2_athens_ws/build/stm_interfaces'
[8.752s] make[3]: Entering directory '/home/iliass/ros2_athens_ws/build/stm_interfaces'
[8.757s] [35m[1mScanning dependencies of target stm_interfaces__rosidl_typesupport_fastrtps_c__pyext[0m
[8.757s] [35m[1mScanning dependencies of target stm_interfaces__rosidl_typesupport_introspection_c__pyext[0m
[8.758s] [35m[1mScanning dependencies of target stm_interfaces__rosidl_typesupport_c__pyext[0m
[8.760s] make[3]: Leaving directory '/home/iliass/ros2_athens_ws/build/stm_interfaces'
[8.760s] make[3]: Leaving directory '/home/iliass/ros2_athens_ws/build/stm_interfaces'
[8.761s] make[3]: Leaving directory '/home/iliass/ros2_athens_ws/build/stm_interfaces'
[8.762s] make[3]: Entering directory '/home/iliass/ros2_athens_ws/build/stm_interfaces'
[8.762s] make[3]: Entering directory '/home/iliass/ros2_athens_ws/build/stm_interfaces'
[8.762s] make[3]: Entering directory '/home/iliass/ros2_athens_ws/build/stm_interfaces'
[8.766s] [ 91%] [32mBuilding C object CMakeFiles/stm_interfaces__rosidl_typesupport_c__pyext.dir/rosidl_generator_py/stm_interfaces/_stm_interfaces_s.ep.rosidl_typesupport_c.c.o[0m
[8.766s] [ 91%] [32mBuilding C object CMakeFiles/stm_interfaces__rosidl_typesupport_introspection_c__pyext.dir/rosidl_generator_py/stm_interfaces/_stm_interfaces_s.ep.rosidl_typesupport_introspection_c.c.o[0m
[8.767s] [ 93%] [32mBuilding C object CMakeFiles/stm_interfaces__rosidl_typesupport_fastrtps_c__pyext.dir/rosidl_generator_py/stm_interfaces/_stm_interfaces_s.ep.rosidl_typesupport_fastrtps_c.c.o[0m
[8.820s] [ 95%] [32m[1mLinking C shared library rosidl_generator_py/stm_interfaces/stm_interfaces_s__rosidl_typesupport_introspection_c.cpython-38-x86_64-linux-gnu.so[0m
[8.820s] [ 97%] [32m[1mLinking C shared library rosidl_generator_py/stm_interfaces/stm_interfaces_s__rosidl_typesupport_c.cpython-38-x86_64-linux-gnu.so[0m
[8.820s] [100%] [32m[1mLinking CXX shared library rosidl_generator_py/stm_interfaces/stm_interfaces_s__rosidl_typesupport_fastrtps_c.cpython-38-x86_64-linux-gnu.so[0m
[8.888s] make[3]: Leaving directory '/home/iliass/ros2_athens_ws/build/stm_interfaces'
[8.889s] make[3]: Leaving directory '/home/iliass/ros2_athens_ws/build/stm_interfaces'
[8.893s] [100%] Built target stm_interfaces__rosidl_typesupport_c__pyext
[8.893s] [100%] Built target stm_interfaces__rosidl_typesupport_introspection_c__pyext
[8.905s] make[3]: Leaving directory '/home/iliass/ros2_athens_ws/build/stm_interfaces'
[8.911s] [100%] Built target stm_interfaces__rosidl_typesupport_fastrtps_c__pyext
[8.911s] make[2]: Leaving directory '/home/iliass/ros2_athens_ws/build/stm_interfaces'
[8.917s] make[1]: Leaving directory '/home/iliass/ros2_athens_ws/build/stm_interfaces'
[8.919s] Invoked command in '/home/iliass/ros2_athens_ws/build/stm_interfaces' returned '0': CMAKE_PREFIX_PATH=${CMAKE_PREFIX_PATH}:/home/iliass/ros2_athens_ws/install/stm_station:/home/iliass/ros2_athens_ws/install/first_package:/opt/ros/foxy /usr/bin/cmake --build /home/iliass/ros2_athens_ws/build/stm_interfaces -- -j16 -l16
[8.970s] Invoking command in '/home/iliass/ros2_athens_ws/build/stm_interfaces': CMAKE_PREFIX_PATH=${CMAKE_PREFIX_PATH}:/home/iliass/ros2_athens_ws/install/stm_station:/home/iliass/ros2_athens_ws/install/first_package:/opt/ros/foxy /usr/bin/cmake --install /home/iliass/ros2_athens_ws/build/stm_interfaces
[8.975s] -- Install configuration: ""
[8.975s] -- Installing: /home/iliass/ros2_athens_ws/install/stm_interfaces/share/ament_index/resource_index/rosidl_interfaces/stm_interfaces
[8.977s] -- Up-to-date: /home/iliass/ros2_athens_ws/install/stm_interfaces/include/stm_interfaces
[8.977s] -- Up-to-date: /home/iliass/ros2_athens_ws/install/stm_interfaces/include/stm_interfaces/srv
[8.977s] -- Up-to-date: /home/iliass/ros2_athens_ws/install/stm_interfaces/include/stm_interfaces/srv/detail
[8.978s] -- Up-to-date: /home/iliass/ros2_athens_ws/install/stm_interfaces/include/stm_interfaces/srv/detail/motor_service__functions.c
[8.978s] -- Up-to-date: /home/iliass/ros2_athens_ws/install/stm_interfaces/include/stm_interfaces/srv/detail/motor_service__struct.h
[8.978s] -- Up-to-date: /home/iliass/ros2_athens_ws/install/stm_interfaces/include/stm_interfaces/srv/detail/motor_service__functions.h
[8.978s] -- Installing: /home/iliass/ros2_athens_ws/install/stm_interfaces/include/stm_interfaces/srv/detail/stm_set_control_type__functions.h
[8.978s] -- Up-to-date: /home/iliass/ros2_athens_ws/install/stm_interfaces/include/stm_interfaces/srv/detail/add_two_ints__functions.c
[8.978s] -- Up-to-date: /home/iliass/ros2_athens_ws/install/stm_interfaces/include/stm_interfaces/srv/detail/add_two_ints__functions.h
[8.978s] -- Up-to-date: /home/iliass/ros2_athens_ws/install/stm_interfaces/include/stm_interfaces/srv/detail/motor_service__type_support.h
[8.979s] -- Up-to-date: /home/iliass/ros2_athens_ws/install/stm_interfaces/include/stm_interfaces/srv/detail/add_two_ints__struct.h
[8.979s] -- Installing: /home/iliass/ros2_athens_ws/install/stm_interfaces/include/stm_interfaces/srv/detail/stm_set_control_type__struct.h
[8.979s] -- Installing: /home/iliass/ros2_athens_ws/install/stm_interfaces/include/stm_interfaces/srv/detail/stm_set_control_type__functions.c
[8.979s] -- Installing: /home/iliass/ros2_athens_ws/install/stm_interfaces/include/stm_interfaces/srv/detail/stm_set_control_type__type_support.h
[8.979s] -- Up-to-date: /home/iliass/ros2_athens_ws/install/stm_interfaces/include/stm_interfaces/srv/detail/add_two_ints__type_support.h
[8.979s] -- Up-to-date: /home/iliass/ros2_athens_ws/install/stm_interfaces/include/stm_interfaces/srv/add_two_ints.h
[8.979s] -- Up-to-date: /home/iliass/ros2_athens_ws/install/stm_interfaces/include/stm_interfaces/srv/motor_service.h
[8.979s] -- Installing: /home/iliass/ros2_athens_ws/install/stm_interfaces/include/stm_interfaces/srv/stm_set_control_type.h
[8.979s] -- Up-to-date: /home/iliass/ros2_athens_ws/install/stm_interfaces/include/stm_interfaces/msg
[8.979s] -- Installing: /home/iliass/ros2_athens_ws/install/stm_interfaces/include/stm_interfaces/msg/stm_control.h
[8.979s] -- Up-to-date: /home/iliass/ros2_athens_ws/install/stm_interfaces/include/stm_interfaces/msg/detail
[8.979s] -- Installing: /home/iliass/ros2_athens_ws/install/stm_interfaces/include/stm_interfaces/msg/detail/stm_state__struct.h
[8.979s] -- Installing: /home/iliass/ros2_athens_ws/install/stm_interfaces/include/stm_interfaces/msg/detail/stm_control__functions.h
[8.980s] -- Installing: /home/iliass/ros2_athens_ws/install/stm_interfaces/include/stm_interfaces/msg/detail/stm_control__type_support.h
[8.980s] -- Installing: /home/iliass/ros2_athens_ws/install/stm_interfaces/include/stm_interfaces/msg/detail/stm_state__functions.h
[8.980s] -- Installing: /home/iliass/ros2_athens_ws/install/stm_interfaces/include/stm_interfaces/msg/detail/stm_state__functions.c
[8.980s] -- Installing: /home/iliass/ros2_athens_ws/install/stm_interfaces/include/stm_interfaces/msg/detail/stm_control__functions.c
[8.980s] -- Installing: /home/iliass/ros2_athens_ws/install/stm_interfaces/include/stm_interfaces/msg/detail/stm_control__struct.h
[8.980s] -- Installing: /home/iliass/ros2_athens_ws/install/stm_interfaces/include/stm_interfaces/msg/detail/stm_state__type_support.h
[8.980s] -- Installing: /home/iliass/ros2_athens_ws/install/stm_interfaces/include/stm_interfaces/msg/stm_state.h
[8.980s] -- Up-to-date: /home/iliass/ros2_athens_ws/install/stm_interfaces/include/stm_interfaces/msg/rosidl_generator_c__visibility_control.h
[8.980s] -- Up-to-date: /home/iliass/ros2_athens_ws/install/stm_interfaces/share/stm_interfaces/environment/library_path.sh
[8.980s] -- Installing: /home/iliass/ros2_athens_ws/install/stm_interfaces/share/stm_interfaces/environment/library_path.dsv
[8.981s] -- Installing: /home/iliass/ros2_athens_ws/install/stm_interfaces/lib/libstm_interfaces__rosidl_generator_c.so
[8.981s] -- Set runtime path of "/home/iliass/ros2_athens_ws/install/stm_interfaces/lib/libstm_interfaces__rosidl_generator_c.so" to ""
[8.981s] -- Up-to-date: /home/iliass/ros2_athens_ws/install/stm_interfaces/include/stm_interfaces
[8.982s] -- Up-to-date: /home/iliass/ros2_athens_ws/install/stm_interfaces/include/stm_interfaces/srv
[8.982s] -- Up-to-date: /home/iliass/ros2_athens_ws/install/stm_interfaces/include/stm_interfaces/srv/detail
[8.982s] -- Up-to-date: /home/iliass/ros2_athens_ws/install/stm_interfaces/include/stm_interfaces/srv/detail/add_two_ints__rosidl_typesupport_fastrtps_c.h
[8.982s] -- Up-to-date: /home/iliass/ros2_athens_ws/install/stm_interfaces/include/stm_interfaces/srv/detail/motor_service__rosidl_typesupport_fastrtps_c.h
[8.982s] -- Installing: /home/iliass/ros2_athens_ws/install/stm_interfaces/include/stm_interfaces/srv/detail/stm_set_control_type__rosidl_typesupport_fastrtps_c.h
[8.982s] -- Up-to-date: /home/iliass/ros2_athens_ws/install/stm_interfaces/include/stm_interfaces/msg
[8.982s] -- Up-to-date: /home/iliass/ros2_athens_ws/install/stm_interfaces/include/stm_interfaces/msg/detail
[8.982s] -- Installing: /home/iliass/ros2_athens_ws/install/stm_interfaces/include/stm_interfaces/msg/detail/stm_state__rosidl_typesupport_fastrtps_c.h
[8.982s] -- Installing: /home/iliass/ros2_athens_ws/install/stm_interfaces/include/stm_interfaces/msg/detail/stm_control__rosidl_typesupport_fastrtps_c.h
[8.982s] -- Up-to-date: /home/iliass/ros2_athens_ws/install/stm_interfaces/include/stm_interfaces/msg/rosidl_typesupport_fastrtps_c__visibility_control.h
[8.983s] -- Installing: /home/iliass/ros2_athens_ws/install/stm_interfaces/lib/libstm_interfaces__rosidl_typesupport_fastrtps_c.so
[8.983s] -- Set runtime path of "/home/iliass/ros2_athens_ws/install/stm_interfaces/lib/libstm_interfaces__rosidl_typesupport_fastrtps_c.so" to ""
[8.983s] -- Up-to-date: /home/iliass/ros2_athens_ws/install/stm_interfaces/include/stm_interfaces
[8.984s] -- Up-to-date: /home/iliass/ros2_athens_ws/install/stm_interfaces/include/stm_interfaces/srv
[8.984s] -- Up-to-date: /home/iliass/ros2_athens_ws/install/stm_interfaces/include/stm_interfaces/srv/detail
[8.984s] -- Up-to-date: /home/iliass/ros2_athens_ws/install/stm_interfaces/include/stm_interfaces/srv/detail/add_two_ints__rosidl_typesupport_fastrtps_cpp.hpp
[8.984s] -- Installing: /home/iliass/ros2_athens_ws/install/stm_interfaces/include/stm_interfaces/srv/detail/stm_set_control_type__rosidl_typesupport_fastrtps_cpp.hpp
[8.984s] -- Up-to-date: /home/iliass/ros2_athens_ws/install/stm_interfaces/include/stm_interfaces/srv/detail/dds_fastrtps
[8.984s] -- Up-to-date: /home/iliass/ros2_athens_ws/install/stm_interfaces/include/stm_interfaces/srv/detail/motor_service__rosidl_typesupport_fastrtps_cpp.hpp
[8.984s] -- Up-to-date: /home/iliass/ros2_athens_ws/install/stm_interfaces/include/stm_interfaces/msg
[8.984s] -- Up-to-date: /home/iliass/ros2_athens_ws/install/stm_interfaces/include/stm_interfaces/msg/detail
[8.984s] -- Installing: /home/iliass/ros2_athens_ws/install/stm_interfaces/include/stm_interfaces/msg/detail/stm_state__rosidl_typesupport_fastrtps_cpp.hpp
[8.985s] -- Up-to-date: /home/iliass/ros2_athens_ws/install/stm_interfaces/include/stm_interfaces/msg/detail/dds_fastrtps
[8.985s] -- Installing: /home/iliass/ros2_athens_ws/install/stm_interfaces/include/stm_interfaces/msg/detail/stm_control__rosidl_typesupport_fastrtps_cpp.hpp
[8.985s] -- Up-to-date: /home/iliass/ros2_athens_ws/install/stm_interfaces/include/stm_interfaces/msg/rosidl_typesupport_fastrtps_cpp__visibility_control.h
[8.985s] -- Installing: /home/iliass/ros2_athens_ws/install/stm_interfaces/lib/libstm_interfaces__rosidl_typesupport_fastrtps_cpp.so
[8.985s] -- Set runtime path of "/home/iliass/ros2_athens_ws/install/stm_interfaces/lib/libstm_interfaces__rosidl_typesupport_fastrtps_cpp.so" to ""
[8.985s] -- Up-to-date: /home/iliass/ros2_athens_ws/install/stm_interfaces/include/stm_interfaces
[8.985s] -- Up-to-date: /home/iliass/ros2_athens_ws/install/stm_interfaces/include/stm_interfaces/srv
[8.986s] -- Up-to-date: /home/iliass/ros2_athens_ws/install/stm_interfaces/include/stm_interfaces/srv/detail
[8.986s] -- Up-to-date: /home/iliass/ros2_athens_ws/install/stm_interfaces/include/stm_interfaces/srv/detail/motor_service__rosidl_typesupport_introspection_c.h
[8.986s] -- Up-to-date: /home/iliass/ros2_athens_ws/install/stm_interfaces/include/stm_interfaces/srv/detail/motor_service__type_support.c
[8.986s] -- Up-to-date: /home/iliass/ros2_athens_ws/install/stm_interfaces/include/stm_interfaces/srv/detail/add_two_ints__type_support.c
[8.986s] -- Installing: /home/iliass/ros2_athens_ws/install/stm_interfaces/include/stm_interfaces/srv/detail/stm_set_control_type__type_support.c
[8.986s] -- Up-to-date: /home/iliass/ros2_athens_ws/install/stm_interfaces/include/stm_interfaces/srv/detail/add_two_ints__rosidl_typesupport_introspection_c.h
[8.986s] -- Installing: /home/iliass/ros2_athens_ws/install/stm_interfaces/include/stm_interfaces/srv/detail/stm_set_control_type__rosidl_typesupport_introspection_c.h
[8.986s] -- Up-to-date: /home/iliass/ros2_athens_ws/install/stm_interfaces/include/stm_interfaces/msg
[8.986s] -- Up-to-date: /home/iliass/ros2_athens_ws/install/stm_interfaces/include/stm_interfaces/msg/detail
[8.986s] -- Installing: /home/iliass/ros2_athens_ws/install/stm_interfaces/include/stm_interfaces/msg/detail/stm_state__type_support.c
[8.987s] -- Installing: /home/iliass/ros2_athens_ws/install/stm_interfaces/include/stm_interfaces/msg/detail/stm_control__type_support.c
[8.987s] -- Installing: /home/iliass/ros2_athens_ws/install/stm_interfaces/include/stm_interfaces/msg/detail/stm_control__rosidl_typesupport_introspection_c.h
[8.987s] -- Installing: /home/iliass/ros2_athens_ws/install/stm_interfaces/include/stm_interfaces/msg/detail/stm_state__rosidl_typesupport_introspection_c.h
[8.987s] -- Up-to-date: /home/iliass/ros2_athens_ws/install/stm_interfaces/include/stm_interfaces/msg/rosidl_typesupport_introspection_c__visibility_control.h
[8.987s] -- Installing: /home/iliass/ros2_athens_ws/install/stm_interfaces/lib/libstm_interfaces__rosidl_typesupport_introspection_c.so
[8.987s] -- Set runtime path of "/home/iliass/ros2_athens_ws/install/stm_interfaces/lib/libstm_interfaces__rosidl_typesupport_introspection_c.so" to ""
[8.988s] -- Installing: /home/iliass/ros2_athens_ws/install/stm_interfaces/lib/libstm_interfaces__rosidl_typesupport_c.so
[8.988s] -- Set runtime path of "/home/iliass/ros2_athens_ws/install/stm_interfaces/lib/libstm_interfaces__rosidl_typesupport_c.so" to ""
[8.988s] -- Up-to-date: /home/iliass/ros2_athens_ws/install/stm_interfaces/include/stm_interfaces
[8.988s] -- Up-to-date: /home/iliass/ros2_athens_ws/install/stm_interfaces/include/stm_interfaces/srv
[8.988s] -- Up-to-date: /home/iliass/ros2_athens_ws/install/stm_interfaces/include/stm_interfaces/srv/detail
[8.988s] -- Installing: /home/iliass/ros2_athens_ws/install/stm_interfaces/include/stm_interfaces/srv/detail/stm_set_control_type__builder.hpp
[8.988s] -- Installing: /home/iliass/ros2_athens_ws/install/stm_interfaces/include/stm_interfaces/srv/detail/stm_set_control_type__traits.hpp
[8.988s] -- Installing: /home/iliass/ros2_athens_ws/install/stm_interfaces/include/stm_interfaces/srv/detail/stm_set_control_type__type_support.hpp
[8.989s] -- Up-to-date: /home/iliass/ros2_athens_ws/install/stm_interfaces/include/stm_interfaces/srv/detail/motor_service__struct.hpp
[8.989s] -- Up-to-date: /home/iliass/ros2_athens_ws/install/stm_interfaces/include/stm_interfaces/srv/detail/add_two_ints__traits.hpp
[8.989s] -- Up-to-date: /home/iliass/ros2_athens_ws/install/stm_interfaces/include/stm_interfaces/srv/detail/motor_service__type_support.hpp
[8.989s] -- Up-to-date: /home/iliass/ros2_athens_ws/install/stm_interfaces/include/stm_interfaces/srv/detail/add_two_ints__type_support.hpp
[8.989s] -- Up-to-date: /home/iliass/ros2_athens_ws/install/stm_interfaces/include/stm_interfaces/srv/detail/add_two_ints__builder.hpp
[8.989s] -- Up-to-date: /home/iliass/ros2_athens_ws/install/stm_interfaces/include/stm_interfaces/srv/detail/add_two_ints__struct.hpp
[8.989s] -- Up-to-date: /home/iliass/ros2_athens_ws/install/stm_interfaces/include/stm_interfaces/srv/detail/motor_service__traits.hpp
[8.989s] -- Up-to-date: /home/iliass/ros2_athens_ws/install/stm_interfaces/include/stm_interfaces/srv/detail/motor_service__builder.hpp
[8.989s] -- Installing: /home/iliass/ros2_athens_ws/install/stm_interfaces/include/stm_interfaces/srv/detail/stm_set_control_type__struct.hpp
[8.989s] -- Up-to-date: /home/iliass/ros2_athens_ws/install/stm_interfaces/include/stm_interfaces/srv/add_two_ints.hpp
[8.989s] -- Installing: /home/iliass/ros2_athens_ws/install/stm_interfaces/include/stm_interfaces/srv/stm_set_control_type.hpp
[8.990s] -- Up-to-date: /home/iliass/ros2_athens_ws/install/stm_interfaces/include/stm_interfaces/srv/motor_service.hpp
[8.990s] -- Up-to-date: /home/iliass/ros2_athens_ws/install/stm_interfaces/include/stm_interfaces/msg
[8.990s] -- Installing: /home/iliass/ros2_athens_ws/install/stm_interfaces/include/stm_interfaces/msg/stm_control.hpp
[8.990s] -- Up-to-date: /home/iliass/ros2_athens_ws/install/stm_interfaces/include/stm_interfaces/msg/detail
[8.990s] -- Installing: /home/iliass/ros2_athens_ws/install/stm_interfaces/include/stm_interfaces/msg/detail/stm_state__builder.hpp
[8.990s] -- Installing: /home/iliass/ros2_athens_ws/install/stm_interfaces/include/stm_interfaces/msg/detail/stm_control__type_support.hpp
[8.990s] -- Installing: /home/iliass/ros2_athens_ws/install/stm_interfaces/include/stm_interfaces/msg/detail/stm_state__struct.hpp
[8.990s] -- Installing: /home/iliass/ros2_athens_ws/install/stm_interfaces/include/stm_interfaces/msg/detail/stm_state__traits.hpp
[8.990s] -- Installing: /home/iliass/ros2_athens_ws/install/stm_interfaces/include/stm_interfaces/msg/detail/stm_control__struct.hpp
[8.990s] -- Installing: /home/iliass/ros2_athens_ws/install/stm_interfaces/include/stm_interfaces/msg/detail/stm_state__type_support.hpp
[8.990s] -- Installing: /home/iliass/ros2_athens_ws/install/stm_interfaces/include/stm_interfaces/msg/detail/stm_control__builder.hpp
[8.990s] -- Installing: /home/iliass/ros2_athens_ws/install/stm_interfaces/include/stm_interfaces/msg/detail/stm_control__traits.hpp
[8.991s] -- Up-to-date: /home/iliass/ros2_athens_ws/install/stm_interfaces/include/stm_interfaces/msg/rosidl_generator_cpp__visibility_control.hpp
[8.991s] -- Installing: /home/iliass/ros2_athens_ws/install/stm_interfaces/include/stm_interfaces/msg/stm_state.hpp
[8.991s] -- Up-to-date: /home/iliass/ros2_athens_ws/install/stm_interfaces/include/stm_interfaces
[8.991s] -- Up-to-date: /home/iliass/ros2_athens_ws/install/stm_interfaces/include/stm_interfaces/srv
[8.991s] -- Up-to-date: /home/iliass/ros2_athens_ws/install/stm_interfaces/include/stm_interfaces/srv/detail
[8.991s] -- Installing: /home/iliass/ros2_athens_ws/install/stm_interfaces/include/stm_interfaces/srv/detail/stm_set_control_type__rosidl_typesupport_introspection_cpp.hpp
[8.991s] -- Up-to-date: /home/iliass/ros2_athens_ws/install/stm_interfaces/include/stm_interfaces/srv/detail/add_two_ints__type_support.cpp
[8.991s] -- Up-to-date: /home/iliass/ros2_athens_ws/install/stm_interfaces/include/stm_interfaces/srv/detail/motor_service__type_support.cpp
[8.991s] -- Up-to-date: /home/iliass/ros2_athens_ws/install/stm_interfaces/include/stm_interfaces/srv/detail/add_two_ints__rosidl_typesupport_introspection_cpp.hpp
[8.991s] -- Up-to-date: /home/iliass/ros2_athens_ws/install/stm_interfaces/include/stm_interfaces/srv/detail/motor_service__rosidl_typesupport_introspection_cpp.hpp
[8.991s] -- Installing: /home/iliass/ros2_athens_ws/install/stm_interfaces/include/stm_interfaces/srv/detail/stm_set_control_type__type_support.cpp
[8.992s] -- Up-to-date: /home/iliass/ros2_athens_ws/install/stm_interfaces/include/stm_interfaces/msg
[8.992s] -- Up-to-date: /home/iliass/ros2_athens_ws/install/stm_interfaces/include/stm_interfaces/msg/detail
[8.992s] -- Installing: /home/iliass/ros2_athens_ws/install/stm_interfaces/include/stm_interfaces/msg/detail/stm_control__type_support.cpp
[8.992s] -- Installing: /home/iliass/ros2_athens_ws/install/stm_interfaces/include/stm_interfaces/msg/detail/stm_state__rosidl_typesupport_introspection_cpp.hpp
[8.992s] -- Installing: /home/iliass/ros2_athens_ws/install/stm_interfaces/include/stm_interfaces/msg/detail/stm_control__rosidl_typesupport_introspection_cpp.hpp
[8.992s] -- Installing: /home/iliass/ros2_athens_ws/install/stm_interfaces/include/stm_interfaces/msg/detail/stm_state__type_support.cpp
[8.992s] -- Installing: /home/iliass/ros2_athens_ws/install/stm_interfaces/lib/libstm_interfaces__rosidl_typesupport_introspection_cpp.so
[8.992s] -- Set runtime path of "/home/iliass/ros2_athens_ws/install/stm_interfaces/lib/libstm_interfaces__rosidl_typesupport_introspection_cpp.so" to ""
[8.992s] -- Installing: /home/iliass/ros2_athens_ws/install/stm_interfaces/lib/libstm_interfaces__rosidl_typesupport_cpp.so
[8.993s] -- Set runtime path of "/home/iliass/ros2_athens_ws/install/stm_interfaces/lib/libstm_interfaces__rosidl_typesupport_cpp.so" to ""
[8.993s] -- Up-to-date: /home/iliass/ros2_athens_ws/install/stm_interfaces/share/stm_interfaces/environment/pythonpath.sh
[8.993s] -- Installing: /home/iliass/ros2_athens_ws/install/stm_interfaces/share/stm_interfaces/environment/pythonpath.dsv
[8.993s] -- Installing: /home/iliass/ros2_athens_ws/install/stm_interfaces/lib/python3.8/site-packages/stm_interfaces/__init__.py
[9.014s] Compiling '/home/iliass/ros2_athens_ws/install/stm_interfaces/lib/python3.8/site-packages/stm_interfaces/__init__.py'...
[9.017s] -- Up-to-date: /home/iliass/ros2_athens_ws/install/stm_interfaces/lib/python3.8/site-packages/stm_interfaces/msg
[9.017s] -- Installing: /home/iliass/ros2_athens_ws/install/stm_interfaces/lib/python3.8/site-packages/stm_interfaces/msg/_stm_control.py
[9.017s] -- Installing: /home/iliass/ros2_athens_ws/install/stm_interfaces/lib/python3.8/site-packages/stm_interfaces/msg/__init__.py
[9.017s] -- Installing: /home/iliass/ros2_athens_ws/install/stm_interfaces/lib/python3.8/site-packages/stm_interfaces/msg/_stm_state_s.c
[9.018s] -- Installing: /home/iliass/ros2_athens_ws/install/stm_interfaces/lib/python3.8/site-packages/stm_interfaces/msg/_stm_state.py
[9.018s] -- Installing: /home/iliass/ros2_athens_ws/install/stm_interfaces/lib/python3.8/site-packages/stm_interfaces/msg/_stm_control_s.c
[9.018s] -- Up-to-date: /home/iliass/ros2_athens_ws/install/stm_interfaces/lib/python3.8/site-packages/stm_interfaces/srv
[9.018s] -- Installing: /home/iliass/ros2_athens_ws/install/stm_interfaces/lib/python3.8/site-packages/stm_interfaces/srv/_stm_set_control_type.py
[9.018s] -- Up-to-date: /home/iliass/ros2_athens_ws/install/stm_interfaces/lib/python3.8/site-packages/stm_interfaces/srv/_add_two_ints.py
[9.018s] -- Installing: /home/iliass/ros2_athens_ws/install/stm_interfaces/lib/python3.8/site-packages/stm_interfaces/srv/_stm_set_control_type_s.c
[9.018s] -- Up-to-date: /home/iliass/ros2_athens_ws/install/stm_interfaces/lib/python3.8/site-packages/stm_interfaces/srv/_add_two_ints_s.c
[9.018s] -- Installing: /home/iliass/ros2_athens_ws/install/stm_interfaces/lib/python3.8/site-packages/stm_interfaces/srv/__init__.py
[9.018s] -- Up-to-date: /home/iliass/ros2_athens_ws/install/stm_interfaces/lib/python3.8/site-packages/stm_interfaces/srv/_motor_service.py
[9.018s] -- Up-to-date: /home/iliass/ros2_athens_ws/install/stm_interfaces/lib/python3.8/site-packages/stm_interfaces/srv/_motor_service_s.c
[9.019s] -- Installing: /home/iliass/ros2_athens_ws/install/stm_interfaces/lib/python3.8/site-packages/stm_interfaces/stm_interfaces_s__rosidl_typesupport_fastrtps_c.cpython-38-x86_64-linux-gnu.so
[9.019s] -- Set runtime path of "/home/iliass/ros2_athens_ws/install/stm_interfaces/lib/python3.8/site-packages/stm_interfaces/stm_interfaces_s__rosidl_typesupport_fastrtps_c.cpython-38-x86_64-linux-gnu.so" to ""
[9.020s] -- Installing: /home/iliass/ros2_athens_ws/install/stm_interfaces/lib/python3.8/site-packages/stm_interfaces/stm_interfaces_s__rosidl_typesupport_introspection_c.cpython-38-x86_64-linux-gnu.so
[9.020s] -- Set runtime path of "/home/iliass/ros2_athens_ws/install/stm_interfaces/lib/python3.8/site-packages/stm_interfaces/stm_interfaces_s__rosidl_typesupport_introspection_c.cpython-38-x86_64-linux-gnu.so" to ""
[9.021s] -- Installing: /home/iliass/ros2_athens_ws/install/stm_interfaces/lib/python3.8/site-packages/stm_interfaces/stm_interfaces_s__rosidl_typesupport_c.cpython-38-x86_64-linux-gnu.so
[9.022s] -- Set runtime path of "/home/iliass/ros2_athens_ws/install/stm_interfaces/lib/python3.8/site-packages/stm_interfaces/stm_interfaces_s__rosidl_typesupport_c.cpython-38-x86_64-linux-gnu.so" to ""
[9.022s] -- Installing: /home/iliass/ros2_athens_ws/install/stm_interfaces/lib/libstm_interfaces__python.so
[9.023s] -- Set runtime path of "/home/iliass/ros2_athens_ws/install/stm_interfaces/lib/libstm_interfaces__python.so" to ""
[9.023s] -- Up-to-date: /home/iliass/ros2_athens_ws/install/stm_interfaces/share/stm_interfaces/msg/STMControl.idl
[9.023s] -- Up-to-date: /home/iliass/ros2_athens_ws/install/stm_interfaces/share/stm_interfaces/msg/STMState.idl
[9.023s] -- Installing: /home/iliass/ros2_athens_ws/install/stm_interfaces/share/stm_interfaces/srv/STMSetControlType.idl
[9.023s] -- Up-to-date: /home/iliass/ros2_athens_ws/install/stm_interfaces/share/stm_interfaces/msg/STMControl.msg
[9.023s] -- Up-to-date: /home/iliass/ros2_athens_ws/install/stm_interfaces/share/stm_interfaces/msg/STMState.msg
[9.023s] -- Installing: /home/iliass/ros2_athens_ws/install/stm_interfaces/share/stm_interfaces/srv/STMSetControlType.srv
[9.024s] -- Installing: /home/iliass/ros2_athens_ws/install/stm_interfaces/share/stm_interfaces/srv/STMSetControlType_Request.msg
[9.024s] -- Installing: /home/iliass/ros2_athens_ws/install/stm_interfaces/share/stm_interfaces/srv/STMSetControlType_Response.msg
[9.024s] -- Up-to-date: /home/iliass/ros2_athens_ws/install/stm_interfaces/share/ament_index/resource_index/package_run_dependencies/stm_interfaces
[9.024s] -- Up-to-date: /home/iliass/ros2_athens_ws/install/stm_interfaces/share/ament_index/resource_index/parent_prefix_path/stm_interfaces
[9.024s] -- Up-to-date: /home/iliass/ros2_athens_ws/install/stm_interfaces/share/stm_interfaces/environment/ament_prefix_path.sh
[9.024s] -- Installing: /home/iliass/ros2_athens_ws/install/stm_interfaces/share/stm_interfaces/environment/ament_prefix_path.dsv
[9.024s] -- Up-to-date: /home/iliass/ros2_athens_ws/install/stm_interfaces/share/stm_interfaces/environment/path.sh
[9.024s] -- Installing: /home/iliass/ros2_athens_ws/install/stm_interfaces/share/stm_interfaces/environment/path.dsv
[9.024s] -- Up-to-date: /home/iliass/ros2_athens_ws/install/stm_interfaces/share/stm_interfaces/local_setup.bash
[9.024s] -- Up-to-date: /home/iliass/ros2_athens_ws/install/stm_interfaces/share/stm_interfaces/local_setup.sh
[9.024s] -- Up-to-date: /home/iliass/ros2_athens_ws/install/stm_interfaces/share/stm_interfaces/local_setup.zsh
[9.024s] -- Installing: /home/iliass/ros2_athens_ws/install/stm_interfaces/share/stm_interfaces/local_setup.dsv
[9.025s] -- Installing: /home/iliass/ros2_athens_ws/install/stm_interfaces/share/stm_interfaces/package.dsv
[9.025s] -- Up-to-date: /home/iliass/ros2_athens_ws/install/stm_interfaces/share/ament_index/resource_index/packages/stm_interfaces
[9.025s] -- Up-to-date: /home/iliass/ros2_athens_ws/install/stm_interfaces/share/stm_interfaces/cmake/stm_interfaces__rosidl_generator_cExport.cmake
[9.025s] -- Installing: /home/iliass/ros2_athens_ws/install/stm_interfaces/share/stm_interfaces/cmake/stm_interfaces__rosidl_generator_cExport-noconfig.cmake
[9.025s] -- Up-to-date: /home/iliass/ros2_athens_ws/install/stm_interfaces/share/stm_interfaces/cmake/stm_interfaces__rosidl_typesupport_introspection_cExport.cmake
[9.025s] -- Installing: /home/iliass/ros2_athens_ws/install/stm_interfaces/share/stm_interfaces/cmake/stm_interfaces__rosidl_typesupport_introspection_cExport-noconfig.cmake
[9.026s] -- Up-to-date: /home/iliass/ros2_athens_ws/install/stm_interfaces/share/stm_interfaces/cmake/stm_interfaces__rosidl_typesupport_cExport.cmake
[9.026s] -- Installing: /home/iliass/ros2_athens_ws/install/stm_interfaces/share/stm_interfaces/cmake/stm_interfaces__rosidl_typesupport_cExport-noconfig.cmake
[9.026s] -- Up-to-date: /home/iliass/ros2_athens_ws/install/stm_interfaces/share/stm_interfaces/cmake/stm_interfaces__rosidl_generator_cppExport.cmake
[9.026s] -- Up-to-date: /home/iliass/ros2_athens_ws/install/stm_interfaces/share/stm_interfaces/cmake/stm_interfaces__rosidl_typesupport_introspection_cppExport.cmake
[9.027s] -- Installing: /home/iliass/ros2_athens_ws/install/stm_interfaces/share/stm_interfaces/cmake/stm_interfaces__rosidl_typesupport_introspection_cppExport-noconfig.cmake
[9.027s] -- Up-to-date: /home/iliass/ros2_athens_ws/install/stm_interfaces/share/stm_interfaces/cmake/stm_interfaces__rosidl_typesupport_cppExport.cmake
[9.027s] -- Installing: /home/iliass/ros2_athens_ws/install/stm_interfaces/share/stm_interfaces/cmake/stm_interfaces__rosidl_typesupport_cppExport-noconfig.cmake
[9.027s] -- Installing: /home/iliass/ros2_athens_ws/install/stm_interfaces/share/stm_interfaces/cmake/rosidl_cmake-extras.cmake
[9.027s] -- Up-to-date: /home/iliass/ros2_athens_ws/install/stm_interfaces/share/stm_interfaces/cmake/ament_cmake_export_dependencies-extras.cmake
[9.028s] -- Up-to-date: /home/iliass/ros2_athens_ws/install/stm_interfaces/share/stm_interfaces/cmake/ament_cmake_export_libraries-extras.cmake
[9.028s] -- Up-to-date: /home/iliass/ros2_athens_ws/install/stm_interfaces/share/stm_interfaces/cmake/ament_cmake_export_targets-extras.cmake
[9.028s] -- Up-to-date: /home/iliass/ros2_athens_ws/install/stm_interfaces/share/stm_interfaces/cmake/ament_cmake_export_include_directories-extras.cmake
[9.028s] -- Up-to-date: /home/iliass/ros2_athens_ws/install/stm_interfaces/share/stm_interfaces/cmake/rosidl_cmake_export_typesupport_libraries-extras.cmake
[9.028s] -- Up-to-date: /home/iliass/ros2_athens_ws/install/stm_interfaces/share/stm_interfaces/cmake/rosidl_cmake_export_typesupport_targets-extras.cmake
[9.028s] -- Up-to-date: /home/iliass/ros2_athens_ws/install/stm_interfaces/share/stm_interfaces/cmake/stm_interfacesConfig.cmake
[9.028s] -- Up-to-date: /home/iliass/ros2_athens_ws/install/stm_interfaces/share/stm_interfaces/cmake/stm_interfacesConfig-version.cmake
[9.028s] -- Up-to-date: /home/iliass/ros2_athens_ws/install/stm_interfaces/share/stm_interfaces/package.xml
[9.029s] Invoked command in '/home/iliass/ros2_athens_ws/build/stm_interfaces' returned '0': CMAKE_PREFIX_PATH=${CMAKE_PREFIX_PATH}:/home/iliass/ros2_athens_ws/install/stm_station:/home/iliass/ros2_athens_ws/install/first_package:/opt/ros/foxy /usr/bin/cmake --install /home/iliass/ros2_athens_ws/build/stm_interfaces
