[0.018s] Invoking command in '/home/iliass/ros2_athens_ws/build/stm_interfaces': CMAKE_PREFIX_PATH=${CMAKE_PREFIX_PATH}:/home/iliass/ros2_athens_ws/install/stm_station:/home/iliass/ros2_athens_ws/install/first_package:/opt/ros/foxy /usr/bin/cmake --build /home/iliass/ros2_athens_ws/build/stm_interfaces -- -j16 -l16
[0.169s] make[1]: Entering directory '/home/iliass/ros2_athens_ws/build/stm_interfaces'
[0.169s] make[1]: Leaving directory '/home/iliass/ros2_athens_ws/build/stm_interfaces'
[0.169s] Invoked command in '/home/iliass/ros2_athens_ws/build/stm_interfaces' returned '0': CMAKE_PREFIX_PATH=${CMAKE_PREFIX_PATH}:/home/iliass/ros2_athens_ws/install/stm_station:/home/iliass/ros2_athens_ws/install/first_package:/opt/ros/foxy /usr/bin/cmake --build /home/iliass/ros2_athens_ws/build/stm_interfaces -- -j16 -l16
[0.185s] Invoking command in '/home/iliass/ros2_athens_ws/build/stm_interfaces': CMAKE_PREFIX_PATH=${CMAKE_PREFIX_PATH}:/home/iliass/ros2_athens_ws/install/stm_station:/home/iliass/ros2_athens_ws/install/first_package:/opt/ros/foxy /usr/bin/cmake --install /home/iliass/ros2_athens_ws/build/stm_interfaces
[0.191s] -- Install configuration: ""
[0.191s] -- Up-to-date: /home/iliass/ros2_athens_ws/install/stm_interfaces/share/ament_index/resource_index/package_run_dependencies/stm_interfaces
[0.191s] -- Up-to-date: /home/iliass/ros2_athens_ws/install/stm_interfaces/share/ament_index/resource_index/parent_prefix_path/stm_interfaces
[0.192s] -- Up-to-date: /home/iliass/ros2_athens_ws/install/stm_interfaces/share/stm_interfaces/environment/ament_prefix_path.sh
[0.192s] -- Up-to-date: /home/iliass/ros2_athens_ws/install/stm_interfaces/share/stm_interfaces/environment/ament_prefix_path.dsv
[0.192s] -- Up-to-date: /home/iliass/ros2_athens_ws/install/stm_interfaces/share/stm_interfaces/environment/path.sh
[0.192s] -- Up-to-date: /home/iliass/ros2_athens_ws/install/stm_interfaces/share/stm_interfaces/environment/path.dsv
[0.192s] -- Up-to-date: /home/iliass/ros2_athens_ws/install/stm_interfaces/share/stm_interfaces/local_setup.bash
[0.193s] -- Up-to-date: /home/iliass/ros2_athens_ws/install/stm_interfaces/share/stm_interfaces/local_setup.sh
[0.193s] -- Up-to-date: /home/iliass/ros2_athens_ws/install/stm_interfaces/share/stm_interfaces/local_setup.zsh
[0.193s] -- Up-to-date: /home/iliass/ros2_athens_ws/install/stm_interfaces/share/stm_interfaces/local_setup.dsv
[0.193s] -- Up-to-date: /home/iliass/ros2_athens_ws/install/stm_interfaces/share/stm_interfaces/package.dsv
[0.193s] -- Up-to-date: /home/iliass/ros2_athens_ws/install/stm_interfaces/share/ament_index/resource_index/packages/stm_interfaces
[0.193s] -- Up-to-date: /home/iliass/ros2_athens_ws/install/stm_interfaces/share/stm_interfaces/cmake/stm_interfacesConfig.cmake
[0.193s] -- Up-to-date: /home/iliass/ros2_athens_ws/install/stm_interfaces/share/stm_interfaces/cmake/stm_interfacesConfig-version.cmake
[0.193s] -- Up-to-date: /home/iliass/ros2_athens_ws/install/stm_interfaces/share/stm_interfaces/package.xml
[0.195s] Invoked command in '/home/iliass/ros2_athens_ws/build/stm_interfaces' returned '0': CMAKE_PREFIX_PATH=${CMAKE_PREFIX_PATH}:/home/iliass/ros2_athens_ws/install/stm_station:/home/iliass/ros2_athens_ws/install/first_package:/opt/ros/foxy /usr/bin/cmake --install /home/iliass/ros2_athens_ws/build/stm_interfaces
