make[1]: Entering directory '/home/iliass/ros2_athens_ws/build/first_interfaces'
make[2]: Entering directory '/home/iliass/ros2_athens_ws/build/first_interfaces'
make[3]: Entering directory '/home/iliass/ros2_athens_ws/build/first_interfaces'
make[3]: Entering directory '/home/iliass/ros2_athens_ws/build/first_interfaces'
make[3]: Leaving directory '/home/iliass/ros2_athens_ws/build/first_interfaces'
make[3]: Leaving directory '/home/iliass/ros2_athens_ws/build/first_interfaces'
[  3%] Built target first_interfaces__cpp
[ 12%] Built target first_interfaces__rosidl_generator_c
make[3]: Entering directory '/home/iliass/ros2_athens_ws/build/first_interfaces'
make[3]: Entering directory '/home/iliass/ros2_athens_ws/build/first_interfaces'
make[3]: Entering directory '/home/iliass/ros2_athens_ws/build/first_interfaces'
make[3]: Entering directory '/home/iliass/ros2_athens_ws/build/first_interfaces'
make[3]: Entering directory '/home/iliass/ros2_athens_ws/build/first_interfaces'
make[3]: Leaving directory '/home/iliass/ros2_athens_ws/build/first_interfaces'
make[3]: Leaving directory '/home/iliass/ros2_athens_ws/build/first_interfaces'
make[3]: Leaving directory '/home/iliass/ros2_athens_ws/build/first_interfaces'
make[3]: Leaving directory '/home/iliass/ros2_athens_ws/build/first_interfaces'
make[3]: Leaving directory '/home/iliass/ros2_athens_ws/build/first_interfaces'
[ 22%] Built target first_interfaces__rosidl_typesupport_introspection_cpp
[ 32%] Built target first_interfaces__rosidl_typesupport_c
[ 41%] Built target first_interfaces__rosidl_typesupport_cpp
[ 51%] Built target first_interfaces__rosidl_typesupport_introspection_c
[ 61%] Built target first_interfaces__rosidl_typesupport_fastrtps_cpp
make[3]: Entering directory '/home/iliass/ros2_athens_ws/build/first_interfaces'
make[3]: Leaving directory '/home/iliass/ros2_athens_ws/build/first_interfaces'
[ 70%] Built target first_interfaces__rosidl_typesupport_fastrtps_c
make[3]: Entering directory '/home/iliass/ros2_athens_ws/build/first_interfaces'
make[3]: Leaving directory '/home/iliass/ros2_athens_ws/build/first_interfaces'
[ 70%] Built target first_interfaces
make[3]: Entering directory '/home/iliass/ros2_athens_ws/build/first_interfaces'
make[3]: Leaving directory '/home/iliass/ros2_athens_ws/build/first_interfaces'
[ 74%] Built target first_interfaces__py
make[3]: Entering directory '/home/iliass/ros2_athens_ws/build/first_interfaces'
make[3]: Leaving directory '/home/iliass/ros2_athens_ws/build/first_interfaces'
[ 80%] Built target first_interfaces__python
make[3]: Entering directory '/home/iliass/ros2_athens_ws/build/first_interfaces'
make[3]: Entering directory '/home/iliass/ros2_athens_ws/build/first_interfaces'
make[3]: Entering directory '/home/iliass/ros2_athens_ws/build/first_interfaces'
make[3]: Leaving directory '/home/iliass/ros2_athens_ws/build/first_interfaces'
make[3]: Leaving directory '/home/iliass/ros2_athens_ws/build/first_interfaces'
make[3]: Leaving directory '/home/iliass/ros2_athens_ws/build/first_interfaces'
[ 87%] Built target first_interfaces__rosidl_typesupport_c__pyext
[ 93%] Built target first_interfaces__rosidl_typesupport_introspection_c__pyext
[100%] Built target first_interfaces__rosidl_typesupport_fastrtps_c__pyext
make[2]: Leaving directory '/home/iliass/ros2_athens_ws/build/first_interfaces'
make[1]: Leaving directory '/home/iliass/ros2_athens_ws/build/first_interfaces'
