[0.025s] Invoking command in '/home/iliass/ros2_athens_ws/build/first_interfaces': CMAKE_PREFIX_PATH=${CMAKE_PREFIX_PATH}:/home/iliass/ros2_athens_ws/install/stm_station:/home/iliass/ros2_athens_ws/install/first_package:/opt/ros/foxy /usr/bin/cmake --build /home/iliass/ros2_athens_ws/build/first_interfaces -- -j16 -l16
[0.040s] make[1]: Entering directory '/home/iliass/ros2_athens_ws/build/first_interfaces'
[0.060s] make[2]: Entering directory '/home/iliass/ros2_athens_ws/build/first_interfaces'
[0.062s] make[3]: Entering directory '/home/iliass/ros2_athens_ws/build/first_interfaces'
[0.062s] make[3]: Entering directory '/home/iliass/ros2_athens_ws/build/first_interfaces'
[0.072s] make[3]: Leaving directory '/home/iliass/ros2_athens_ws/build/first_interfaces'
[0.072s] make[3]: Leaving directory '/home/iliass/ros2_athens_ws/build/first_interfaces'
[0.083s] [  3%] Built target first_interfaces__cpp
[0.084s] [ 12%] Built target first_interfaces__rosidl_generator_c
[0.085s] make[3]: Entering directory '/home/iliass/ros2_athens_ws/build/first_interfaces'
[0.085s] make[3]: Entering directory '/home/iliass/ros2_athens_ws/build/first_interfaces'
[0.086s] make[3]: Entering directory '/home/iliass/ros2_athens_ws/build/first_interfaces'
[0.086s] make[3]: Entering directory '/home/iliass/ros2_athens_ws/build/first_interfaces'
[0.087s] make[3]: Entering directory '/home/iliass/ros2_athens_ws/build/first_interfaces'
[0.095s] make[3]: Leaving directory '/home/iliass/ros2_athens_ws/build/first_interfaces'
[0.097s] make[3]: Leaving directory '/home/iliass/ros2_athens_ws/build/first_interfaces'
[0.098s] make[3]: Leaving directory '/home/iliass/ros2_athens_ws/build/first_interfaces'
[0.099s] make[3]: Leaving directory '/home/iliass/ros2_athens_ws/build/first_interfaces'
[0.099s] make[3]: Leaving directory '/home/iliass/ros2_athens_ws/build/first_interfaces'
[0.109s] [ 22%] Built target first_interfaces__rosidl_typesupport_introspection_cpp
[0.110s] [ 32%] Built target first_interfaces__rosidl_typesupport_c
[0.110s] [ 41%] Built target first_interfaces__rosidl_typesupport_cpp
[0.111s] [ 51%] Built target first_interfaces__rosidl_typesupport_introspection_c
[0.116s] [ 61%] Built target first_interfaces__rosidl_typesupport_fastrtps_cpp
[0.120s] make[3]: Entering directory '/home/iliass/ros2_athens_ws/build/first_interfaces'
[0.130s] make[3]: Leaving directory '/home/iliass/ros2_athens_ws/build/first_interfaces'
[0.144s] [ 70%] Built target first_interfaces__rosidl_typesupport_fastrtps_c
[0.146s] make[3]: Entering directory '/home/iliass/ros2_athens_ws/build/first_interfaces'
[0.154s] make[3]: Leaving directory '/home/iliass/ros2_athens_ws/build/first_interfaces'
[0.164s] [ 70%] Built target first_interfaces
[0.165s] make[3]: Entering directory '/home/iliass/ros2_athens_ws/build/first_interfaces'
[0.175s] make[3]: Leaving directory '/home/iliass/ros2_athens_ws/build/first_interfaces'
[0.184s] [ 74%] Built target first_interfaces__py
[0.186s] make[3]: Entering directory '/home/iliass/ros2_athens_ws/build/first_interfaces'
[0.196s] make[3]: Leaving directory '/home/iliass/ros2_athens_ws/build/first_interfaces'
[0.212s] [ 80%] Built target first_interfaces__python
[0.216s] make[3]: Entering directory '/home/iliass/ros2_athens_ws/build/first_interfaces'
[0.216s] make[3]: Entering directory '/home/iliass/ros2_athens_ws/build/first_interfaces'
[0.216s] make[3]: Entering directory '/home/iliass/ros2_athens_ws/build/first_interfaces'
[0.226s] make[3]: Leaving directory '/home/iliass/ros2_athens_ws/build/first_interfaces'
[0.226s] make[3]: Leaving directory '/home/iliass/ros2_athens_ws/build/first_interfaces'
[0.226s] make[3]: Leaving directory '/home/iliass/ros2_athens_ws/build/first_interfaces'
[0.240s] [ 87%] Built target first_interfaces__rosidl_typesupport_c__pyext
[0.241s] [ 93%] Built target first_interfaces__rosidl_typesupport_introspection_c__pyext
[0.242s] [100%] Built target first_interfaces__rosidl_typesupport_fastrtps_c__pyext
[0.243s] make[2]: Leaving directory '/home/iliass/ros2_athens_ws/build/first_interfaces'
[0.251s] make[1]: Leaving directory '/home/iliass/ros2_athens_ws/build/first_interfaces'
