[0.017s] Invoking command in '/home/iliass/ros2_athens_ws/build/first_interfaces': CMAKE_PREFIX_PATH=/home/iliass/ros2_athens_ws/install/first_package:/opt/ros/foxy /usr/bin/cmake --build /home/iliass/ros2_athens_ws/build/first_interfaces -- -j16 -l16
[0.031s] make[1]: Entering directory '/home/iliass/ros2_athens_ws/build/first_interfaces'
[0.042s] -- Found ament_cmake: 0.9.12 (/opt/ros/foxy/share/ament_cmake/cmake)
[0.056s] -- Found PythonInterp: /usr/bin/python3 (found suitable version "3.8.10", minimum required is "3") 
[0.056s] -- Using PYTHON_EXECUTABLE: /usr/bin/python3
[0.167s] -- Found std_msgs: 2.0.5 (/opt/ros/foxy/share/std_msgs/cmake)
[0.386s] -- Using all available rosidl_typesupport_c: rosidl_typesupport_fastrtps_c;rosidl_typesupport_introspection_c
[0.387s] -- Found rosidl_adapter: 1.3.1 (/opt/ros/foxy/share/rosidl_adapter/cmake)
[3.121s] -- Using all available rosidl_typesupport_cpp: rosidl_typesupport_fastrtps_cpp;rosidl_typesupport_introspection_cpp
[3.149s] -- Found rosidl_default_generators: 1.0.1 (/opt/ros/foxy/share/rosidl_default_generators/cmake)
[3.166s] -- Found PythonInterp: /usr/bin/python3 (found version "3.8.10") 
[3.239s] -- Found ament_cmake_ros: 0.9.2 (/opt/ros/foxy/share/ament_cmake_ros/cmake)
[8.233s] -- Using all available rosidl_typesupport_c: rosidl_typesupport_fastrtps_c;rosidl_typesupport_introspection_c
[8.239s] -- Using all available rosidl_typesupport_cpp: rosidl_typesupport_fastrtps_cpp;rosidl_typesupport_introspection_cpp
[8.264s] -- Found PythonInterp: /usr/bin/python3 (found suitable version "3.8.10", minimum required is "3.5") 
[8.264s] -- Found python_cmake_module: 0.8.1 (/opt/ros/foxy/share/python_cmake_module/cmake)
[8.286s] -- Using PYTHON_EXECUTABLE: /usr/bin/python3
[8.286s] -- Using PYTHON_INCLUDE_DIRS: /usr/include/python3.8
[8.286s] -- Using PYTHON_LIBRARIES: /usr/lib/x86_64-linux-gnu/libpython3.8.so
[8.298s] -- Found ament_lint_auto: 0.9.8 (/opt/ros/foxy/share/ament_lint_auto/cmake)
[8.308s] -- Added test 'copyright' to check source files copyright and LICENSE
[8.317s] -- Added test 'cppcheck' to perform static code analysis on C / C++ code
[8.317s] -- Configured cppcheck include dirs: 
[8.317s] -- Configured cppcheck exclude dirs and/or files: 
[8.325s] -- Added test 'cpplint' to check C / C++ code against the Google style
[8.325s] -- Configured cpplint exclude dirs and/or files: 
[8.326s] -- Added test 'flake8' to check Python code syntax and style conventions
[8.328s] -- Added test 'lint_cmake' to check CMake code style
[8.329s] -- Added test 'pep257' to check Python code against some of the style conventions in PEP 257
[8.336s] -- Added test 'uncrustify' to check C / C++ code style
[8.336s] -- Configured uncrustify additional arguments: 
[8.337s] -- Added test 'xmllint' to check XML markup files
[8.342s] -- Configuring done
[8.364s] -- Generating done
[8.366s] -- Build files have been written to: /home/iliass/ros2_athens_ws/build/first_interfaces
[8.378s] make[2]: Entering directory '/home/iliass/ros2_athens_ws/build/first_interfaces'
[8.379s] make[3]: Entering directory '/home/iliass/ros2_athens_ws/build/first_interfaces'
[8.380s] make[3]: Entering directory '/home/iliass/ros2_athens_ws/build/first_interfaces'
[8.386s] make[3]: Leaving directory '/home/iliass/ros2_athens_ws/build/first_interfaces'
[8.387s] make[3]: Leaving directory '/home/iliass/ros2_athens_ws/build/first_interfaces'
[8.389s] make[3]: Entering directory '/home/iliass/ros2_athens_ws/build/first_interfaces'
[8.396s] [  3%] Built target first_interfaces__cpp
[8.397s] [  6%] [32mBuilding C object CMakeFiles/first_interfaces__rosidl_generator_c.dir/rosidl_generator_c/first_interfaces/msg/detail/custom_message__functions.c.o[0m
[8.398s] make[3]: Entering directory '/home/iliass/ros2_athens_ws/build/first_interfaces'
[8.399s] make[3]: Entering directory '/home/iliass/ros2_athens_ws/build/first_interfaces'
[8.400s] make[3]: Entering directory '/home/iliass/ros2_athens_ws/build/first_interfaces'
[8.408s] make[3]: Leaving directory '/home/iliass/ros2_athens_ws/build/first_interfaces'
[8.408s] make[3]: Leaving directory '/home/iliass/ros2_athens_ws/build/first_interfaces'
[8.410s] make[3]: Entering directory '/home/iliass/ros2_athens_ws/build/first_interfaces'
[8.410s] make[3]: Entering directory '/home/iliass/ros2_athens_ws/build/first_interfaces'
[8.410s] In file included from [01m[K/home/iliass/ros2_athens_ws/build/first_interfaces/rosidl_generator_c/first_interfaces/msg/detail/custom_message__functions.h:19[m[K,
[8.410s]                  from [01m[K/home/iliass/ros2_athens_ws/build/first_interfaces/rosidl_generator_c/first_interfaces/msg/detail/custom_message__functions.c:4[m[K:
[8.410s] [01m[K/home/iliass/ros2_athens_ws/build/first_interfaces/rosidl_generator_c/first_interfaces/msg/detail/custom_message__struct.h:24:10:[m[K [01;31m[Kfatal error: [m[Kfirst_interfaces/msg/detail/string__struct.h: No such file or directory
[8.411s]    24 | #include [01;31m[K"first_interfaces/msg/detail/string__struct.h"[m[K
[8.411s]       |          [01;31m[K^~~~~~~~~~~~~~~~~~~~~~~~~~~~~~~~~~~~~~~~~~~~~~[m[K
[8.411s] compilation terminated.
[8.413s] make[3]: Leaving directory '/home/iliass/ros2_athens_ws/build/first_interfaces'
[8.413s] make[3]: *** [CMakeFiles/first_interfaces__rosidl_generator_c.dir/build.make:92: CMakeFiles/first_interfaces__rosidl_generator_c.dir/rosidl_generator_c/first_interfaces/msg/detail/custom_message__functions.c.o] Error 1
[8.414s] make[3]: Leaving directory '/home/iliass/ros2_athens_ws/build/first_interfaces'
[8.414s] make[2]: *** [CMakeFiles/Makefile2:332: CMakeFiles/first_interfaces__rosidl_generator_c.dir/all] Error 2
[8.414s] make[2]: *** Waiting for unfinished jobs....
[8.415s] make[3]: Entering directory '/home/iliass/ros2_athens_ws/build/first_interfaces'
[8.418s] [ 12%] [32mBuilding CXX object CMakeFiles/first_interfaces__rosidl_typesupport_cpp.dir/rosidl_typesupport_cpp/first_interfaces/msg/custom_message__type_support.cpp.o[0m
[8.418s] [ 12%] [32mBuilding CXX object CMakeFiles/first_interfaces__rosidl_typesupport_fastrtps_cpp.dir/rosidl_typesupport_fastrtps_cpp/first_interfaces/msg/detail/dds_fastrtps/custom_message__type_support.cpp.o[0m
[8.424s] [ 16%] [32mBuilding CXX object CMakeFiles/first_interfaces__rosidl_typesupport_introspection_cpp.dir/rosidl_typesupport_introspection_cpp/first_interfaces/msg/detail/custom_message__type_support.cpp.o[0m
[8.457s] In file included from [01m[K/home/iliass/ros2_athens_ws/build/first_interfaces/rosidl_typesupport_cpp/first_interfaces/msg/custom_message__type_support.cpp:7[m[K:
[8.457s] [01m[K/home/iliass/ros2_athens_ws/build/first_interfaces/rosidl_generator_cpp/first_interfaces/msg/detail/custom_message__struct.hpp:19:10:[m[K [01;31m[Kfatal error: [m[Kfirst_interfaces/msg/detail/string__struct.hpp: No such file or directory
[8.457s]    19 | #include [01;31m[K"first_interfaces/msg/detail/string__struct.hpp"[m[K
[8.457s]       |          [01;31m[K^~~~~~~~~~~~~~~~~~~~~~~~~~~~~~~~~~~~~~~~~~~~~~~~[m[K
[8.457s] compilation terminated.
[8.459s] make[3]: *** [CMakeFiles/first_interfaces__rosidl_typesupport_cpp.dir/build.make:73: CMakeFiles/first_interfaces__rosidl_typesupport_cpp.dir/rosidl_typesupport_cpp/first_interfaces/msg/custom_message__type_support.cpp.o] Error 1
[8.459s] make[3]: Leaving directory '/home/iliass/ros2_athens_ws/build/first_interfaces'
[8.459s] make[2]: *** [CMakeFiles/Makefile2:499: CMakeFiles/first_interfaces__rosidl_typesupport_cpp.dir/all] Error 2
[8.462s] In file included from [01m[K/home/iliass/ros2_athens_ws/build/first_interfaces/rosidl_typesupport_fastrtps_cpp/first_interfaces/msg/detail/custom_message__rosidl_typesupport_fastrtps_cpp.hpp:11[m[K,
[8.462s]                  from [01m[K/home/iliass/ros2_athens_ws/build/first_interfaces/rosidl_typesupport_fastrtps_cpp/first_interfaces/msg/detail/dds_fastrtps/custom_message__type_support.cpp:4[m[K:
[8.463s] [01m[K/home/iliass/ros2_athens_ws/build/first_interfaces/rosidl_generator_cpp/first_interfaces/msg/detail/custom_message__struct.hpp:19:10:[m[K [01;31m[Kfatal error: [m[Kfirst_interfaces/msg/detail/string__struct.hpp: No such file or directory
[8.463s]    19 | #include [01;31m[K"first_interfaces/msg/detail/string__struct.hpp"[m[K
[8.463s]       |          [01;31m[K^~~~~~~~~~~~~~~~~~~~~~~~~~~~~~~~~~~~~~~~~~~~~~~~[m[K
[8.463s] compilation terminated.
[8.464s] make[3]: *** [CMakeFiles/first_interfaces__rosidl_typesupport_fastrtps_cpp.dir/build.make:78: CMakeFiles/first_interfaces__rosidl_typesupport_fastrtps_cpp.dir/rosidl_typesupport_fastrtps_cpp/first_interfaces/msg/detail/dds_fastrtps/custom_message__type_support.cpp.o] Error 1
[8.464s] make[2]: *** [CMakeFiles/Makefile2:388: CMakeFiles/first_interfaces__rosidl_typesupport_fastrtps_cpp.dir/all] Error 2
[8.464s] make[3]: Leaving directory '/home/iliass/ros2_athens_ws/build/first_interfaces'
[8.464s] In file included from [01m[K/home/iliass/ros2_athens_ws/build/first_interfaces/rosidl_typesupport_introspection_cpp/first_interfaces/msg/detail/custom_message__type_support.cpp:12[m[K:
[8.464s] [01m[K/home/iliass/ros2_athens_ws/build/first_interfaces/rosidl_generator_cpp/first_interfaces/msg/detail/custom_message__struct.hpp:19:10:[m[K [01;31m[Kfatal error: [m[Kfirst_interfaces/msg/detail/string__struct.hpp: No such file or directory
[8.464s]    19 | #include [01;31m[K"first_interfaces/msg/detail/string__struct.hpp"[m[K
[8.464s]       |          [01;31m[K^~~~~~~~~~~~~~~~~~~~~~~~~~~~~~~~~~~~~~~~~~~~~~~~[m[K
[8.464s] compilation terminated.
[8.466s] make[3]: *** [CMakeFiles/first_interfaces__rosidl_typesupport_introspection_cpp.dir/build.make:78: CMakeFiles/first_interfaces__rosidl_typesupport_introspection_cpp.dir/rosidl_typesupport_introspection_cpp/first_interfaces/msg/detail/custom_message__type_support.cpp.o] Error 1
[8.466s] make[3]: Leaving directory '/home/iliass/ros2_athens_ws/build/first_interfaces'
[8.467s] make[2]: Leaving directory '/home/iliass/ros2_athens_ws/build/first_interfaces'
[8.467s] make[1]: Leaving directory '/home/iliass/ros2_athens_ws/build/first_interfaces'
[8.469s] make[2]: *** [CMakeFiles/Makefile2:526: CMakeFiles/first_interfaces__rosidl_typesupport_introspection_cpp.dir/all] Error 2
[8.470s] make[1]: *** [Makefile:141: all] Error 2
[8.471s] Invoked command in '/home/iliass/ros2_athens_ws/build/first_interfaces' returned '2': CMAKE_PREFIX_PATH=/home/iliass/ros2_athens_ws/install/first_package:/opt/ros/foxy /usr/bin/cmake --build /home/iliass/ros2_athens_ws/build/first_interfaces -- -j16 -l16
