[0.021s] Invoking command in '/home/iliass/ros2_athens_ws/build/stm_interfaces': CMAKE_PREFIX_PATH=${CMAKE_PREFIX_PATH}:/home/iliass/ros2_athens_ws/install/stm_station:/home/iliass/ros2_athens_ws/install/first_package:/opt/ros/foxy /usr/bin/cmake --build /home/iliass/ros2_athens_ws/build/stm_interfaces -- -j16 -l16
[0.032s] make[1]: Entering directory '/home/iliass/ros2_athens_ws/build/stm_interfaces'
[0.053s] make[2]: Entering directory '/home/iliass/ros2_athens_ws/build/stm_interfaces'
[0.055s] make[3]: Entering directory '/home/iliass/ros2_athens_ws/build/stm_interfaces'
[0.056s] make[3]: Entering directory '/home/iliass/ros2_athens_ws/build/stm_interfaces'
[0.065s] make[3]: Leaving directory '/home/iliass/ros2_athens_ws/build/stm_interfaces'
[0.067s] make[3]: Leaving directory '/home/iliass/ros2_athens_ws/build/stm_interfaces'
[0.076s] [  2%] Built target stm_interfaces__cpp
[0.080s] make[3]: Entering directory '/home/iliass/ros2_athens_ws/build/stm_interfaces'
[0.081s] [ 12%] Built target stm_interfaces__rosidl_generator_c
[0.082s] make[3]: Entering directory '/home/iliass/ros2_athens_ws/build/stm_interfaces'
[0.082s] make[3]: Entering directory '/home/iliass/ros2_athens_ws/build/stm_interfaces'
[0.084s] make[3]: Entering directory '/home/iliass/ros2_athens_ws/build/stm_interfaces'
[0.084s] make[3]: Entering directory '/home/iliass/ros2_athens_ws/build/stm_interfaces'
[0.092s] make[3]: Leaving directory '/home/iliass/ros2_athens_ws/build/stm_interfaces'
[0.094s] make[3]: Leaving directory '/home/iliass/ros2_athens_ws/build/stm_interfaces'
[0.096s] make[3]: Leaving directory '/home/iliass/ros2_athens_ws/build/stm_interfaces'
[0.098s] make[3]: Leaving directory '/home/iliass/ros2_athens_ws/build/stm_interfaces'
[0.099s] make[3]: Leaving directory '/home/iliass/ros2_athens_ws/build/stm_interfaces'
[0.107s] [ 23%] Built target stm_interfaces__rosidl_typesupport_cpp
[0.109s] [ 34%] Built target stm_interfaces__rosidl_typesupport_introspection_cpp
[0.110s] [ 44%] Built target stm_interfaces__rosidl_typesupport_c
[0.112s] [ 55%] Built target stm_interfaces__rosidl_typesupport_introspection_c
[0.112s] [ 65%] Built target stm_interfaces__rosidl_typesupport_fastrtps_cpp
[0.115s] make[3]: Entering directory '/home/iliass/ros2_athens_ws/build/stm_interfaces'
[0.124s] make[3]: Leaving directory '/home/iliass/ros2_athens_ws/build/stm_interfaces'
[0.138s] [ 76%] Built target stm_interfaces__rosidl_typesupport_fastrtps_c
[0.140s] make[3]: Entering directory '/home/iliass/ros2_athens_ws/build/stm_interfaces'
[0.148s] make[3]: Leaving directory '/home/iliass/ros2_athens_ws/build/stm_interfaces'
[0.157s] [ 76%] Built target stm_interfaces
[0.159s] make[3]: Entering directory '/home/iliass/ros2_athens_ws/build/stm_interfaces'
[0.167s] make[3]: Leaving directory '/home/iliass/ros2_athens_ws/build/stm_interfaces'
[0.175s] [ 78%] Built target stm_interfaces__py
[0.178s] make[3]: Entering directory '/home/iliass/ros2_athens_ws/build/stm_interfaces'
[0.186s] make[3]: Leaving directory '/home/iliass/ros2_athens_ws/build/stm_interfaces'
[0.202s] [ 87%] Built target stm_interfaces__python
[0.205s] make[3]: Entering directory '/home/iliass/ros2_athens_ws/build/stm_interfaces'
[0.205s] make[3]: Entering directory '/home/iliass/ros2_athens_ws/build/stm_interfaces'
[0.205s] make[3]: Entering directory '/home/iliass/ros2_athens_ws/build/stm_interfaces'
[0.215s] make[3]: Leaving directory '/home/iliass/ros2_athens_ws/build/stm_interfaces'
[0.215s] make[3]: Leaving directory '/home/iliass/ros2_athens_ws/build/stm_interfaces'
[0.216s] make[3]: Leaving directory '/home/iliass/ros2_athens_ws/build/stm_interfaces'
[0.231s] [ 91%] Built target stm_interfaces__rosidl_typesupport_introspection_c__pyext
[0.231s] [ 95%] Built target stm_interfaces__rosidl_typesupport_fastrtps_c__pyext
[0.232s] [100%] Built target stm_interfaces__rosidl_typesupport_c__pyext
[0.234s] make[2]: Leaving directory '/home/iliass/ros2_athens_ws/build/stm_interfaces'
[0.240s] make[1]: Leaving directory '/home/iliass/ros2_athens_ws/build/stm_interfaces'
[0.243s] Invoked command in '/home/iliass/ros2_athens_ws/build/stm_interfaces' returned '0': CMAKE_PREFIX_PATH=${CMAKE_PREFIX_PATH}:/home/iliass/ros2_athens_ws/install/stm_station:/home/iliass/ros2_athens_ws/install/first_package:/opt/ros/foxy /usr/bin/cmake --build /home/iliass/ros2_athens_ws/build/stm_interfaces -- -j16 -l16
[0.342s] Invoking command in '/home/iliass/ros2_athens_ws/build/stm_interfaces': CMAKE_PREFIX_PATH=${CMAKE_PREFIX_PATH}:/home/iliass/ros2_athens_ws/install/stm_station:/home/iliass/ros2_athens_ws/install/first_package:/opt/ros/foxy /usr/bin/cmake --install /home/iliass/ros2_athens_ws/build/stm_interfaces
[0.350s] -- Install configuration: ""
[0.351s] -- Up-to-date: /home/iliass/ros2_athens_ws/install/stm_interfaces/share/ament_index/resource_index/rosidl_interfaces/stm_interfaces
[0.351s] -- Up-to-date: /home/iliass/ros2_athens_ws/install/stm_interfaces/include/stm_interfaces
[0.351s] -- Up-to-date: /home/iliass/ros2_athens_ws/install/stm_interfaces/include/stm_interfaces/srv
[0.351s] -- Up-to-date: /home/iliass/ros2_athens_ws/install/stm_interfaces/include/stm_interfaces/srv/detail
[0.351s] -- Up-to-date: /home/iliass/ros2_athens_ws/install/stm_interfaces/include/stm_interfaces/srv/detail/motor_service__functions.c
[0.351s] -- Up-to-date: /home/iliass/ros2_athens_ws/install/stm_interfaces/include/stm_interfaces/srv/detail/motor_service__struct.h
[0.352s] -- Up-to-date: /home/iliass/ros2_athens_ws/install/stm_interfaces/include/stm_interfaces/srv/detail/motor_service__functions.h
[0.352s] -- Up-to-date: /home/iliass/ros2_athens_ws/install/stm_interfaces/include/stm_interfaces/srv/detail/stm_set_control_type__functions.h
[0.352s] -- Up-to-date: /home/iliass/ros2_athens_ws/install/stm_interfaces/include/stm_interfaces/srv/detail/add_two_ints__functions.c
[0.352s] -- Up-to-date: /home/iliass/ros2_athens_ws/install/stm_interfaces/include/stm_interfaces/srv/detail/add_two_ints__functions.h
[0.352s] -- Up-to-date: /home/iliass/ros2_athens_ws/install/stm_interfaces/include/stm_interfaces/srv/detail/motor_service__type_support.h
[0.352s] -- Up-to-date: /home/iliass/ros2_athens_ws/install/stm_interfaces/include/stm_interfaces/srv/detail/add_two_ints__struct.h
[0.352s] -- Up-to-date: /home/iliass/ros2_athens_ws/install/stm_interfaces/include/stm_interfaces/srv/detail/stm_set_control_type__struct.h
[0.353s] -- Up-to-date: /home/iliass/ros2_athens_ws/install/stm_interfaces/include/stm_interfaces/srv/detail/stm_set_control_type__functions.c
[0.353s] -- Up-to-date: /home/iliass/ros2_athens_ws/install/stm_interfaces/include/stm_interfaces/srv/detail/stm_set_control_type__type_support.h
[0.353s] -- Up-to-date: /home/iliass/ros2_athens_ws/install/stm_interfaces/include/stm_interfaces/srv/detail/add_two_ints__type_support.h
[0.353s] -- Up-to-date: /home/iliass/ros2_athens_ws/install/stm_interfaces/include/stm_interfaces/srv/add_two_ints.h
[0.353s] -- Up-to-date: /home/iliass/ros2_athens_ws/install/stm_interfaces/include/stm_interfaces/srv/motor_service.h
[0.353s] -- Up-to-date: /home/iliass/ros2_athens_ws/install/stm_interfaces/include/stm_interfaces/srv/stm_set_control_type.h
[0.353s] -- Up-to-date: /home/iliass/ros2_athens_ws/install/stm_interfaces/include/stm_interfaces/msg
[0.353s] -- Up-to-date: /home/iliass/ros2_athens_ws/install/stm_interfaces/include/stm_interfaces/msg/stm_control.h
[0.353s] -- Up-to-date: /home/iliass/ros2_athens_ws/install/stm_interfaces/include/stm_interfaces/msg/detail
[0.353s] -- Up-to-date: /home/iliass/ros2_athens_ws/install/stm_interfaces/include/stm_interfaces/msg/detail/stm_state__struct.h
[0.354s] -- Up-to-date: /home/iliass/ros2_athens_ws/install/stm_interfaces/include/stm_interfaces/msg/detail/stm_control__functions.h
[0.354s] -- Up-to-date: /home/iliass/ros2_athens_ws/install/stm_interfaces/include/stm_interfaces/msg/detail/stm_control__type_support.h
[0.354s] -- Up-to-date: /home/iliass/ros2_athens_ws/install/stm_interfaces/include/stm_interfaces/msg/detail/stm_state__functions.h
[0.354s] -- Up-to-date: /home/iliass/ros2_athens_ws/install/stm_interfaces/include/stm_interfaces/msg/detail/stm_state__functions.c
[0.354s] -- Up-to-date: /home/iliass/ros2_athens_ws/install/stm_interfaces/include/stm_interfaces/msg/detail/stm_control__functions.c
[0.354s] -- Up-to-date: /home/iliass/ros2_athens_ws/install/stm_interfaces/include/stm_interfaces/msg/detail/stm_control__struct.h
[0.354s] -- Up-to-date: /home/iliass/ros2_athens_ws/install/stm_interfaces/include/stm_interfaces/msg/detail/stm_state__type_support.h
[0.354s] -- Up-to-date: /home/iliass/ros2_athens_ws/install/stm_interfaces/include/stm_interfaces/msg/stm_state.h
[0.354s] -- Up-to-date: /home/iliass/ros2_athens_ws/install/stm_interfaces/include/stm_interfaces/msg/rosidl_generator_c__visibility_control.h
[0.354s] -- Up-to-date: /home/iliass/ros2_athens_ws/install/stm_interfaces/share/stm_interfaces/environment/library_path.sh
[0.354s] -- Up-to-date: /home/iliass/ros2_athens_ws/install/stm_interfaces/share/stm_interfaces/environment/library_path.dsv
[0.354s] -- Up-to-date: /home/iliass/ros2_athens_ws/install/stm_interfaces/lib/libstm_interfaces__rosidl_generator_c.so
[0.355s] -- Up-to-date: /home/iliass/ros2_athens_ws/install/stm_interfaces/include/stm_interfaces
[0.355s] -- Up-to-date: /home/iliass/ros2_athens_ws/install/stm_interfaces/include/stm_interfaces/srv
[0.355s] -- Up-to-date: /home/iliass/ros2_athens_ws/install/stm_interfaces/include/stm_interfaces/srv/detail
[0.355s] -- Up-to-date: /home/iliass/ros2_athens_ws/install/stm_interfaces/include/stm_interfaces/srv/detail/add_two_ints__rosidl_typesupport_fastrtps_c.h
[0.355s] -- Up-to-date: /home/iliass/ros2_athens_ws/install/stm_interfaces/include/stm_interfaces/srv/detail/motor_service__rosidl_typesupport_fastrtps_c.h
[0.355s] -- Up-to-date: /home/iliass/ros2_athens_ws/install/stm_interfaces/include/stm_interfaces/srv/detail/stm_set_control_type__rosidl_typesupport_fastrtps_c.h
[0.355s] -- Up-to-date: /home/iliass/ros2_athens_ws/install/stm_interfaces/include/stm_interfaces/msg
[0.356s] -- Up-to-date: /home/iliass/ros2_athens_ws/install/stm_interfaces/include/stm_interfaces/msg/detail
[0.356s] -- Up-to-date: /home/iliass/ros2_athens_ws/install/stm_interfaces/include/stm_interfaces/msg/detail/stm_state__rosidl_typesupport_fastrtps_c.h
[0.356s] -- Up-to-date: /home/iliass/ros2_athens_ws/install/stm_interfaces/include/stm_interfaces/msg/detail/stm_control__rosidl_typesupport_fastrtps_c.h
[0.356s] -- Up-to-date: /home/iliass/ros2_athens_ws/install/stm_interfaces/include/stm_interfaces/msg/rosidl_typesupport_fastrtps_c__visibility_control.h
[0.356s] -- Up-to-date: /home/iliass/ros2_athens_ws/install/stm_interfaces/lib/libstm_interfaces__rosidl_typesupport_fastrtps_c.so
[0.356s] -- Up-to-date: /home/iliass/ros2_athens_ws/install/stm_interfaces/include/stm_interfaces
[0.356s] -- Up-to-date: /home/iliass/ros2_athens_ws/install/stm_interfaces/include/stm_interfaces/srv
[0.356s] -- Up-to-date: /home/iliass/ros2_athens_ws/install/stm_interfaces/include/stm_interfaces/srv/detail
[0.357s] -- Up-to-date: /home/iliass/ros2_athens_ws/install/stm_interfaces/include/stm_interfaces/srv/detail/add_two_ints__rosidl_typesupport_fastrtps_cpp.hpp
[0.357s] -- Up-to-date: /home/iliass/ros2_athens_ws/install/stm_interfaces/include/stm_interfaces/srv/detail/stm_set_control_type__rosidl_typesupport_fastrtps_cpp.hpp
[0.358s] -- Up-to-date: /home/iliass/ros2_athens_ws/install/stm_interfaces/include/stm_interfaces/srv/detail/dds_fastrtps
[0.358s] -- Up-to-date: /home/iliass/ros2_athens_ws/install/stm_interfaces/include/stm_interfaces/srv/detail/motor_service__rosidl_typesupport_fastrtps_cpp.hpp
[0.359s] -- Up-to-date: /home/iliass/ros2_athens_ws/install/stm_interfaces/include/stm_interfaces/msg
[0.359s] -- Up-to-date: /home/iliass/ros2_athens_ws/install/stm_interfaces/include/stm_interfaces/msg/detail
[0.360s] -- Up-to-date: /home/iliass/ros2_athens_ws/install/stm_interfaces/include/stm_interfaces/msg/detail/stm_state__rosidl_typesupport_fastrtps_cpp.hpp
[0.360s] -- Up-to-date: /home/iliass/ros2_athens_ws/install/stm_interfaces/include/stm_interfaces/msg/detail/dds_fastrtps
[0.360s] -- Up-to-date: /home/iliass/ros2_athens_ws/install/stm_interfaces/include/stm_interfaces/msg/detail/stm_control__rosidl_typesupport_fastrtps_cpp.hpp
[0.361s] -- Up-to-date: /home/iliass/ros2_athens_ws/install/stm_interfaces/include/stm_interfaces/msg/rosidl_typesupport_fastrtps_cpp__visibility_control.h
[0.361s] -- Up-to-date: /home/iliass/ros2_athens_ws/install/stm_interfaces/lib/libstm_interfaces__rosidl_typesupport_fastrtps_cpp.so
[0.361s] -- Up-to-date: /home/iliass/ros2_athens_ws/install/stm_interfaces/include/stm_interfaces
[0.362s] -- Up-to-date: /home/iliass/ros2_athens_ws/install/stm_interfaces/include/stm_interfaces/srv
[0.362s] -- Up-to-date: /home/iliass/ros2_athens_ws/install/stm_interfaces/include/stm_interfaces/srv/detail
[0.362s] -- Up-to-date: /home/iliass/ros2_athens_ws/install/stm_interfaces/include/stm_interfaces/srv/detail/motor_service__rosidl_typesupport_introspection_c.h
[0.362s] -- Up-to-date: /home/iliass/ros2_athens_ws/install/stm_interfaces/include/stm_interfaces/srv/detail/motor_service__type_support.c
[0.362s] -- Up-to-date: /home/iliass/ros2_athens_ws/install/stm_interfaces/include/stm_interfaces/srv/detail/add_two_ints__type_support.c
[0.362s] -- Up-to-date: /home/iliass/ros2_athens_ws/install/stm_interfaces/include/stm_interfaces/srv/detail/stm_set_control_type__type_support.c
[0.362s] -- Up-to-date: /home/iliass/ros2_athens_ws/install/stm_interfaces/include/stm_interfaces/srv/detail/add_two_ints__rosidl_typesupport_introspection_c.h
[0.362s] -- Up-to-date: /home/iliass/ros2_athens_ws/install/stm_interfaces/include/stm_interfaces/srv/detail/stm_set_control_type__rosidl_typesupport_introspection_c.h
[0.363s] -- Up-to-date: /home/iliass/ros2_athens_ws/install/stm_interfaces/include/stm_interfaces/msg
[0.363s] -- Up-to-date: /home/iliass/ros2_athens_ws/install/stm_interfaces/include/stm_interfaces/msg/detail
[0.363s] -- Up-to-date: /home/iliass/ros2_athens_ws/install/stm_interfaces/include/stm_interfaces/msg/detail/stm_state__type_support.c
[0.363s] -- Up-to-date: /home/iliass/ros2_athens_ws/install/stm_interfaces/include/stm_interfaces/msg/detail/stm_control__type_support.c
[0.363s] -- Up-to-date: /home/iliass/ros2_athens_ws/install/stm_interfaces/include/stm_interfaces/msg/detail/stm_control__rosidl_typesupport_introspection_c.h
[0.363s] -- Up-to-date: /home/iliass/ros2_athens_ws/install/stm_interfaces/include/stm_interfaces/msg/detail/stm_state__rosidl_typesupport_introspection_c.h
[0.363s] -- Up-to-date: /home/iliass/ros2_athens_ws/install/stm_interfaces/include/stm_interfaces/msg/rosidl_typesupport_introspection_c__visibility_control.h
[0.364s] -- Up-to-date: /home/iliass/ros2_athens_ws/install/stm_interfaces/lib/libstm_interfaces__rosidl_typesupport_introspection_c.so
[0.364s] -- Up-to-date: /home/iliass/ros2_athens_ws/install/stm_interfaces/lib/libstm_interfaces__rosidl_typesupport_c.so
[0.364s] -- Up-to-date: /home/iliass/ros2_athens_ws/install/stm_interfaces/include/stm_interfaces
[0.364s] -- Up-to-date: /home/iliass/ros2_athens_ws/install/stm_interfaces/include/stm_interfaces/srv
[0.364s] -- Up-to-date: /home/iliass/ros2_athens_ws/install/stm_interfaces/include/stm_interfaces/srv/detail
[0.364s] -- Up-to-date: /home/iliass/ros2_athens_ws/install/stm_interfaces/include/stm_interfaces/srv/detail/stm_set_control_type__builder.hpp
[0.364s] -- Up-to-date: /home/iliass/ros2_athens_ws/install/stm_interfaces/include/stm_interfaces/srv/detail/stm_set_control_type__traits.hpp
[0.364s] -- Up-to-date: /home/iliass/ros2_athens_ws/install/stm_interfaces/include/stm_interfaces/srv/detail/stm_set_control_type__type_support.hpp
[0.364s] -- Up-to-date: /home/iliass/ros2_athens_ws/install/stm_interfaces/include/stm_interfaces/srv/detail/motor_service__struct.hpp
[0.364s] -- Up-to-date: /home/iliass/ros2_athens_ws/install/stm_interfaces/include/stm_interfaces/srv/detail/add_two_ints__traits.hpp
[0.364s] -- Up-to-date: /home/iliass/ros2_athens_ws/install/stm_interfaces/include/stm_interfaces/srv/detail/motor_service__type_support.hpp
[0.364s] -- Up-to-date: /home/iliass/ros2_athens_ws/install/stm_interfaces/include/stm_interfaces/srv/detail/add_two_ints__type_support.hpp
[0.365s] -- Up-to-date: /home/iliass/ros2_athens_ws/install/stm_interfaces/include/stm_interfaces/srv/detail/add_two_ints__builder.hpp
[0.365s] -- Up-to-date: /home/iliass/ros2_athens_ws/install/stm_interfaces/include/stm_interfaces/srv/detail/add_two_ints__struct.hpp
[0.365s] -- Up-to-date: /home/iliass/ros2_athens_ws/install/stm_interfaces/include/stm_interfaces/srv/detail/motor_service__traits.hpp
[0.365s] -- Up-to-date: /home/iliass/ros2_athens_ws/install/stm_interfaces/include/stm_interfaces/srv/detail/motor_service__builder.hpp
[0.365s] -- Up-to-date: /home/iliass/ros2_athens_ws/install/stm_interfaces/include/stm_interfaces/srv/detail/stm_set_control_type__struct.hpp
[0.366s] -- Up-to-date: /home/iliass/ros2_athens_ws/install/stm_interfaces/include/stm_interfaces/srv/add_two_ints.hpp
[0.366s] -- Up-to-date: /home/iliass/ros2_athens_ws/install/stm_interfaces/include/stm_interfaces/srv/stm_set_control_type.hpp
[0.366s] -- Up-to-date: /home/iliass/ros2_athens_ws/install/stm_interfaces/include/stm_interfaces/srv/motor_service.hpp
[0.366s] -- Up-to-date: /home/iliass/ros2_athens_ws/install/stm_interfaces/include/stm_interfaces/msg
[0.367s] -- Up-to-date: /home/iliass/ros2_athens_ws/install/stm_interfaces/include/stm_interfaces/msg/stm_control.hpp
[0.367s] -- Up-to-date: /home/iliass/ros2_athens_ws/install/stm_interfaces/include/stm_interfaces/msg/detail
[0.367s] -- Up-to-date: /home/iliass/ros2_athens_ws/install/stm_interfaces/include/stm_interfaces/msg/detail/stm_state__builder.hpp
[0.367s] -- Up-to-date: /home/iliass/ros2_athens_ws/install/stm_interfaces/include/stm_interfaces/msg/detail/stm_control__type_support.hpp
[0.368s] -- Up-to-date: /home/iliass/ros2_athens_ws/install/stm_interfaces/include/stm_interfaces/msg/detail/stm_state__struct.hpp
[0.368s] -- Up-to-date: /home/iliass/ros2_athens_ws/install/stm_interfaces/include/stm_interfaces/msg/detail/stm_state__traits.hpp
[0.369s] -- Up-to-date: /home/iliass/ros2_athens_ws/install/stm_interfaces/include/stm_interfaces/msg/detail/stm_control__struct.hpp
[0.369s] -- Up-to-date: /home/iliass/ros2_athens_ws/install/stm_interfaces/include/stm_interfaces/msg/detail/stm_state__type_support.hpp
[0.369s] -- Up-to-date: /home/iliass/ros2_athens_ws/install/stm_interfaces/include/stm_interfaces/msg/detail/stm_control__builder.hpp
[0.369s] -- Up-to-date: /home/iliass/ros2_athens_ws/install/stm_interfaces/include/stm_interfaces/msg/detail/stm_control__traits.hpp
[0.369s] -- Up-to-date: /home/iliass/ros2_athens_ws/install/stm_interfaces/include/stm_interfaces/msg/rosidl_generator_cpp__visibility_control.hpp
[0.369s] -- Up-to-date: /home/iliass/ros2_athens_ws/install/stm_interfaces/include/stm_interfaces/msg/stm_state.hpp
[0.371s] -- Up-to-date: /home/iliass/ros2_athens_ws/install/stm_interfaces/include/stm_interfaces
[0.371s] -- Up-to-date: /home/iliass/ros2_athens_ws/install/stm_interfaces/include/stm_interfaces/srv
[0.372s] -- Up-to-date: /home/iliass/ros2_athens_ws/install/stm_interfaces/include/stm_interfaces/srv/detail
[0.372s] -- Up-to-date: /home/iliass/ros2_athens_ws/install/stm_interfaces/include/stm_interfaces/srv/detail/stm_set_control_type__rosidl_typesupport_introspection_cpp.hpp
[0.372s] -- Up-to-date: /home/iliass/ros2_athens_ws/install/stm_interfaces/include/stm_interfaces/srv/detail/add_two_ints__type_support.cpp
[0.372s] -- Up-to-date: /home/iliass/ros2_athens_ws/install/stm_interfaces/include/stm_interfaces/srv/detail/motor_service__type_support.cpp
[0.372s] -- Up-to-date: /home/iliass/ros2_athens_ws/install/stm_interfaces/include/stm_interfaces/srv/detail/add_two_ints__rosidl_typesupport_introspection_cpp.hpp
[0.372s] -- Up-to-date: /home/iliass/ros2_athens_ws/install/stm_interfaces/include/stm_interfaces/srv/detail/motor_service__rosidl_typesupport_introspection_cpp.hpp
[0.372s] -- Up-to-date: /home/iliass/ros2_athens_ws/install/stm_interfaces/include/stm_interfaces/srv/detail/stm_set_control_type__type_support.cpp
[0.372s] -- Up-to-date: /home/iliass/ros2_athens_ws/install/stm_interfaces/include/stm_interfaces/msg
[0.373s] -- Up-to-date: /home/iliass/ros2_athens_ws/install/stm_interfaces/include/stm_interfaces/msg/detail
[0.373s] -- Up-to-date: /home/iliass/ros2_athens_ws/install/stm_interfaces/include/stm_interfaces/msg/detail/stm_control__type_support.cpp
[0.373s] -- Up-to-date: /home/iliass/ros2_athens_ws/install/stm_interfaces/include/stm_interfaces/msg/detail/stm_state__rosidl_typesupport_introspection_cpp.hpp
[0.373s] -- Up-to-date: /home/iliass/ros2_athens_ws/install/stm_interfaces/include/stm_interfaces/msg/detail/stm_control__rosidl_typesupport_introspection_cpp.hpp
[0.373s] -- Up-to-date: /home/iliass/ros2_athens_ws/install/stm_interfaces/include/stm_interfaces/msg/detail/stm_state__type_support.cpp
[0.373s] -- Up-to-date: /home/iliass/ros2_athens_ws/install/stm_interfaces/lib/libstm_interfaces__rosidl_typesupport_introspection_cpp.so
[0.373s] -- Up-to-date: /home/iliass/ros2_athens_ws/install/stm_interfaces/lib/libstm_interfaces__rosidl_typesupport_cpp.so
[0.373s] -- Up-to-date: /home/iliass/ros2_athens_ws/install/stm_interfaces/share/stm_interfaces/environment/pythonpath.sh
[0.374s] -- Up-to-date: /home/iliass/ros2_athens_ws/install/stm_interfaces/share/stm_interfaces/environment/pythonpath.dsv
[0.374s] -- Up-to-date: /home/iliass/ros2_athens_ws/install/stm_interfaces/lib/python3.8/site-packages/stm_interfaces/__init__.py
[0.394s] -- Up-to-date: /home/iliass/ros2_athens_ws/install/stm_interfaces/lib/python3.8/site-packages/stm_interfaces/msg
[0.396s] -- Up-to-date: /home/iliass/ros2_athens_ws/install/stm_interfaces/lib/python3.8/site-packages/stm_interfaces/msg/_stm_control.py
[0.397s] -- Up-to-date: /home/iliass/ros2_athens_ws/install/stm_interfaces/lib/python3.8/site-packages/stm_interfaces/msg/__init__.py
[0.398s] -- Up-to-date: /home/iliass/ros2_athens_ws/install/stm_interfaces/lib/python3.8/site-packages/stm_interfaces/msg/_stm_state_s.c
[0.398s] -- Up-to-date: /home/iliass/ros2_athens_ws/install/stm_interfaces/lib/python3.8/site-packages/stm_interfaces/msg/_stm_state.py
[0.398s] -- Up-to-date: /home/iliass/ros2_athens_ws/install/stm_interfaces/lib/python3.8/site-packages/stm_interfaces/msg/_stm_control_s.c
[0.399s] -- Up-to-date: /home/iliass/ros2_athens_ws/install/stm_interfaces/lib/python3.8/site-packages/stm_interfaces/srv
[0.399s] -- Up-to-date: /home/iliass/ros2_athens_ws/install/stm_interfaces/lib/python3.8/site-packages/stm_interfaces/srv/_stm_set_control_type.py
[0.400s] -- Up-to-date: /home/iliass/ros2_athens_ws/install/stm_interfaces/lib/python3.8/site-packages/stm_interfaces/srv/_add_two_ints.py
[0.400s] -- Up-to-date: /home/iliass/ros2_athens_ws/install/stm_interfaces/lib/python3.8/site-packages/stm_interfaces/srv/_stm_set_control_type_s.c
[0.402s] -- Up-to-date: /home/iliass/ros2_athens_ws/install/stm_interfaces/lib/python3.8/site-packages/stm_interfaces/srv/_add_two_ints_s.c
[0.402s] -- Up-to-date: /home/iliass/ros2_athens_ws/install/stm_interfaces/lib/python3.8/site-packages/stm_interfaces/srv/__init__.py
[0.402s] -- Up-to-date: /home/iliass/ros2_athens_ws/install/stm_interfaces/lib/python3.8/site-packages/stm_interfaces/srv/_motor_service.py
[0.403s] -- Up-to-date: /home/iliass/ros2_athens_ws/install/stm_interfaces/lib/python3.8/site-packages/stm_interfaces/srv/_motor_service_s.c
[0.403s] -- Up-to-date: /home/iliass/ros2_athens_ws/install/stm_interfaces/lib/python3.8/site-packages/stm_interfaces/stm_interfaces_s__rosidl_typesupport_fastrtps_c.cpython-38-x86_64-linux-gnu.so
[0.403s] -- Up-to-date: /home/iliass/ros2_athens_ws/install/stm_interfaces/lib/python3.8/site-packages/stm_interfaces/stm_interfaces_s__rosidl_typesupport_introspection_c.cpython-38-x86_64-linux-gnu.so
[0.404s] -- Up-to-date: /home/iliass/ros2_athens_ws/install/stm_interfaces/lib/python3.8/site-packages/stm_interfaces/stm_interfaces_s__rosidl_typesupport_c.cpython-38-x86_64-linux-gnu.so
[0.404s] -- Up-to-date: /home/iliass/ros2_athens_ws/install/stm_interfaces/lib/libstm_interfaces__python.so
[0.404s] -- Up-to-date: /home/iliass/ros2_athens_ws/install/stm_interfaces/share/stm_interfaces/msg/STMControl.idl
[0.405s] -- Up-to-date: /home/iliass/ros2_athens_ws/install/stm_interfaces/share/stm_interfaces/msg/STMState.idl
[0.406s] -- Up-to-date: /home/iliass/ros2_athens_ws/install/stm_interfaces/share/stm_interfaces/srv/STMSetControlType.idl
[0.406s] -- Up-to-date: /home/iliass/ros2_athens_ws/install/stm_interfaces/share/stm_interfaces/msg/STMControl.msg
[0.406s] -- Up-to-date: /home/iliass/ros2_athens_ws/install/stm_interfaces/share/stm_interfaces/msg/STMState.msg
[0.406s] -- Up-to-date: /home/iliass/ros2_athens_ws/install/stm_interfaces/share/stm_interfaces/srv/STMSetControlType.srv
[0.406s] -- Up-to-date: /home/iliass/ros2_athens_ws/install/stm_interfaces/share/stm_interfaces/srv/STMSetControlType_Request.msg
[0.406s] -- Up-to-date: /home/iliass/ros2_athens_ws/install/stm_interfaces/share/stm_interfaces/srv/STMSetControlType_Response.msg
[0.407s] -- Up-to-date: /home/iliass/ros2_athens_ws/install/stm_interfaces/share/ament_index/resource_index/package_run_dependencies/stm_interfaces
[0.407s] -- Up-to-date: /home/iliass/ros2_athens_ws/install/stm_interfaces/share/ament_index/resource_index/parent_prefix_path/stm_interfaces
[0.407s] -- Up-to-date: /home/iliass/ros2_athens_ws/install/stm_interfaces/share/stm_interfaces/environment/ament_prefix_path.sh
[0.407s] -- Up-to-date: /home/iliass/ros2_athens_ws/install/stm_interfaces/share/stm_interfaces/environment/ament_prefix_path.dsv
[0.407s] -- Up-to-date: /home/iliass/ros2_athens_ws/install/stm_interfaces/share/stm_interfaces/environment/path.sh
[0.407s] -- Up-to-date: /home/iliass/ros2_athens_ws/install/stm_interfaces/share/stm_interfaces/environment/path.dsv
[0.408s] -- Up-to-date: /home/iliass/ros2_athens_ws/install/stm_interfaces/share/stm_interfaces/local_setup.bash
[0.408s] -- Up-to-date: /home/iliass/ros2_athens_ws/install/stm_interfaces/share/stm_interfaces/local_setup.sh
[0.408s] -- Up-to-date: /home/iliass/ros2_athens_ws/install/stm_interfaces/share/stm_interfaces/local_setup.zsh
[0.408s] -- Up-to-date: /home/iliass/ros2_athens_ws/install/stm_interfaces/share/stm_interfaces/local_setup.dsv
[0.408s] -- Installing: /home/iliass/ros2_athens_ws/install/stm_interfaces/share/stm_interfaces/package.dsv
[0.408s] -- Up-to-date: /home/iliass/ros2_athens_ws/install/stm_interfaces/share/ament_index/resource_index/packages/stm_interfaces
[0.408s] -- Up-to-date: /home/iliass/ros2_athens_ws/install/stm_interfaces/share/stm_interfaces/cmake/stm_interfaces__rosidl_generator_cExport.cmake
[0.409s] -- Up-to-date: /home/iliass/ros2_athens_ws/install/stm_interfaces/share/stm_interfaces/cmake/stm_interfaces__rosidl_generator_cExport-noconfig.cmake
[0.409s] -- Up-to-date: /home/iliass/ros2_athens_ws/install/stm_interfaces/share/stm_interfaces/cmake/stm_interfaces__rosidl_typesupport_introspection_cExport.cmake
[0.409s] -- Up-to-date: /home/iliass/ros2_athens_ws/install/stm_interfaces/share/stm_interfaces/cmake/stm_interfaces__rosidl_typesupport_introspection_cExport-noconfig.cmake
[0.409s] -- Up-to-date: /home/iliass/ros2_athens_ws/install/stm_interfaces/share/stm_interfaces/cmake/stm_interfaces__rosidl_typesupport_cExport.cmake
[0.409s] -- Up-to-date: /home/iliass/ros2_athens_ws/install/stm_interfaces/share/stm_interfaces/cmake/stm_interfaces__rosidl_typesupport_cExport-noconfig.cmake
[0.409s] -- Up-to-date: /home/iliass/ros2_athens_ws/install/stm_interfaces/share/stm_interfaces/cmake/stm_interfaces__rosidl_generator_cppExport.cmake
[0.410s] -- Up-to-date: /home/iliass/ros2_athens_ws/install/stm_interfaces/share/stm_interfaces/cmake/stm_interfaces__rosidl_typesupport_introspection_cppExport.cmake
[0.410s] -- Up-to-date: /home/iliass/ros2_athens_ws/install/stm_interfaces/share/stm_interfaces/cmake/stm_interfaces__rosidl_typesupport_introspection_cppExport-noconfig.cmake
[0.410s] -- Up-to-date: /home/iliass/ros2_athens_ws/install/stm_interfaces/share/stm_interfaces/cmake/stm_interfaces__rosidl_typesupport_cppExport.cmake
[0.410s] -- Up-to-date: /home/iliass/ros2_athens_ws/install/stm_interfaces/share/stm_interfaces/cmake/stm_interfaces__rosidl_typesupport_cppExport-noconfig.cmake
[0.410s] -- Up-to-date: /home/iliass/ros2_athens_ws/install/stm_interfaces/share/stm_interfaces/cmake/rosidl_cmake-extras.cmake
[0.411s] -- Up-to-date: /home/iliass/ros2_athens_ws/install/stm_interfaces/share/stm_interfaces/cmake/ament_cmake_export_dependencies-extras.cmake
[0.411s] -- Up-to-date: /home/iliass/ros2_athens_ws/install/stm_interfaces/share/stm_interfaces/cmake/ament_cmake_export_libraries-extras.cmake
[0.411s] -- Up-to-date: /home/iliass/ros2_athens_ws/install/stm_interfaces/share/stm_interfaces/cmake/ament_cmake_export_targets-extras.cmake
[0.411s] -- Up-to-date: /home/iliass/ros2_athens_ws/install/stm_interfaces/share/stm_interfaces/cmake/ament_cmake_export_include_directories-extras.cmake
[0.411s] -- Up-to-date: /home/iliass/ros2_athens_ws/install/stm_interfaces/share/stm_interfaces/cmake/rosidl_cmake_export_typesupport_libraries-extras.cmake
[0.411s] -- Up-to-date: /home/iliass/ros2_athens_ws/install/stm_interfaces/share/stm_interfaces/cmake/rosidl_cmake_export_typesupport_targets-extras.cmake
[0.412s] -- Up-to-date: /home/iliass/ros2_athens_ws/install/stm_interfaces/share/stm_interfaces/cmake/stm_interfacesConfig.cmake
[0.412s] -- Up-to-date: /home/iliass/ros2_athens_ws/install/stm_interfaces/share/stm_interfaces/cmake/stm_interfacesConfig-version.cmake
[0.412s] -- Up-to-date: /home/iliass/ros2_athens_ws/install/stm_interfaces/share/stm_interfaces/package.xml
[0.417s] Invoked command in '/home/iliass/ros2_athens_ws/build/stm_interfaces' returned '0': CMAKE_PREFIX_PATH=${CMAKE_PREFIX_PATH}:/home/iliass/ros2_athens_ws/install/stm_station:/home/iliass/ros2_athens_ws/install/first_package:/opt/ros/foxy /usr/bin/cmake --install /home/iliass/ros2_athens_ws/build/stm_interfaces
