[0.020s] Invoking command in '/home/iliass/ros2_athens_ws/build/stm_interfaces': CMAKE_PREFIX_PATH=${CMAKE_PREFIX_PATH}:/home/iliass/ros2_athens_ws/install/stm_station:/home/iliass/ros2_athens_ws/install/first_package:/opt/ros/foxy /usr/bin/cmake --build /home/iliass/ros2_athens_ws/build/stm_interfaces -- -j16 -l16
[0.145s] make[1]: Entering directory '/home/iliass/ros2_athens_ws/build/stm_interfaces'
[0.146s] -- Found ament_cmake: 0.9.12 (/opt/ros/foxy/share/ament_cmake/cmake)
[0.146s] -- Using PYTHON_EXECUTABLE: /usr/bin/python3
[0.147s] -- Found std_msgs: 2.0.5 (/opt/ros/foxy/share/std_msgs/cmake)
[0.245s] -- Using all available rosidl_typesupport_c: rosidl_typesupport_fastrtps_c;rosidl_typesupport_introspection_c
[0.247s] -- Found rosidl_adapter: 1.3.1 (/opt/ros/foxy/share/rosidl_adapter/cmake)
[1.693s] -- Using all available rosidl_typesupport_cpp: rosidl_typesupport_fastrtps_cpp;rosidl_typesupport_introspection_cpp
[1.727s] -- Found rosidl_default_generators: 1.0.1 (/opt/ros/foxy/share/rosidl_default_generators/cmake)
[1.735s] CMake Error at /opt/ros/foxy/share/rosidl_cmake/cmake/rosidl_generate_interfaces.cmake:93 (message):
[1.735s]   rosidl_generate_interfaces() the passed file 'msg/STMControl.msg' doesn't
[1.735s]   exist relative to the CMAKE_CURRENT_SOURCE_DIR
[1.735s]   '/home/iliass/ros2_athens_ws/src/stm_interfaces'
[1.735s] Call Stack (most recent call first):
[1.735s]   CMakeLists.txt:31 (rosidl_generate_interfaces)
[1.735s] 
[1.735s] 
[1.735s] -- Configuring incomplete, errors occurred!
[1.735s] See also "/home/iliass/ros2_athens_ws/build/stm_interfaces/CMakeFiles/CMakeOutput.log".
[1.739s] make[1]: *** [Makefile:222: cmake_check_build_system] Error 1
[1.739s] make[1]: Leaving directory '/home/iliass/ros2_athens_ws/build/stm_interfaces'
[1.740s] Invoked command in '/home/iliass/ros2_athens_ws/build/stm_interfaces' returned '2': CMAKE_PREFIX_PATH=${CMAKE_PREFIX_PATH}:/home/iliass/ros2_athens_ws/install/stm_station:/home/iliass/ros2_athens_ws/install/first_package:/opt/ros/foxy /usr/bin/cmake --build /home/iliass/ros2_athens_ws/build/stm_interfaces -- -j16 -l16
