[0.445s] Invoking command in '/home/iliass/ros2_athens_ws/src/stm_station': PYTHONPATH=/home/iliass/ros2_athens_ws/build/stm_station/prefix_override:/usr/lib/python3/dist-packages/colcon_core/task/python/colcon_distutils_commands:/home/iliass/ros2_athens_ws/install/stm_station/lib/python3.8/site-packages:${PYTHONPATH} /usr/bin/python3 -W ignore:setup.py install is deprecated setup.py egg_info --egg-base ../../build/stm_station build --build-base /home/iliass/ros2_athens_ws/build/stm_station/build install --record /home/iliass/ros2_athens_ws/build/stm_station/install.log --install-scripts $base/lib/stm_station --single-version-externally-managed install_data
[0.578s] running egg_info
[0.578s] creating ../../build/stm_station/stm_station.egg-info
[0.578s] writing ../../build/stm_station/stm_station.egg-info/PKG-INFO
[0.578s] writing dependency_links to ../../build/stm_station/stm_station.egg-info/dependency_links.txt
[0.578s] writing entry points to ../../build/stm_station/stm_station.egg-info/entry_points.txt
[0.578s] writing requirements to ../../build/stm_station/stm_station.egg-info/requires.txt
[0.578s] writing top-level names to ../../build/stm_station/stm_station.egg-info/top_level.txt
[0.582s] writing manifest file '../../build/stm_station/stm_station.egg-info/SOURCES.txt'
[0.603s] reading manifest file '../../build/stm_station/stm_station.egg-info/SOURCES.txt'
[0.604s] writing manifest file '../../build/stm_station/stm_station.egg-info/SOURCES.txt'
[0.604s] running build
[0.604s] running build_py
[0.604s] creating /home/iliass/ros2_athens_ws/build/stm_station/build
[0.604s] creating /home/iliass/ros2_athens_ws/build/stm_station/build/lib
[0.605s] creating /home/iliass/ros2_athens_ws/build/stm_station/build/lib/stm_station
[0.605s] copying stm_station/__init__.py -> /home/iliass/ros2_athens_ws/build/stm_station/build/lib/stm_station
[0.605s] copying stm_station/stm_serial_communication.py -> /home/iliass/ros2_athens_ws/build/stm_station/build/lib/stm_station
[0.605s] copying stm_station/stm_serial_node.py -> /home/iliass/ros2_athens_ws/build/stm_station/build/lib/stm_station
[0.606s] running install
[0.606s] running install_lib
[0.607s] creating /home/iliass/ros2_athens_ws/install/stm_station/lib/python3.8/site-packages/stm_station
[0.607s] copying /home/iliass/ros2_athens_ws/build/stm_station/build/lib/stm_station/__init__.py -> /home/iliass/ros2_athens_ws/install/stm_station/lib/python3.8/site-packages/stm_station
[0.607s] copying /home/iliass/ros2_athens_ws/build/stm_station/build/lib/stm_station/stm_serial_communication.py -> /home/iliass/ros2_athens_ws/install/stm_station/lib/python3.8/site-packages/stm_station
[0.607s] copying /home/iliass/ros2_athens_ws/build/stm_station/build/lib/stm_station/stm_serial_node.py -> /home/iliass/ros2_athens_ws/install/stm_station/lib/python3.8/site-packages/stm_station
[0.608s] byte-compiling /home/iliass/ros2_athens_ws/install/stm_station/lib/python3.8/site-packages/stm_station/__init__.py to __init__.cpython-38.pyc
[0.609s] byte-compiling /home/iliass/ros2_athens_ws/install/stm_station/lib/python3.8/site-packages/stm_station/stm_serial_communication.py to stm_serial_communication.cpython-38.pyc
[0.610s] byte-compiling /home/iliass/ros2_athens_ws/install/stm_station/lib/python3.8/site-packages/stm_station/stm_serial_node.py to stm_serial_node.cpython-38.pyc
[0.610s] running install_data
[0.611s] creating /home/iliass/ros2_athens_ws/install/stm_station/share/ament_index
[0.611s] creating /home/iliass/ros2_athens_ws/install/stm_station/share/ament_index/resource_index
[0.611s] creating /home/iliass/ros2_athens_ws/install/stm_station/share/ament_index/resource_index/packages
[0.611s] copying resource/stm_station -> /home/iliass/ros2_athens_ws/install/stm_station/share/ament_index/resource_index/packages
[0.611s] copying package.xml -> /home/iliass/ros2_athens_ws/install/stm_station/share/stm_station
[0.611s] running install_egg_info
[0.614s] Copying ../../build/stm_station/stm_station.egg-info to /home/iliass/ros2_athens_ws/install/stm_station/lib/python3.8/site-packages/stm_station-0.0.0-py3.8.egg-info
[0.614s] running install_scripts
[0.624s] Installing stm_serial_node script to /home/iliass/ros2_athens_ws/install/stm_station/lib/stm_station
[0.624s] writing list of installed files to '/home/iliass/ros2_athens_ws/build/stm_station/install.log'
[0.704s] Invoked command in '/home/iliass/ros2_athens_ws/src/stm_station' returned '0': PYTHONPATH=/home/iliass/ros2_athens_ws/build/stm_station/prefix_override:/usr/lib/python3/dist-packages/colcon_core/task/python/colcon_distutils_commands:/home/iliass/ros2_athens_ws/install/stm_station/lib/python3.8/site-packages:${PYTHONPATH} /usr/bin/python3 -W ignore:setup.py install is deprecated setup.py egg_info --egg-base ../../build/stm_station build --build-base /home/iliass/ros2_athens_ws/build/stm_station/build install --record /home/iliass/ros2_athens_ws/build/stm_station/install.log --install-scripts $base/lib/stm_station --single-version-externally-managed install_data
