[0.700s] DEBUG:colcon:Command line arguments: ['/usr/bin/colcon', 'build']
[0.701s] DEBUG:colcon:Parsed command line arguments: Namespace(allow_overriding=[], ament_cmake_args=None, base_paths=['.'], build_base='build', catkin_cmake_args=None, catkin_skip_building_tests=False, cmake_args=None, cmake_clean_cache=False, cmake_clean_first=False, cmake_force_configure=False, cmake_target=None, cmake_target_skip_unavailable=False, continue_on_error=False, event_handlers=None, executor='parallel', ignore_user_meta=False, install_base='install', log_base=None, log_level=None, main=<bound method BuildVerb.main of <colcon_core.verb.build.BuildVerb object at 0x7fe3ad333df0>>, merge_install=False, metas=['./colcon.meta'], packages_above=None, packages_above_and_dependencies=None, packages_above_depth=None, packages_end=None, packages_ignore=None, packages_ignore_regex=None, packages_select=None, packages_select_build_failed=False, packages_select_by_dep=None, packages_select_regex=None, packages_select_test_failures=False, packages_skip=None, packages_skip_build_finished=False, packages_skip_by_dep=None, packages_skip_regex=None, packages_skip_test_passed=False, packages_skip_up_to=None, packages_start=None, packages_up_to=None, packages_up_to_regex=None, parallel_workers=16, paths=None, symlink_install=False, test_result_base=None, verb_extension=<colcon_core.verb.build.BuildVerb object at 0x7fe3ad333df0>, verb_name='build', verb_parser=<colcon_defaults.argument_parser.defaults.DefaultArgumentsDecorator object at 0x7fe3ad33d3a0>)
[0.874s] Level 1:colcon.colcon_core.package_discovery:discover_packages(colcon_meta) check parameters
[0.874s] Level 1:colcon.colcon_core.package_discovery:discover_packages(recursive) check parameters
[0.874s] Level 1:colcon.colcon_core.package_discovery:discover_packages(ignore) check parameters
[0.874s] Level 1:colcon.colcon_core.package_discovery:discover_packages(path) check parameters
[0.874s] Level 1:colcon.colcon_core.package_discovery:discover_packages(colcon_meta) discover
[0.875s] Level 1:colcon.colcon_core.package_discovery:discover_packages(recursive) discover
[0.875s] INFO:colcon.colcon_core.package_discovery:Crawling recursively for packages in '/home/iliass/ros2_athens_ws'
[0.875s] Level 1:colcon.colcon_core.package_identification:_identify(.) by extensions ['ignore', 'ignore_ament_install']
[0.875s] Level 1:colcon.colcon_core.package_identification:_identify(.) by extension 'ignore'
[0.875s] Level 1:colcon.colcon_core.package_identification:_identify(.) by extension 'ignore_ament_install'
[0.875s] Level 1:colcon.colcon_core.package_identification:_identify(.) by extensions ['colcon_pkg']
[0.875s] Level 1:colcon.colcon_core.package_identification:_identify(.) by extension 'colcon_pkg'
[0.875s] Level 1:colcon.colcon_core.package_identification:_identify(.) by extensions ['colcon_meta']
[0.875s] Level 1:colcon.colcon_core.package_identification:_identify(.) by extension 'colcon_meta'
[0.875s] Level 1:colcon.colcon_core.package_identification:_identify(.) by extensions ['ros']
[0.875s] Level 1:colcon.colcon_core.package_identification:_identify(.) by extension 'ros'
[0.886s] Level 1:colcon.colcon_core.package_identification:_identify(.) by extensions ['cmake', 'python']
[0.886s] Level 1:colcon.colcon_core.package_identification:_identify(.) by extension 'cmake'
[0.887s] Level 1:colcon.colcon_core.package_identification:_identify(.) by extension 'python'
[0.887s] Level 1:colcon.colcon_core.package_identification:_identify(.) by extensions ['python_setup_py']
[0.887s] Level 1:colcon.colcon_core.package_identification:_identify(.) by extension 'python_setup_py'
[0.887s] Level 1:colcon.colcon_core.package_identification:_identify(bags) by extensions ['ignore', 'ignore_ament_install']
[0.887s] Level 1:colcon.colcon_core.package_identification:_identify(bags) by extension 'ignore'
[0.887s] Level 1:colcon.colcon_core.package_identification:_identify(bags) by extension 'ignore_ament_install'
[0.887s] Level 1:colcon.colcon_core.package_identification:_identify(bags) by extensions ['colcon_pkg']
[0.887s] Level 1:colcon.colcon_core.package_identification:_identify(bags) by extension 'colcon_pkg'
[0.887s] Level 1:colcon.colcon_core.package_identification:_identify(bags) by extensions ['colcon_meta']
[0.887s] Level 1:colcon.colcon_core.package_identification:_identify(bags) by extension 'colcon_meta'
[0.887s] Level 1:colcon.colcon_core.package_identification:_identify(bags) by extensions ['ros']
[0.887s] Level 1:colcon.colcon_core.package_identification:_identify(bags) by extension 'ros'
[0.887s] Level 1:colcon.colcon_core.package_identification:_identify(bags) by extensions ['cmake', 'python']
[0.887s] Level 1:colcon.colcon_core.package_identification:_identify(bags) by extension 'cmake'
[0.887s] Level 1:colcon.colcon_core.package_identification:_identify(bags) by extension 'python'
[0.887s] Level 1:colcon.colcon_core.package_identification:_identify(bags) by extensions ['python_setup_py']
[0.887s] Level 1:colcon.colcon_core.package_identification:_identify(bags) by extension 'python_setup_py'
[0.887s] Level 1:colcon.colcon_core.package_identification:_identify(bags/motor) by extensions ['ignore', 'ignore_ament_install']
[0.888s] Level 1:colcon.colcon_core.package_identification:_identify(bags/motor) by extension 'ignore'
[0.888s] Level 1:colcon.colcon_core.package_identification:_identify(bags/motor) by extension 'ignore_ament_install'
[0.888s] Level 1:colcon.colcon_core.package_identification:_identify(bags/motor) by extensions ['colcon_pkg']
[0.888s] Level 1:colcon.colcon_core.package_identification:_identify(bags/motor) by extension 'colcon_pkg'
[0.888s] Level 1:colcon.colcon_core.package_identification:_identify(bags/motor) by extensions ['colcon_meta']
[0.888s] Level 1:colcon.colcon_core.package_identification:_identify(bags/motor) by extension 'colcon_meta'
[0.888s] Level 1:colcon.colcon_core.package_identification:_identify(bags/motor) by extensions ['ros']
[0.888s] Level 1:colcon.colcon_core.package_identification:_identify(bags/motor) by extension 'ros'
[0.888s] Level 1:colcon.colcon_core.package_identification:_identify(bags/motor) by extensions ['cmake', 'python']
[0.888s] Level 1:colcon.colcon_core.package_identification:_identify(bags/motor) by extension 'cmake'
[0.888s] Level 1:colcon.colcon_core.package_identification:_identify(bags/motor) by extension 'python'
[0.888s] Level 1:colcon.colcon_core.package_identification:_identify(bags/motor) by extensions ['python_setup_py']
[0.888s] Level 1:colcon.colcon_core.package_identification:_identify(bags/motor) by extension 'python_setup_py'
[0.888s] Level 1:colcon.colcon_core.package_identification:_identify(bags/turtlesim_demo) by extensions ['ignore', 'ignore_ament_install']
[0.888s] Level 1:colcon.colcon_core.package_identification:_identify(bags/turtlesim_demo) by extension 'ignore'
[0.888s] Level 1:colcon.colcon_core.package_identification:_identify(bags/turtlesim_demo) by extension 'ignore_ament_install'
[0.888s] Level 1:colcon.colcon_core.package_identification:_identify(bags/turtlesim_demo) by extensions ['colcon_pkg']
[0.888s] Level 1:colcon.colcon_core.package_identification:_identify(bags/turtlesim_demo) by extension 'colcon_pkg'
[0.888s] Level 1:colcon.colcon_core.package_identification:_identify(bags/turtlesim_demo) by extensions ['colcon_meta']
[0.888s] Level 1:colcon.colcon_core.package_identification:_identify(bags/turtlesim_demo) by extension 'colcon_meta'
[0.888s] Level 1:colcon.colcon_core.package_identification:_identify(bags/turtlesim_demo) by extensions ['ros']
[0.888s] Level 1:colcon.colcon_core.package_identification:_identify(bags/turtlesim_demo) by extension 'ros'
[0.888s] Level 1:colcon.colcon_core.package_identification:_identify(bags/turtlesim_demo) by extensions ['cmake', 'python']
[0.889s] Level 1:colcon.colcon_core.package_identification:_identify(bags/turtlesim_demo) by extension 'cmake'
[0.889s] Level 1:colcon.colcon_core.package_identification:_identify(bags/turtlesim_demo) by extension 'python'
[0.889s] Level 1:colcon.colcon_core.package_identification:_identify(bags/turtlesim_demo) by extensions ['python_setup_py']
[0.889s] Level 1:colcon.colcon_core.package_identification:_identify(bags/turtlesim_demo) by extension 'python_setup_py'
[0.889s] Level 1:colcon.colcon_core.package_identification:_identify(build) by extensions ['ignore', 'ignore_ament_install']
[0.889s] Level 1:colcon.colcon_core.package_identification:_identify(build) by extension 'ignore'
[0.889s] Level 1:colcon.colcon_core.package_identification:_identify(build) ignored
[0.889s] Level 1:colcon.colcon_core.package_identification:_identify(install) by extensions ['ignore', 'ignore_ament_install']
[0.889s] Level 1:colcon.colcon_core.package_identification:_identify(install) by extension 'ignore'
[0.889s] Level 1:colcon.colcon_core.package_identification:_identify(install) ignored
[0.889s] Level 1:colcon.colcon_core.package_identification:_identify(log) by extensions ['ignore', 'ignore_ament_install']
[0.889s] Level 1:colcon.colcon_core.package_identification:_identify(log) by extension 'ignore'
[0.889s] Level 1:colcon.colcon_core.package_identification:_identify(log) ignored
[0.889s] Level 1:colcon.colcon_core.package_identification:_identify(src) by extensions ['ignore', 'ignore_ament_install']
[0.889s] Level 1:colcon.colcon_core.package_identification:_identify(src) by extension 'ignore'
[0.889s] Level 1:colcon.colcon_core.package_identification:_identify(src) by extension 'ignore_ament_install'
[0.890s] Level 1:colcon.colcon_core.package_identification:_identify(src) by extensions ['colcon_pkg']
[0.890s] Level 1:colcon.colcon_core.package_identification:_identify(src) by extension 'colcon_pkg'
[0.890s] Level 1:colcon.colcon_core.package_identification:_identify(src) by extensions ['colcon_meta']
[0.890s] Level 1:colcon.colcon_core.package_identification:_identify(src) by extension 'colcon_meta'
[0.890s] Level 1:colcon.colcon_core.package_identification:_identify(src) by extensions ['ros']
[0.890s] Level 1:colcon.colcon_core.package_identification:_identify(src) by extension 'ros'
[0.890s] Level 1:colcon.colcon_core.package_identification:_identify(src) by extensions ['cmake', 'python']
[0.890s] Level 1:colcon.colcon_core.package_identification:_identify(src) by extension 'cmake'
[0.890s] Level 1:colcon.colcon_core.package_identification:_identify(src) by extension 'python'
[0.890s] Level 1:colcon.colcon_core.package_identification:_identify(src) by extensions ['python_setup_py']
[0.890s] Level 1:colcon.colcon_core.package_identification:_identify(src) by extension 'python_setup_py'
[0.890s] Level 1:colcon.colcon_core.package_identification:_identify(src/first_interfaces) by extensions ['ignore', 'ignore_ament_install']
[0.890s] Level 1:colcon.colcon_core.package_identification:_identify(src/first_interfaces) by extension 'ignore'
[0.890s] Level 1:colcon.colcon_core.package_identification:_identify(src/first_interfaces) by extension 'ignore_ament_install'
[0.890s] Level 1:colcon.colcon_core.package_identification:_identify(src/first_interfaces) by extensions ['colcon_pkg']
[0.890s] Level 1:colcon.colcon_core.package_identification:_identify(src/first_interfaces) by extension 'colcon_pkg'
[0.891s] Level 1:colcon.colcon_core.package_identification:_identify(src/first_interfaces) by extensions ['colcon_meta']
[0.891s] Level 1:colcon.colcon_core.package_identification:_identify(src/first_interfaces) by extension 'colcon_meta'
[0.891s] Level 1:colcon.colcon_core.package_identification:_identify(src/first_interfaces) by extensions ['ros']
[0.891s] Level 1:colcon.colcon_core.package_identification:_identify(src/first_interfaces) by extension 'ros'
[0.893s] DEBUG:colcon.colcon_core.package_identification:Package 'src/first_interfaces' with type 'ros.ament_cmake' and name 'first_interfaces'
[0.894s] Level 1:colcon.colcon_core.package_identification:_identify(src/first_package) by extensions ['ignore', 'ignore_ament_install']
[0.894s] Level 1:colcon.colcon_core.package_identification:_identify(src/first_package) by extension 'ignore'
[0.894s] Level 1:colcon.colcon_core.package_identification:_identify(src/first_package) by extension 'ignore_ament_install'
[0.894s] Level 1:colcon.colcon_core.package_identification:_identify(src/first_package) by extensions ['colcon_pkg']
[0.894s] Level 1:colcon.colcon_core.package_identification:_identify(src/first_package) by extension 'colcon_pkg'
[0.894s] Level 1:colcon.colcon_core.package_identification:_identify(src/first_package) by extensions ['colcon_meta']
[0.894s] Level 1:colcon.colcon_core.package_identification:_identify(src/first_package) by extension 'colcon_meta'
[0.894s] Level 1:colcon.colcon_core.package_identification:_identify(src/first_package) by extensions ['ros']
[0.894s] Level 1:colcon.colcon_core.package_identification:_identify(src/first_package) by extension 'ros'
[0.897s] DEBUG:colcon.colcon_core.package_identification:Package 'src/first_package' with type 'ros.ament_python' and name 'first_package'
[0.897s] Level 1:colcon.colcon_core.package_identification:_identify(src/stm_interfaces) by extensions ['ignore', 'ignore_ament_install']
[0.897s] Level 1:colcon.colcon_core.package_identification:_identify(src/stm_interfaces) by extension 'ignore'
[0.898s] Level 1:colcon.colcon_core.package_identification:_identify(src/stm_interfaces) by extension 'ignore_ament_install'
[0.898s] Level 1:colcon.colcon_core.package_identification:_identify(src/stm_interfaces) by extensions ['colcon_pkg']
[0.898s] Level 1:colcon.colcon_core.package_identification:_identify(src/stm_interfaces) by extension 'colcon_pkg'
[0.898s] Level 1:colcon.colcon_core.package_identification:_identify(src/stm_interfaces) by extensions ['colcon_meta']
[0.898s] Level 1:colcon.colcon_core.package_identification:_identify(src/stm_interfaces) by extension 'colcon_meta'
[0.898s] Level 1:colcon.colcon_core.package_identification:_identify(src/stm_interfaces) by extensions ['ros']
[0.898s] Level 1:colcon.colcon_core.package_identification:_identify(src/stm_interfaces) by extension 'ros'
[0.899s] DEBUG:colcon.colcon_core.package_identification:Package 'src/stm_interfaces' with type 'ros.ament_cmake' and name 'stm_interfaces'
[0.899s] Level 1:colcon.colcon_core.package_identification:_identify(src/stm_station) by extensions ['ignore', 'ignore_ament_install']
[0.899s] Level 1:colcon.colcon_core.package_identification:_identify(src/stm_station) by extension 'ignore'
[0.899s] Level 1:colcon.colcon_core.package_identification:_identify(src/stm_station) by extension 'ignore_ament_install'
[0.899s] Level 1:colcon.colcon_core.package_identification:_identify(src/stm_station) by extensions ['colcon_pkg']
[0.899s] Level 1:colcon.colcon_core.package_identification:_identify(src/stm_station) by extension 'colcon_pkg'
[0.899s] Level 1:colcon.colcon_core.package_identification:_identify(src/stm_station) by extensions ['colcon_meta']
[0.900s] Level 1:colcon.colcon_core.package_identification:_identify(src/stm_station) by extension 'colcon_meta'
[0.900s] Level 1:colcon.colcon_core.package_identification:_identify(src/stm_station) by extensions ['ros']
[0.900s] Level 1:colcon.colcon_core.package_identification:_identify(src/stm_station) by extension 'ros'
[0.900s] DEBUG:colcon.colcon_core.package_identification:Package 'src/stm_station' with type 'ros.ament_python' and name 'stm_station'
[0.901s] Level 1:colcon.colcon_core.package_identification:_identify(test) by extensions ['ignore', 'ignore_ament_install']
[0.901s] Level 1:colcon.colcon_core.package_identification:_identify(test) by extension 'ignore'
[0.901s] Level 1:colcon.colcon_core.package_identification:_identify(test) by extension 'ignore_ament_install'
[0.901s] Level 1:colcon.colcon_core.package_identification:_identify(test) by extensions ['colcon_pkg']
[0.901s] Level 1:colcon.colcon_core.package_identification:_identify(test) by extension 'colcon_pkg'
[0.901s] Level 1:colcon.colcon_core.package_identification:_identify(test) by extensions ['colcon_meta']
[0.901s] Level 1:colcon.colcon_core.package_identification:_identify(test) by extension 'colcon_meta'
[0.901s] Level 1:colcon.colcon_core.package_identification:_identify(test) by extensions ['ros']
[0.901s] Level 1:colcon.colcon_core.package_identification:_identify(test) by extension 'ros'
[0.901s] Level 1:colcon.colcon_core.package_identification:_identify(test) by extensions ['cmake', 'python']
[0.901s] Level 1:colcon.colcon_core.package_identification:_identify(test) by extension 'cmake'
[0.901s] Level 1:colcon.colcon_core.package_identification:_identify(test) by extension 'python'
[0.902s] Level 1:colcon.colcon_core.package_identification:_identify(test) by extensions ['python_setup_py']
[0.902s] Level 1:colcon.colcon_core.package_identification:_identify(test) by extension 'python_setup_py'
[0.902s] Level 1:colcon.colcon_core.package_discovery:discover_packages(recursive) using defaults
[0.902s] Level 1:colcon.colcon_core.package_discovery:discover_packages(ignore) discover
[0.902s] Level 1:colcon.colcon_core.package_discovery:discover_packages(ignore) using defaults
[0.902s] Level 1:colcon.colcon_core.package_discovery:discover_packages(path) discover
[0.902s] Level 1:colcon.colcon_core.package_discovery:discover_packages(path) using defaults
[0.919s] Level 1:colcon.colcon_core.package_discovery:discover_packages(prefix_path) check parameters
[0.919s] Level 1:colcon.colcon_core.package_discovery:discover_packages(prefix_path) discover
[0.921s] DEBUG:colcon.colcon_installed_package_information.package_discovery:Found 4 installed packages in /home/iliass/ros2_athens_ws/install
[0.922s] DEBUG:colcon.colcon_installed_package_information.package_discovery:Found 280 installed packages in /opt/ros/foxy
[0.923s] Level 1:colcon.colcon_core.package_discovery:discover_packages(prefix_path) using defaults
[0.995s] Level 5:colcon.colcon_core.verb:set package 'first_interfaces' build argument 'cmake_args' from command line to 'None'
[0.995s] Level 5:colcon.colcon_core.verb:set package 'first_interfaces' build argument 'cmake_target' from command line to 'None'
[0.995s] Level 5:colcon.colcon_core.verb:set package 'first_interfaces' build argument 'cmake_target_skip_unavailable' from command line to 'False'
[0.995s] Level 5:colcon.colcon_core.verb:set package 'first_interfaces' build argument 'cmake_clean_cache' from command line to 'False'
[0.995s] Level 5:colcon.colcon_core.verb:set package 'first_interfaces' build argument 'cmake_clean_first' from command line to 'False'
[0.995s] Level 5:colcon.colcon_core.verb:set package 'first_interfaces' build argument 'cmake_force_configure' from command line to 'False'
[0.995s] Level 5:colcon.colcon_core.verb:set package 'first_interfaces' build argument 'ament_cmake_args' from command line to 'None'
[0.995s] Level 5:colcon.colcon_core.verb:set package 'first_interfaces' build argument 'catkin_cmake_args' from command line to 'None'
[0.995s] Level 5:colcon.colcon_core.verb:set package 'first_interfaces' build argument 'catkin_skip_building_tests' from command line to 'False'
[0.995s] DEBUG:colcon.colcon_core.verb:Building package 'first_interfaces' with the following arguments: {'ament_cmake_args': None, 'build_base': '/home/iliass/ros2_athens_ws/build/first_interfaces', 'catkin_cmake_args': None, 'catkin_skip_building_tests': False, 'cmake_args': None, 'cmake_clean_cache': False, 'cmake_clean_first': False, 'cmake_force_configure': False, 'cmake_target': None, 'cmake_target_skip_unavailable': False, 'install_base': '/home/iliass/ros2_athens_ws/install/first_interfaces', 'merge_install': False, 'path': '/home/iliass/ros2_athens_ws/src/first_interfaces', 'symlink_install': False, 'test_result_base': None}
[0.995s] Level 5:colcon.colcon_core.verb:set package 'stm_interfaces' build argument 'cmake_args' from command line to 'None'
[0.995s] Level 5:colcon.colcon_core.verb:set package 'stm_interfaces' build argument 'cmake_target' from command line to 'None'
[0.995s] Level 5:colcon.colcon_core.verb:set package 'stm_interfaces' build argument 'cmake_target_skip_unavailable' from command line to 'False'
[0.996s] Level 5:colcon.colcon_core.verb:set package 'stm_interfaces' build argument 'cmake_clean_cache' from command line to 'False'
[0.996s] Level 5:colcon.colcon_core.verb:set package 'stm_interfaces' build argument 'cmake_clean_first' from command line to 'False'
[0.996s] Level 5:colcon.colcon_core.verb:set package 'stm_interfaces' build argument 'cmake_force_configure' from command line to 'False'
[0.996s] Level 5:colcon.colcon_core.verb:set package 'stm_interfaces' build argument 'ament_cmake_args' from command line to 'None'
[0.996s] Level 5:colcon.colcon_core.verb:set package 'stm_interfaces' build argument 'catkin_cmake_args' from command line to 'None'
[0.996s] Level 5:colcon.colcon_core.verb:set package 'stm_interfaces' build argument 'catkin_skip_building_tests' from command line to 'False'
[0.996s] DEBUG:colcon.colcon_core.verb:Building package 'stm_interfaces' with the following arguments: {'ament_cmake_args': None, 'build_base': '/home/iliass/ros2_athens_ws/build/stm_interfaces', 'catkin_cmake_args': None, 'catkin_skip_building_tests': False, 'cmake_args': None, 'cmake_clean_cache': False, 'cmake_clean_first': False, 'cmake_force_configure': False, 'cmake_target': None, 'cmake_target_skip_unavailable': False, 'install_base': '/home/iliass/ros2_athens_ws/install/stm_interfaces', 'merge_install': False, 'path': '/home/iliass/ros2_athens_ws/src/stm_interfaces', 'symlink_install': False, 'test_result_base': None}
[0.996s] Level 5:colcon.colcon_core.verb:set package 'first_package' build argument 'cmake_args' from command line to 'None'
[0.996s] Level 5:colcon.colcon_core.verb:set package 'first_package' build argument 'cmake_target' from command line to 'None'
[0.996s] Level 5:colcon.colcon_core.verb:set package 'first_package' build argument 'cmake_target_skip_unavailable' from command line to 'False'
[0.996s] Level 5:colcon.colcon_core.verb:set package 'first_package' build argument 'cmake_clean_cache' from command line to 'False'
[0.996s] Level 5:colcon.colcon_core.verb:set package 'first_package' build argument 'cmake_clean_first' from command line to 'False'
[0.996s] Level 5:colcon.colcon_core.verb:set package 'first_package' build argument 'cmake_force_configure' from command line to 'False'
[0.996s] Level 5:colcon.colcon_core.verb:set package 'first_package' build argument 'ament_cmake_args' from command line to 'None'
[0.996s] Level 5:colcon.colcon_core.verb:set package 'first_package' build argument 'catkin_cmake_args' from command line to 'None'
[0.996s] Level 5:colcon.colcon_core.verb:set package 'first_package' build argument 'catkin_skip_building_tests' from command line to 'False'
[0.996s] DEBUG:colcon.colcon_core.verb:Building package 'first_package' with the following arguments: {'ament_cmake_args': None, 'build_base': '/home/iliass/ros2_athens_ws/build/first_package', 'catkin_cmake_args': None, 'catkin_skip_building_tests': False, 'cmake_args': None, 'cmake_clean_cache': False, 'cmake_clean_first': False, 'cmake_force_configure': False, 'cmake_target': None, 'cmake_target_skip_unavailable': False, 'install_base': '/home/iliass/ros2_athens_ws/install/first_package', 'merge_install': False, 'path': '/home/iliass/ros2_athens_ws/src/first_package', 'symlink_install': False, 'test_result_base': None}
[0.997s] Level 5:colcon.colcon_core.verb:set package 'stm_station' build argument 'cmake_args' from command line to 'None'
[0.997s] Level 5:colcon.colcon_core.verb:set package 'stm_station' build argument 'cmake_target' from command line to 'None'
[0.997s] Level 5:colcon.colcon_core.verb:set package 'stm_station' build argument 'cmake_target_skip_unavailable' from command line to 'False'
[0.997s] Level 5:colcon.colcon_core.verb:set package 'stm_station' build argument 'cmake_clean_cache' from command line to 'False'
[0.997s] Level 5:colcon.colcon_core.verb:set package 'stm_station' build argument 'cmake_clean_first' from command line to 'False'
[0.997s] Level 5:colcon.colcon_core.verb:set package 'stm_station' build argument 'cmake_force_configure' from command line to 'False'
[0.997s] Level 5:colcon.colcon_core.verb:set package 'stm_station' build argument 'ament_cmake_args' from command line to 'None'
[0.997s] Level 5:colcon.colcon_core.verb:set package 'stm_station' build argument 'catkin_cmake_args' from command line to 'None'
[0.997s] Level 5:colcon.colcon_core.verb:set package 'stm_station' build argument 'catkin_skip_building_tests' from command line to 'False'
[0.997s] DEBUG:colcon.colcon_core.verb:Building package 'stm_station' with the following arguments: {'ament_cmake_args': None, 'build_base': '/home/iliass/ros2_athens_ws/build/stm_station', 'catkin_cmake_args': None, 'catkin_skip_building_tests': False, 'cmake_args': None, 'cmake_clean_cache': False, 'cmake_clean_first': False, 'cmake_force_configure': False, 'cmake_target': None, 'cmake_target_skip_unavailable': False, 'install_base': '/home/iliass/ros2_athens_ws/install/stm_station', 'merge_install': False, 'path': '/home/iliass/ros2_athens_ws/src/stm_station', 'symlink_install': False, 'test_result_base': None}
[0.997s] INFO:colcon.colcon_core.executor:Executing jobs using 'parallel' executor
[0.999s] DEBUG:colcon.colcon_parallel_executor.executor.parallel:run_until_complete
[0.999s] INFO:colcon.colcon_ros.task.ament_cmake.build:Building ROS package in '/home/iliass/ros2_athens_ws/src/first_interfaces' with build type 'ament_cmake'
[1.000s] INFO:colcon.colcon_cmake.task.cmake.build:Building CMake package in '/home/iliass/ros2_athens_ws/src/first_interfaces'
[1.002s] INFO:colcon.colcon_core.plugin_system:Skipping extension 'colcon_core.shell.bat': Not used on non-Windows systems
[1.002s] INFO:colcon.colcon_core.shell:Skip shell extension 'powershell' for command environment: Not usable outside of PowerShell
[1.002s] DEBUG:colcon.colcon_core.shell:Skip shell extension 'dsv' for command environment
[1.007s] INFO:colcon.colcon_ros.task.ament_cmake.build:Building ROS package in '/home/iliass/ros2_athens_ws/src/stm_interfaces' with build type 'ament_cmake'
[1.008s] INFO:colcon.colcon_cmake.task.cmake.build:Building CMake package in '/home/iliass/ros2_athens_ws/src/stm_interfaces'
[1.009s] INFO:colcon.colcon_core.shell:Skip shell extension 'powershell' for command environment: Not usable outside of PowerShell
[1.009s] DEBUG:colcon.colcon_core.shell:Skip shell extension 'dsv' for command environment
[1.025s] DEBUG:colcon.colcon_core.event_handler.log_command:Invoking command in '/home/iliass/ros2_athens_ws/build/first_interfaces': CMAKE_PREFIX_PATH=${CMAKE_PREFIX_PATH}:/home/iliass/ros2_athens_ws/install/stm_station:/home/iliass/ros2_athens_ws/install/first_package:/opt/ros/foxy /usr/bin/cmake --build /home/iliass/ros2_athens_ws/build/first_interfaces -- -j16 -l16
[1.041s] DEBUG:colcon.colcon_core.event_handler.log_command:Invoking command in '/home/iliass/ros2_athens_ws/build/stm_interfaces': CMAKE_PREFIX_PATH=${CMAKE_PREFIX_PATH}:/home/iliass/ros2_athens_ws/install/stm_station:/home/iliass/ros2_athens_ws/install/first_package:/opt/ros/foxy /usr/bin/cmake --build /home/iliass/ros2_athens_ws/build/stm_interfaces -- -j16 -l16
[1.294s] DEBUG:colcon.colcon_core.event_handler.log_command:Invoked command in '/home/iliass/ros2_athens_ws/build/stm_interfaces' returned '0': CMAKE_PREFIX_PATH=${CMAKE_PREFIX_PATH}:/home/iliass/ros2_athens_ws/install/stm_station:/home/iliass/ros2_athens_ws/install/first_package:/opt/ros/foxy /usr/bin/cmake --build /home/iliass/ros2_athens_ws/build/stm_interfaces -- -j16 -l16
[1.300s] DEBUG:colcon.colcon_core.event_handler.log_command:Invoked command in '/home/iliass/ros2_athens_ws/build/first_interfaces' returned '0': CMAKE_PREFIX_PATH=${CMAKE_PREFIX_PATH}:/home/iliass/ros2_athens_ws/install/stm_station:/home/iliass/ros2_athens_ws/install/first_package:/opt/ros/foxy /usr/bin/cmake --build /home/iliass/ros2_athens_ws/build/first_interfaces -- -j16 -l16
[1.382s] DEBUG:colcon.colcon_core.event_handler.log_command:Invoking command in '/home/iliass/ros2_athens_ws/build/first_interfaces': CMAKE_PREFIX_PATH=${CMAKE_PREFIX_PATH}:/home/iliass/ros2_athens_ws/install/stm_station:/home/iliass/ros2_athens_ws/install/first_package:/opt/ros/foxy /usr/bin/cmake --install /home/iliass/ros2_athens_ws/build/first_interfaces
[1.403s] DEBUG:colcon.colcon_core.event_handler.log_command:Invoking command in '/home/iliass/ros2_athens_ws/build/stm_interfaces': CMAKE_PREFIX_PATH=${CMAKE_PREFIX_PATH}:/home/iliass/ros2_athens_ws/install/stm_station:/home/iliass/ros2_athens_ws/install/first_package:/opt/ros/foxy /usr/bin/cmake --install /home/iliass/ros2_athens_ws/build/stm_interfaces
[1.453s] Level 1:colcon.colcon_core.environment:create_environment_scripts_only(first_interfaces)
[1.454s] DEBUG:colcon.colcon_core.event_handler.log_command:Invoked command in '/home/iliass/ros2_athens_ws/build/first_interfaces' returned '0': CMAKE_PREFIX_PATH=${CMAKE_PREFIX_PATH}:/home/iliass/ros2_athens_ws/install/stm_station:/home/iliass/ros2_athens_ws/install/first_package:/opt/ros/foxy /usr/bin/cmake --install /home/iliass/ros2_athens_ws/build/first_interfaces
[1.457s] Level 1:colcon.colcon_core.environment:checking '/home/iliass/ros2_athens_ws/install/first_interfaces' for CMake module files
[1.457s] Level 1:colcon.colcon_core.environment:checking '/home/iliass/ros2_athens_ws/install/first_interfaces' for CMake config files
[1.458s] Level 1:colcon.colcon_core.shell:create_environment_hook('first_interfaces', 'cmake_prefix_path')
[1.458s] INFO:colcon.colcon_core.shell:Creating environment hook '/home/iliass/ros2_athens_ws/install/first_interfaces/share/first_interfaces/hook/cmake_prefix_path.ps1'
[1.459s] INFO:colcon.colcon_core.shell:Creating environment descriptor '/home/iliass/ros2_athens_ws/install/first_interfaces/share/first_interfaces/hook/cmake_prefix_path.dsv'
[1.459s] INFO:colcon.colcon_core.shell:Creating environment hook '/home/iliass/ros2_athens_ws/install/first_interfaces/share/first_interfaces/hook/cmake_prefix_path.sh'
[1.460s] Level 1:colcon.colcon_core.environment:checking '/home/iliass/ros2_athens_ws/install/first_interfaces/lib'
[1.461s] Level 1:colcon.colcon_core.shell:create_environment_hook('first_interfaces', 'ld_library_path_lib')
[1.461s] INFO:colcon.colcon_core.shell:Creating environment hook '/home/iliass/ros2_athens_ws/install/first_interfaces/share/first_interfaces/hook/ld_library_path_lib.ps1'
[1.461s] INFO:colcon.colcon_core.shell:Creating environment descriptor '/home/iliass/ros2_athens_ws/install/first_interfaces/share/first_interfaces/hook/ld_library_path_lib.dsv'
[1.462s] INFO:colcon.colcon_core.shell:Creating environment hook '/home/iliass/ros2_athens_ws/install/first_interfaces/share/first_interfaces/hook/ld_library_path_lib.sh'
[1.462s] Level 1:colcon.colcon_core.environment:checking '/home/iliass/ros2_athens_ws/install/first_interfaces/bin'
[1.462s] Level 1:colcon.colcon_core.environment:checking '/home/iliass/ros2_athens_ws/install/first_interfaces/lib/pkgconfig/first_interfaces.pc'
[1.463s] Level 1:colcon.colcon_core.environment:checking '/home/iliass/ros2_athens_ws/install/first_interfaces/lib/python3.8/site-packages'
[1.463s] Level 1:colcon.colcon_core.shell:create_environment_hook('first_interfaces', 'pythonpath')
[1.463s] INFO:colcon.colcon_core.shell:Creating environment hook '/home/iliass/ros2_athens_ws/install/first_interfaces/share/first_interfaces/hook/pythonpath.ps1'
[1.468s] INFO:colcon.colcon_core.shell:Creating environment descriptor '/home/iliass/ros2_athens_ws/install/first_interfaces/share/first_interfaces/hook/pythonpath.dsv'
[1.474s] INFO:colcon.colcon_core.shell:Creating environment hook '/home/iliass/ros2_athens_ws/install/first_interfaces/share/first_interfaces/hook/pythonpath.sh'
[1.475s] Level 1:colcon.colcon_core.environment:checking '/home/iliass/ros2_athens_ws/install/first_interfaces/bin'
[1.476s] INFO:colcon.colcon_core.shell:Creating package script '/home/iliass/ros2_athens_ws/install/first_interfaces/share/first_interfaces/package.ps1'
[1.479s] INFO:colcon.colcon_core.shell:Creating package descriptor '/home/iliass/ros2_athens_ws/install/first_interfaces/share/first_interfaces/package.dsv'
[1.481s] INFO:colcon.colcon_core.shell:Creating package script '/home/iliass/ros2_athens_ws/install/first_interfaces/share/first_interfaces/package.sh'
[1.482s] INFO:colcon.colcon_core.shell:Creating package script '/home/iliass/ros2_athens_ws/install/first_interfaces/share/first_interfaces/package.bash'
[1.483s] INFO:colcon.colcon_core.shell:Creating package script '/home/iliass/ros2_athens_ws/install/first_interfaces/share/first_interfaces/package.zsh'
[1.483s] Level 1:colcon.colcon_core.environment:create_file_with_runtime_dependencies(/home/iliass/ros2_athens_ws/install/first_interfaces/share/colcon-core/packages/first_interfaces)
[1.488s] Level 1:colcon.colcon_core.environment:create_environment_scripts_only(stm_interfaces)
[1.489s] Level 1:colcon.colcon_core.environment:checking '/home/iliass/ros2_athens_ws/install/stm_interfaces' for CMake module files
[1.490s] Level 1:colcon.colcon_core.environment:checking '/home/iliass/ros2_athens_ws/install/stm_interfaces' for CMake config files
[1.490s] DEBUG:colcon.colcon_core.event_handler.log_command:Invoked command in '/home/iliass/ros2_athens_ws/build/stm_interfaces' returned '0': CMAKE_PREFIX_PATH=${CMAKE_PREFIX_PATH}:/home/iliass/ros2_athens_ws/install/stm_station:/home/iliass/ros2_athens_ws/install/first_package:/opt/ros/foxy /usr/bin/cmake --install /home/iliass/ros2_athens_ws/build/stm_interfaces
[1.491s] Level 1:colcon.colcon_core.shell:create_environment_hook('stm_interfaces', 'cmake_prefix_path')
[1.491s] INFO:colcon.colcon_core.shell:Creating environment hook '/home/iliass/ros2_athens_ws/install/stm_interfaces/share/stm_interfaces/hook/cmake_prefix_path.ps1'
[1.492s] INFO:colcon.colcon_core.shell:Creating environment descriptor '/home/iliass/ros2_athens_ws/install/stm_interfaces/share/stm_interfaces/hook/cmake_prefix_path.dsv'
[1.492s] INFO:colcon.colcon_core.shell:Creating environment hook '/home/iliass/ros2_athens_ws/install/stm_interfaces/share/stm_interfaces/hook/cmake_prefix_path.sh'
[1.493s] Level 1:colcon.colcon_core.environment:checking '/home/iliass/ros2_athens_ws/install/stm_interfaces/lib'
[1.493s] Level 1:colcon.colcon_core.shell:create_environment_hook('stm_interfaces', 'ld_library_path_lib')
[1.493s] INFO:colcon.colcon_core.shell:Creating environment hook '/home/iliass/ros2_athens_ws/install/stm_interfaces/share/stm_interfaces/hook/ld_library_path_lib.ps1'
[1.494s] INFO:colcon.colcon_core.shell:Creating environment descriptor '/home/iliass/ros2_athens_ws/install/stm_interfaces/share/stm_interfaces/hook/ld_library_path_lib.dsv'
[1.494s] INFO:colcon.colcon_core.shell:Creating environment hook '/home/iliass/ros2_athens_ws/install/stm_interfaces/share/stm_interfaces/hook/ld_library_path_lib.sh'
[1.495s] Level 1:colcon.colcon_core.environment:checking '/home/iliass/ros2_athens_ws/install/stm_interfaces/bin'
[1.495s] Level 1:colcon.colcon_core.environment:checking '/home/iliass/ros2_athens_ws/install/stm_interfaces/lib/pkgconfig/stm_interfaces.pc'
[1.495s] Level 1:colcon.colcon_core.environment:checking '/home/iliass/ros2_athens_ws/install/stm_interfaces/lib/python3.8/site-packages'
[1.495s] Level 1:colcon.colcon_core.shell:create_environment_hook('stm_interfaces', 'pythonpath')
[1.495s] INFO:colcon.colcon_core.shell:Creating environment hook '/home/iliass/ros2_athens_ws/install/stm_interfaces/share/stm_interfaces/hook/pythonpath.ps1'
[1.496s] INFO:colcon.colcon_core.shell:Creating environment descriptor '/home/iliass/ros2_athens_ws/install/stm_interfaces/share/stm_interfaces/hook/pythonpath.dsv'
[1.497s] INFO:colcon.colcon_core.shell:Creating environment hook '/home/iliass/ros2_athens_ws/install/stm_interfaces/share/stm_interfaces/hook/pythonpath.sh'
[1.498s] Level 1:colcon.colcon_core.environment:checking '/home/iliass/ros2_athens_ws/install/stm_interfaces/bin'
[1.498s] INFO:colcon.colcon_core.shell:Creating package script '/home/iliass/ros2_athens_ws/install/stm_interfaces/share/stm_interfaces/package.ps1'
[1.499s] INFO:colcon.colcon_core.shell:Creating package descriptor '/home/iliass/ros2_athens_ws/install/stm_interfaces/share/stm_interfaces/package.dsv'
[1.499s] INFO:colcon.colcon_core.shell:Creating package script '/home/iliass/ros2_athens_ws/install/stm_interfaces/share/stm_interfaces/package.sh'
[1.500s] INFO:colcon.colcon_core.shell:Creating package script '/home/iliass/ros2_athens_ws/install/stm_interfaces/share/stm_interfaces/package.bash'
[1.500s] INFO:colcon.colcon_core.shell:Creating package script '/home/iliass/ros2_athens_ws/install/stm_interfaces/share/stm_interfaces/package.zsh'
[1.501s] Level 1:colcon.colcon_core.environment:create_file_with_runtime_dependencies(/home/iliass/ros2_athens_ws/install/stm_interfaces/share/colcon-core/packages/stm_interfaces)
[1.552s] Level 1:colcon.colcon_core.environment:create_environment_scripts_only(first_interfaces)
[1.553s] Level 1:colcon.colcon_core.environment:checking '/home/iliass/ros2_athens_ws/install/first_interfaces' for CMake module files
[1.554s] Level 1:colcon.colcon_core.environment:checking '/home/iliass/ros2_athens_ws/install/first_interfaces' for CMake config files
[1.555s] Level 1:colcon.colcon_core.shell:create_environment_hook('first_interfaces', 'cmake_prefix_path')
[1.555s] INFO:colcon.colcon_core.shell:Creating environment hook '/home/iliass/ros2_athens_ws/install/first_interfaces/share/first_interfaces/hook/cmake_prefix_path.ps1'
[1.557s] INFO:colcon.colcon_core.shell:Creating environment descriptor '/home/iliass/ros2_athens_ws/install/first_interfaces/share/first_interfaces/hook/cmake_prefix_path.dsv'
[1.557s] INFO:colcon.colcon_core.shell:Creating environment hook '/home/iliass/ros2_athens_ws/install/first_interfaces/share/first_interfaces/hook/cmake_prefix_path.sh'
[1.558s] Level 1:colcon.colcon_core.environment:checking '/home/iliass/ros2_athens_ws/install/first_interfaces/lib'
[1.559s] Level 1:colcon.colcon_core.shell:create_environment_hook('first_interfaces', 'ld_library_path_lib')
[1.559s] INFO:colcon.colcon_core.shell:Creating environment hook '/home/iliass/ros2_athens_ws/install/first_interfaces/share/first_interfaces/hook/ld_library_path_lib.ps1'
[1.560s] INFO:colcon.colcon_core.shell:Creating environment descriptor '/home/iliass/ros2_athens_ws/install/first_interfaces/share/first_interfaces/hook/ld_library_path_lib.dsv'
[1.560s] INFO:colcon.colcon_core.shell:Creating environment hook '/home/iliass/ros2_athens_ws/install/first_interfaces/share/first_interfaces/hook/ld_library_path_lib.sh'
[1.562s] Level 1:colcon.colcon_core.environment:checking '/home/iliass/ros2_athens_ws/install/first_interfaces/bin'
[1.562s] Level 1:colcon.colcon_core.environment:checking '/home/iliass/ros2_athens_ws/install/first_interfaces/lib/pkgconfig/first_interfaces.pc'
[1.563s] Level 1:colcon.colcon_core.environment:checking '/home/iliass/ros2_athens_ws/install/first_interfaces/lib/python3.8/site-packages'
[1.563s] Level 1:colcon.colcon_core.shell:create_environment_hook('first_interfaces', 'pythonpath')
[1.563s] INFO:colcon.colcon_core.shell:Creating environment hook '/home/iliass/ros2_athens_ws/install/first_interfaces/share/first_interfaces/hook/pythonpath.ps1'
[1.564s] INFO:colcon.colcon_core.shell:Creating environment descriptor '/home/iliass/ros2_athens_ws/install/first_interfaces/share/first_interfaces/hook/pythonpath.dsv'
[1.565s] INFO:colcon.colcon_core.shell:Creating environment hook '/home/iliass/ros2_athens_ws/install/first_interfaces/share/first_interfaces/hook/pythonpath.sh'
[1.566s] Level 1:colcon.colcon_core.environment:checking '/home/iliass/ros2_athens_ws/install/first_interfaces/bin'
[1.567s] INFO:colcon.colcon_core.shell:Creating package script '/home/iliass/ros2_athens_ws/install/first_interfaces/share/first_interfaces/package.ps1'
[1.568s] INFO:colcon.colcon_core.shell:Creating package descriptor '/home/iliass/ros2_athens_ws/install/first_interfaces/share/first_interfaces/package.dsv'
[1.569s] INFO:colcon.colcon_core.shell:Creating package script '/home/iliass/ros2_athens_ws/install/first_interfaces/share/first_interfaces/package.sh'
[1.570s] INFO:colcon.colcon_core.shell:Creating package script '/home/iliass/ros2_athens_ws/install/first_interfaces/share/first_interfaces/package.bash'
[1.571s] INFO:colcon.colcon_core.shell:Creating package script '/home/iliass/ros2_athens_ws/install/first_interfaces/share/first_interfaces/package.zsh'
[1.572s] Level 1:colcon.colcon_core.environment:create_file_with_runtime_dependencies(/home/iliass/ros2_athens_ws/install/first_interfaces/share/colcon-core/packages/first_interfaces)
[1.573s] INFO:colcon.colcon_ros.task.ament_python.build:Building ROS package in '/home/iliass/ros2_athens_ws/src/first_package' with build type 'ament_python'
[1.574s] Level 1:colcon.colcon_core.shell:create_environment_hook('first_package', 'ament_prefix_path')
[1.574s] INFO:colcon.colcon_core.shell:Creating environment hook '/home/iliass/ros2_athens_ws/install/first_package/share/first_package/hook/ament_prefix_path.ps1'
[1.577s] INFO:colcon.colcon_core.shell:Creating environment descriptor '/home/iliass/ros2_athens_ws/install/first_package/share/first_package/hook/ament_prefix_path.dsv'
[1.580s] INFO:colcon.colcon_core.shell:Creating environment hook '/home/iliass/ros2_athens_ws/install/first_package/share/first_package/hook/ament_prefix_path.sh'
[1.581s] INFO:colcon.colcon_core.shell:Skip shell extension 'powershell' for command environment: Not usable outside of PowerShell
[1.581s] DEBUG:colcon.colcon_core.shell:Skip shell extension 'dsv' for command environment
[1.636s] Level 1:colcon.colcon_core.environment:create_environment_scripts_only(stm_interfaces)
[1.636s] Level 1:colcon.colcon_core.environment:checking '/home/iliass/ros2_athens_ws/install/stm_interfaces' for CMake module files
[1.637s] Level 1:colcon.colcon_core.environment:checking '/home/iliass/ros2_athens_ws/install/stm_interfaces' for CMake config files
[1.638s] Level 1:colcon.colcon_core.shell:create_environment_hook('stm_interfaces', 'cmake_prefix_path')
[1.639s] INFO:colcon.colcon_core.shell:Creating environment hook '/home/iliass/ros2_athens_ws/install/stm_interfaces/share/stm_interfaces/hook/cmake_prefix_path.ps1'
[1.640s] INFO:colcon.colcon_core.shell:Creating environment descriptor '/home/iliass/ros2_athens_ws/install/stm_interfaces/share/stm_interfaces/hook/cmake_prefix_path.dsv'
[1.641s] INFO:colcon.colcon_core.shell:Creating environment hook '/home/iliass/ros2_athens_ws/install/stm_interfaces/share/stm_interfaces/hook/cmake_prefix_path.sh'
[1.642s] Level 1:colcon.colcon_core.environment:checking '/home/iliass/ros2_athens_ws/install/stm_interfaces/lib'
[1.642s] Level 1:colcon.colcon_core.shell:create_environment_hook('stm_interfaces', 'ld_library_path_lib')
[1.642s] INFO:colcon.colcon_core.shell:Creating environment hook '/home/iliass/ros2_athens_ws/install/stm_interfaces/share/stm_interfaces/hook/ld_library_path_lib.ps1'
[1.643s] INFO:colcon.colcon_core.shell:Creating environment descriptor '/home/iliass/ros2_athens_ws/install/stm_interfaces/share/stm_interfaces/hook/ld_library_path_lib.dsv'
[1.643s] INFO:colcon.colcon_core.shell:Creating environment hook '/home/iliass/ros2_athens_ws/install/stm_interfaces/share/stm_interfaces/hook/ld_library_path_lib.sh'
[1.644s] Level 1:colcon.colcon_core.environment:checking '/home/iliass/ros2_athens_ws/install/stm_interfaces/bin'
[1.644s] Level 1:colcon.colcon_core.environment:checking '/home/iliass/ros2_athens_ws/install/stm_interfaces/lib/pkgconfig/stm_interfaces.pc'
[1.644s] Level 1:colcon.colcon_core.environment:checking '/home/iliass/ros2_athens_ws/install/stm_interfaces/lib/python3.8/site-packages'
[1.645s] Level 1:colcon.colcon_core.shell:create_environment_hook('stm_interfaces', 'pythonpath')
[1.645s] INFO:colcon.colcon_core.shell:Creating environment hook '/home/iliass/ros2_athens_ws/install/stm_interfaces/share/stm_interfaces/hook/pythonpath.ps1'
[1.645s] INFO:colcon.colcon_core.shell:Creating environment descriptor '/home/iliass/ros2_athens_ws/install/stm_interfaces/share/stm_interfaces/hook/pythonpath.dsv'
[1.646s] INFO:colcon.colcon_core.shell:Creating environment hook '/home/iliass/ros2_athens_ws/install/stm_interfaces/share/stm_interfaces/hook/pythonpath.sh'
[1.647s] Level 1:colcon.colcon_core.environment:checking '/home/iliass/ros2_athens_ws/install/stm_interfaces/bin'
[1.647s] INFO:colcon.colcon_core.shell:Creating package script '/home/iliass/ros2_athens_ws/install/stm_interfaces/share/stm_interfaces/package.ps1'
[1.648s] INFO:colcon.colcon_core.shell:Creating package descriptor '/home/iliass/ros2_athens_ws/install/stm_interfaces/share/stm_interfaces/package.dsv'
[1.649s] INFO:colcon.colcon_core.shell:Creating package script '/home/iliass/ros2_athens_ws/install/stm_interfaces/share/stm_interfaces/package.sh'
[1.649s] INFO:colcon.colcon_core.shell:Creating package script '/home/iliass/ros2_athens_ws/install/stm_interfaces/share/stm_interfaces/package.bash'
[1.650s] INFO:colcon.colcon_core.shell:Creating package script '/home/iliass/ros2_athens_ws/install/stm_interfaces/share/stm_interfaces/package.zsh'
[1.651s] Level 1:colcon.colcon_core.environment:create_file_with_runtime_dependencies(/home/iliass/ros2_athens_ws/install/stm_interfaces/share/colcon-core/packages/stm_interfaces)
[1.651s] INFO:colcon.colcon_ros.task.ament_python.build:Building ROS package in '/home/iliass/ros2_athens_ws/src/stm_station' with build type 'ament_python'
[1.653s] Level 1:colcon.colcon_core.shell:create_environment_hook('stm_station', 'ament_prefix_path')
[1.653s] INFO:colcon.colcon_core.shell:Creating environment hook '/home/iliass/ros2_athens_ws/install/stm_station/share/stm_station/hook/ament_prefix_path.ps1'
[1.655s] INFO:colcon.colcon_core.shell:Creating environment descriptor '/home/iliass/ros2_athens_ws/install/stm_station/share/stm_station/hook/ament_prefix_path.dsv'
[1.655s] INFO:colcon.colcon_core.shell:Creating environment hook '/home/iliass/ros2_athens_ws/install/stm_station/share/stm_station/hook/ament_prefix_path.sh'
[1.656s] INFO:colcon.colcon_core.shell:Skip shell extension 'powershell' for command environment: Not usable outside of PowerShell
[1.656s] DEBUG:colcon.colcon_core.shell:Skip shell extension 'dsv' for command environment
[2.136s] INFO:colcon.colcon_core.task.python.build:Building Python package in '/home/iliass/ros2_athens_ws/src/first_package'
[2.138s] INFO:colcon.colcon_core.shell:Skip shell extension 'powershell' for command environment: Not usable outside of PowerShell
[2.139s] DEBUG:colcon.colcon_core.shell:Skip shell extension 'dsv' for command environment
[2.377s] INFO:colcon.colcon_core.task.python.build:Building Python package in '/home/iliass/ros2_athens_ws/src/stm_station'
[2.378s] INFO:colcon.colcon_core.shell:Skip shell extension 'powershell' for command environment: Not usable outside of PowerShell
[2.378s] DEBUG:colcon.colcon_core.shell:Skip shell extension 'dsv' for command environment
[2.855s] DEBUG:colcon.colcon_core.event_handler.log_command:Invoking command in '/home/iliass/ros2_athens_ws/src/first_package': CMAKE_PREFIX_PATH=/home/iliass/ros2_athens_ws/install/first_interfaces:/home/iliass/ros2_athens_ws/install/stm_interfaces LD_LIBRARY_PATH=/home/iliass/ros2_athens_ws/install/first_interfaces/lib:/home/iliass/ros2_athens_ws/install/stm_interfaces/lib:/opt/ros/foxy/opt/yaml_cpp_vendor/lib:/opt/ros/foxy/opt/rviz_ogre_vendor/lib:/opt/ros/foxy/lib/x86_64-linux-gnu:/opt/ros/foxy/lib PYTHONPATH=/home/iliass/ros2_athens_ws/build/first_package/prefix_override:/usr/lib/python3/dist-packages/colcon_core/task/python/colcon_distutils_commands:/home/iliass/ros2_athens_ws/install/first_package/lib/python3.8/site-packages:/home/iliass/ros2_athens_ws/install/first_interfaces/lib/python3.8/site-packages:/home/iliass/ros2_athens_ws/install/stm_station/lib/python3.8/site-packages:/home/iliass/ros2_athens_ws/install/stm_interfaces/lib/python3.8/site-packages:/home/iliass/ros2_athens_ws/install/first_package/lib/python3.8/site-packages:/opt/ros/foxy/lib/python3.8/site-packages /usr/bin/python3 -W ignore:setup.py install is deprecated setup.py egg_info --egg-base ../../build/first_package build --build-base /home/iliass/ros2_athens_ws/build/first_package/build install --record /home/iliass/ros2_athens_ws/build/first_package/install.log --install-scripts $base/lib/first_package --single-version-externally-managed install_data
[3.144s] Level 1:colcon.colcon_core.environment:checking '/home/iliass/ros2_athens_ws/install/first_package' for CMake module files
[3.145s] Level 1:colcon.colcon_core.environment:checking '/home/iliass/ros2_athens_ws/install/first_package' for CMake config files
[3.146s] DEBUG:colcon.colcon_core.event_handler.log_command:Invoked command in '/home/iliass/ros2_athens_ws/src/first_package' returned '0': CMAKE_PREFIX_PATH=/home/iliass/ros2_athens_ws/install/first_interfaces:/home/iliass/ros2_athens_ws/install/stm_interfaces LD_LIBRARY_PATH=/home/iliass/ros2_athens_ws/install/first_interfaces/lib:/home/iliass/ros2_athens_ws/install/stm_interfaces/lib:/opt/ros/foxy/opt/yaml_cpp_vendor/lib:/opt/ros/foxy/opt/rviz_ogre_vendor/lib:/opt/ros/foxy/lib/x86_64-linux-gnu:/opt/ros/foxy/lib PYTHONPATH=/home/iliass/ros2_athens_ws/build/first_package/prefix_override:/usr/lib/python3/dist-packages/colcon_core/task/python/colcon_distutils_commands:/home/iliass/ros2_athens_ws/install/first_package/lib/python3.8/site-packages:/home/iliass/ros2_athens_ws/install/first_interfaces/lib/python3.8/site-packages:/home/iliass/ros2_athens_ws/install/stm_station/lib/python3.8/site-packages:/home/iliass/ros2_athens_ws/install/stm_interfaces/lib/python3.8/site-packages:/home/iliass/ros2_athens_ws/install/first_package/lib/python3.8/site-packages:/opt/ros/foxy/lib/python3.8/site-packages /usr/bin/python3 -W ignore:setup.py install is deprecated setup.py egg_info --egg-base ../../build/first_package build --build-base /home/iliass/ros2_athens_ws/build/first_package/build install --record /home/iliass/ros2_athens_ws/build/first_package/install.log --install-scripts $base/lib/first_package --single-version-externally-managed install_data
[3.146s] Level 1:colcon.colcon_core.environment:checking '/home/iliass/ros2_athens_ws/install/first_package/lib'
[3.146s] Level 1:colcon.colcon_core.environment:checking '/home/iliass/ros2_athens_ws/install/first_package/bin'
[3.147s] Level 1:colcon.colcon_core.environment:checking '/home/iliass/ros2_athens_ws/install/first_package/lib/pkgconfig/first_package.pc'
[3.147s] Level 1:colcon.colcon_core.environment:checking '/home/iliass/ros2_athens_ws/install/first_package/lib/python3.8/site-packages'
[3.147s] Level 1:colcon.colcon_core.shell:create_environment_hook('first_package', 'pythonpath')
[3.147s] INFO:colcon.colcon_core.shell:Creating environment hook '/home/iliass/ros2_athens_ws/install/first_package/share/first_package/hook/pythonpath.ps1'
[3.148s] INFO:colcon.colcon_core.shell:Creating environment descriptor '/home/iliass/ros2_athens_ws/install/first_package/share/first_package/hook/pythonpath.dsv'
[3.148s] INFO:colcon.colcon_core.shell:Creating environment hook '/home/iliass/ros2_athens_ws/install/first_package/share/first_package/hook/pythonpath.sh'
[3.149s] Level 1:colcon.colcon_core.environment:checking '/home/iliass/ros2_athens_ws/install/first_package/bin'
[3.149s] Level 1:colcon.colcon_core.environment:create_environment_scripts_only(first_package)
[3.149s] INFO:colcon.colcon_core.shell:Creating package script '/home/iliass/ros2_athens_ws/install/first_package/share/first_package/package.ps1'
[3.150s] INFO:colcon.colcon_core.shell:Creating package descriptor '/home/iliass/ros2_athens_ws/install/first_package/share/first_package/package.dsv'
[3.150s] INFO:colcon.colcon_core.shell:Creating package script '/home/iliass/ros2_athens_ws/install/first_package/share/first_package/package.sh'
[3.151s] INFO:colcon.colcon_core.shell:Creating package script '/home/iliass/ros2_athens_ws/install/first_package/share/first_package/package.bash'
[3.151s] INFO:colcon.colcon_core.shell:Creating package script '/home/iliass/ros2_athens_ws/install/first_package/share/first_package/package.zsh'
[3.152s] Level 1:colcon.colcon_core.environment:create_file_with_runtime_dependencies(/home/iliass/ros2_athens_ws/install/first_package/share/colcon-core/packages/first_package)
[3.196s] DEBUG:colcon.colcon_core.event_handler.log_command:Invoking command in '/home/iliass/ros2_athens_ws/src/stm_station': PYTHONPATH=/home/iliass/ros2_athens_ws/build/stm_station/prefix_override:/usr/lib/python3/dist-packages/colcon_core/task/python/colcon_distutils_commands:/home/iliass/ros2_athens_ws/install/stm_station/lib/python3.8/site-packages:/home/iliass/ros2_athens_ws/install/stm_interfaces/lib/python3.8/site-packages:/home/iliass/ros2_athens_ws/install/stm_station/lib/python3.8/site-packages:/home/iliass/ros2_athens_ws/install/first_package/lib/python3.8/site-packages:/home/iliass/ros2_athens_ws/install/first_interfaces/lib/python3.8/site-packages:/opt/ros/foxy/lib/python3.8/site-packages /usr/bin/python3 -W ignore:setup.py install is deprecated setup.py egg_info --egg-base ../../build/stm_station build --build-base /home/iliass/ros2_athens_ws/build/stm_station/build install --record /home/iliass/ros2_athens_ws/build/stm_station/install.log --install-scripts $base/lib/stm_station --single-version-externally-managed install_data
[3.483s] Level 1:colcon.colcon_core.environment:checking '/home/iliass/ros2_athens_ws/install/stm_station' for CMake module files
[3.484s] DEBUG:colcon.colcon_core.event_handler.log_command:Invoked command in '/home/iliass/ros2_athens_ws/src/stm_station' returned '0': PYTHONPATH=/home/iliass/ros2_athens_ws/build/stm_station/prefix_override:/usr/lib/python3/dist-packages/colcon_core/task/python/colcon_distutils_commands:/home/iliass/ros2_athens_ws/install/stm_station/lib/python3.8/site-packages:/home/iliass/ros2_athens_ws/install/stm_interfaces/lib/python3.8/site-packages:/home/iliass/ros2_athens_ws/install/stm_station/lib/python3.8/site-packages:/home/iliass/ros2_athens_ws/install/first_package/lib/python3.8/site-packages:/home/iliass/ros2_athens_ws/install/first_interfaces/lib/python3.8/site-packages:/opt/ros/foxy/lib/python3.8/site-packages /usr/bin/python3 -W ignore:setup.py install is deprecated setup.py egg_info --egg-base ../../build/stm_station build --build-base /home/iliass/ros2_athens_ws/build/stm_station/build install --record /home/iliass/ros2_athens_ws/build/stm_station/install.log --install-scripts $base/lib/stm_station --single-version-externally-managed install_data
[3.484s] Level 1:colcon.colcon_core.environment:checking '/home/iliass/ros2_athens_ws/install/stm_station' for CMake config files
[3.485s] Level 1:colcon.colcon_core.environment:checking '/home/iliass/ros2_athens_ws/install/stm_station/lib'
[3.485s] Level 1:colcon.colcon_core.environment:checking '/home/iliass/ros2_athens_ws/install/stm_station/bin'
[3.485s] Level 1:colcon.colcon_core.environment:checking '/home/iliass/ros2_athens_ws/install/stm_station/lib/pkgconfig/stm_station.pc'
[3.486s] Level 1:colcon.colcon_core.environment:checking '/home/iliass/ros2_athens_ws/install/stm_station/lib/python3.8/site-packages'
[3.486s] Level 1:colcon.colcon_core.shell:create_environment_hook('stm_station', 'pythonpath')
[3.486s] INFO:colcon.colcon_core.shell:Creating environment hook '/home/iliass/ros2_athens_ws/install/stm_station/share/stm_station/hook/pythonpath.ps1'
[3.487s] INFO:colcon.colcon_core.shell:Creating environment descriptor '/home/iliass/ros2_athens_ws/install/stm_station/share/stm_station/hook/pythonpath.dsv'
[3.488s] INFO:colcon.colcon_core.shell:Creating environment hook '/home/iliass/ros2_athens_ws/install/stm_station/share/stm_station/hook/pythonpath.sh'
[3.489s] Level 1:colcon.colcon_core.environment:checking '/home/iliass/ros2_athens_ws/install/stm_station/bin'
[3.489s] Level 1:colcon.colcon_core.environment:create_environment_scripts_only(stm_station)
[3.489s] INFO:colcon.colcon_core.shell:Creating package script '/home/iliass/ros2_athens_ws/install/stm_station/share/stm_station/package.ps1'
[3.490s] INFO:colcon.colcon_core.shell:Creating package descriptor '/home/iliass/ros2_athens_ws/install/stm_station/share/stm_station/package.dsv'
[3.490s] INFO:colcon.colcon_core.shell:Creating package script '/home/iliass/ros2_athens_ws/install/stm_station/share/stm_station/package.sh'
[3.491s] INFO:colcon.colcon_core.shell:Creating package script '/home/iliass/ros2_athens_ws/install/stm_station/share/stm_station/package.bash'
[3.491s] INFO:colcon.colcon_core.shell:Creating package script '/home/iliass/ros2_athens_ws/install/stm_station/share/stm_station/package.zsh'
[3.491s] Level 1:colcon.colcon_core.environment:create_file_with_runtime_dependencies(/home/iliass/ros2_athens_ws/install/stm_station/share/colcon-core/packages/stm_station)
[3.492s] DEBUG:colcon.colcon_parallel_executor.executor.parallel:closing loop
[3.492s] DEBUG:colcon.colcon_parallel_executor.executor.parallel:loop closed
[3.493s] DEBUG:colcon.colcon_parallel_executor.executor.parallel:run_until_complete finished with '0'
[3.493s] DEBUG:colcon.colcon_core.event_reactor:joining thread
[3.578s] INFO:colcon.colcon_core.plugin_system:Skipping extension 'colcon_notification.desktop_notification.notify_send': Could not find 'notify-send'
[3.579s] INFO:colcon.colcon_core.plugin_system:Skipping extension 'colcon_notification.desktop_notification.terminal_notifier': Not used on non-Darwin systems
[3.579s] INFO:colcon.colcon_core.plugin_system:Skipping extension 'colcon_notification.desktop_notification.win32': Not used on non-Windows systems
[3.579s] INFO:colcon.colcon_notification.desktop_notification:Sending desktop notification using 'notify2'
[3.581s] DEBUG:colcon.colcon_notification.desktop_notification.notify2:Failed to initialize notify2: org.freedesktop.DBus.Error.ServiceUnknown: The name org.freedesktop.Notifications was not provided by any .service files
[3.582s] DEBUG:colcon.colcon_core.event_reactor:joined thread
[3.583s] INFO:colcon.colcon_core.shell:Creating prefix script '/home/iliass/ros2_athens_ws/install/local_setup.ps1'
[3.586s] INFO:colcon.colcon_core.shell:Creating prefix util module '/home/iliass/ros2_athens_ws/install/_local_setup_util_ps1.py'
[3.588s] INFO:colcon.colcon_core.shell:Creating prefix chain script '/home/iliass/ros2_athens_ws/install/setup.ps1'
[3.591s] INFO:colcon.colcon_core.shell:Creating prefix script '/home/iliass/ros2_athens_ws/install/local_setup.sh'
[3.592s] INFO:colcon.colcon_core.shell:Creating prefix util module '/home/iliass/ros2_athens_ws/install/_local_setup_util_sh.py'
[3.594s] INFO:colcon.colcon_core.shell:Creating prefix chain script '/home/iliass/ros2_athens_ws/install/setup.sh'
[3.596s] INFO:colcon.colcon_core.shell:Creating prefix script '/home/iliass/ros2_athens_ws/install/local_setup.bash'
[3.597s] INFO:colcon.colcon_core.shell:Creating prefix chain script '/home/iliass/ros2_athens_ws/install/setup.bash'
[3.599s] INFO:colcon.colcon_core.shell:Creating prefix script '/home/iliass/ros2_athens_ws/install/local_setup.zsh'
[3.600s] INFO:colcon.colcon_core.shell:Creating prefix chain script '/home/iliass/ros2_athens_ws/install/setup.zsh'
