[0.863s] DEBUG:colcon:Command line arguments: ['/usr/bin/colcon', 'build']
[0.864s] DEBUG:colcon:Parsed command line arguments: Namespace(allow_overriding=[], ament_cmake_args=None, base_paths=['.'], build_base='build', catkin_cmake_args=None, catkin_skip_building_tests=False, cmake_args=None, cmake_clean_cache=False, cmake_clean_first=False, cmake_force_configure=False, cmake_target=None, cmake_target_skip_unavailable=False, continue_on_error=False, event_handlers=None, executor='parallel', ignore_user_meta=False, install_base='install', log_base=None, log_level=None, main=<bound method BuildVerb.main of <colcon_core.verb.build.BuildVerb object at 0x7f67cc5ecdf0>>, merge_install=False, metas=['./colcon.meta'], packages_above=None, packages_above_and_dependencies=None, packages_above_depth=None, packages_end=None, packages_ignore=None, packages_ignore_regex=None, packages_select=None, packages_select_build_failed=False, packages_select_by_dep=None, packages_select_regex=None, packages_select_test_failures=False, packages_skip=None, packages_skip_build_finished=False, packages_skip_by_dep=None, packages_skip_regex=None, packages_skip_test_passed=False, packages_skip_up_to=None, packages_start=None, packages_up_to=None, packages_up_to_regex=None, parallel_workers=16, paths=None, symlink_install=False, test_result_base=None, verb_extension=<colcon_core.verb.build.BuildVerb object at 0x7f67cc5ecdf0>, verb_name='build', verb_parser=<colcon_defaults.argument_parser.defaults.DefaultArgumentsDecorator object at 0x7f67cc5f63a0>)
[1.017s] Level 1:colcon.colcon_core.package_discovery:discover_packages(colcon_meta) check parameters
[1.018s] Level 1:colcon.colcon_core.package_discovery:discover_packages(recursive) check parameters
[1.018s] Level 1:colcon.colcon_core.package_discovery:discover_packages(ignore) check parameters
[1.018s] Level 1:colcon.colcon_core.package_discovery:discover_packages(path) check parameters
[1.018s] Level 1:colcon.colcon_core.package_discovery:discover_packages(colcon_meta) discover
[1.018s] Level 1:colcon.colcon_core.package_discovery:discover_packages(recursive) discover
[1.018s] INFO:colcon.colcon_core.package_discovery:Crawling recursively for packages in '/home/iliass/ros2_athens_ws'
[1.018s] Level 1:colcon.colcon_core.package_identification:_identify(.) by extensions ['ignore', 'ignore_ament_install']
[1.018s] Level 1:colcon.colcon_core.package_identification:_identify(.) by extension 'ignore'
[1.018s] Level 1:colcon.colcon_core.package_identification:_identify(.) by extension 'ignore_ament_install'
[1.018s] Level 1:colcon.colcon_core.package_identification:_identify(.) by extensions ['colcon_pkg']
[1.018s] Level 1:colcon.colcon_core.package_identification:_identify(.) by extension 'colcon_pkg'
[1.018s] Level 1:colcon.colcon_core.package_identification:_identify(.) by extensions ['colcon_meta']
[1.018s] Level 1:colcon.colcon_core.package_identification:_identify(.) by extension 'colcon_meta'
[1.018s] Level 1:colcon.colcon_core.package_identification:_identify(.) by extensions ['ros']
[1.018s] Level 1:colcon.colcon_core.package_identification:_identify(.) by extension 'ros'
[1.029s] Level 1:colcon.colcon_core.package_identification:_identify(.) by extensions ['cmake', 'python']
[1.029s] Level 1:colcon.colcon_core.package_identification:_identify(.) by extension 'cmake'
[1.029s] Level 1:colcon.colcon_core.package_identification:_identify(.) by extension 'python'
[1.029s] Level 1:colcon.colcon_core.package_identification:_identify(.) by extensions ['python_setup_py']
[1.029s] Level 1:colcon.colcon_core.package_identification:_identify(.) by extension 'python_setup_py'
[1.030s] Level 1:colcon.colcon_core.package_identification:_identify(bags) by extensions ['ignore', 'ignore_ament_install']
[1.030s] Level 1:colcon.colcon_core.package_identification:_identify(bags) by extension 'ignore'
[1.030s] Level 1:colcon.colcon_core.package_identification:_identify(bags) by extension 'ignore_ament_install'
[1.030s] Level 1:colcon.colcon_core.package_identification:_identify(bags) by extensions ['colcon_pkg']
[1.030s] Level 1:colcon.colcon_core.package_identification:_identify(bags) by extension 'colcon_pkg'
[1.030s] Level 1:colcon.colcon_core.package_identification:_identify(bags) by extensions ['colcon_meta']
[1.030s] Level 1:colcon.colcon_core.package_identification:_identify(bags) by extension 'colcon_meta'
[1.030s] Level 1:colcon.colcon_core.package_identification:_identify(bags) by extensions ['ros']
[1.030s] Level 1:colcon.colcon_core.package_identification:_identify(bags) by extension 'ros'
[1.030s] Level 1:colcon.colcon_core.package_identification:_identify(bags) by extensions ['cmake', 'python']
[1.030s] Level 1:colcon.colcon_core.package_identification:_identify(bags) by extension 'cmake'
[1.030s] Level 1:colcon.colcon_core.package_identification:_identify(bags) by extension 'python'
[1.030s] Level 1:colcon.colcon_core.package_identification:_identify(bags) by extensions ['python_setup_py']
[1.030s] Level 1:colcon.colcon_core.package_identification:_identify(bags) by extension 'python_setup_py'
[1.030s] Level 1:colcon.colcon_core.package_identification:_identify(bags/motor) by extensions ['ignore', 'ignore_ament_install']
[1.030s] Level 1:colcon.colcon_core.package_identification:_identify(bags/motor) by extension 'ignore'
[1.030s] Level 1:colcon.colcon_core.package_identification:_identify(bags/motor) by extension 'ignore_ament_install'
[1.030s] Level 1:colcon.colcon_core.package_identification:_identify(bags/motor) by extensions ['colcon_pkg']
[1.030s] Level 1:colcon.colcon_core.package_identification:_identify(bags/motor) by extension 'colcon_pkg'
[1.031s] Level 1:colcon.colcon_core.package_identification:_identify(bags/motor) by extensions ['colcon_meta']
[1.031s] Level 1:colcon.colcon_core.package_identification:_identify(bags/motor) by extension 'colcon_meta'
[1.031s] Level 1:colcon.colcon_core.package_identification:_identify(bags/motor) by extensions ['ros']
[1.031s] Level 1:colcon.colcon_core.package_identification:_identify(bags/motor) by extension 'ros'
[1.031s] Level 1:colcon.colcon_core.package_identification:_identify(bags/motor) by extensions ['cmake', 'python']
[1.031s] Level 1:colcon.colcon_core.package_identification:_identify(bags/motor) by extension 'cmake'
[1.031s] Level 1:colcon.colcon_core.package_identification:_identify(bags/motor) by extension 'python'
[1.031s] Level 1:colcon.colcon_core.package_identification:_identify(bags/motor) by extensions ['python_setup_py']
[1.031s] Level 1:colcon.colcon_core.package_identification:_identify(bags/motor) by extension 'python_setup_py'
[1.031s] Level 1:colcon.colcon_core.package_identification:_identify(bags/turtlesim_demo) by extensions ['ignore', 'ignore_ament_install']
[1.031s] Level 1:colcon.colcon_core.package_identification:_identify(bags/turtlesim_demo) by extension 'ignore'
[1.031s] Level 1:colcon.colcon_core.package_identification:_identify(bags/turtlesim_demo) by extension 'ignore_ament_install'
[1.031s] Level 1:colcon.colcon_core.package_identification:_identify(bags/turtlesim_demo) by extensions ['colcon_pkg']
[1.031s] Level 1:colcon.colcon_core.package_identification:_identify(bags/turtlesim_demo) by extension 'colcon_pkg'
[1.031s] Level 1:colcon.colcon_core.package_identification:_identify(bags/turtlesim_demo) by extensions ['colcon_meta']
[1.031s] Level 1:colcon.colcon_core.package_identification:_identify(bags/turtlesim_demo) by extension 'colcon_meta'
[1.031s] Level 1:colcon.colcon_core.package_identification:_identify(bags/turtlesim_demo) by extensions ['ros']
[1.031s] Level 1:colcon.colcon_core.package_identification:_identify(bags/turtlesim_demo) by extension 'ros'
[1.031s] Level 1:colcon.colcon_core.package_identification:_identify(bags/turtlesim_demo) by extensions ['cmake', 'python']
[1.031s] Level 1:colcon.colcon_core.package_identification:_identify(bags/turtlesim_demo) by extension 'cmake'
[1.031s] Level 1:colcon.colcon_core.package_identification:_identify(bags/turtlesim_demo) by extension 'python'
[1.031s] Level 1:colcon.colcon_core.package_identification:_identify(bags/turtlesim_demo) by extensions ['python_setup_py']
[1.031s] Level 1:colcon.colcon_core.package_identification:_identify(bags/turtlesim_demo) by extension 'python_setup_py'
[1.031s] Level 1:colcon.colcon_core.package_identification:_identify(build) by extensions ['ignore', 'ignore_ament_install']
[1.032s] Level 1:colcon.colcon_core.package_identification:_identify(build) by extension 'ignore'
[1.032s] Level 1:colcon.colcon_core.package_identification:_identify(build) ignored
[1.032s] Level 1:colcon.colcon_core.package_identification:_identify(install) by extensions ['ignore', 'ignore_ament_install']
[1.032s] Level 1:colcon.colcon_core.package_identification:_identify(install) by extension 'ignore'
[1.032s] Level 1:colcon.colcon_core.package_identification:_identify(install) ignored
[1.032s] Level 1:colcon.colcon_core.package_identification:_identify(log) by extensions ['ignore', 'ignore_ament_install']
[1.032s] Level 1:colcon.colcon_core.package_identification:_identify(log) by extension 'ignore'
[1.032s] Level 1:colcon.colcon_core.package_identification:_identify(log) ignored
[1.032s] Level 1:colcon.colcon_core.package_identification:_identify(src) by extensions ['ignore', 'ignore_ament_install']
[1.032s] Level 1:colcon.colcon_core.package_identification:_identify(src) by extension 'ignore'
[1.032s] Level 1:colcon.colcon_core.package_identification:_identify(src) by extension 'ignore_ament_install'
[1.032s] Level 1:colcon.colcon_core.package_identification:_identify(src) by extensions ['colcon_pkg']
[1.032s] Level 1:colcon.colcon_core.package_identification:_identify(src) by extension 'colcon_pkg'
[1.032s] Level 1:colcon.colcon_core.package_identification:_identify(src) by extensions ['colcon_meta']
[1.032s] Level 1:colcon.colcon_core.package_identification:_identify(src) by extension 'colcon_meta'
[1.033s] Level 1:colcon.colcon_core.package_identification:_identify(src) by extensions ['ros']
[1.033s] Level 1:colcon.colcon_core.package_identification:_identify(src) by extension 'ros'
[1.033s] Level 1:colcon.colcon_core.package_identification:_identify(src) by extensions ['cmake', 'python']
[1.033s] Level 1:colcon.colcon_core.package_identification:_identify(src) by extension 'cmake'
[1.033s] Level 1:colcon.colcon_core.package_identification:_identify(src) by extension 'python'
[1.033s] Level 1:colcon.colcon_core.package_identification:_identify(src) by extensions ['python_setup_py']
[1.033s] Level 1:colcon.colcon_core.package_identification:_identify(src) by extension 'python_setup_py'
[1.033s] Level 1:colcon.colcon_core.package_identification:_identify(src/first_interfaces) by extensions ['ignore', 'ignore_ament_install']
[1.033s] Level 1:colcon.colcon_core.package_identification:_identify(src/first_interfaces) by extension 'ignore'
[1.033s] Level 1:colcon.colcon_core.package_identification:_identify(src/first_interfaces) by extension 'ignore_ament_install'
[1.033s] Level 1:colcon.colcon_core.package_identification:_identify(src/first_interfaces) by extensions ['colcon_pkg']
[1.033s] Level 1:colcon.colcon_core.package_identification:_identify(src/first_interfaces) by extension 'colcon_pkg'
[1.033s] Level 1:colcon.colcon_core.package_identification:_identify(src/first_interfaces) by extensions ['colcon_meta']
[1.033s] Level 1:colcon.colcon_core.package_identification:_identify(src/first_interfaces) by extension 'colcon_meta'
[1.033s] Level 1:colcon.colcon_core.package_identification:_identify(src/first_interfaces) by extensions ['ros']
[1.033s] Level 1:colcon.colcon_core.package_identification:_identify(src/first_interfaces) by extension 'ros'
[1.036s] DEBUG:colcon.colcon_core.package_identification:Package 'src/first_interfaces' with type 'ros.ament_cmake' and name 'first_interfaces'
[1.036s] Level 1:colcon.colcon_core.package_identification:_identify(src/first_package) by extensions ['ignore', 'ignore_ament_install']
[1.036s] Level 1:colcon.colcon_core.package_identification:_identify(src/first_package) by extension 'ignore'
[1.036s] Level 1:colcon.colcon_core.package_identification:_identify(src/first_package) by extension 'ignore_ament_install'
[1.036s] Level 1:colcon.colcon_core.package_identification:_identify(src/first_package) by extensions ['colcon_pkg']
[1.036s] Level 1:colcon.colcon_core.package_identification:_identify(src/first_package) by extension 'colcon_pkg'
[1.036s] Level 1:colcon.colcon_core.package_identification:_identify(src/first_package) by extensions ['colcon_meta']
[1.036s] Level 1:colcon.colcon_core.package_identification:_identify(src/first_package) by extension 'colcon_meta'
[1.036s] Level 1:colcon.colcon_core.package_identification:_identify(src/first_package) by extensions ['ros']
[1.036s] Level 1:colcon.colcon_core.package_identification:_identify(src/first_package) by extension 'ros'
[1.038s] DEBUG:colcon.colcon_core.package_identification:Package 'src/first_package' with type 'ros.ament_python' and name 'first_package'
[1.038s] Level 1:colcon.colcon_core.package_identification:_identify(src/stm_interfaces) by extensions ['ignore', 'ignore_ament_install']
[1.038s] Level 1:colcon.colcon_core.package_identification:_identify(src/stm_interfaces) by extension 'ignore'
[1.038s] Level 1:colcon.colcon_core.package_identification:_identify(src/stm_interfaces) by extension 'ignore_ament_install'
[1.038s] Level 1:colcon.colcon_core.package_identification:_identify(src/stm_interfaces) by extensions ['colcon_pkg']
[1.038s] Level 1:colcon.colcon_core.package_identification:_identify(src/stm_interfaces) by extension 'colcon_pkg'
[1.038s] Level 1:colcon.colcon_core.package_identification:_identify(src/stm_interfaces) by extensions ['colcon_meta']
[1.038s] Level 1:colcon.colcon_core.package_identification:_identify(src/stm_interfaces) by extension 'colcon_meta'
[1.039s] Level 1:colcon.colcon_core.package_identification:_identify(src/stm_interfaces) by extensions ['ros']
[1.039s] Level 1:colcon.colcon_core.package_identification:_identify(src/stm_interfaces) by extension 'ros'
[1.039s] DEBUG:colcon.colcon_core.package_identification:Package 'src/stm_interfaces' with type 'ros.ament_cmake' and name 'stm_interfaces'
[1.039s] Level 1:colcon.colcon_core.package_identification:_identify(src/stm_station) by extensions ['ignore', 'ignore_ament_install']
[1.039s] Level 1:colcon.colcon_core.package_identification:_identify(src/stm_station) by extension 'ignore'
[1.039s] Level 1:colcon.colcon_core.package_identification:_identify(src/stm_station) by extension 'ignore_ament_install'
[1.039s] Level 1:colcon.colcon_core.package_identification:_identify(src/stm_station) by extensions ['colcon_pkg']
[1.040s] Level 1:colcon.colcon_core.package_identification:_identify(src/stm_station) by extension 'colcon_pkg'
[1.040s] Level 1:colcon.colcon_core.package_identification:_identify(src/stm_station) by extensions ['colcon_meta']
[1.040s] Level 1:colcon.colcon_core.package_identification:_identify(src/stm_station) by extension 'colcon_meta'
[1.040s] Level 1:colcon.colcon_core.package_identification:_identify(src/stm_station) by extensions ['ros']
[1.040s] Level 1:colcon.colcon_core.package_identification:_identify(src/stm_station) by extension 'ros'
[1.040s] DEBUG:colcon.colcon_core.package_identification:Package 'src/stm_station' with type 'ros.ament_python' and name 'stm_station'
[1.040s] Level 1:colcon.colcon_core.package_identification:_identify(test) by extensions ['ignore', 'ignore_ament_install']
[1.040s] Level 1:colcon.colcon_core.package_identification:_identify(test) by extension 'ignore'
[1.041s] Level 1:colcon.colcon_core.package_identification:_identify(test) by extension 'ignore_ament_install'
[1.041s] Level 1:colcon.colcon_core.package_identification:_identify(test) by extensions ['colcon_pkg']
[1.041s] Level 1:colcon.colcon_core.package_identification:_identify(test) by extension 'colcon_pkg'
[1.041s] Level 1:colcon.colcon_core.package_identification:_identify(test) by extensions ['colcon_meta']
[1.041s] Level 1:colcon.colcon_core.package_identification:_identify(test) by extension 'colcon_meta'
[1.041s] Level 1:colcon.colcon_core.package_identification:_identify(test) by extensions ['ros']
[1.041s] Level 1:colcon.colcon_core.package_identification:_identify(test) by extension 'ros'
[1.041s] Level 1:colcon.colcon_core.package_identification:_identify(test) by extensions ['cmake', 'python']
[1.041s] Level 1:colcon.colcon_core.package_identification:_identify(test) by extension 'cmake'
[1.041s] Level 1:colcon.colcon_core.package_identification:_identify(test) by extension 'python'
[1.041s] Level 1:colcon.colcon_core.package_identification:_identify(test) by extensions ['python_setup_py']
[1.041s] Level 1:colcon.colcon_core.package_identification:_identify(test) by extension 'python_setup_py'
[1.041s] Level 1:colcon.colcon_core.package_discovery:discover_packages(recursive) using defaults
[1.041s] Level 1:colcon.colcon_core.package_discovery:discover_packages(ignore) discover
[1.041s] Level 1:colcon.colcon_core.package_discovery:discover_packages(ignore) using defaults
[1.041s] Level 1:colcon.colcon_core.package_discovery:discover_packages(path) discover
[1.041s] Level 1:colcon.colcon_core.package_discovery:discover_packages(path) using defaults
[1.057s] Level 1:colcon.colcon_core.package_discovery:discover_packages(prefix_path) check parameters
[1.058s] Level 1:colcon.colcon_core.package_discovery:discover_packages(prefix_path) discover
[1.059s] DEBUG:colcon.colcon_installed_package_information.package_discovery:Found 4 installed packages in /home/iliass/ros2_athens_ws/install
[1.060s] DEBUG:colcon.colcon_installed_package_information.package_discovery:Found 280 installed packages in /opt/ros/foxy
[1.062s] Level 1:colcon.colcon_core.package_discovery:discover_packages(prefix_path) using defaults
[1.140s] Level 5:colcon.colcon_core.verb:set package 'first_interfaces' build argument 'cmake_args' from command line to 'None'
[1.140s] Level 5:colcon.colcon_core.verb:set package 'first_interfaces' build argument 'cmake_target' from command line to 'None'
[1.140s] Level 5:colcon.colcon_core.verb:set package 'first_interfaces' build argument 'cmake_target_skip_unavailable' from command line to 'False'
[1.140s] Level 5:colcon.colcon_core.verb:set package 'first_interfaces' build argument 'cmake_clean_cache' from command line to 'False'
[1.141s] Level 5:colcon.colcon_core.verb:set package 'first_interfaces' build argument 'cmake_clean_first' from command line to 'False'
[1.141s] Level 5:colcon.colcon_core.verb:set package 'first_interfaces' build argument 'cmake_force_configure' from command line to 'False'
[1.141s] Level 5:colcon.colcon_core.verb:set package 'first_interfaces' build argument 'ament_cmake_args' from command line to 'None'
[1.141s] Level 5:colcon.colcon_core.verb:set package 'first_interfaces' build argument 'catkin_cmake_args' from command line to 'None'
[1.141s] Level 5:colcon.colcon_core.verb:set package 'first_interfaces' build argument 'catkin_skip_building_tests' from command line to 'False'
[1.141s] DEBUG:colcon.colcon_core.verb:Building package 'first_interfaces' with the following arguments: {'ament_cmake_args': None, 'build_base': '/home/iliass/ros2_athens_ws/build/first_interfaces', 'catkin_cmake_args': None, 'catkin_skip_building_tests': False, 'cmake_args': None, 'cmake_clean_cache': False, 'cmake_clean_first': False, 'cmake_force_configure': False, 'cmake_target': None, 'cmake_target_skip_unavailable': False, 'install_base': '/home/iliass/ros2_athens_ws/install/first_interfaces', 'merge_install': False, 'path': '/home/iliass/ros2_athens_ws/src/first_interfaces', 'symlink_install': False, 'test_result_base': None}
[1.142s] Level 5:colcon.colcon_core.verb:set package 'stm_interfaces' build argument 'cmake_args' from command line to 'None'
[1.142s] Level 5:colcon.colcon_core.verb:set package 'stm_interfaces' build argument 'cmake_target' from command line to 'None'
[1.142s] Level 5:colcon.colcon_core.verb:set package 'stm_interfaces' build argument 'cmake_target_skip_unavailable' from command line to 'False'
[1.142s] Level 5:colcon.colcon_core.verb:set package 'stm_interfaces' build argument 'cmake_clean_cache' from command line to 'False'
[1.142s] Level 5:colcon.colcon_core.verb:set package 'stm_interfaces' build argument 'cmake_clean_first' from command line to 'False'
[1.142s] Level 5:colcon.colcon_core.verb:set package 'stm_interfaces' build argument 'cmake_force_configure' from command line to 'False'
[1.142s] Level 5:colcon.colcon_core.verb:set package 'stm_interfaces' build argument 'ament_cmake_args' from command line to 'None'
[1.142s] Level 5:colcon.colcon_core.verb:set package 'stm_interfaces' build argument 'catkin_cmake_args' from command line to 'None'
[1.142s] Level 5:colcon.colcon_core.verb:set package 'stm_interfaces' build argument 'catkin_skip_building_tests' from command line to 'False'
[1.142s] DEBUG:colcon.colcon_core.verb:Building package 'stm_interfaces' with the following arguments: {'ament_cmake_args': None, 'build_base': '/home/iliass/ros2_athens_ws/build/stm_interfaces', 'catkin_cmake_args': None, 'catkin_skip_building_tests': False, 'cmake_args': None, 'cmake_clean_cache': False, 'cmake_clean_first': False, 'cmake_force_configure': False, 'cmake_target': None, 'cmake_target_skip_unavailable': False, 'install_base': '/home/iliass/ros2_athens_ws/install/stm_interfaces', 'merge_install': False, 'path': '/home/iliass/ros2_athens_ws/src/stm_interfaces', 'symlink_install': False, 'test_result_base': None}
[1.143s] Level 5:colcon.colcon_core.verb:set package 'first_package' build argument 'cmake_args' from command line to 'None'
[1.143s] Level 5:colcon.colcon_core.verb:set package 'first_package' build argument 'cmake_target' from command line to 'None'
[1.143s] Level 5:colcon.colcon_core.verb:set package 'first_package' build argument 'cmake_target_skip_unavailable' from command line to 'False'
[1.143s] Level 5:colcon.colcon_core.verb:set package 'first_package' build argument 'cmake_clean_cache' from command line to 'False'
[1.143s] Level 5:colcon.colcon_core.verb:set package 'first_package' build argument 'cmake_clean_first' from command line to 'False'
[1.143s] Level 5:colcon.colcon_core.verb:set package 'first_package' build argument 'cmake_force_configure' from command line to 'False'
[1.143s] Level 5:colcon.colcon_core.verb:set package 'first_package' build argument 'ament_cmake_args' from command line to 'None'
[1.143s] Level 5:colcon.colcon_core.verb:set package 'first_package' build argument 'catkin_cmake_args' from command line to 'None'
[1.143s] Level 5:colcon.colcon_core.verb:set package 'first_package' build argument 'catkin_skip_building_tests' from command line to 'False'
[1.143s] DEBUG:colcon.colcon_core.verb:Building package 'first_package' with the following arguments: {'ament_cmake_args': None, 'build_base': '/home/iliass/ros2_athens_ws/build/first_package', 'catkin_cmake_args': None, 'catkin_skip_building_tests': False, 'cmake_args': None, 'cmake_clean_cache': False, 'cmake_clean_first': False, 'cmake_force_configure': False, 'cmake_target': None, 'cmake_target_skip_unavailable': False, 'install_base': '/home/iliass/ros2_athens_ws/install/first_package', 'merge_install': False, 'path': '/home/iliass/ros2_athens_ws/src/first_package', 'symlink_install': False, 'test_result_base': None}
[1.143s] Level 5:colcon.colcon_core.verb:set package 'stm_station' build argument 'cmake_args' from command line to 'None'
[1.143s] Level 5:colcon.colcon_core.verb:set package 'stm_station' build argument 'cmake_target' from command line to 'None'
[1.144s] Level 5:colcon.colcon_core.verb:set package 'stm_station' build argument 'cmake_target_skip_unavailable' from command line to 'False'
[1.144s] Level 5:colcon.colcon_core.verb:set package 'stm_station' build argument 'cmake_clean_cache' from command line to 'False'
[1.144s] Level 5:colcon.colcon_core.verb:set package 'stm_station' build argument 'cmake_clean_first' from command line to 'False'
[1.144s] Level 5:colcon.colcon_core.verb:set package 'stm_station' build argument 'cmake_force_configure' from command line to 'False'
[1.144s] Level 5:colcon.colcon_core.verb:set package 'stm_station' build argument 'ament_cmake_args' from command line to 'None'
[1.144s] Level 5:colcon.colcon_core.verb:set package 'stm_station' build argument 'catkin_cmake_args' from command line to 'None'
[1.144s] Level 5:colcon.colcon_core.verb:set package 'stm_station' build argument 'catkin_skip_building_tests' from command line to 'False'
[1.144s] DEBUG:colcon.colcon_core.verb:Building package 'stm_station' with the following arguments: {'ament_cmake_args': None, 'build_base': '/home/iliass/ros2_athens_ws/build/stm_station', 'catkin_cmake_args': None, 'catkin_skip_building_tests': False, 'cmake_args': None, 'cmake_clean_cache': False, 'cmake_clean_first': False, 'cmake_force_configure': False, 'cmake_target': None, 'cmake_target_skip_unavailable': False, 'install_base': '/home/iliass/ros2_athens_ws/install/stm_station', 'merge_install': False, 'path': '/home/iliass/ros2_athens_ws/src/stm_station', 'symlink_install': False, 'test_result_base': None}
[1.144s] INFO:colcon.colcon_core.executor:Executing jobs using 'parallel' executor
[1.146s] DEBUG:colcon.colcon_parallel_executor.executor.parallel:run_until_complete
[1.147s] INFO:colcon.colcon_ros.task.ament_cmake.build:Building ROS package in '/home/iliass/ros2_athens_ws/src/first_interfaces' with build type 'ament_cmake'
[1.148s] INFO:colcon.colcon_cmake.task.cmake.build:Building CMake package in '/home/iliass/ros2_athens_ws/src/first_interfaces'
[1.151s] INFO:colcon.colcon_core.plugin_system:Skipping extension 'colcon_core.shell.bat': Not used on non-Windows systems
[1.152s] INFO:colcon.colcon_core.shell:Skip shell extension 'powershell' for command environment: Not usable outside of PowerShell
[1.152s] DEBUG:colcon.colcon_core.shell:Skip shell extension 'dsv' for command environment
[1.158s] INFO:colcon.colcon_ros.task.ament_cmake.build:Building ROS package in '/home/iliass/ros2_athens_ws/src/stm_interfaces' with build type 'ament_cmake'
[1.159s] INFO:colcon.colcon_cmake.task.cmake.build:Building CMake package in '/home/iliass/ros2_athens_ws/src/stm_interfaces'
[1.160s] INFO:colcon.colcon_core.shell:Skip shell extension 'powershell' for command environment: Not usable outside of PowerShell
[1.161s] DEBUG:colcon.colcon_core.shell:Skip shell extension 'dsv' for command environment
[1.179s] DEBUG:colcon.colcon_core.event_handler.log_command:Invoking command in '/home/iliass/ros2_athens_ws/build/first_interfaces': CMAKE_PREFIX_PATH=${CMAKE_PREFIX_PATH}:/home/iliass/ros2_athens_ws/install/stm_station:/home/iliass/ros2_athens_ws/install/first_package:/opt/ros/foxy /usr/bin/cmake --build /home/iliass/ros2_athens_ws/build/first_interfaces -- -j16 -l16
[1.193s] DEBUG:colcon.colcon_core.event_handler.log_command:Invoking command in '/home/iliass/ros2_athens_ws/build/stm_interfaces': CMAKE_PREFIX_PATH=${CMAKE_PREFIX_PATH}:/home/iliass/ros2_athens_ws/install/stm_station:/home/iliass/ros2_athens_ws/install/first_package:/opt/ros/foxy /usr/bin/cmake --build /home/iliass/ros2_athens_ws/build/stm_interfaces -- -j16 -l16
[1.404s] DEBUG:colcon.colcon_core.event_handler.log_command:Invoked command in '/home/iliass/ros2_athens_ws/build/first_interfaces' returned '0': CMAKE_PREFIX_PATH=${CMAKE_PREFIX_PATH}:/home/iliass/ros2_athens_ws/install/stm_station:/home/iliass/ros2_athens_ws/install/first_package:/opt/ros/foxy /usr/bin/cmake --build /home/iliass/ros2_athens_ws/build/first_interfaces -- -j16 -l16
[1.485s] DEBUG:colcon.colcon_core.event_handler.log_command:Invoking command in '/home/iliass/ros2_athens_ws/build/first_interfaces': CMAKE_PREFIX_PATH=${CMAKE_PREFIX_PATH}:/home/iliass/ros2_athens_ws/install/stm_station:/home/iliass/ros2_athens_ws/install/first_package:/opt/ros/foxy /usr/bin/cmake --install /home/iliass/ros2_athens_ws/build/first_interfaces
[1.546s] Level 1:colcon.colcon_core.environment:create_environment_scripts_only(first_interfaces)
[1.548s] DEBUG:colcon.colcon_core.event_handler.log_command:Invoked command in '/home/iliass/ros2_athens_ws/build/first_interfaces' returned '0': CMAKE_PREFIX_PATH=${CMAKE_PREFIX_PATH}:/home/iliass/ros2_athens_ws/install/stm_station:/home/iliass/ros2_athens_ws/install/first_package:/opt/ros/foxy /usr/bin/cmake --install /home/iliass/ros2_athens_ws/build/first_interfaces
[1.550s] Level 1:colcon.colcon_core.environment:checking '/home/iliass/ros2_athens_ws/install/first_interfaces' for CMake module files
[1.551s] Level 1:colcon.colcon_core.environment:checking '/home/iliass/ros2_athens_ws/install/first_interfaces' for CMake config files
[1.552s] Level 1:colcon.colcon_core.shell:create_environment_hook('first_interfaces', 'cmake_prefix_path')
[1.552s] INFO:colcon.colcon_core.shell:Creating environment hook '/home/iliass/ros2_athens_ws/install/first_interfaces/share/first_interfaces/hook/cmake_prefix_path.ps1'
[1.553s] INFO:colcon.colcon_core.shell:Creating environment descriptor '/home/iliass/ros2_athens_ws/install/first_interfaces/share/first_interfaces/hook/cmake_prefix_path.dsv'
[1.553s] INFO:colcon.colcon_core.shell:Creating environment hook '/home/iliass/ros2_athens_ws/install/first_interfaces/share/first_interfaces/hook/cmake_prefix_path.sh'
[1.555s] Level 1:colcon.colcon_core.environment:checking '/home/iliass/ros2_athens_ws/install/first_interfaces/lib'
[1.555s] Level 1:colcon.colcon_core.shell:create_environment_hook('first_interfaces', 'ld_library_path_lib')
[1.555s] INFO:colcon.colcon_core.shell:Creating environment hook '/home/iliass/ros2_athens_ws/install/first_interfaces/share/first_interfaces/hook/ld_library_path_lib.ps1'
[1.556s] INFO:colcon.colcon_core.shell:Creating environment descriptor '/home/iliass/ros2_athens_ws/install/first_interfaces/share/first_interfaces/hook/ld_library_path_lib.dsv'
[1.557s] INFO:colcon.colcon_core.shell:Creating environment hook '/home/iliass/ros2_athens_ws/install/first_interfaces/share/first_interfaces/hook/ld_library_path_lib.sh'
[1.557s] Level 1:colcon.colcon_core.environment:checking '/home/iliass/ros2_athens_ws/install/first_interfaces/bin'
[1.557s] Level 1:colcon.colcon_core.environment:checking '/home/iliass/ros2_athens_ws/install/first_interfaces/lib/pkgconfig/first_interfaces.pc'
[1.557s] Level 1:colcon.colcon_core.environment:checking '/home/iliass/ros2_athens_ws/install/first_interfaces/lib/python3.8/site-packages'
[1.558s] Level 1:colcon.colcon_core.shell:create_environment_hook('first_interfaces', 'pythonpath')
[1.558s] INFO:colcon.colcon_core.shell:Creating environment hook '/home/iliass/ros2_athens_ws/install/first_interfaces/share/first_interfaces/hook/pythonpath.ps1'
[1.558s] INFO:colcon.colcon_core.shell:Creating environment descriptor '/home/iliass/ros2_athens_ws/install/first_interfaces/share/first_interfaces/hook/pythonpath.dsv'
[1.559s] INFO:colcon.colcon_core.shell:Creating environment hook '/home/iliass/ros2_athens_ws/install/first_interfaces/share/first_interfaces/hook/pythonpath.sh'
[1.560s] Level 1:colcon.colcon_core.environment:checking '/home/iliass/ros2_athens_ws/install/first_interfaces/bin'
[1.560s] INFO:colcon.colcon_core.shell:Creating package script '/home/iliass/ros2_athens_ws/install/first_interfaces/share/first_interfaces/package.ps1'
[1.561s] INFO:colcon.colcon_core.shell:Creating package descriptor '/home/iliass/ros2_athens_ws/install/first_interfaces/share/first_interfaces/package.dsv'
[1.562s] INFO:colcon.colcon_core.shell:Creating package script '/home/iliass/ros2_athens_ws/install/first_interfaces/share/first_interfaces/package.sh'
[1.562s] INFO:colcon.colcon_core.shell:Creating package script '/home/iliass/ros2_athens_ws/install/first_interfaces/share/first_interfaces/package.bash'
[1.563s] INFO:colcon.colcon_core.shell:Creating package script '/home/iliass/ros2_athens_ws/install/first_interfaces/share/first_interfaces/package.zsh'
[1.564s] Level 1:colcon.colcon_core.environment:create_file_with_runtime_dependencies(/home/iliass/ros2_athens_ws/install/first_interfaces/share/colcon-core/packages/first_interfaces)
[1.624s] Level 1:colcon.colcon_core.environment:create_environment_scripts_only(first_interfaces)
[1.624s] Level 1:colcon.colcon_core.environment:checking '/home/iliass/ros2_athens_ws/install/first_interfaces' for CMake module files
[1.625s] Level 1:colcon.colcon_core.environment:checking '/home/iliass/ros2_athens_ws/install/first_interfaces' for CMake config files
[1.625s] Level 1:colcon.colcon_core.shell:create_environment_hook('first_interfaces', 'cmake_prefix_path')
[1.625s] INFO:colcon.colcon_core.shell:Creating environment hook '/home/iliass/ros2_athens_ws/install/first_interfaces/share/first_interfaces/hook/cmake_prefix_path.ps1'
[1.626s] INFO:colcon.colcon_core.shell:Creating environment descriptor '/home/iliass/ros2_athens_ws/install/first_interfaces/share/first_interfaces/hook/cmake_prefix_path.dsv'
[1.627s] INFO:colcon.colcon_core.shell:Creating environment hook '/home/iliass/ros2_athens_ws/install/first_interfaces/share/first_interfaces/hook/cmake_prefix_path.sh'
[1.627s] Level 1:colcon.colcon_core.environment:checking '/home/iliass/ros2_athens_ws/install/first_interfaces/lib'
[1.627s] Level 1:colcon.colcon_core.shell:create_environment_hook('first_interfaces', 'ld_library_path_lib')
[1.628s] INFO:colcon.colcon_core.shell:Creating environment hook '/home/iliass/ros2_athens_ws/install/first_interfaces/share/first_interfaces/hook/ld_library_path_lib.ps1'
[1.628s] INFO:colcon.colcon_core.shell:Creating environment descriptor '/home/iliass/ros2_athens_ws/install/first_interfaces/share/first_interfaces/hook/ld_library_path_lib.dsv'
[1.629s] INFO:colcon.colcon_core.shell:Creating environment hook '/home/iliass/ros2_athens_ws/install/first_interfaces/share/first_interfaces/hook/ld_library_path_lib.sh'
[1.629s] Level 1:colcon.colcon_core.environment:checking '/home/iliass/ros2_athens_ws/install/first_interfaces/bin'
[1.629s] Level 1:colcon.colcon_core.environment:checking '/home/iliass/ros2_athens_ws/install/first_interfaces/lib/pkgconfig/first_interfaces.pc'
[1.630s] Level 1:colcon.colcon_core.environment:checking '/home/iliass/ros2_athens_ws/install/first_interfaces/lib/python3.8/site-packages'
[1.630s] Level 1:colcon.colcon_core.shell:create_environment_hook('first_interfaces', 'pythonpath')
[1.630s] INFO:colcon.colcon_core.shell:Creating environment hook '/home/iliass/ros2_athens_ws/install/first_interfaces/share/first_interfaces/hook/pythonpath.ps1'
[1.630s] INFO:colcon.colcon_core.shell:Creating environment descriptor '/home/iliass/ros2_athens_ws/install/first_interfaces/share/first_interfaces/hook/pythonpath.dsv'
[1.631s] INFO:colcon.colcon_core.shell:Creating environment hook '/home/iliass/ros2_athens_ws/install/first_interfaces/share/first_interfaces/hook/pythonpath.sh'
[1.631s] Level 1:colcon.colcon_core.environment:checking '/home/iliass/ros2_athens_ws/install/first_interfaces/bin'
[1.632s] INFO:colcon.colcon_core.shell:Creating package script '/home/iliass/ros2_athens_ws/install/first_interfaces/share/first_interfaces/package.ps1'
[1.632s] INFO:colcon.colcon_core.shell:Creating package descriptor '/home/iliass/ros2_athens_ws/install/first_interfaces/share/first_interfaces/package.dsv'
[1.633s] INFO:colcon.colcon_core.shell:Creating package script '/home/iliass/ros2_athens_ws/install/first_interfaces/share/first_interfaces/package.sh'
[1.633s] INFO:colcon.colcon_core.shell:Creating package script '/home/iliass/ros2_athens_ws/install/first_interfaces/share/first_interfaces/package.bash'
[1.634s] INFO:colcon.colcon_core.shell:Creating package script '/home/iliass/ros2_athens_ws/install/first_interfaces/share/first_interfaces/package.zsh'
[1.634s] Level 1:colcon.colcon_core.environment:create_file_with_runtime_dependencies(/home/iliass/ros2_athens_ws/install/first_interfaces/share/colcon-core/packages/first_interfaces)
[1.635s] INFO:colcon.colcon_ros.task.ament_python.build:Building ROS package in '/home/iliass/ros2_athens_ws/src/first_package' with build type 'ament_python'
[1.635s] Level 1:colcon.colcon_core.shell:create_environment_hook('first_package', 'ament_prefix_path')
[1.636s] INFO:colcon.colcon_core.shell:Creating environment hook '/home/iliass/ros2_athens_ws/install/first_package/share/first_package/hook/ament_prefix_path.ps1'
[1.637s] INFO:colcon.colcon_core.shell:Creating environment descriptor '/home/iliass/ros2_athens_ws/install/first_package/share/first_package/hook/ament_prefix_path.dsv'
[1.638s] INFO:colcon.colcon_core.shell:Creating environment hook '/home/iliass/ros2_athens_ws/install/first_package/share/first_package/hook/ament_prefix_path.sh'
[1.638s] INFO:colcon.colcon_core.shell:Skip shell extension 'powershell' for command environment: Not usable outside of PowerShell
[1.638s] DEBUG:colcon.colcon_core.shell:Skip shell extension 'dsv' for command environment
[2.211s] INFO:colcon.colcon_core.task.python.build:Building Python package in '/home/iliass/ros2_athens_ws/src/first_package'
[2.213s] INFO:colcon.colcon_core.shell:Skip shell extension 'powershell' for command environment: Not usable outside of PowerShell
[2.213s] DEBUG:colcon.colcon_core.shell:Skip shell extension 'dsv' for command environment
[2.926s] DEBUG:colcon.colcon_core.event_handler.log_command:Invoking command in '/home/iliass/ros2_athens_ws/src/first_package': CMAKE_PREFIX_PATH=/home/iliass/ros2_athens_ws/install/first_interfaces:/home/iliass/ros2_athens_ws/install/stm_interfaces LD_LIBRARY_PATH=/home/iliass/ros2_athens_ws/install/first_interfaces/lib:/home/iliass/ros2_athens_ws/install/stm_interfaces/lib:/opt/ros/foxy/opt/yaml_cpp_vendor/lib:/opt/ros/foxy/opt/rviz_ogre_vendor/lib:/opt/ros/foxy/lib/x86_64-linux-gnu:/opt/ros/foxy/lib PYTHONPATH=/home/iliass/ros2_athens_ws/build/first_package/prefix_override:/usr/lib/python3/dist-packages/colcon_core/task/python/colcon_distutils_commands:/home/iliass/ros2_athens_ws/install/first_package/lib/python3.8/site-packages:/home/iliass/ros2_athens_ws/install/first_interfaces/lib/python3.8/site-packages:/home/iliass/ros2_athens_ws/install/stm_station/lib/python3.8/site-packages:/home/iliass/ros2_athens_ws/install/stm_interfaces/lib/python3.8/site-packages:/home/iliass/ros2_athens_ws/install/first_package/lib/python3.8/site-packages:/opt/ros/foxy/lib/python3.8/site-packages /usr/bin/python3 -W ignore:setup.py install is deprecated setup.py egg_info --egg-base ../../build/first_package build --build-base /home/iliass/ros2_athens_ws/build/first_package/build install --record /home/iliass/ros2_athens_ws/build/first_package/install.log --install-scripts $base/lib/first_package --single-version-externally-managed install_data
[3.234s] Level 1:colcon.colcon_core.environment:checking '/home/iliass/ros2_athens_ws/install/first_package' for CMake module files
[3.235s] DEBUG:colcon.colcon_core.event_handler.log_command:Invoked command in '/home/iliass/ros2_athens_ws/src/first_package' returned '0': CMAKE_PREFIX_PATH=/home/iliass/ros2_athens_ws/install/first_interfaces:/home/iliass/ros2_athens_ws/install/stm_interfaces LD_LIBRARY_PATH=/home/iliass/ros2_athens_ws/install/first_interfaces/lib:/home/iliass/ros2_athens_ws/install/stm_interfaces/lib:/opt/ros/foxy/opt/yaml_cpp_vendor/lib:/opt/ros/foxy/opt/rviz_ogre_vendor/lib:/opt/ros/foxy/lib/x86_64-linux-gnu:/opt/ros/foxy/lib PYTHONPATH=/home/iliass/ros2_athens_ws/build/first_package/prefix_override:/usr/lib/python3/dist-packages/colcon_core/task/python/colcon_distutils_commands:/home/iliass/ros2_athens_ws/install/first_package/lib/python3.8/site-packages:/home/iliass/ros2_athens_ws/install/first_interfaces/lib/python3.8/site-packages:/home/iliass/ros2_athens_ws/install/stm_station/lib/python3.8/site-packages:/home/iliass/ros2_athens_ws/install/stm_interfaces/lib/python3.8/site-packages:/home/iliass/ros2_athens_ws/install/first_package/lib/python3.8/site-packages:/opt/ros/foxy/lib/python3.8/site-packages /usr/bin/python3 -W ignore:setup.py install is deprecated setup.py egg_info --egg-base ../../build/first_package build --build-base /home/iliass/ros2_athens_ws/build/first_package/build install --record /home/iliass/ros2_athens_ws/build/first_package/install.log --install-scripts $base/lib/first_package --single-version-externally-managed install_data
[3.235s] Level 1:colcon.colcon_core.environment:checking '/home/iliass/ros2_athens_ws/install/first_package' for CMake config files
[3.236s] Level 1:colcon.colcon_core.environment:checking '/home/iliass/ros2_athens_ws/install/first_package/lib'
[3.236s] Level 1:colcon.colcon_core.environment:checking '/home/iliass/ros2_athens_ws/install/first_package/bin'
[3.236s] Level 1:colcon.colcon_core.environment:checking '/home/iliass/ros2_athens_ws/install/first_package/lib/pkgconfig/first_package.pc'
[3.236s] Level 1:colcon.colcon_core.environment:checking '/home/iliass/ros2_athens_ws/install/first_package/lib/python3.8/site-packages'
[3.237s] Level 1:colcon.colcon_core.shell:create_environment_hook('first_package', 'pythonpath')
[3.237s] INFO:colcon.colcon_core.shell:Creating environment hook '/home/iliass/ros2_athens_ws/install/first_package/share/first_package/hook/pythonpath.ps1'
[3.238s] INFO:colcon.colcon_core.shell:Creating environment descriptor '/home/iliass/ros2_athens_ws/install/first_package/share/first_package/hook/pythonpath.dsv'
[3.239s] INFO:colcon.colcon_core.shell:Creating environment hook '/home/iliass/ros2_athens_ws/install/first_package/share/first_package/hook/pythonpath.sh'
[3.239s] Level 1:colcon.colcon_core.environment:checking '/home/iliass/ros2_athens_ws/install/first_package/bin'
[3.240s] Level 1:colcon.colcon_core.environment:create_environment_scripts_only(first_package)
[3.240s] INFO:colcon.colcon_core.shell:Creating package script '/home/iliass/ros2_athens_ws/install/first_package/share/first_package/package.ps1'
[3.241s] INFO:colcon.colcon_core.shell:Creating package descriptor '/home/iliass/ros2_athens_ws/install/first_package/share/first_package/package.dsv'
[3.242s] INFO:colcon.colcon_core.shell:Creating package script '/home/iliass/ros2_athens_ws/install/first_package/share/first_package/package.sh'
[3.242s] INFO:colcon.colcon_core.shell:Creating package script '/home/iliass/ros2_athens_ws/install/first_package/share/first_package/package.bash'
[3.243s] INFO:colcon.colcon_core.shell:Creating package script '/home/iliass/ros2_athens_ws/install/first_package/share/first_package/package.zsh'
[3.243s] Level 1:colcon.colcon_core.environment:create_file_with_runtime_dependencies(/home/iliass/ros2_athens_ws/install/first_package/share/colcon-core/packages/first_package)
[64.605s] DEBUG:colcon.colcon_core.event_handler.log_command:Invoked command in '/home/iliass/ros2_athens_ws/build/stm_interfaces' returned '0': CMAKE_PREFIX_PATH=${CMAKE_PREFIX_PATH}:/home/iliass/ros2_athens_ws/install/stm_station:/home/iliass/ros2_athens_ws/install/first_package:/opt/ros/foxy /usr/bin/cmake --build /home/iliass/ros2_athens_ws/build/stm_interfaces -- -j16 -l16
[64.771s] DEBUG:colcon.colcon_core.event_handler.log_command:Invoking command in '/home/iliass/ros2_athens_ws/build/stm_interfaces': CMAKE_PREFIX_PATH=${CMAKE_PREFIX_PATH}:/home/iliass/ros2_athens_ws/install/stm_station:/home/iliass/ros2_athens_ws/install/first_package:/opt/ros/foxy /usr/bin/cmake --install /home/iliass/ros2_athens_ws/build/stm_interfaces
[64.899s] Level 1:colcon.colcon_core.environment:create_environment_scripts_only(stm_interfaces)
[64.899s] DEBUG:colcon.colcon_core.event_handler.log_command:Invoked command in '/home/iliass/ros2_athens_ws/build/stm_interfaces' returned '0': CMAKE_PREFIX_PATH=${CMAKE_PREFIX_PATH}:/home/iliass/ros2_athens_ws/install/stm_station:/home/iliass/ros2_athens_ws/install/first_package:/opt/ros/foxy /usr/bin/cmake --install /home/iliass/ros2_athens_ws/build/stm_interfaces
[64.900s] Level 1:colcon.colcon_core.environment:checking '/home/iliass/ros2_athens_ws/install/stm_interfaces' for CMake module files
[64.901s] Level 1:colcon.colcon_core.environment:checking '/home/iliass/ros2_athens_ws/install/stm_interfaces' for CMake config files
[64.902s] Level 1:colcon.colcon_core.shell:create_environment_hook('stm_interfaces', 'cmake_prefix_path')
[64.902s] INFO:colcon.colcon_core.shell:Creating environment hook '/home/iliass/ros2_athens_ws/install/stm_interfaces/share/stm_interfaces/hook/cmake_prefix_path.ps1'
[64.903s] INFO:colcon.colcon_core.shell:Creating environment descriptor '/home/iliass/ros2_athens_ws/install/stm_interfaces/share/stm_interfaces/hook/cmake_prefix_path.dsv'
[64.903s] INFO:colcon.colcon_core.shell:Creating environment hook '/home/iliass/ros2_athens_ws/install/stm_interfaces/share/stm_interfaces/hook/cmake_prefix_path.sh'
[64.904s] Level 1:colcon.colcon_core.environment:checking '/home/iliass/ros2_athens_ws/install/stm_interfaces/lib'
[64.904s] Level 1:colcon.colcon_core.shell:create_environment_hook('stm_interfaces', 'ld_library_path_lib')
[64.905s] INFO:colcon.colcon_core.shell:Creating environment hook '/home/iliass/ros2_athens_ws/install/stm_interfaces/share/stm_interfaces/hook/ld_library_path_lib.ps1'
[64.905s] INFO:colcon.colcon_core.shell:Creating environment descriptor '/home/iliass/ros2_athens_ws/install/stm_interfaces/share/stm_interfaces/hook/ld_library_path_lib.dsv'
[64.905s] INFO:colcon.colcon_core.shell:Creating environment hook '/home/iliass/ros2_athens_ws/install/stm_interfaces/share/stm_interfaces/hook/ld_library_path_lib.sh'
[64.906s] Level 1:colcon.colcon_core.environment:checking '/home/iliass/ros2_athens_ws/install/stm_interfaces/bin'
[64.906s] Level 1:colcon.colcon_core.environment:checking '/home/iliass/ros2_athens_ws/install/stm_interfaces/lib/pkgconfig/stm_interfaces.pc'
[64.906s] Level 1:colcon.colcon_core.environment:checking '/home/iliass/ros2_athens_ws/install/stm_interfaces/lib/python3.8/site-packages'
[64.906s] Level 1:colcon.colcon_core.shell:create_environment_hook('stm_interfaces', 'pythonpath')
[64.907s] INFO:colcon.colcon_core.shell:Creating environment hook '/home/iliass/ros2_athens_ws/install/stm_interfaces/share/stm_interfaces/hook/pythonpath.ps1'
[64.907s] INFO:colcon.colcon_core.shell:Creating environment descriptor '/home/iliass/ros2_athens_ws/install/stm_interfaces/share/stm_interfaces/hook/pythonpath.dsv'
[64.907s] INFO:colcon.colcon_core.shell:Creating environment hook '/home/iliass/ros2_athens_ws/install/stm_interfaces/share/stm_interfaces/hook/pythonpath.sh'
[64.908s] Level 1:colcon.colcon_core.environment:checking '/home/iliass/ros2_athens_ws/install/stm_interfaces/bin'
[64.908s] INFO:colcon.colcon_core.shell:Creating package script '/home/iliass/ros2_athens_ws/install/stm_interfaces/share/stm_interfaces/package.ps1'
[64.909s] INFO:colcon.colcon_core.shell:Creating package descriptor '/home/iliass/ros2_athens_ws/install/stm_interfaces/share/stm_interfaces/package.dsv'
[64.910s] INFO:colcon.colcon_core.shell:Creating package script '/home/iliass/ros2_athens_ws/install/stm_interfaces/share/stm_interfaces/package.sh'
[64.911s] INFO:colcon.colcon_core.shell:Creating package script '/home/iliass/ros2_athens_ws/install/stm_interfaces/share/stm_interfaces/package.bash'
[64.912s] INFO:colcon.colcon_core.shell:Creating package script '/home/iliass/ros2_athens_ws/install/stm_interfaces/share/stm_interfaces/package.zsh'
[64.913s] Level 1:colcon.colcon_core.environment:create_file_with_runtime_dependencies(/home/iliass/ros2_athens_ws/install/stm_interfaces/share/colcon-core/packages/stm_interfaces)
[65.064s] Level 1:colcon.colcon_core.environment:create_environment_scripts_only(stm_interfaces)
[65.065s] Level 1:colcon.colcon_core.environment:checking '/home/iliass/ros2_athens_ws/install/stm_interfaces' for CMake module files
[65.065s] Level 1:colcon.colcon_core.environment:checking '/home/iliass/ros2_athens_ws/install/stm_interfaces' for CMake config files
[65.066s] Level 1:colcon.colcon_core.shell:create_environment_hook('stm_interfaces', 'cmake_prefix_path')
[65.066s] INFO:colcon.colcon_core.shell:Creating environment hook '/home/iliass/ros2_athens_ws/install/stm_interfaces/share/stm_interfaces/hook/cmake_prefix_path.ps1'
[65.067s] INFO:colcon.colcon_core.shell:Creating environment descriptor '/home/iliass/ros2_athens_ws/install/stm_interfaces/share/stm_interfaces/hook/cmake_prefix_path.dsv'
[65.068s] INFO:colcon.colcon_core.shell:Creating environment hook '/home/iliass/ros2_athens_ws/install/stm_interfaces/share/stm_interfaces/hook/cmake_prefix_path.sh'
[65.069s] Level 1:colcon.colcon_core.environment:checking '/home/iliass/ros2_athens_ws/install/stm_interfaces/lib'
[65.069s] Level 1:colcon.colcon_core.shell:create_environment_hook('stm_interfaces', 'ld_library_path_lib')
[65.069s] INFO:colcon.colcon_core.shell:Creating environment hook '/home/iliass/ros2_athens_ws/install/stm_interfaces/share/stm_interfaces/hook/ld_library_path_lib.ps1'
[65.070s] INFO:colcon.colcon_core.shell:Creating environment descriptor '/home/iliass/ros2_athens_ws/install/stm_interfaces/share/stm_interfaces/hook/ld_library_path_lib.dsv'
[65.071s] INFO:colcon.colcon_core.shell:Creating environment hook '/home/iliass/ros2_athens_ws/install/stm_interfaces/share/stm_interfaces/hook/ld_library_path_lib.sh'
[65.071s] Level 1:colcon.colcon_core.environment:checking '/home/iliass/ros2_athens_ws/install/stm_interfaces/bin'
[65.071s] Level 1:colcon.colcon_core.environment:checking '/home/iliass/ros2_athens_ws/install/stm_interfaces/lib/pkgconfig/stm_interfaces.pc'
[65.072s] Level 1:colcon.colcon_core.environment:checking '/home/iliass/ros2_athens_ws/install/stm_interfaces/lib/python3.8/site-packages'
[65.072s] Level 1:colcon.colcon_core.shell:create_environment_hook('stm_interfaces', 'pythonpath')
[65.072s] INFO:colcon.colcon_core.shell:Creating environment hook '/home/iliass/ros2_athens_ws/install/stm_interfaces/share/stm_interfaces/hook/pythonpath.ps1'
[65.073s] INFO:colcon.colcon_core.shell:Creating environment descriptor '/home/iliass/ros2_athens_ws/install/stm_interfaces/share/stm_interfaces/hook/pythonpath.dsv'
[65.073s] INFO:colcon.colcon_core.shell:Creating environment hook '/home/iliass/ros2_athens_ws/install/stm_interfaces/share/stm_interfaces/hook/pythonpath.sh'
[65.074s] Level 1:colcon.colcon_core.environment:checking '/home/iliass/ros2_athens_ws/install/stm_interfaces/bin'
[65.074s] INFO:colcon.colcon_core.shell:Creating package script '/home/iliass/ros2_athens_ws/install/stm_interfaces/share/stm_interfaces/package.ps1'
[65.075s] INFO:colcon.colcon_core.shell:Creating package descriptor '/home/iliass/ros2_athens_ws/install/stm_interfaces/share/stm_interfaces/package.dsv'
[65.075s] INFO:colcon.colcon_core.shell:Creating package script '/home/iliass/ros2_athens_ws/install/stm_interfaces/share/stm_interfaces/package.sh'
[65.076s] INFO:colcon.colcon_core.shell:Creating package script '/home/iliass/ros2_athens_ws/install/stm_interfaces/share/stm_interfaces/package.bash'
[65.076s] INFO:colcon.colcon_core.shell:Creating package script '/home/iliass/ros2_athens_ws/install/stm_interfaces/share/stm_interfaces/package.zsh'
[65.077s] Level 1:colcon.colcon_core.environment:create_file_with_runtime_dependencies(/home/iliass/ros2_athens_ws/install/stm_interfaces/share/colcon-core/packages/stm_interfaces)
[65.078s] INFO:colcon.colcon_ros.task.ament_python.build:Building ROS package in '/home/iliass/ros2_athens_ws/src/stm_station' with build type 'ament_python'
[65.078s] Level 1:colcon.colcon_core.shell:create_environment_hook('stm_station', 'ament_prefix_path')
[65.079s] INFO:colcon.colcon_core.shell:Creating environment hook '/home/iliass/ros2_athens_ws/install/stm_station/share/stm_station/hook/ament_prefix_path.ps1'
[65.080s] INFO:colcon.colcon_core.shell:Creating environment descriptor '/home/iliass/ros2_athens_ws/install/stm_station/share/stm_station/hook/ament_prefix_path.dsv'
[65.081s] INFO:colcon.colcon_core.shell:Creating environment hook '/home/iliass/ros2_athens_ws/install/stm_station/share/stm_station/hook/ament_prefix_path.sh'
[65.081s] INFO:colcon.colcon_core.shell:Skip shell extension 'powershell' for command environment: Not usable outside of PowerShell
[65.082s] DEBUG:colcon.colcon_core.shell:Skip shell extension 'dsv' for command environment
[66.551s] INFO:colcon.colcon_core.task.python.build:Building Python package in '/home/iliass/ros2_athens_ws/src/stm_station'
[66.551s] INFO:colcon.colcon_core.shell:Skip shell extension 'powershell' for command environment: Not usable outside of PowerShell
[66.554s] DEBUG:colcon.colcon_core.shell:Skip shell extension 'dsv' for command environment
[67.967s] DEBUG:colcon.colcon_core.event_handler.log_command:Invoking command in '/home/iliass/ros2_athens_ws/src/stm_station': PYTHONPATH=/home/iliass/ros2_athens_ws/build/stm_station/prefix_override:/usr/lib/python3/dist-packages/colcon_core/task/python/colcon_distutils_commands:/home/iliass/ros2_athens_ws/install/stm_station/lib/python3.8/site-packages:/home/iliass/ros2_athens_ws/install/stm_interfaces/lib/python3.8/site-packages:/home/iliass/ros2_athens_ws/install/stm_station/lib/python3.8/site-packages:/home/iliass/ros2_athens_ws/install/first_package/lib/python3.8/site-packages:/home/iliass/ros2_athens_ws/install/first_interfaces/lib/python3.8/site-packages:/opt/ros/foxy/lib/python3.8/site-packages /usr/bin/python3 -W ignore:setup.py install is deprecated setup.py egg_info --egg-base ../../build/stm_station build --build-base /home/iliass/ros2_athens_ws/build/stm_station/build install --record /home/iliass/ros2_athens_ws/build/stm_station/install.log --install-scripts $base/lib/stm_station --single-version-externally-managed install_data
[68.470s] Level 1:colcon.colcon_core.environment:checking '/home/iliass/ros2_athens_ws/install/stm_station' for CMake module files
[68.471s] DEBUG:colcon.colcon_core.event_handler.log_command:Invoked command in '/home/iliass/ros2_athens_ws/src/stm_station' returned '0': PYTHONPATH=/home/iliass/ros2_athens_ws/build/stm_station/prefix_override:/usr/lib/python3/dist-packages/colcon_core/task/python/colcon_distutils_commands:/home/iliass/ros2_athens_ws/install/stm_station/lib/python3.8/site-packages:/home/iliass/ros2_athens_ws/install/stm_interfaces/lib/python3.8/site-packages:/home/iliass/ros2_athens_ws/install/stm_station/lib/python3.8/site-packages:/home/iliass/ros2_athens_ws/install/first_package/lib/python3.8/site-packages:/home/iliass/ros2_athens_ws/install/first_interfaces/lib/python3.8/site-packages:/opt/ros/foxy/lib/python3.8/site-packages /usr/bin/python3 -W ignore:setup.py install is deprecated setup.py egg_info --egg-base ../../build/stm_station build --build-base /home/iliass/ros2_athens_ws/build/stm_station/build install --record /home/iliass/ros2_athens_ws/build/stm_station/install.log --install-scripts $base/lib/stm_station --single-version-externally-managed install_data
[68.472s] Level 1:colcon.colcon_core.environment:checking '/home/iliass/ros2_athens_ws/install/stm_station' for CMake config files
[68.473s] Level 1:colcon.colcon_core.environment:checking '/home/iliass/ros2_athens_ws/install/stm_station/lib'
[68.474s] Level 1:colcon.colcon_core.environment:checking '/home/iliass/ros2_athens_ws/install/stm_station/bin'
[68.474s] Level 1:colcon.colcon_core.environment:checking '/home/iliass/ros2_athens_ws/install/stm_station/lib/pkgconfig/stm_station.pc'
[68.474s] Level 1:colcon.colcon_core.environment:checking '/home/iliass/ros2_athens_ws/install/stm_station/lib/python3.8/site-packages'
[68.474s] Level 1:colcon.colcon_core.shell:create_environment_hook('stm_station', 'pythonpath')
[68.475s] INFO:colcon.colcon_core.shell:Creating environment hook '/home/iliass/ros2_athens_ws/install/stm_station/share/stm_station/hook/pythonpath.ps1'
[68.477s] INFO:colcon.colcon_core.shell:Creating environment descriptor '/home/iliass/ros2_athens_ws/install/stm_station/share/stm_station/hook/pythonpath.dsv'
[68.478s] INFO:colcon.colcon_core.shell:Creating environment hook '/home/iliass/ros2_athens_ws/install/stm_station/share/stm_station/hook/pythonpath.sh'
[68.479s] Level 1:colcon.colcon_core.environment:checking '/home/iliass/ros2_athens_ws/install/stm_station/bin'
[68.480s] Level 1:colcon.colcon_core.environment:create_environment_scripts_only(stm_station)
[68.481s] INFO:colcon.colcon_core.shell:Creating package script '/home/iliass/ros2_athens_ws/install/stm_station/share/stm_station/package.ps1'
[68.482s] INFO:colcon.colcon_core.shell:Creating package descriptor '/home/iliass/ros2_athens_ws/install/stm_station/share/stm_station/package.dsv'
[68.483s] INFO:colcon.colcon_core.shell:Creating package script '/home/iliass/ros2_athens_ws/install/stm_station/share/stm_station/package.sh'
[68.483s] INFO:colcon.colcon_core.shell:Creating package script '/home/iliass/ros2_athens_ws/install/stm_station/share/stm_station/package.bash'
[68.484s] INFO:colcon.colcon_core.shell:Creating package script '/home/iliass/ros2_athens_ws/install/stm_station/share/stm_station/package.zsh'
[68.485s] Level 1:colcon.colcon_core.environment:create_file_with_runtime_dependencies(/home/iliass/ros2_athens_ws/install/stm_station/share/colcon-core/packages/stm_station)
[68.487s] DEBUG:colcon.colcon_parallel_executor.executor.parallel:closing loop
[68.488s] DEBUG:colcon.colcon_parallel_executor.executor.parallel:loop closed
[68.488s] DEBUG:colcon.colcon_parallel_executor.executor.parallel:run_until_complete finished with '0'
[68.488s] DEBUG:colcon.colcon_core.event_reactor:joining thread
[68.748s] INFO:colcon.colcon_core.plugin_system:Skipping extension 'colcon_notification.desktop_notification.notify_send': Could not find 'notify-send'
[68.749s] INFO:colcon.colcon_core.plugin_system:Skipping extension 'colcon_notification.desktop_notification.terminal_notifier': Not used on non-Darwin systems
[68.750s] INFO:colcon.colcon_core.plugin_system:Skipping extension 'colcon_notification.desktop_notification.win32': Not used on non-Windows systems
[68.750s] INFO:colcon.colcon_notification.desktop_notification:Sending desktop notification using 'notify2'
[68.759s] DEBUG:colcon.colcon_notification.desktop_notification.notify2:Failed to initialize notify2: org.freedesktop.DBus.Error.ServiceUnknown: The name org.freedesktop.Notifications was not provided by any .service files
[68.760s] DEBUG:colcon.colcon_core.event_reactor:joined thread
[68.761s] INFO:colcon.colcon_core.shell:Creating prefix script '/home/iliass/ros2_athens_ws/install/local_setup.ps1'
[68.765s] INFO:colcon.colcon_core.shell:Creating prefix util module '/home/iliass/ros2_athens_ws/install/_local_setup_util_ps1.py'
[68.769s] INFO:colcon.colcon_core.shell:Creating prefix chain script '/home/iliass/ros2_athens_ws/install/setup.ps1'
[68.771s] INFO:colcon.colcon_core.shell:Creating prefix script '/home/iliass/ros2_athens_ws/install/local_setup.sh'
[68.773s] INFO:colcon.colcon_core.shell:Creating prefix util module '/home/iliass/ros2_athens_ws/install/_local_setup_util_sh.py'
[68.775s] INFO:colcon.colcon_core.shell:Creating prefix chain script '/home/iliass/ros2_athens_ws/install/setup.sh'
[68.777s] INFO:colcon.colcon_core.shell:Creating prefix script '/home/iliass/ros2_athens_ws/install/local_setup.bash'
[68.778s] INFO:colcon.colcon_core.shell:Creating prefix chain script '/home/iliass/ros2_athens_ws/install/setup.bash'
[68.779s] INFO:colcon.colcon_core.shell:Creating prefix script '/home/iliass/ros2_athens_ws/install/local_setup.zsh'
[68.780s] INFO:colcon.colcon_core.shell:Creating prefix chain script '/home/iliass/ros2_athens_ws/install/setup.zsh'
