[0.015s] Invoking command in '/home/iliass/ros2_athens_ws/build/stm_interfaces': CMAKE_PREFIX_PATH=${CMAKE_PREFIX_PATH}:/home/iliass/ros2_athens_ws/install/stm_station:/home/iliass/ros2_athens_ws/install/first_package:/opt/ros/foxy /usr/bin/cmake --build /home/iliass/ros2_athens_ws/build/stm_interfaces -- -j16 -l16
[0.042s] make[1]: Entering directory '/home/iliass/ros2_athens_ws/build/stm_interfaces'
[0.058s] -- Found ament_cmake: 0.9.12 (/opt/ros/foxy/share/ament_cmake/cmake)
[0.077s] -- Found PythonInterp: /usr/bin/python3 (found suitable version "3.8.10", minimum required is "3") 
[0.077s] -- Using PYTHON_EXECUTABLE: /usr/bin/python3
[0.205s] -- Found std_msgs: 2.0.5 (/opt/ros/foxy/share/std_msgs/cmake)
[0.378s] -- Using all available rosidl_typesupport_c: rosidl_typesupport_fastrtps_c;rosidl_typesupport_introspection_c
[0.382s] -- Found rosidl_adapter: 1.3.1 (/opt/ros/foxy/share/rosidl_adapter/cmake)
[3.768s] -- Using all available rosidl_typesupport_cpp: rosidl_typesupport_fastrtps_cpp;rosidl_typesupport_introspection_cpp
[3.812s] -- Found rosidl_default_generators: 1.0.1 (/opt/ros/foxy/share/rosidl_default_generators/cmake)
[3.837s] -- Found PythonInterp: /usr/bin/python3 (found version "3.8.10") 
[3.934s] -- Found ament_cmake_ros: 0.9.2 (/opt/ros/foxy/share/ament_cmake_ros/cmake)
[6.930s] -- Using all available rosidl_typesupport_c: rosidl_typesupport_fastrtps_c;rosidl_typesupport_introspection_c
[6.937s] -- Using all available rosidl_typesupport_cpp: rosidl_typesupport_fastrtps_cpp;rosidl_typesupport_introspection_cpp
[6.954s] -- Found PythonInterp: /usr/bin/python3 (found suitable version "3.8.10", minimum required is "3.5") 
[6.955s] -- Found python_cmake_module: 0.8.1 (/opt/ros/foxy/share/python_cmake_module/cmake)
[6.976s] -- Using PYTHON_EXECUTABLE: /usr/bin/python3
[6.976s] -- Using PYTHON_INCLUDE_DIRS: /usr/include/python3.8
[6.976s] -- Using PYTHON_LIBRARIES: /usr/lib/x86_64-linux-gnu/libpython3.8.so
[6.988s] -- Found ament_lint_auto: 0.9.8 (/opt/ros/foxy/share/ament_lint_auto/cmake)
[7.024s] -- Added test 'copyright' to check source files copyright and LICENSE
[7.034s] -- Added test 'lint_cmake' to check CMake code style
[7.036s] -- Added test 'xmllint' to check XML markup files
[7.043s] -- Configuring done
[7.099s] -- Generating done
[7.101s] -- Build files have been written to: /home/iliass/ros2_athens_ws/build/stm_interfaces
[7.109s] make[2]: Entering directory '/home/iliass/ros2_athens_ws/build/stm_interfaces'
[7.110s] make[3]: Entering directory '/home/iliass/ros2_athens_ws/build/stm_interfaces'
[7.112s] make[3]: Entering directory '/home/iliass/ros2_athens_ws/build/stm_interfaces'
[7.117s] make[3]: Leaving directory '/home/iliass/ros2_athens_ws/build/stm_interfaces'
[7.118s] make[3]: Leaving directory '/home/iliass/ros2_athens_ws/build/stm_interfaces'
[7.124s] [  2%] Built target stm_interfaces__cpp
[7.127s] make[3]: Entering directory '/home/iliass/ros2_athens_ws/build/stm_interfaces'
[7.127s] make[3]: Entering directory '/home/iliass/ros2_athens_ws/build/stm_interfaces'
[7.127s] make[3]: Entering directory '/home/iliass/ros2_athens_ws/build/stm_interfaces'
[7.131s] [ 12%] Built target stm_interfaces__rosidl_generator_c
[7.133s] make[3]: Leaving directory '/home/iliass/ros2_athens_ws/build/stm_interfaces'
[7.133s] make[3]: Entering directory '/home/iliass/ros2_athens_ws/build/stm_interfaces'
[7.133s] make[3]: Entering directory '/home/iliass/ros2_athens_ws/build/stm_interfaces'
[7.134s] make[3]: Leaving directory '/home/iliass/ros2_athens_ws/build/stm_interfaces'
[7.135s] make[3]: Leaving directory '/home/iliass/ros2_athens_ws/build/stm_interfaces'
[7.140s] make[3]: Leaving directory '/home/iliass/ros2_athens_ws/build/stm_interfaces'
[7.140s] make[3]: Leaving directory '/home/iliass/ros2_athens_ws/build/stm_interfaces'
[7.142s] [ 23%] Built target stm_interfaces__rosidl_typesupport_cpp
[7.142s] [ 34%] Built target stm_interfaces__rosidl_typesupport_introspection_cpp
[7.145s] [ 44%] Built target stm_interfaces__rosidl_typesupport_fastrtps_cpp
[7.148s] make[3]: Entering directory '/home/iliass/ros2_athens_ws/build/stm_interfaces'
[7.148s] [ 55%] Built target stm_interfaces__rosidl_typesupport_introspection_c
[7.149s] [ 65%] Built target stm_interfaces__rosidl_typesupport_c
[7.153s] make[3]: Leaving directory '/home/iliass/ros2_athens_ws/build/stm_interfaces'
[7.162s] [ 76%] Built target stm_interfaces__rosidl_typesupport_fastrtps_c
[7.163s] make[3]: Entering directory '/home/iliass/ros2_athens_ws/build/stm_interfaces'
[7.169s] make[3]: Leaving directory '/home/iliass/ros2_athens_ws/build/stm_interfaces'
[7.176s] [ 76%] Built target stm_interfaces
[7.177s] make[3]: Entering directory '/home/iliass/ros2_athens_ws/build/stm_interfaces'
[7.184s] make[3]: Leaving directory '/home/iliass/ros2_athens_ws/build/stm_interfaces'
[7.192s] [ 78%] Built target stm_interfaces__py
[7.194s] make[3]: Entering directory '/home/iliass/ros2_athens_ws/build/stm_interfaces'
[7.201s] make[3]: Leaving directory '/home/iliass/ros2_athens_ws/build/stm_interfaces'
[7.211s] [ 87%] Built target stm_interfaces__python
[7.213s] make[3]: Entering directory '/home/iliass/ros2_athens_ws/build/stm_interfaces'
[7.213s] make[3]: Entering directory '/home/iliass/ros2_athens_ws/build/stm_interfaces'
[7.213s] make[3]: Entering directory '/home/iliass/ros2_athens_ws/build/stm_interfaces'
[7.220s] make[3]: Leaving directory '/home/iliass/ros2_athens_ws/build/stm_interfaces'
[7.220s] make[3]: Leaving directory '/home/iliass/ros2_athens_ws/build/stm_interfaces'
[7.220s] make[3]: Leaving directory '/home/iliass/ros2_athens_ws/build/stm_interfaces'
[7.229s] [ 93%] Built target stm_interfaces__rosidl_typesupport_c__pyext
[7.230s] [ 95%] Built target stm_interfaces__rosidl_typesupport_fastrtps_c__pyext
[7.230s] [100%] Built target stm_interfaces__rosidl_typesupport_introspection_c__pyext
[7.230s] make[2]: Leaving directory '/home/iliass/ros2_athens_ws/build/stm_interfaces'
[7.236s] make[1]: Leaving directory '/home/iliass/ros2_athens_ws/build/stm_interfaces'
[7.238s] Invoked command in '/home/iliass/ros2_athens_ws/build/stm_interfaces' returned '0': CMAKE_PREFIX_PATH=${CMAKE_PREFIX_PATH}:/home/iliass/ros2_athens_ws/install/stm_station:/home/iliass/ros2_athens_ws/install/first_package:/opt/ros/foxy /usr/bin/cmake --build /home/iliass/ros2_athens_ws/build/stm_interfaces -- -j16 -l16
[7.292s] Invoking command in '/home/iliass/ros2_athens_ws/build/stm_interfaces': CMAKE_PREFIX_PATH=${CMAKE_PREFIX_PATH}:/home/iliass/ros2_athens_ws/install/stm_station:/home/iliass/ros2_athens_ws/install/first_package:/opt/ros/foxy /usr/bin/cmake --install /home/iliass/ros2_athens_ws/build/stm_interfaces
[7.298s] -- Install configuration: ""
[7.299s] -- Up-to-date: /home/iliass/ros2_athens_ws/install/stm_interfaces/share/ament_index/resource_index/rosidl_interfaces/stm_interfaces
[7.299s] -- Up-to-date: /home/iliass/ros2_athens_ws/install/stm_interfaces/include/stm_interfaces
[7.301s] -- Up-to-date: /home/iliass/ros2_athens_ws/install/stm_interfaces/include/stm_interfaces/srv
[7.301s] -- Up-to-date: /home/iliass/ros2_athens_ws/install/stm_interfaces/include/stm_interfaces/srv/detail
[7.301s] -- Up-to-date: /home/iliass/ros2_athens_ws/install/stm_interfaces/include/stm_interfaces/srv/detail/motor_service__functions.c
[7.301s] -- Up-to-date: /home/iliass/ros2_athens_ws/install/stm_interfaces/include/stm_interfaces/srv/detail/motor_service__struct.h
[7.301s] -- Up-to-date: /home/iliass/ros2_athens_ws/install/stm_interfaces/include/stm_interfaces/srv/detail/motor_service__functions.h
[7.301s] -- Up-to-date: /home/iliass/ros2_athens_ws/install/stm_interfaces/include/stm_interfaces/srv/detail/stm_set_control_type__functions.h
[7.302s] -- Up-to-date: /home/iliass/ros2_athens_ws/install/stm_interfaces/include/stm_interfaces/srv/detail/add_two_ints__functions.c
[7.302s] -- Up-to-date: /home/iliass/ros2_athens_ws/install/stm_interfaces/include/stm_interfaces/srv/detail/add_two_ints__functions.h
[7.302s] -- Up-to-date: /home/iliass/ros2_athens_ws/install/stm_interfaces/include/stm_interfaces/srv/detail/motor_service__type_support.h
[7.302s] -- Up-to-date: /home/iliass/ros2_athens_ws/install/stm_interfaces/include/stm_interfaces/srv/detail/add_two_ints__struct.h
[7.302s] -- Up-to-date: /home/iliass/ros2_athens_ws/install/stm_interfaces/include/stm_interfaces/srv/detail/stm_set_control_type__struct.h
[7.302s] -- Up-to-date: /home/iliass/ros2_athens_ws/install/stm_interfaces/include/stm_interfaces/srv/detail/stm_set_control_type__functions.c
[7.302s] -- Up-to-date: /home/iliass/ros2_athens_ws/install/stm_interfaces/include/stm_interfaces/srv/detail/stm_set_control_type__type_support.h
[7.302s] -- Up-to-date: /home/iliass/ros2_athens_ws/install/stm_interfaces/include/stm_interfaces/srv/detail/add_two_ints__type_support.h
[7.302s] -- Up-to-date: /home/iliass/ros2_athens_ws/install/stm_interfaces/include/stm_interfaces/srv/add_two_ints.h
[7.302s] -- Up-to-date: /home/iliass/ros2_athens_ws/install/stm_interfaces/include/stm_interfaces/srv/motor_service.h
[7.302s] -- Up-to-date: /home/iliass/ros2_athens_ws/install/stm_interfaces/include/stm_interfaces/srv/stm_set_control_type.h
[7.302s] -- Up-to-date: /home/iliass/ros2_athens_ws/install/stm_interfaces/include/stm_interfaces/msg
[7.302s] -- Up-to-date: /home/iliass/ros2_athens_ws/install/stm_interfaces/include/stm_interfaces/msg/stm_control.h
[7.302s] -- Up-to-date: /home/iliass/ros2_athens_ws/install/stm_interfaces/include/stm_interfaces/msg/detail
[7.302s] -- Up-to-date: /home/iliass/ros2_athens_ws/install/stm_interfaces/include/stm_interfaces/msg/detail/stm_state__struct.h
[7.302s] -- Up-to-date: /home/iliass/ros2_athens_ws/install/stm_interfaces/include/stm_interfaces/msg/detail/stm_control__functions.h
[7.302s] -- Up-to-date: /home/iliass/ros2_athens_ws/install/stm_interfaces/include/stm_interfaces/msg/detail/stm_control__type_support.h
[7.302s] -- Up-to-date: /home/iliass/ros2_athens_ws/install/stm_interfaces/include/stm_interfaces/msg/detail/stm_state__functions.h
[7.302s] -- Up-to-date: /home/iliass/ros2_athens_ws/install/stm_interfaces/include/stm_interfaces/msg/detail/stm_state__functions.c
[7.302s] -- Up-to-date: /home/iliass/ros2_athens_ws/install/stm_interfaces/include/stm_interfaces/msg/detail/stm_control__functions.c
[7.302s] -- Up-to-date: /home/iliass/ros2_athens_ws/install/stm_interfaces/include/stm_interfaces/msg/detail/stm_control__struct.h
[7.302s] -- Up-to-date: /home/iliass/ros2_athens_ws/install/stm_interfaces/include/stm_interfaces/msg/detail/stm_state__type_support.h
[7.302s] -- Up-to-date: /home/iliass/ros2_athens_ws/install/stm_interfaces/include/stm_interfaces/msg/stm_state.h
[7.302s] -- Up-to-date: /home/iliass/ros2_athens_ws/install/stm_interfaces/include/stm_interfaces/msg/rosidl_generator_c__visibility_control.h
[7.302s] -- Up-to-date: /home/iliass/ros2_athens_ws/install/stm_interfaces/share/stm_interfaces/environment/library_path.sh
[7.302s] -- Installing: /home/iliass/ros2_athens_ws/install/stm_interfaces/share/stm_interfaces/environment/library_path.dsv
[7.303s] -- Up-to-date: /home/iliass/ros2_athens_ws/install/stm_interfaces/lib/libstm_interfaces__rosidl_generator_c.so
[7.303s] -- Up-to-date: /home/iliass/ros2_athens_ws/install/stm_interfaces/include/stm_interfaces
[7.303s] -- Up-to-date: /home/iliass/ros2_athens_ws/install/stm_interfaces/include/stm_interfaces/srv
[7.304s] -- Up-to-date: /home/iliass/ros2_athens_ws/install/stm_interfaces/include/stm_interfaces/srv/detail
[7.304s] -- Up-to-date: /home/iliass/ros2_athens_ws/install/stm_interfaces/include/stm_interfaces/srv/detail/add_two_ints__rosidl_typesupport_fastrtps_c.h
[7.304s] -- Up-to-date: /home/iliass/ros2_athens_ws/install/stm_interfaces/include/stm_interfaces/srv/detail/motor_service__rosidl_typesupport_fastrtps_c.h
[7.304s] -- Up-to-date: /home/iliass/ros2_athens_ws/install/stm_interfaces/include/stm_interfaces/srv/detail/stm_set_control_type__rosidl_typesupport_fastrtps_c.h
[7.304s] -- Up-to-date: /home/iliass/ros2_athens_ws/install/stm_interfaces/include/stm_interfaces/msg
[7.304s] -- Up-to-date: /home/iliass/ros2_athens_ws/install/stm_interfaces/include/stm_interfaces/msg/detail
[7.304s] -- Up-to-date: /home/iliass/ros2_athens_ws/install/stm_interfaces/include/stm_interfaces/msg/detail/stm_state__rosidl_typesupport_fastrtps_c.h
[7.304s] -- Up-to-date: /home/iliass/ros2_athens_ws/install/stm_interfaces/include/stm_interfaces/msg/detail/stm_control__rosidl_typesupport_fastrtps_c.h
[7.304s] -- Up-to-date: /home/iliass/ros2_athens_ws/install/stm_interfaces/include/stm_interfaces/msg/rosidl_typesupport_fastrtps_c__visibility_control.h
[7.305s] -- Up-to-date: /home/iliass/ros2_athens_ws/install/stm_interfaces/lib/libstm_interfaces__rosidl_typesupport_fastrtps_c.so
[7.305s] -- Up-to-date: /home/iliass/ros2_athens_ws/install/stm_interfaces/include/stm_interfaces
[7.305s] -- Up-to-date: /home/iliass/ros2_athens_ws/install/stm_interfaces/include/stm_interfaces/srv
[7.305s] -- Up-to-date: /home/iliass/ros2_athens_ws/install/stm_interfaces/include/stm_interfaces/srv/detail
[7.306s] -- Up-to-date: /home/iliass/ros2_athens_ws/install/stm_interfaces/include/stm_interfaces/srv/detail/add_two_ints__rosidl_typesupport_fastrtps_cpp.hpp
[7.306s] -- Up-to-date: /home/iliass/ros2_athens_ws/install/stm_interfaces/include/stm_interfaces/srv/detail/stm_set_control_type__rosidl_typesupport_fastrtps_cpp.hpp
[7.306s] -- Up-to-date: /home/iliass/ros2_athens_ws/install/stm_interfaces/include/stm_interfaces/srv/detail/dds_fastrtps
[7.306s] -- Up-to-date: /home/iliass/ros2_athens_ws/install/stm_interfaces/include/stm_interfaces/srv/detail/motor_service__rosidl_typesupport_fastrtps_cpp.hpp
[7.306s] -- Up-to-date: /home/iliass/ros2_athens_ws/install/stm_interfaces/include/stm_interfaces/msg
[7.306s] -- Up-to-date: /home/iliass/ros2_athens_ws/install/stm_interfaces/include/stm_interfaces/msg/detail
[7.306s] -- Up-to-date: /home/iliass/ros2_athens_ws/install/stm_interfaces/include/stm_interfaces/msg/detail/stm_state__rosidl_typesupport_fastrtps_cpp.hpp
[7.306s] -- Up-to-date: /home/iliass/ros2_athens_ws/install/stm_interfaces/include/stm_interfaces/msg/detail/dds_fastrtps
[7.306s] -- Up-to-date: /home/iliass/ros2_athens_ws/install/stm_interfaces/include/stm_interfaces/msg/detail/stm_control__rosidl_typesupport_fastrtps_cpp.hpp
[7.306s] -- Up-to-date: /home/iliass/ros2_athens_ws/install/stm_interfaces/include/stm_interfaces/msg/rosidl_typesupport_fastrtps_cpp__visibility_control.h
[7.307s] -- Up-to-date: /home/iliass/ros2_athens_ws/install/stm_interfaces/lib/libstm_interfaces__rosidl_typesupport_fastrtps_cpp.so
[7.307s] -- Up-to-date: /home/iliass/ros2_athens_ws/install/stm_interfaces/include/stm_interfaces
[7.307s] -- Up-to-date: /home/iliass/ros2_athens_ws/install/stm_interfaces/include/stm_interfaces/srv
[7.307s] -- Up-to-date: /home/iliass/ros2_athens_ws/install/stm_interfaces/include/stm_interfaces/srv/detail
[7.307s] -- Up-to-date: /home/iliass/ros2_athens_ws/install/stm_interfaces/include/stm_interfaces/srv/detail/motor_service__rosidl_typesupport_introspection_c.h
[7.308s] -- Up-to-date: /home/iliass/ros2_athens_ws/install/stm_interfaces/include/stm_interfaces/srv/detail/motor_service__type_support.c
[7.308s] -- Up-to-date: /home/iliass/ros2_athens_ws/install/stm_interfaces/include/stm_interfaces/srv/detail/add_two_ints__type_support.c
[7.308s] -- Up-to-date: /home/iliass/ros2_athens_ws/install/stm_interfaces/include/stm_interfaces/srv/detail/stm_set_control_type__type_support.c
[7.308s] -- Up-to-date: /home/iliass/ros2_athens_ws/install/stm_interfaces/include/stm_interfaces/srv/detail/add_two_ints__rosidl_typesupport_introspection_c.h
[7.308s] -- Up-to-date: /home/iliass/ros2_athens_ws/install/stm_interfaces/include/stm_interfaces/srv/detail/stm_set_control_type__rosidl_typesupport_introspection_c.h
[7.308s] -- Up-to-date: /home/iliass/ros2_athens_ws/install/stm_interfaces/include/stm_interfaces/msg
[7.308s] -- Up-to-date: /home/iliass/ros2_athens_ws/install/stm_interfaces/include/stm_interfaces/msg/detail
[7.308s] -- Up-to-date: /home/iliass/ros2_athens_ws/install/stm_interfaces/include/stm_interfaces/msg/detail/stm_state__type_support.c
[7.308s] -- Up-to-date: /home/iliass/ros2_athens_ws/install/stm_interfaces/include/stm_interfaces/msg/detail/stm_control__type_support.c
[7.308s] -- Up-to-date: /home/iliass/ros2_athens_ws/install/stm_interfaces/include/stm_interfaces/msg/detail/stm_control__rosidl_typesupport_introspection_c.h
[7.308s] -- Up-to-date: /home/iliass/ros2_athens_ws/install/stm_interfaces/include/stm_interfaces/msg/detail/stm_state__rosidl_typesupport_introspection_c.h
[7.308s] -- Up-to-date: /home/iliass/ros2_athens_ws/install/stm_interfaces/include/stm_interfaces/msg/rosidl_typesupport_introspection_c__visibility_control.h
[7.308s] -- Up-to-date: /home/iliass/ros2_athens_ws/install/stm_interfaces/lib/libstm_interfaces__rosidl_typesupport_introspection_c.so
[7.309s] -- Up-to-date: /home/iliass/ros2_athens_ws/install/stm_interfaces/lib/libstm_interfaces__rosidl_typesupport_c.so
[7.309s] -- Up-to-date: /home/iliass/ros2_athens_ws/install/stm_interfaces/include/stm_interfaces
[7.310s] -- Up-to-date: /home/iliass/ros2_athens_ws/install/stm_interfaces/include/stm_interfaces/srv
[7.310s] -- Up-to-date: /home/iliass/ros2_athens_ws/install/stm_interfaces/include/stm_interfaces/srv/detail
[7.310s] -- Up-to-date: /home/iliass/ros2_athens_ws/install/stm_interfaces/include/stm_interfaces/srv/detail/stm_set_control_type__builder.hpp
[7.310s] -- Up-to-date: /home/iliass/ros2_athens_ws/install/stm_interfaces/include/stm_interfaces/srv/detail/stm_set_control_type__traits.hpp
[7.310s] -- Up-to-date: /home/iliass/ros2_athens_ws/install/stm_interfaces/include/stm_interfaces/srv/detail/stm_set_control_type__type_support.hpp
[7.310s] -- Up-to-date: /home/iliass/ros2_athens_ws/install/stm_interfaces/include/stm_interfaces/srv/detail/motor_service__struct.hpp
[7.310s] -- Up-to-date: /home/iliass/ros2_athens_ws/install/stm_interfaces/include/stm_interfaces/srv/detail/add_two_ints__traits.hpp
[7.310s] -- Up-to-date: /home/iliass/ros2_athens_ws/install/stm_interfaces/include/stm_interfaces/srv/detail/motor_service__type_support.hpp
[7.310s] -- Up-to-date: /home/iliass/ros2_athens_ws/install/stm_interfaces/include/stm_interfaces/srv/detail/add_two_ints__type_support.hpp
[7.310s] -- Up-to-date: /home/iliass/ros2_athens_ws/install/stm_interfaces/include/stm_interfaces/srv/detail/add_two_ints__builder.hpp
[7.310s] -- Up-to-date: /home/iliass/ros2_athens_ws/install/stm_interfaces/include/stm_interfaces/srv/detail/add_two_ints__struct.hpp
[7.310s] -- Up-to-date: /home/iliass/ros2_athens_ws/install/stm_interfaces/include/stm_interfaces/srv/detail/motor_service__traits.hpp
[7.310s] -- Up-to-date: /home/iliass/ros2_athens_ws/install/stm_interfaces/include/stm_interfaces/srv/detail/motor_service__builder.hpp
[7.310s] -- Up-to-date: /home/iliass/ros2_athens_ws/install/stm_interfaces/include/stm_interfaces/srv/detail/stm_set_control_type__struct.hpp
[7.310s] -- Up-to-date: /home/iliass/ros2_athens_ws/install/stm_interfaces/include/stm_interfaces/srv/add_two_ints.hpp
[7.310s] -- Up-to-date: /home/iliass/ros2_athens_ws/install/stm_interfaces/include/stm_interfaces/srv/stm_set_control_type.hpp
[7.311s] -- Up-to-date: /home/iliass/ros2_athens_ws/install/stm_interfaces/include/stm_interfaces/srv/motor_service.hpp
[7.311s] -- Up-to-date: /home/iliass/ros2_athens_ws/install/stm_interfaces/include/stm_interfaces/msg
[7.311s] -- Up-to-date: /home/iliass/ros2_athens_ws/install/stm_interfaces/include/stm_interfaces/msg/stm_control.hpp
[7.311s] -- Up-to-date: /home/iliass/ros2_athens_ws/install/stm_interfaces/include/stm_interfaces/msg/detail
[7.311s] -- Up-to-date: /home/iliass/ros2_athens_ws/install/stm_interfaces/include/stm_interfaces/msg/detail/stm_state__builder.hpp
[7.311s] -- Up-to-date: /home/iliass/ros2_athens_ws/install/stm_interfaces/include/stm_interfaces/msg/detail/stm_control__type_support.hpp
[7.311s] -- Up-to-date: /home/iliass/ros2_athens_ws/install/stm_interfaces/include/stm_interfaces/msg/detail/stm_state__struct.hpp
[7.311s] -- Up-to-date: /home/iliass/ros2_athens_ws/install/stm_interfaces/include/stm_interfaces/msg/detail/stm_state__traits.hpp
[7.311s] -- Up-to-date: /home/iliass/ros2_athens_ws/install/stm_interfaces/include/stm_interfaces/msg/detail/stm_control__struct.hpp
[7.311s] -- Up-to-date: /home/iliass/ros2_athens_ws/install/stm_interfaces/include/stm_interfaces/msg/detail/stm_state__type_support.hpp
[7.312s] -- Up-to-date: /home/iliass/ros2_athens_ws/install/stm_interfaces/include/stm_interfaces/msg/detail/stm_control__builder.hpp
[7.312s] -- Up-to-date: /home/iliass/ros2_athens_ws/install/stm_interfaces/include/stm_interfaces/msg/detail/stm_control__traits.hpp
[7.312s] -- Up-to-date: /home/iliass/ros2_athens_ws/install/stm_interfaces/include/stm_interfaces/msg/rosidl_generator_cpp__visibility_control.hpp
[7.312s] -- Up-to-date: /home/iliass/ros2_athens_ws/install/stm_interfaces/include/stm_interfaces/msg/stm_state.hpp
[7.312s] -- Up-to-date: /home/iliass/ros2_athens_ws/install/stm_interfaces/include/stm_interfaces
[7.312s] -- Up-to-date: /home/iliass/ros2_athens_ws/install/stm_interfaces/include/stm_interfaces/srv
[7.312s] -- Up-to-date: /home/iliass/ros2_athens_ws/install/stm_interfaces/include/stm_interfaces/srv/detail
[7.312s] -- Up-to-date: /home/iliass/ros2_athens_ws/install/stm_interfaces/include/stm_interfaces/srv/detail/stm_set_control_type__rosidl_typesupport_introspection_cpp.hpp
[7.312s] -- Up-to-date: /home/iliass/ros2_athens_ws/install/stm_interfaces/include/stm_interfaces/srv/detail/add_two_ints__type_support.cpp
[7.312s] -- Up-to-date: /home/iliass/ros2_athens_ws/install/stm_interfaces/include/stm_interfaces/srv/detail/motor_service__type_support.cpp
[7.312s] -- Up-to-date: /home/iliass/ros2_athens_ws/install/stm_interfaces/include/stm_interfaces/srv/detail/add_two_ints__rosidl_typesupport_introspection_cpp.hpp
[7.312s] -- Up-to-date: /home/iliass/ros2_athens_ws/install/stm_interfaces/include/stm_interfaces/srv/detail/motor_service__rosidl_typesupport_introspection_cpp.hpp
[7.312s] -- Up-to-date: /home/iliass/ros2_athens_ws/install/stm_interfaces/include/stm_interfaces/srv/detail/stm_set_control_type__type_support.cpp
[7.313s] -- Up-to-date: /home/iliass/ros2_athens_ws/install/stm_interfaces/include/stm_interfaces/msg
[7.313s] -- Up-to-date: /home/iliass/ros2_athens_ws/install/stm_interfaces/include/stm_interfaces/msg/detail
[7.313s] -- Up-to-date: /home/iliass/ros2_athens_ws/install/stm_interfaces/include/stm_interfaces/msg/detail/stm_control__type_support.cpp
[7.313s] -- Up-to-date: /home/iliass/ros2_athens_ws/install/stm_interfaces/include/stm_interfaces/msg/detail/stm_state__rosidl_typesupport_introspection_cpp.hpp
[7.313s] -- Up-to-date: /home/iliass/ros2_athens_ws/install/stm_interfaces/include/stm_interfaces/msg/detail/stm_control__rosidl_typesupport_introspection_cpp.hpp
[7.313s] -- Up-to-date: /home/iliass/ros2_athens_ws/install/stm_interfaces/include/stm_interfaces/msg/detail/stm_state__type_support.cpp
[7.313s] -- Up-to-date: /home/iliass/ros2_athens_ws/install/stm_interfaces/lib/libstm_interfaces__rosidl_typesupport_introspection_cpp.so
[7.313s] -- Up-to-date: /home/iliass/ros2_athens_ws/install/stm_interfaces/lib/libstm_interfaces__rosidl_typesupport_cpp.so
[7.313s] -- Up-to-date: /home/iliass/ros2_athens_ws/install/stm_interfaces/share/stm_interfaces/environment/pythonpath.sh
[7.313s] -- Installing: /home/iliass/ros2_athens_ws/install/stm_interfaces/share/stm_interfaces/environment/pythonpath.dsv
[7.314s] -- Installing: /home/iliass/ros2_athens_ws/install/stm_interfaces/lib/python3.8/site-packages/stm_interfaces/__init__.py
[7.335s] Compiling '/home/iliass/ros2_athens_ws/install/stm_interfaces/lib/python3.8/site-packages/stm_interfaces/__init__.py'...
[7.337s] -- Up-to-date: /home/iliass/ros2_athens_ws/install/stm_interfaces/lib/python3.8/site-packages/stm_interfaces/msg
[7.338s] -- Up-to-date: /home/iliass/ros2_athens_ws/install/stm_interfaces/lib/python3.8/site-packages/stm_interfaces/msg/_stm_control.py
[7.338s] -- Up-to-date: /home/iliass/ros2_athens_ws/install/stm_interfaces/lib/python3.8/site-packages/stm_interfaces/msg/__init__.py
[7.338s] -- Up-to-date: /home/iliass/ros2_athens_ws/install/stm_interfaces/lib/python3.8/site-packages/stm_interfaces/msg/_stm_state_s.c
[7.338s] -- Up-to-date: /home/iliass/ros2_athens_ws/install/stm_interfaces/lib/python3.8/site-packages/stm_interfaces/msg/_stm_state.py
[7.338s] -- Up-to-date: /home/iliass/ros2_athens_ws/install/stm_interfaces/lib/python3.8/site-packages/stm_interfaces/msg/_stm_control_s.c
[7.338s] -- Up-to-date: /home/iliass/ros2_athens_ws/install/stm_interfaces/lib/python3.8/site-packages/stm_interfaces/srv
[7.338s] -- Up-to-date: /home/iliass/ros2_athens_ws/install/stm_interfaces/lib/python3.8/site-packages/stm_interfaces/srv/_stm_set_control_type.py
[7.338s] -- Up-to-date: /home/iliass/ros2_athens_ws/install/stm_interfaces/lib/python3.8/site-packages/stm_interfaces/srv/_add_two_ints.py
[7.338s] -- Up-to-date: /home/iliass/ros2_athens_ws/install/stm_interfaces/lib/python3.8/site-packages/stm_interfaces/srv/_stm_set_control_type_s.c
[7.338s] -- Up-to-date: /home/iliass/ros2_athens_ws/install/stm_interfaces/lib/python3.8/site-packages/stm_interfaces/srv/_add_two_ints_s.c
[7.338s] -- Up-to-date: /home/iliass/ros2_athens_ws/install/stm_interfaces/lib/python3.8/site-packages/stm_interfaces/srv/__init__.py
[7.338s] -- Up-to-date: /home/iliass/ros2_athens_ws/install/stm_interfaces/lib/python3.8/site-packages/stm_interfaces/srv/_motor_service.py
[7.338s] -- Up-to-date: /home/iliass/ros2_athens_ws/install/stm_interfaces/lib/python3.8/site-packages/stm_interfaces/srv/_motor_service_s.c
[7.338s] -- Up-to-date: /home/iliass/ros2_athens_ws/install/stm_interfaces/lib/python3.8/site-packages/stm_interfaces/stm_interfaces_s__rosidl_typesupport_fastrtps_c.cpython-38-x86_64-linux-gnu.so
[7.339s] -- Up-to-date: /home/iliass/ros2_athens_ws/install/stm_interfaces/lib/python3.8/site-packages/stm_interfaces/stm_interfaces_s__rosidl_typesupport_introspection_c.cpython-38-x86_64-linux-gnu.so
[7.340s] -- Up-to-date: /home/iliass/ros2_athens_ws/install/stm_interfaces/lib/python3.8/site-packages/stm_interfaces/stm_interfaces_s__rosidl_typesupport_c.cpython-38-x86_64-linux-gnu.so
[7.341s] -- Up-to-date: /home/iliass/ros2_athens_ws/install/stm_interfaces/lib/libstm_interfaces__python.so
[7.341s] -- Up-to-date: /home/iliass/ros2_athens_ws/install/stm_interfaces/share/stm_interfaces/msg/STMControl.idl
[7.341s] -- Up-to-date: /home/iliass/ros2_athens_ws/install/stm_interfaces/share/stm_interfaces/msg/STMState.idl
[7.341s] -- Up-to-date: /home/iliass/ros2_athens_ws/install/stm_interfaces/share/stm_interfaces/srv/STMSetControlType.idl
[7.342s] -- Up-to-date: /home/iliass/ros2_athens_ws/install/stm_interfaces/share/stm_interfaces/msg/STMControl.msg
[7.342s] -- Up-to-date: /home/iliass/ros2_athens_ws/install/stm_interfaces/share/stm_interfaces/msg/STMState.msg
[7.342s] -- Installing: /home/iliass/ros2_athens_ws/install/stm_interfaces/share/stm_interfaces/srv/STMSetControlType.srv
[7.342s] -- Up-to-date: /home/iliass/ros2_athens_ws/install/stm_interfaces/share/stm_interfaces/srv/STMSetControlType_Request.msg
[7.342s] -- Up-to-date: /home/iliass/ros2_athens_ws/install/stm_interfaces/share/stm_interfaces/srv/STMSetControlType_Response.msg
[7.342s] -- Up-to-date: /home/iliass/ros2_athens_ws/install/stm_interfaces/share/ament_index/resource_index/package_run_dependencies/stm_interfaces
[7.342s] -- Up-to-date: /home/iliass/ros2_athens_ws/install/stm_interfaces/share/ament_index/resource_index/parent_prefix_path/stm_interfaces
[7.342s] -- Up-to-date: /home/iliass/ros2_athens_ws/install/stm_interfaces/share/stm_interfaces/environment/ament_prefix_path.sh
[7.342s] -- Installing: /home/iliass/ros2_athens_ws/install/stm_interfaces/share/stm_interfaces/environment/ament_prefix_path.dsv
[7.342s] -- Up-to-date: /home/iliass/ros2_athens_ws/install/stm_interfaces/share/stm_interfaces/environment/path.sh
[7.343s] -- Installing: /home/iliass/ros2_athens_ws/install/stm_interfaces/share/stm_interfaces/environment/path.dsv
[7.343s] -- Up-to-date: /home/iliass/ros2_athens_ws/install/stm_interfaces/share/stm_interfaces/local_setup.bash
[7.343s] -- Up-to-date: /home/iliass/ros2_athens_ws/install/stm_interfaces/share/stm_interfaces/local_setup.sh
[7.343s] -- Up-to-date: /home/iliass/ros2_athens_ws/install/stm_interfaces/share/stm_interfaces/local_setup.zsh
[7.343s] -- Installing: /home/iliass/ros2_athens_ws/install/stm_interfaces/share/stm_interfaces/local_setup.dsv
[7.343s] -- Installing: /home/iliass/ros2_athens_ws/install/stm_interfaces/share/stm_interfaces/package.dsv
[7.343s] -- Up-to-date: /home/iliass/ros2_athens_ws/install/stm_interfaces/share/ament_index/resource_index/packages/stm_interfaces
[7.344s] -- Up-to-date: /home/iliass/ros2_athens_ws/install/stm_interfaces/share/stm_interfaces/cmake/stm_interfaces__rosidl_generator_cExport.cmake
[7.344s] -- Installing: /home/iliass/ros2_athens_ws/install/stm_interfaces/share/stm_interfaces/cmake/stm_interfaces__rosidl_generator_cExport-noconfig.cmake
[7.344s] -- Up-to-date: /home/iliass/ros2_athens_ws/install/stm_interfaces/share/stm_interfaces/cmake/stm_interfaces__rosidl_typesupport_introspection_cExport.cmake
[7.344s] -- Installing: /home/iliass/ros2_athens_ws/install/stm_interfaces/share/stm_interfaces/cmake/stm_interfaces__rosidl_typesupport_introspection_cExport-noconfig.cmake
[7.344s] -- Up-to-date: /home/iliass/ros2_athens_ws/install/stm_interfaces/share/stm_interfaces/cmake/stm_interfaces__rosidl_typesupport_cExport.cmake
[7.344s] -- Installing: /home/iliass/ros2_athens_ws/install/stm_interfaces/share/stm_interfaces/cmake/stm_interfaces__rosidl_typesupport_cExport-noconfig.cmake
[7.344s] -- Up-to-date: /home/iliass/ros2_athens_ws/install/stm_interfaces/share/stm_interfaces/cmake/stm_interfaces__rosidl_generator_cppExport.cmake
[7.345s] -- Up-to-date: /home/iliass/ros2_athens_ws/install/stm_interfaces/share/stm_interfaces/cmake/stm_interfaces__rosidl_typesupport_introspection_cppExport.cmake
[7.345s] -- Installing: /home/iliass/ros2_athens_ws/install/stm_interfaces/share/stm_interfaces/cmake/stm_interfaces__rosidl_typesupport_introspection_cppExport-noconfig.cmake
[7.345s] -- Up-to-date: /home/iliass/ros2_athens_ws/install/stm_interfaces/share/stm_interfaces/cmake/stm_interfaces__rosidl_typesupport_cppExport.cmake
[7.345s] -- Installing: /home/iliass/ros2_athens_ws/install/stm_interfaces/share/stm_interfaces/cmake/stm_interfaces__rosidl_typesupport_cppExport-noconfig.cmake
[7.346s] -- Up-to-date: /home/iliass/ros2_athens_ws/install/stm_interfaces/share/stm_interfaces/cmake/rosidl_cmake-extras.cmake
[7.346s] -- Up-to-date: /home/iliass/ros2_athens_ws/install/stm_interfaces/share/stm_interfaces/cmake/ament_cmake_export_dependencies-extras.cmake
[7.346s] -- Up-to-date: /home/iliass/ros2_athens_ws/install/stm_interfaces/share/stm_interfaces/cmake/ament_cmake_export_libraries-extras.cmake
[7.346s] -- Up-to-date: /home/iliass/ros2_athens_ws/install/stm_interfaces/share/stm_interfaces/cmake/ament_cmake_export_targets-extras.cmake
[7.346s] -- Up-to-date: /home/iliass/ros2_athens_ws/install/stm_interfaces/share/stm_interfaces/cmake/ament_cmake_export_include_directories-extras.cmake
[7.346s] -- Up-to-date: /home/iliass/ros2_athens_ws/install/stm_interfaces/share/stm_interfaces/cmake/rosidl_cmake_export_typesupport_libraries-extras.cmake
[7.346s] -- Up-to-date: /home/iliass/ros2_athens_ws/install/stm_interfaces/share/stm_interfaces/cmake/rosidl_cmake_export_typesupport_targets-extras.cmake
[7.346s] -- Up-to-date: /home/iliass/ros2_athens_ws/install/stm_interfaces/share/stm_interfaces/cmake/stm_interfacesConfig.cmake
[7.347s] -- Up-to-date: /home/iliass/ros2_athens_ws/install/stm_interfaces/share/stm_interfaces/cmake/stm_interfacesConfig-version.cmake
[7.347s] -- Installing: /home/iliass/ros2_athens_ws/install/stm_interfaces/share/stm_interfaces/package.xml
[7.348s] Invoked command in '/home/iliass/ros2_athens_ws/build/stm_interfaces' returned '0': CMAKE_PREFIX_PATH=${CMAKE_PREFIX_PATH}:/home/iliass/ros2_athens_ws/install/stm_station:/home/iliass/ros2_athens_ws/install/first_package:/opt/ros/foxy /usr/bin/cmake --install /home/iliass/ros2_athens_ws/build/stm_interfaces
