[0.020s] Invoking command in '/home/iliass/ros2_athens_ws/build/first_interfaces': CMAKE_PREFIX_PATH=/home/iliass/ros2_athens_ws/install/first_package:/opt/ros/foxy /usr/bin/cmake --build /home/iliass/ros2_athens_ws/build/first_interfaces -- -j16 -l16
[0.029s] make[1]: Entering directory '/home/iliass/ros2_athens_ws/build/first_interfaces'
[0.039s] -- Found ament_cmake: 0.9.12 (/opt/ros/foxy/share/ament_cmake/cmake)
[0.053s] -- Found PythonInterp: /usr/bin/python3 (found suitable version "3.8.10", minimum required is "3") 
[0.053s] -- Using PYTHON_EXECUTABLE: /usr/bin/python3
[0.155s] -- Found std_msgs: 2.0.5 (/opt/ros/foxy/share/std_msgs/cmake)
[0.345s] -- Using all available rosidl_typesupport_c: rosidl_typesupport_fastrtps_c;rosidl_typesupport_introspection_c
[0.347s] -- Found rosidl_adapter: 1.3.1 (/opt/ros/foxy/share/rosidl_adapter/cmake)
[3.984s] -- Using all available rosidl_typesupport_cpp: rosidl_typesupport_fastrtps_cpp;rosidl_typesupport_introspection_cpp
[4.007s] -- Found rosidl_default_generators: 1.0.1 (/opt/ros/foxy/share/rosidl_default_generators/cmake)
[4.026s] -- Found PythonInterp: /usr/bin/python3 (found version "3.8.10") 
[4.096s] -- Found ament_cmake_ros: 0.9.2 (/opt/ros/foxy/share/ament_cmake_ros/cmake)
[7.920s] -- Using all available rosidl_typesupport_c: rosidl_typesupport_fastrtps_c;rosidl_typesupport_introspection_c
[7.924s] -- Using all available rosidl_typesupport_cpp: rosidl_typesupport_fastrtps_cpp;rosidl_typesupport_introspection_cpp
[7.942s] -- Found PythonInterp: /usr/bin/python3 (found suitable version "3.8.10", minimum required is "3.5") 
[7.942s] -- Found python_cmake_module: 0.8.1 (/opt/ros/foxy/share/python_cmake_module/cmake)
[7.958s] -- Using PYTHON_EXECUTABLE: /usr/bin/python3
[7.958s] -- Using PYTHON_INCLUDE_DIRS: /usr/include/python3.8
[7.958s] -- Using PYTHON_LIBRARIES: /usr/lib/x86_64-linux-gnu/libpython3.8.so
[7.965s] -- Found ament_lint_auto: 0.9.8 (/opt/ros/foxy/share/ament_lint_auto/cmake)
[7.971s] -- Added test 'copyright' to check source files copyright and LICENSE
[7.976s] -- Added test 'cppcheck' to perform static code analysis on C / C++ code
[7.977s] -- Configured cppcheck include dirs: 
[7.977s] -- Configured cppcheck exclude dirs and/or files: 
[7.982s] -- Added test 'cpplint' to check C / C++ code against the Google style
[7.982s] -- Configured cpplint exclude dirs and/or files: 
[7.983s] -- Added test 'flake8' to check Python code syntax and style conventions
[7.985s] -- Added test 'lint_cmake' to check CMake code style
[7.985s] -- Added test 'pep257' to check Python code against some of the style conventions in PEP 257
[7.991s] -- Added test 'uncrustify' to check C / C++ code style
[7.992s] -- Configured uncrustify additional arguments: 
[7.992s] -- Added test 'xmllint' to check XML markup files
[7.995s] -- Configuring done
[8.010s] -- Generating done
[8.012s] -- Build files have been written to: /home/iliass/ros2_athens_ws/build/first_interfaces
[8.022s] make[2]: Entering directory '/home/iliass/ros2_athens_ws/build/first_interfaces'
[8.023s] make[3]: Entering directory '/home/iliass/ros2_athens_ws/build/first_interfaces'
[8.024s] make[3]: Entering directory '/home/iliass/ros2_athens_ws/build/first_interfaces'
[8.029s] make[3]: Leaving directory '/home/iliass/ros2_athens_ws/build/first_interfaces'
[8.029s] make[3]: Leaving directory '/home/iliass/ros2_athens_ws/build/first_interfaces'
[8.030s] make[3]: Entering directory '/home/iliass/ros2_athens_ws/build/first_interfaces'
[8.035s] [  6%] [32mBuilding C object CMakeFiles/first_interfaces__rosidl_generator_c.dir/rosidl_generator_c/first_interfaces/msg/detail/custom_message__functions.c.o[0m
[8.035s] [  6%] Built target first_interfaces__cpp
[8.037s] make[3]: Entering directory '/home/iliass/ros2_athens_ws/build/first_interfaces'
[8.038s] make[3]: Entering directory '/home/iliass/ros2_athens_ws/build/first_interfaces'
[8.038s] make[3]: Entering directory '/home/iliass/ros2_athens_ws/build/first_interfaces'
[8.045s] make[3]: Leaving directory '/home/iliass/ros2_athens_ws/build/first_interfaces'
[8.045s] make[3]: Leaving directory '/home/iliass/ros2_athens_ws/build/first_interfaces'
[8.046s] make[3]: Leaving directory '/home/iliass/ros2_athens_ws/build/first_interfaces'
[8.047s] make[3]: Entering directory '/home/iliass/ros2_athens_ws/build/first_interfaces'
[8.047s] make[3]: Entering directory '/home/iliass/ros2_athens_ws/build/first_interfaces'
[8.048s] make[3]: Entering directory '/home/iliass/ros2_athens_ws/build/first_interfaces'
[8.049s] In file included from [01m[K/home/iliass/ros2_athens_ws/build/first_interfaces/rosidl_generator_c/first_interfaces/msg/detail/custom_message__functions.h:19[m[K,
[8.049s]                  from [01m[K/home/iliass/ros2_athens_ws/build/first_interfaces/rosidl_generator_c/first_interfaces/msg/detail/custom_message__functions.c:4[m[K:
[8.049s] [01m[K/home/iliass/ros2_athens_ws/build/first_interfaces/rosidl_generator_c/first_interfaces/msg/detail/custom_message__struct.h:24:10:[m[K [01;31m[Kfatal error: [m[Kfirst_interfaces/msg/detail/string__struct.h: No such file or directory
[8.049s]    24 | #include [01;31m[K"first_interfaces/msg/detail/string__struct.h"[m[K
[8.049s]       |          [01;31m[K^~~~~~~~~~~~~~~~~~~~~~~~~~~~~~~~~~~~~~~~~~~~~~[m[K
[8.049s] compilation terminated.
[8.051s] make[3]: *** [CMakeFiles/first_interfaces__rosidl_generator_c.dir/build.make:92: CMakeFiles/first_interfaces__rosidl_generator_c.dir/rosidl_generator_c/first_interfaces/msg/detail/custom_message__functions.c.o] Error 1
[8.051s] make[3]: Leaving directory '/home/iliass/ros2_athens_ws/build/first_interfaces'
[8.051s] make[2]: *** [CMakeFiles/Makefile2:332: CMakeFiles/first_interfaces__rosidl_generator_c.dir/all] Error 2
[8.051s] make[2]: *** Waiting for unfinished jobs....
[8.053s] [  9%] [32mBuilding CXX object CMakeFiles/first_interfaces__rosidl_typesupport_introspection_cpp.dir/rosidl_typesupport_introspection_cpp/first_interfaces/msg/detail/custom_message__type_support.cpp.o[0m
[8.054s] [ 16%] [32mBuilding CXX object CMakeFiles/first_interfaces__rosidl_typesupport_cpp.dir/rosidl_typesupport_cpp/first_interfaces/msg/custom_message__type_support.cpp.o[0m
[8.054s] [ 16%] [32mBuilding CXX object CMakeFiles/first_interfaces__rosidl_typesupport_fastrtps_cpp.dir/rosidl_typesupport_fastrtps_cpp/first_interfaces/msg/detail/dds_fastrtps/custom_message__type_support.cpp.o[0m
[8.078s] In file included from [01m[K/home/iliass/ros2_athens_ws/build/first_interfaces/rosidl_typesupport_introspection_cpp/first_interfaces/msg/detail/custom_message__type_support.cpp:12[m[K:
[8.079s] [01m[K/home/iliass/ros2_athens_ws/build/first_interfaces/rosidl_generator_cpp/first_interfaces/msg/detail/custom_message__struct.hpp:19:10:[m[K [01;31m[Kfatal error: [m[Kfirst_interfaces/msg/detail/string__struct.hpp: No such file or directory
[8.079s]    19 | #include [01;31m[K"first_interfaces/msg/detail/string__struct.hpp"[m[K
[8.079s]       |          [01;31m[K^~~~~~~~~~~~~~~~~~~~~~~~~~~~~~~~~~~~~~~~~~~~~~~~[m[K
[8.079s] compilation terminated.
[8.079s] In file included from [01m[K/home/iliass/ros2_athens_ws/build/first_interfaces/rosidl_typesupport_fastrtps_cpp/first_interfaces/msg/detail/custom_message__rosidl_typesupport_fastrtps_cpp.hpp:11[m[K,
[8.079s]                  from [01m[K/home/iliass/ros2_athens_ws/build/first_interfaces/rosidl_typesupport_fastrtps_cpp/first_interfaces/msg/detail/dds_fastrtps/custom_message__type_support.cpp:4[m[K:
[8.079s] [01m[K/home/iliass/ros2_athens_ws/build/first_interfaces/rosidl_generator_cpp/first_interfaces/msg/detail/custom_message__struct.hpp:19:10:[m[K [01;31m[Kfatal error: [m[Kfirst_interfaces/msg/detail/string__struct.hpp: No such file or directory
[8.079s]    19 | #include [01;31m[K"first_interfaces/msg/detail/string__struct.hpp"[m[K
[8.079s]       |          [01;31m[K^~~~~~~~~~~~~~~~~~~~~~~~~~~~~~~~~~~~~~~~~~~~~~~~[m[K
[8.079s] In file included from [01m[K/home/iliass/ros2_athens_ws/build/first_interfaces/rosidl_typesupport_cpp/first_interfaces/msg/custom_message__type_support.cpp:7[m[K:
[8.080s] [01m[K/home/iliass/ros2_athens_ws/build/first_interfaces/rosidl_generator_cpp/first_interfaces/msg/detail/custom_message__struct.hpp:19:10:[m[K [01;31m[Kfatal error: [m[Kfirst_interfaces/msg/detail/string__struct.hpp: No such file or directory
[8.080s]    19 | #include [01;31m[K"first_interfaces/msg/detail/string__struct.hpp"[m[K
[8.080s]       |          [01;31m[K^~~~~~~~~~~~~~~~~~~~~~~~~~~~~~~~~~~~~~~~~~~~~~~~[m[K
[8.080s] compilation terminated.
[8.080s] compilation terminated.
[8.080s] make[3]: *** [CMakeFiles/first_interfaces__rosidl_typesupport_introspection_cpp.dir/build.make:78: CMakeFiles/first_interfaces__rosidl_typesupport_introspection_cpp.dir/rosidl_typesupport_introspection_cpp/first_interfaces/msg/detail/custom_message__type_support.cpp.o] Error 1
[8.080s] make[3]: Leaving directory '/home/iliass/ros2_athens_ws/build/first_interfaces'
[8.081s] make[3]: Leaving directory '/home/iliass/ros2_athens_ws/build/first_interfaces'
[8.081s] make[2]: *** [CMakeFiles/Makefile2:526: CMakeFiles/first_interfaces__rosidl_typesupport_introspection_cpp.dir/all] Error 2
[8.081s] make[3]: *** [CMakeFiles/first_interfaces__rosidl_typesupport_fastrtps_cpp.dir/build.make:78: CMakeFiles/first_interfaces__rosidl_typesupport_fastrtps_cpp.dir/rosidl_typesupport_fastrtps_cpp/first_interfaces/msg/detail/dds_fastrtps/custom_message__type_support.cpp.o] Error 1
[8.081s] make[3]: *** [CMakeFiles/first_interfaces__rosidl_typesupport_cpp.dir/build.make:73: CMakeFiles/first_interfaces__rosidl_typesupport_cpp.dir/rosidl_typesupport_cpp/first_interfaces/msg/custom_message__type_support.cpp.o] Error 1
[8.081s] make[2]: *** [CMakeFiles/Makefile2:388: CMakeFiles/first_interfaces__rosidl_typesupport_fastrtps_cpp.dir/all] Error 2
[8.081s] make[2]: *** [CMakeFiles/Makefile2:499: CMakeFiles/first_interfaces__rosidl_typesupport_cpp.dir/all] Error 2
[8.081s] make[3]: Leaving directory '/home/iliass/ros2_athens_ws/build/first_interfaces'
[8.081s] make[2]: Leaving directory '/home/iliass/ros2_athens_ws/build/first_interfaces'
[8.082s] make[1]: Leaving directory '/home/iliass/ros2_athens_ws/build/first_interfaces'
[8.082s] make[1]: *** [Makefile:141: all] Error 2
[8.084s] Invoked command in '/home/iliass/ros2_athens_ws/build/first_interfaces' returned '2': CMAKE_PREFIX_PATH=/home/iliass/ros2_athens_ws/install/first_package:/opt/ros/foxy /usr/bin/cmake --build /home/iliass/ros2_athens_ws/build/first_interfaces -- -j16 -l16
