[0.951s] Invoking command in '/home/iliass/ros2_athens_ws/src/first_package': PYTHONPATH=/home/iliass/ros2_athens_ws/build/first_package/prefix_override:/usr/lib/python3/dist-packages/colcon_core/task/python/colcon_distutils_commands:/home/iliass/ros2_athens_ws/install/first_package/lib/python3.8/site-packages:${PYTHONPATH} /usr/bin/python3 -W ignore:setup.py install is deprecated setup.py egg_info --egg-base ../../build/first_package build --build-base /home/iliass/ros2_athens_ws/build/first_package/build install --record /home/iliass/ros2_athens_ws/build/first_package/install.log --install-scripts $base/lib/first_package --single-version-externally-managed install_data
[1.146s] running egg_info
[1.146s] writing ../../build/first_package/first_package.egg-info/PKG-INFO
[1.149s] writing dependency_links to ../../build/first_package/first_package.egg-info/dependency_links.txt
[1.149s] writing entry points to ../../build/first_package/first_package.egg-info/entry_points.txt
[1.150s] writing requirements to ../../build/first_package/first_package.egg-info/requires.txt
[1.150s] writing top-level names to ../../build/first_package/first_package.egg-info/top_level.txt
[1.188s] reading manifest file '../../build/first_package/first_package.egg-info/SOURCES.txt'
[1.190s] writing manifest file '../../build/first_package/first_package.egg-info/SOURCES.txt'
[1.190s] running build
[1.190s] running build_py
[1.191s] running install
[1.193s] running install_lib
[1.194s] running install_data
[1.195s] running install_egg_info
[1.196s] removing '/home/iliass/ros2_athens_ws/install/first_package/lib/python3.8/site-packages/first_package-0.0.0-py3.8.egg-info' (and everything under it)
[1.196s] Copying ../../build/first_package/first_package.egg-info to /home/iliass/ros2_athens_ws/install/first_package/lib/python3.8/site-packages/first_package-0.0.0-py3.8.egg-info
[1.197s] running install_scripts
[1.210s] Installing simple_publisher_node script to /home/iliass/ros2_athens_ws/install/first_package/lib/first_package
[1.210s] Installing simple_subscriber_node script to /home/iliass/ros2_athens_ws/install/first_package/lib/first_package
[1.211s] writing list of installed files to '/home/iliass/ros2_athens_ws/build/first_package/install.log'
[1.225s] Invoked command in '/home/iliass/ros2_athens_ws/src/first_package' returned '0': PYTHONPATH=/home/iliass/ros2_athens_ws/build/first_package/prefix_override:/usr/lib/python3/dist-packages/colcon_core/task/python/colcon_distutils_commands:/home/iliass/ros2_athens_ws/install/first_package/lib/python3.8/site-packages:${PYTHONPATH} /usr/bin/python3 -W ignore:setup.py install is deprecated setup.py egg_info --egg-base ../../build/first_package build --build-base /home/iliass/ros2_athens_ws/build/first_package/build install --record /home/iliass/ros2_athens_ws/build/first_package/install.log --install-scripts $base/lib/first_package --single-version-externally-managed install_data
