[0.019s] Invoking command in '/home/iliass/ros2_athens_ws/build/first_interfaces': CMAKE_PREFIX_PATH=/home/iliass/ros2_athens_ws/install/first_package:/opt/ros/foxy /usr/bin/cmake --build /home/iliass/ros2_athens_ws/build/first_interfaces -- -j16 -l16
[0.028s] make[1]: Entering directory '/home/iliass/ros2_athens_ws/build/first_interfaces'
[0.040s] -- Found ament_cmake: 0.9.12 (/opt/ros/foxy/share/ament_cmake/cmake)
[0.054s] -- Found PythonInterp: /usr/bin/python3 (found suitable version "3.8.10", minimum required is "3") 
[0.054s] -- Using PYTHON_EXECUTABLE: /usr/bin/python3
[0.163s] -- Found std_msgs: 2.0.5 (/opt/ros/foxy/share/std_msgs/cmake)
[0.461s] -- Using all available rosidl_typesupport_c: rosidl_typesupport_fastrtps_c;rosidl_typesupport_introspection_c
[0.463s] -- Found rosidl_adapter: 1.3.1 (/opt/ros/foxy/share/rosidl_adapter/cmake)
[4.065s] -- Using all available rosidl_typesupport_cpp: rosidl_typesupport_fastrtps_cpp;rosidl_typesupport_introspection_cpp
[4.090s] -- Found rosidl_default_generators: 1.0.1 (/opt/ros/foxy/share/rosidl_default_generators/cmake)
[4.108s] -- Found PythonInterp: /usr/bin/python3 (found version "3.8.10") 
[4.179s] -- Found ament_cmake_ros: 0.9.2 (/opt/ros/foxy/share/ament_cmake_ros/cmake)
[7.771s] -- Using all available rosidl_typesupport_c: rosidl_typesupport_fastrtps_c;rosidl_typesupport_introspection_c
[7.774s] -- Using all available rosidl_typesupport_cpp: rosidl_typesupport_fastrtps_cpp;rosidl_typesupport_introspection_cpp
[7.791s] -- Found PythonInterp: /usr/bin/python3 (found suitable version "3.8.10", minimum required is "3.5") 
[7.791s] -- Found python_cmake_module: 0.8.1 (/opt/ros/foxy/share/python_cmake_module/cmake)
[7.807s] -- Using PYTHON_EXECUTABLE: /usr/bin/python3
[7.807s] -- Using PYTHON_INCLUDE_DIRS: /usr/include/python3.8
[7.807s] -- Using PYTHON_LIBRARIES: /usr/lib/x86_64-linux-gnu/libpython3.8.so
[7.815s] -- Found ament_lint_auto: 0.9.8 (/opt/ros/foxy/share/ament_lint_auto/cmake)
[7.822s] -- Added test 'copyright' to check source files copyright and LICENSE
[7.828s] -- Added test 'cppcheck' to perform static code analysis on C / C++ code
[7.829s] -- Configured cppcheck include dirs: 
[7.829s] -- Configured cppcheck exclude dirs and/or files: 
[7.835s] -- Added test 'cpplint' to check C / C++ code against the Google style
[7.835s] -- Configured cpplint exclude dirs and/or files: 
[7.836s] -- Added test 'flake8' to check Python code syntax and style conventions
[7.839s] -- Added test 'lint_cmake' to check CMake code style
[7.840s] -- Added test 'pep257' to check Python code against some of the style conventions in PEP 257
[7.848s] -- Added test 'uncrustify' to check C / C++ code style
[7.848s] -- Configured uncrustify additional arguments: 
[7.849s] -- Added test 'xmllint' to check XML markup files
[7.851s] -- Configuring done
[7.868s] -- Generating done
[7.870s] -- Build files have been written to: /home/iliass/ros2_athens_ws/build/first_interfaces
[7.883s] make[2]: Entering directory '/home/iliass/ros2_athens_ws/build/first_interfaces'
[7.884s] make[3]: Entering directory '/home/iliass/ros2_athens_ws/build/first_interfaces'
[7.885s] make[3]: Entering directory '/home/iliass/ros2_athens_ws/build/first_interfaces'
[7.891s] make[3]: Leaving directory '/home/iliass/ros2_athens_ws/build/first_interfaces'
[7.891s] make[3]: Leaving directory '/home/iliass/ros2_athens_ws/build/first_interfaces'
[7.892s] make[3]: Entering directory '/home/iliass/ros2_athens_ws/build/first_interfaces'
[7.899s] [  3%] [32mBuilding C object CMakeFiles/first_interfaces__rosidl_generator_c.dir/rosidl_generator_c/first_interfaces/msg/detail/custom__functions.c.o[0m
[7.899s] [  6%] Built target first_interfaces__cpp
[7.901s] make[3]: Entering directory '/home/iliass/ros2_athens_ws/build/first_interfaces'
[7.901s] make[3]: Entering directory '/home/iliass/ros2_athens_ws/build/first_interfaces'
[7.902s] make[3]: Entering directory '/home/iliass/ros2_athens_ws/build/first_interfaces'
[7.909s] make[3]: Leaving directory '/home/iliass/ros2_athens_ws/build/first_interfaces'
[7.909s] make[3]: Leaving directory '/home/iliass/ros2_athens_ws/build/first_interfaces'
[7.909s] make[3]: Leaving directory '/home/iliass/ros2_athens_ws/build/first_interfaces'
[7.909s] In file included from [01m[K/home/iliass/ros2_athens_ws/build/first_interfaces/rosidl_generator_c/first_interfaces/msg/detail/custom__functions.h:19[m[K,
[7.910s]                  from [01m[K/home/iliass/ros2_athens_ws/build/first_interfaces/rosidl_generator_c/first_interfaces/msg/detail/custom__functions.c:4[m[K:
[7.910s] [01m[K/home/iliass/ros2_athens_ws/build/first_interfaces/rosidl_generator_c/first_interfaces/msg/detail/custom__struct.h:24:10:[m[K [01;31m[Kfatal error: [m[Kfirst_interfaces/msg/detail/string__struct.h: No such file or directory
[7.910s]    24 | #include [01;31m[K"first_interfaces/msg/detail/string__struct.h"[m[K
[7.910s]       |          [01;31m[K^~~~~~~~~~~~~~~~~~~~~~~~~~~~~~~~~~~~~~~~~~~~~~[m[K
[7.910s] compilation terminated.
[7.910s] make[3]: Entering directory '/home/iliass/ros2_athens_ws/build/first_interfaces'
[7.910s] make[3]: Entering directory '/home/iliass/ros2_athens_ws/build/first_interfaces'
[7.911s] make[3]: Entering directory '/home/iliass/ros2_athens_ws/build/first_interfaces'
[7.912s] make[3]: *** [CMakeFiles/first_interfaces__rosidl_generator_c.dir/build.make:92: CMakeFiles/first_interfaces__rosidl_generator_c.dir/rosidl_generator_c/first_interfaces/msg/detail/custom__functions.c.o] Error 1
[7.912s] make[3]: Leaving directory '/home/iliass/ros2_athens_ws/build/first_interfaces'
[7.912s] make[2]: *** [CMakeFiles/Makefile2:332: CMakeFiles/first_interfaces__rosidl_generator_c.dir/all] Error 2
[7.912s] make[2]: *** Waiting for unfinished jobs....
[7.917s] [ 12%] [32mBuilding CXX object CMakeFiles/first_interfaces__rosidl_typesupport_cpp.dir/rosidl_typesupport_cpp/first_interfaces/msg/custom__type_support.cpp.o[0m
[7.917s] [ 12%] [32mBuilding CXX object CMakeFiles/first_interfaces__rosidl_typesupport_fastrtps_cpp.dir/rosidl_typesupport_fastrtps_cpp/first_interfaces/msg/detail/dds_fastrtps/custom__type_support.cpp.o[0m
[7.918s] [ 16%] [32mBuilding CXX object CMakeFiles/first_interfaces__rosidl_typesupport_introspection_cpp.dir/rosidl_typesupport_introspection_cpp/first_interfaces/msg/detail/custom__type_support.cpp.o[0m
[7.948s] In file included from [01m[K/home/iliass/ros2_athens_ws/build/first_interfaces/rosidl_typesupport_cpp/first_interfaces/msg/custom__type_support.cpp:7[m[K:
[7.948s] [01m[K/home/iliass/ros2_athens_ws/build/first_interfaces/rosidl_generator_cpp/first_interfaces/msg/detail/custom__struct.hpp:19:10:[m[K [01;31m[Kfatal error: [m[Kfirst_interfaces/msg/detail/string__struct.hpp: No such file or directory
[7.948s]    19 | #include [01;31m[K"first_interfaces/msg/detail/string__struct.hpp"[m[K
[7.948s]       |          [01;31m[K^~~~~~~~~~~~~~~~~~~~~~~~~~~~~~~~~~~~~~~~~~~~~~~~[m[K
[7.948s] compilation terminated.
[7.949s] In file included from [01m[K/home/iliass/ros2_athens_ws/build/first_interfaces/rosidl_typesupport_fastrtps_cpp/first_interfaces/msg/detail/custom__rosidl_typesupport_fastrtps_cpp.hpp:11[m[K,
[7.950s]                  from [01m[K/home/iliass/ros2_athens_ws/build/first_interfaces/rosidl_typesupport_fastrtps_cpp/first_interfaces/msg/detail/dds_fastrtps/custom__type_support.cpp:4[m[K:
[7.951s] [01m[K/home/iliass/ros2_athens_ws/build/first_interfaces/rosidl_generator_cpp/first_interfaces/msg/detail/custom__struct.hpp:19:10:[m[K [01;31m[Kfatal error: [m[Kfirst_interfaces/msg/detail/string__struct.hpp: No such file or directory
[7.951s]    19 | #include [01;31m[K"first_interfaces/msg/detail/string__struct.hpp"[m[K
[7.951s]       |          [01;31m[K^~~~~~~~~~~~~~~~~~~~~~~~~~~~~~~~~~~~~~~~~~~~~~~~[m[K
[7.951s] compilation terminated.
[7.951s] make[3]: Leaving directory '/home/iliass/ros2_athens_ws/build/first_interfaces'
[7.951s] make[3]: *** [CMakeFiles/first_interfaces__rosidl_typesupport_cpp.dir/build.make:73: CMakeFiles/first_interfaces__rosidl_typesupport_cpp.dir/rosidl_typesupport_cpp/first_interfaces/msg/custom__type_support.cpp.o] Error 1
[7.952s] make[2]: *** [CMakeFiles/Makefile2:499: CMakeFiles/first_interfaces__rosidl_typesupport_cpp.dir/all] Error 2
[7.952s] make[3]: *** [CMakeFiles/first_interfaces__rosidl_typesupport_fastrtps_cpp.dir/build.make:78: CMakeFiles/first_interfaces__rosidl_typesupport_fastrtps_cpp.dir/rosidl_typesupport_fastrtps_cpp/first_interfaces/msg/detail/dds_fastrtps/custom__type_support.cpp.o] Error 1
[7.952s] make[3]: Leaving directory '/home/iliass/ros2_athens_ws/build/first_interfaces'
[7.952s] make[2]: *** [CMakeFiles/Makefile2:388: CMakeFiles/first_interfaces__rosidl_typesupport_fastrtps_cpp.dir/all] Error 2
[7.952s] In file included from [01m[K/home/iliass/ros2_athens_ws/build/first_interfaces/rosidl_typesupport_introspection_cpp/first_interfaces/msg/detail/custom__type_support.cpp:12[m[K:
[7.952s] [01m[K/home/iliass/ros2_athens_ws/build/first_interfaces/rosidl_generator_cpp/first_interfaces/msg/detail/custom__struct.hpp:19:10:[m[K [01;31m[Kfatal error: [m[Kfirst_interfaces/msg/detail/string__struct.hpp: No such file or directory
[7.952s]    19 | #include [01;31m[K"first_interfaces/msg/detail/string__struct.hpp"[m[K
[7.953s]       |          [01;31m[K^~~~~~~~~~~~~~~~~~~~~~~~~~~~~~~~~~~~~~~~~~~~~~~~[m[K
[7.953s] compilation terminated.
[7.954s] make[3]: Leaving directory '/home/iliass/ros2_athens_ws/build/first_interfaces'
[7.954s] make[3]: *** [CMakeFiles/first_interfaces__rosidl_typesupport_introspection_cpp.dir/build.make:78: CMakeFiles/first_interfaces__rosidl_typesupport_introspection_cpp.dir/rosidl_typesupport_introspection_cpp/first_interfaces/msg/detail/custom__type_support.cpp.o] Error 1
[7.954s] make[2]: *** [CMakeFiles/Makefile2:526: CMakeFiles/first_interfaces__rosidl_typesupport_introspection_cpp.dir/all] Error 2
[7.954s] make[2]: Leaving directory '/home/iliass/ros2_athens_ws/build/first_interfaces'
[7.954s] make[1]: *** [Makefile:141: all] Error 2
[7.954s] make[1]: Leaving directory '/home/iliass/ros2_athens_ws/build/first_interfaces'
[7.958s] Invoked command in '/home/iliass/ros2_athens_ws/build/first_interfaces' returned '2': CMAKE_PREFIX_PATH=/home/iliass/ros2_athens_ws/install/first_package:/opt/ros/foxy /usr/bin/cmake --build /home/iliass/ros2_athens_ws/build/first_interfaces -- -j16 -l16
