/home/iliass/ros2_athens_ws/install/first_package/lib/python3.8/site-packages/first_package/simple_pubsub.py
/home/iliass/ros2_athens_ws/install/first_package/lib/python3.8/site-packages/first_package/__init__.py
/home/iliass/ros2_athens_ws/install/first_package/lib/python3.8/site-packages/first_package/simple_service_parameter_node.py
/home/iliass/ros2_athens_ws/install/first_package/lib/python3.8/site-packages/first_package/simple_publisher.py
/home/iliass/ros2_athens_ws/install/first_package/lib/python3.8/site-packages/first_package/simple_subscriber.py
/home/iliass/ros2_athens_ws/install/first_package/lib/python3.8/site-packages/first_package/simple_service_node.py
/home/iliass/ros2_athens_ws/install/first_package/lib/python3.8/site-packages/first_package/__pycache__/simple_pubsub.cpython-38.pyc
/home/iliass/ros2_athens_ws/install/first_package/lib/python3.8/site-packages/first_package/__pycache__/__init__.cpython-38.pyc
/home/iliass/ros2_athens_ws/install/first_package/lib/python3.8/site-packages/first_package/__pycache__/simple_service_parameter_node.cpython-38.pyc
/home/iliass/ros2_athens_ws/install/first_package/lib/python3.8/site-packages/first_package/__pycache__/simple_publisher.cpython-38.pyc
/home/iliass/ros2_athens_ws/install/first_package/lib/python3.8/site-packages/first_package/__pycache__/simple_subscriber.cpython-38.pyc
/home/iliass/ros2_athens_ws/install/first_package/lib/python3.8/site-packages/first_package/__pycache__/simple_service_node.cpython-38.pyc
/home/iliass/ros2_athens_ws/install/first_package/share/ament_index/resource_index/packages/first_package
/home/iliass/ros2_athens_ws/install/first_package/share/first_package/package.xml
/home/iliass/ros2_athens_ws/install/first_package/lib/python3.8/site-packages/first_package-0.0.0-py3.8.egg-info/requires.txt
/home/iliass/ros2_athens_ws/install/first_package/lib/python3.8/site-packages/first_package-0.0.0-py3.8.egg-info/PKG-INFO
/home/iliass/ros2_athens_ws/install/first_package/lib/python3.8/site-packages/first_package-0.0.0-py3.8.egg-info/zip-safe
/home/iliass/ros2_athens_ws/install/first_package/lib/python3.8/site-packages/first_package-0.0.0-py3.8.egg-info/dependency_links.txt
/home/iliass/ros2_athens_ws/install/first_package/lib/python3.8/site-packages/first_package-0.0.0-py3.8.egg-info/entry_points.txt
/home/iliass/ros2_athens_ws/install/first_package/lib/python3.8/site-packages/first_package-0.0.0-py3.8.egg-info/top_level.txt
/home/iliass/ros2_athens_ws/install/first_package/lib/python3.8/site-packages/first_package-0.0.0-py3.8.egg-info/SOURCES.txt
/home/iliass/ros2_athens_ws/install/first_package/lib/first_package/simple_publisher_node
/home/iliass/ros2_athens_ws/install/first_package/lib/first_package/simple_pubsub_node
/home/iliass/ros2_athens_ws/install/first_package/lib/first_package/simple_serive_node
/home/iliass/ros2_athens_ws/install/first_package/lib/first_package/simple_serive_parameter_node
/home/iliass/ros2_athens_ws/install/first_package/lib/first_package/simple_subscriber_node
