[0.017s] Invoking command in '/home/iliass/ros2_athens_ws/build/first_interfaces': CMAKE_PREFIX_PATH=${CMAKE_PREFIX_PATH}:/home/iliass/ros2_athens_ws/install/stm_station:/home/iliass/ros2_athens_ws/install/first_package:/opt/ros/foxy /usr/bin/cmake --build /home/iliass/ros2_athens_ws/build/first_interfaces -- -j16 -l16
[0.149s] make[1]: Entering directory '/home/iliass/ros2_athens_ws/build/first_interfaces'
[0.149s] -- Found ament_cmake: 0.9.12 (/opt/ros/foxy/share/ament_cmake/cmake)
[0.150s] -- Found PythonInterp: /usr/bin/python3 (found suitable version "3.8.10", minimum required is "3") 
[0.150s] -- Using PYTHON_EXECUTABLE: /usr/bin/python3
[0.152s] -- Found std_msgs: 2.0.5 (/opt/ros/foxy/share/std_msgs/cmake)
[0.248s] -- Using all available rosidl_typesupport_c: rosidl_typesupport_fastrtps_c;rosidl_typesupport_introspection_c
[0.251s] -- Found rosidl_adapter: 1.3.1 (/opt/ros/foxy/share/rosidl_adapter/cmake)
[1.697s] -- Using all available rosidl_typesupport_cpp: rosidl_typesupport_fastrtps_cpp;rosidl_typesupport_introspection_cpp
[1.731s] -- Found rosidl_default_generators: 1.0.1 (/opt/ros/foxy/share/rosidl_default_generators/cmake)
[1.753s] -- Found PythonInterp: /usr/bin/python3 (found version "3.8.10") 
[1.832s] -- Found ament_cmake_ros: 0.9.2 (/opt/ros/foxy/share/ament_cmake_ros/cmake)
[4.481s] -- Using all available rosidl_typesupport_c: rosidl_typesupport_fastrtps_c;rosidl_typesupport_introspection_c
[4.488s] -- Using all available rosidl_typesupport_cpp: rosidl_typesupport_fastrtps_cpp;rosidl_typesupport_introspection_cpp
[4.512s] -- Found PythonInterp: /usr/bin/python3 (found suitable version "3.8.10", minimum required is "3.5") 
[4.513s] -- Found python_cmake_module: 0.8.1 (/opt/ros/foxy/share/python_cmake_module/cmake)
[4.534s] -- Using PYTHON_EXECUTABLE: /usr/bin/python3
[4.534s] -- Using PYTHON_INCLUDE_DIRS: /usr/include/python3.8
[4.534s] -- Using PYTHON_LIBRARIES: /usr/lib/x86_64-linux-gnu/libpython3.8.so
[4.545s] -- Found ament_lint_auto: 0.9.8 (/opt/ros/foxy/share/ament_lint_auto/cmake)
[4.559s] -- Added test 'copyright' to check source files copyright and LICENSE
[4.566s] -- Added test 'cppcheck' to perform static code analysis on C / C++ code
[4.567s] -- Configured cppcheck include dirs: 
[4.567s] -- Configured cppcheck exclude dirs and/or files: 
[4.573s] -- Added test 'cpplint' to check C / C++ code against the Google style
[4.573s] -- Configured cpplint exclude dirs and/or files: 
[4.574s] -- Added test 'flake8' to check Python code syntax and style conventions
[4.575s] -- Added test 'lint_cmake' to check CMake code style
[4.576s] -- Added test 'pep257' to check Python code against some of the style conventions in PEP 257
[4.582s] -- Added test 'uncrustify' to check C / C++ code style
[4.582s] -- Configured uncrustify additional arguments: 
[4.583s] -- Added test 'xmllint' to check XML markup files
[4.587s] -- Configuring done
[4.610s] -- Generating done
[4.612s] -- Build files have been written to: /home/iliass/ros2_athens_ws/build/first_interfaces
[4.622s] make[2]: Entering directory '/home/iliass/ros2_athens_ws/build/first_interfaces'
[4.622s] make[3]: Entering directory '/home/iliass/ros2_athens_ws/build/first_interfaces'
[4.623s] make[3]: Entering directory '/home/iliass/ros2_athens_ws/build/first_interfaces'
[4.628s] make[3]: Leaving directory '/home/iliass/ros2_athens_ws/build/first_interfaces'
[4.628s] make[3]: Leaving directory '/home/iliass/ros2_athens_ws/build/first_interfaces'
[4.633s] [  6%] Built target first_interfaces__cpp
[4.633s] [ 12%] Built target first_interfaces__rosidl_generator_c
[4.635s] make[3]: Entering directory '/home/iliass/ros2_athens_ws/build/first_interfaces'
[4.635s] make[3]: Entering directory '/home/iliass/ros2_athens_ws/build/first_interfaces'
[4.635s] make[3]: Entering directory '/home/iliass/ros2_athens_ws/build/first_interfaces'
[4.636s] make[3]: Entering directory '/home/iliass/ros2_athens_ws/build/first_interfaces'
[4.636s] make[3]: Entering directory '/home/iliass/ros2_athens_ws/build/first_interfaces'
[4.640s] make[3]: Leaving directory '/home/iliass/ros2_athens_ws/build/first_interfaces'
[4.640s] make[3]: Leaving directory '/home/iliass/ros2_athens_ws/build/first_interfaces'
[4.641s] make[3]: Leaving directory '/home/iliass/ros2_athens_ws/build/first_interfaces'
[4.642s] make[3]: Leaving directory '/home/iliass/ros2_athens_ws/build/first_interfaces'
[4.642s] make[3]: Leaving directory '/home/iliass/ros2_athens_ws/build/first_interfaces'
[4.647s] [ 22%] Built target first_interfaces__rosidl_typesupport_c
[4.648s] [ 41%] Built target first_interfaces__rosidl_typesupport_cpp
[4.648s] [ 41%] Built target first_interfaces__rosidl_typesupport_introspection_cpp
[4.649s] [ 51%] Built target first_interfaces__rosidl_typesupport_introspection_c
[4.650s] [ 61%] Built target first_interfaces__rosidl_typesupport_fastrtps_cpp
[4.652s] make[3]: Entering directory '/home/iliass/ros2_athens_ws/build/first_interfaces'
[4.657s] make[3]: Leaving directory '/home/iliass/ros2_athens_ws/build/first_interfaces'
[4.664s] [ 70%] Built target first_interfaces__rosidl_typesupport_fastrtps_c
[4.665s] make[3]: Entering directory '/home/iliass/ros2_athens_ws/build/first_interfaces'
[4.671s] make[3]: Leaving directory '/home/iliass/ros2_athens_ws/build/first_interfaces'
[4.676s] [ 70%] Built target first_interfaces
[4.677s] make[3]: Entering directory '/home/iliass/ros2_athens_ws/build/first_interfaces'
[4.683s] make[3]: Leaving directory '/home/iliass/ros2_athens_ws/build/first_interfaces'
[4.688s] [ 74%] Built target first_interfaces__py
[4.689s] make[3]: Entering directory '/home/iliass/ros2_athens_ws/build/first_interfaces'
[4.694s] make[3]: Leaving directory '/home/iliass/ros2_athens_ws/build/first_interfaces'
[4.702s] [ 80%] Built target first_interfaces__python
[4.704s] make[3]: Entering directory '/home/iliass/ros2_athens_ws/build/first_interfaces'
[4.704s] make[3]: Entering directory '/home/iliass/ros2_athens_ws/build/first_interfaces'
[4.704s] make[3]: Entering directory '/home/iliass/ros2_athens_ws/build/first_interfaces'
[4.709s] make[3]: Leaving directory '/home/iliass/ros2_athens_ws/build/first_interfaces'
[4.710s] make[3]: Leaving directory '/home/iliass/ros2_athens_ws/build/first_interfaces'
[4.710s] make[3]: Leaving directory '/home/iliass/ros2_athens_ws/build/first_interfaces'
[4.717s] [ 93%] Built target first_interfaces__rosidl_typesupport_fastrtps_c__pyext
[4.718s] [ 93%] Built target first_interfaces__rosidl_typesupport_c__pyext
[4.718s] [100%] Built target first_interfaces__rosidl_typesupport_introspection_c__pyext
[4.718s] make[2]: Leaving directory '/home/iliass/ros2_athens_ws/build/first_interfaces'
[4.723s] make[1]: Leaving directory '/home/iliass/ros2_athens_ws/build/first_interfaces'
