[0.026s] Invoking command in '/home/iliass/ros2_athens_ws/build/stm_interfaces': CMAKE_PREFIX_PATH=${CMAKE_PREFIX_PATH}:/home/iliass/ros2_athens_ws/install/stm_station:/home/iliass/ros2_athens_ws/install/first_package:/opt/ros/foxy /usr/bin/cmake --build /home/iliass/ros2_athens_ws/build/stm_interfaces -- -j16 -l16
[0.164s] make[1]: Entering directory '/home/iliass/ros2_athens_ws/build/stm_interfaces'
[0.164s] -- Found ament_cmake: 0.9.12 (/opt/ros/foxy/share/ament_cmake/cmake)
[0.165s] -- Found PythonInterp: /usr/bin/python3 (found suitable version "3.8.10", minimum required is "3") 
[0.165s] -- Using PYTHON_EXECUTABLE: /usr/bin/python3
[0.165s] -- Found std_msgs: 2.0.5 (/opt/ros/foxy/share/std_msgs/cmake)
[0.294s] -- Using all available rosidl_typesupport_c: rosidl_typesupport_fastrtps_c;rosidl_typesupport_introspection_c
[0.295s] -- Found rosidl_adapter: 1.3.1 (/opt/ros/foxy/share/rosidl_adapter/cmake)
[3.144s] -- Using all available rosidl_typesupport_cpp: rosidl_typesupport_fastrtps_cpp;rosidl_typesupport_introspection_cpp
[3.169s] -- Found rosidl_default_generators: 1.0.1 (/opt/ros/foxy/share/rosidl_default_generators/cmake)
[3.175s] CMake Error at /opt/ros/foxy/share/rosidl_cmake/cmake/rosidl_generate_interfaces.cmake:93 (message):
[3.175s]   rosidl_generate_interfaces() the passed file
[3.175s]   'msg/STMState.msgsrv/AddTwoInts.srv' doesn't exist relative to the
[3.175s]   CMAKE_CURRENT_SOURCE_DIR '/home/iliass/ros2_athens_ws/src/stm_interfaces'
[3.175s] Call Stack (most recent call first):
[3.175s]   CMakeLists.txt:34 (rosidl_generate_interfaces)
[3.175s] 
[3.175s] 
[3.175s] -- Configuring incomplete, errors occurred!
[3.175s] See also "/home/iliass/ros2_athens_ws/build/stm_interfaces/CMakeFiles/CMakeOutput.log".
[3.179s] make[1]: Leaving directory '/home/iliass/ros2_athens_ws/build/stm_interfaces'
[3.179s] make[1]: *** [Makefile:988: cmake_check_build_system] Error 1
[3.181s] Invoked command in '/home/iliass/ros2_athens_ws/build/stm_interfaces' returned '2': CMAKE_PREFIX_PATH=${CMAKE_PREFIX_PATH}:/home/iliass/ros2_athens_ws/install/stm_station:/home/iliass/ros2_athens_ws/install/first_package:/opt/ros/foxy /usr/bin/cmake --build /home/iliass/ros2_athens_ws/build/stm_interfaces -- -j16 -l16
