[0.096s] Invoking command in '/home/iliass/ros2_athens_ws/build/first_interfaces': CMAKE_PREFIX_PATH=/home/iliass/ros2_athens_ws/install/first_package:/opt/ros/foxy /usr/bin/cmake --build /home/iliass/ros2_athens_ws/build/first_interfaces -- -j16 -l16
[0.131s] make[1]: Entering directory '/home/iliass/ros2_athens_ws/build/first_interfaces'
[0.174s] -- Found rosidl_default_generators: 1.0.1 (/opt/ros/foxy/share/rosidl_default_generators/cmake)
[0.175s] -- Found ament_cmake_core: 0.9.12 (/opt/ros/foxy/share/ament_cmake_core/cmake)
[0.215s] -- Found PythonInterp: /usr/bin/python3 (found suitable version "3.8.10", minimum required is "3") 
[0.215s] -- Using PYTHON_EXECUTABLE: /usr/bin/python3
[0.466s] -- Using all available rosidl_typesupport_c: rosidl_typesupport_fastrtps_c;rosidl_typesupport_introspection_c
[0.471s] -- Found rosidl_adapter: 1.3.1 (/opt/ros/foxy/share/rosidl_adapter/cmake)
[19.048s] -- Using all available rosidl_typesupport_cpp: rosidl_typesupport_fastrtps_cpp;rosidl_typesupport_introspection_cpp
[19.083s] -- Found std_msgs: 2.0.5 (/opt/ros/foxy/share/std_msgs/cmake)
[19.123s] -- Found ament_lint_auto: 0.9.8 (/opt/ros/foxy/share/ament_lint_auto/cmake)
[19.264s] -- Found PythonInterp: /usr/bin/python3 (found version "3.8.10") 
[19.381s] -- Found ament_cmake_ros: 0.9.2 (/opt/ros/foxy/share/ament_cmake_ros/cmake)
[40.453s] -- Using all available rosidl_typesupport_c: rosidl_typesupport_fastrtps_c;rosidl_typesupport_introspection_c
[40.464s] -- Using all available rosidl_typesupport_cpp: rosidl_typesupport_fastrtps_cpp;rosidl_typesupport_introspection_cpp
[40.493s] -- Found PythonInterp: /usr/bin/python3 (found suitable version "3.8.10", minimum required is "3.5") 
[40.495s] -- Found python_cmake_module: 0.8.1 (/opt/ros/foxy/share/python_cmake_module/cmake)
[40.534s] -- Using PYTHON_EXECUTABLE: /usr/bin/python3
[40.534s] -- Using PYTHON_INCLUDE_DIRS: /usr/include/python3.8
[40.534s] -- Using PYTHON_LIBRARIES: /usr/lib/x86_64-linux-gnu/libpython3.8.so
[40.551s] -- Added test 'copyright' to check source files copyright and LICENSE
[40.561s] -- Added test 'cppcheck' to perform static code analysis on C / C++ code
[40.562s] -- Configured cppcheck include dirs: 
[40.563s] -- Configured cppcheck exclude dirs and/or files: 
[40.574s] -- Added test 'cpplint' to check C / C++ code against the Google style
[40.574s] -- Configured cpplint exclude dirs and/or files: 
[40.576s] -- Added test 'flake8' to check Python code syntax and style conventions
[40.579s] -- Added test 'lint_cmake' to check CMake code style
[40.581s] -- Added test 'pep257' to check Python code against some of the style conventions in PEP 257
[40.591s] -- Added test 'uncrustify' to check C / C++ code style
[40.591s] -- Configured uncrustify additional arguments: 
[40.594s] -- Added test 'xmllint' to check XML markup files
[40.601s] -- Configuring done
[40.688s] -- Generating done
[40.701s] -- Build files have been written to: /home/iliass/ros2_athens_ws/build/first_interfaces
[40.774s] make[2]: Entering directory '/home/iliass/ros2_athens_ws/build/first_interfaces'
[40.776s] make[3]: Entering directory '/home/iliass/ros2_athens_ws/build/first_interfaces'
[40.778s] make[3]: Entering directory '/home/iliass/ros2_athens_ws/build/first_interfaces'
[40.792s] make[3]: Leaving directory '/home/iliass/ros2_athens_ws/build/first_interfaces'
[40.794s] make[3]: Leaving directory '/home/iliass/ros2_athens_ws/build/first_interfaces'
[40.795s] make[3]: Entering directory '/home/iliass/ros2_athens_ws/build/first_interfaces'
[40.804s] [  3%] Built target first_interfaces__cpp
[40.804s] [  6%] [32mBuilding C object CMakeFiles/first_interfaces__rosidl_generator_c.dir/rosidl_generator_c/first_interfaces/msg/detail/custom_message__functions.c.o[0m
[40.808s] make[3]: Entering directory '/home/iliass/ros2_athens_ws/build/first_interfaces'
[40.809s] make[3]: Entering directory '/home/iliass/ros2_athens_ws/build/first_interfaces'
[40.809s] make[3]: Entering directory '/home/iliass/ros2_athens_ws/build/first_interfaces'
[40.820s] make[3]: Leaving directory '/home/iliass/ros2_athens_ws/build/first_interfaces'
[40.821s] make[3]: Leaving directory '/home/iliass/ros2_athens_ws/build/first_interfaces'
[40.822s] In file included from [01m[K/home/iliass/ros2_athens_ws/build/first_interfaces/rosidl_generator_c/first_interfaces/msg/detail/custom_message__functions.h:19[m[K,
[40.822s]                  from [01m[K/home/iliass/ros2_athens_ws/build/first_interfaces/rosidl_generator_c/first_interfaces/msg/detail/custom_message__functions.c:4[m[K:
[40.823s] [01m[K/home/iliass/ros2_athens_ws/build/first_interfaces/rosidl_generator_c/first_interfaces/msg/detail/custom_message__struct.h:24:10:[m[K [01;31m[Kfatal error: [m[Kfirst_interfaces/msg/detail/string__struct.h: No such file or directory
[40.823s]    24 | #include [01;31m[K"first_interfaces/msg/detail/string__struct.h"[m[K
[40.823s]       |          [01;31m[K^~~~~~~~~~~~~~~~~~~~~~~~~~~~~~~~~~~~~~~~~~~~~~[m[K
[40.823s] compilation terminated.
[40.824s] make[3]: Leaving directory '/home/iliass/ros2_athens_ws/build/first_interfaces'
[40.824s] make[3]: *** [CMakeFiles/first_interfaces__rosidl_generator_c.dir/build.make:92: CMakeFiles/first_interfaces__rosidl_generator_c.dir/rosidl_generator_c/first_interfaces/msg/detail/custom_message__functions.c.o] Error 1
[40.825s] make[2]: *** [CMakeFiles/Makefile2:332: CMakeFiles/first_interfaces__rosidl_generator_c.dir/all] Error 2
[40.825s] make[2]: *** Waiting for unfinished jobs....
[40.825s] make[3]: Entering directory '/home/iliass/ros2_athens_ws/build/first_interfaces'
[40.825s] make[3]: Leaving directory '/home/iliass/ros2_athens_ws/build/first_interfaces'
[40.825s] make[3]: Entering directory '/home/iliass/ros2_athens_ws/build/first_interfaces'
[40.825s] make[3]: Entering directory '/home/iliass/ros2_athens_ws/build/first_interfaces'
[40.832s] [  9%] [32mBuilding CXX object CMakeFiles/first_interfaces__rosidl_typesupport_introspection_cpp.dir/rosidl_typesupport_introspection_cpp/first_interfaces/msg/detail/custom_message__type_support.cpp.o[0m
[40.833s] [ 12%] [32mBuilding CXX object CMakeFiles/first_interfaces__rosidl_typesupport_cpp.dir/rosidl_typesupport_cpp/first_interfaces/msg/custom_message__type_support.cpp.o[0m
[40.834s] [ 16%] [32mBuilding CXX object CMakeFiles/first_interfaces__rosidl_typesupport_fastrtps_cpp.dir/rosidl_typesupport_fastrtps_cpp/first_interfaces/msg/detail/dds_fastrtps/custom_message__type_support.cpp.o[0m
[40.875s] In file included from [01m[K/home/iliass/ros2_athens_ws/build/first_interfaces/rosidl_typesupport_cpp/first_interfaces/msg/custom_message__type_support.cpp:7[m[K:
[40.875s] [01m[K/home/iliass/ros2_athens_ws/build/first_interfaces/rosidl_generator_cpp/first_interfaces/msg/detail/custom_message__struct.hpp:19:10:[m[K [01;31m[Kfatal error: [m[Kfirst_interfaces/msg/detail/string__struct.hpp: No such file or directory
[40.875s]    19 | #include [01;31m[K"first_interfaces/msg/detail/string__struct.hpp"[m[K
[40.875s]       |          [01;31m[K^~~~~~~~~~~~~~~~~~~~~~~~~~~~~~~~~~~~~~~~~~~~~~~~[m[K
[40.875s] compilation terminated.
[40.877s] In file included from [01m[K/home/iliass/ros2_athens_ws/build/first_interfaces/rosidl_typesupport_fastrtps_cpp/first_interfaces/msg/detail/custom_message__rosidl_typesupport_fastrtps_cpp.hpp:11[m[K,
[40.877s]                  from [01m[K/home/iliass/ros2_athens_ws/build/first_interfaces/rosidl_typesupport_fastrtps_cpp/first_interfaces/msg/detail/dds_fastrtps/custom_message__type_support.cpp:4[m[K:
[40.877s] [01m[K/home/iliass/ros2_athens_ws/build/first_interfaces/rosidl_generator_cpp/first_interfaces/msg/detail/custom_message__struct.hpp:19:10:[m[K [01;31m[Kfatal error: [m[Kfirst_interfaces/msg/detail/string__struct.hpp: No such file or directory
[40.877s]    19 | #include [01;31m[K"first_interfaces/msg/detail/string__struct.hpp"[m[K
[40.877s]       |          [01;31m[K^~~~~~~~~~~~~~~~~~~~~~~~~~~~~~~~~~~~~~~~~~~~~~~~[m[K
[40.877s] compilation terminated.
[40.877s] In file included from [01m[K/home/iliass/ros2_athens_ws/build/first_interfaces/rosidl_typesupport_introspection_cpp/first_interfaces/msg/detail/custom_message__type_support.cpp:12[m[K:
[40.877s] [01m[K/home/iliass/ros2_athens_ws/build/first_interfaces/rosidl_generator_cpp/first_interfaces/msg/detail/custom_message__struct.hpp:19:10:[m[K [01;31m[Kfatal error: [m[Kfirst_interfaces/msg/detail/string__struct.hpp: No such file or directory
[40.877s]    19 | #include [01;31m[K"first_interfaces/msg/detail/string__struct.hpp"[m[K
[40.877s]       |          [01;31m[K^~~~~~~~~~~~~~~~~~~~~~~~~~~~~~~~~~~~~~~~~~~~~~~~[m[K
[40.878s] compilation terminated.
[40.878s] make[3]: *** [CMakeFiles/first_interfaces__rosidl_typesupport_fastrtps_cpp.dir/build.make:78: CMakeFiles/first_interfaces__rosidl_typesupport_fastrtps_cpp.dir/rosidl_typesupport_fastrtps_cpp/first_interfaces/msg/detail/dds_fastrtps/custom_message__type_support.cpp.o] Error 1
[40.879s] make[3]: Leaving directory '/home/iliass/ros2_athens_ws/build/first_interfaces'
[40.879s] make[3]: Leaving directory '/home/iliass/ros2_athens_ws/build/first_interfaces'
[40.879s] make[3]: *** [CMakeFiles/first_interfaces__rosidl_typesupport_cpp.dir/build.make:73: CMakeFiles/first_interfaces__rosidl_typesupport_cpp.dir/rosidl_typesupport_cpp/first_interfaces/msg/custom_message__type_support.cpp.o] Error 1
[40.879s] make[3]: Leaving directory '/home/iliass/ros2_athens_ws/build/first_interfaces'
[40.879s] make[2]: Leaving directory '/home/iliass/ros2_athens_ws/build/first_interfaces'
[40.880s] make[1]: Leaving directory '/home/iliass/ros2_athens_ws/build/first_interfaces'
[40.880s] make[2]: *** [CMakeFiles/Makefile2:499: CMakeFiles/first_interfaces__rosidl_typesupport_cpp.dir/all] Error 2
[40.880s] make[2]: *** [CMakeFiles/Makefile2:388: CMakeFiles/first_interfaces__rosidl_typesupport_fastrtps_cpp.dir/all] Error 2
[40.880s] make[3]: *** [CMakeFiles/first_interfaces__rosidl_typesupport_introspection_cpp.dir/build.make:78: CMakeFiles/first_interfaces__rosidl_typesupport_introspection_cpp.dir/rosidl_typesupport_introspection_cpp/first_interfaces/msg/detail/custom_message__type_support.cpp.o] Error 1
[40.880s] make[2]: *** [CMakeFiles/Makefile2:526: CMakeFiles/first_interfaces__rosidl_typesupport_introspection_cpp.dir/all] Error 2
[40.880s] make[1]: *** [Makefile:141: all] Error 2
[40.881s] Invoked command in '/home/iliass/ros2_athens_ws/build/first_interfaces' returned '2': CMAKE_PREFIX_PATH=/home/iliass/ros2_athens_ws/install/first_package:/opt/ros/foxy /usr/bin/cmake --build /home/iliass/ros2_athens_ws/build/first_interfaces -- -j16 -l16
