[0.034s] Invoking command in '/home/iliass/ros2_athens_ws/build/stm_interfaces': CMAKE_PREFIX_PATH=${CMAKE_PREFIX_PATH}:/home/iliass/ros2_athens_ws/install/stm_station:/home/iliass/ros2_athens_ws/install/first_package:/opt/ros/foxy /usr/bin/cmake --build /home/iliass/ros2_athens_ws/build/stm_interfaces -- -j16 -l16
[0.042s] make[1]: Entering directory '/home/iliass/ros2_athens_ws/build/stm_interfaces'
[0.059s] -- Found ament_cmake: 0.9.12 (/opt/ros/foxy/share/ament_cmake/cmake)
[0.087s] -- Found PythonInterp: /usr/bin/python3 (found suitable version "3.8.10", minimum required is "3") 
[0.087s] -- Using PYTHON_EXECUTABLE: /usr/bin/python3
[0.277s] -- Found std_msgs: 2.0.5 (/opt/ros/foxy/share/std_msgs/cmake)
[0.602s] -- Using all available rosidl_typesupport_c: rosidl_typesupport_fastrtps_c;rosidl_typesupport_introspection_c
[0.607s] -- Found rosidl_adapter: 1.3.1 (/opt/ros/foxy/share/rosidl_adapter/cmake)
[24.713s] -- Using all available rosidl_typesupport_cpp: rosidl_typesupport_fastrtps_cpp;rosidl_typesupport_introspection_cpp
[24.761s] -- Found rosidl_default_generators: 1.0.1 (/opt/ros/foxy/share/rosidl_default_generators/cmake)
[24.794s] -- Found PythonInterp: /usr/bin/python3 (found version "3.8.10") 
[25.068s] -- Found ament_cmake_ros: 0.9.2 (/opt/ros/foxy/share/ament_cmake_ros/cmake)
[55.856s] -- Using all available rosidl_typesupport_c: rosidl_typesupport_fastrtps_c;rosidl_typesupport_introspection_c
[55.873s] -- Using all available rosidl_typesupport_cpp: rosidl_typesupport_fastrtps_cpp;rosidl_typesupport_introspection_cpp
[55.939s] -- Found PythonInterp: /usr/bin/python3 (found suitable version "3.8.10", minimum required is "3.5") 
[55.940s] -- Found python_cmake_module: 0.8.1 (/opt/ros/foxy/share/python_cmake_module/cmake)
[56.001s] -- Using PYTHON_EXECUTABLE: /usr/bin/python3
[56.001s] -- Using PYTHON_INCLUDE_DIRS: /usr/include/python3.8
[56.001s] -- Using PYTHON_LIBRARIES: /usr/lib/x86_64-linux-gnu/libpython3.8.so
[56.034s] -- Found ament_lint_auto: 0.9.8 (/opt/ros/foxy/share/ament_lint_auto/cmake)
[56.065s] -- Added test 'copyright' to check source files copyright and LICENSE
[56.071s] -- Added test 'lint_cmake' to check CMake code style
[56.073s] -- Added test 'xmllint' to check XML markup files
[56.084s] -- Configuring done
[56.182s] -- Generating done
[56.186s] -- Build files have been written to: /home/iliass/ros2_athens_ws/build/stm_interfaces
[56.206s] make[2]: Entering directory '/home/iliass/ros2_athens_ws/build/stm_interfaces'
[56.207s] make[3]: Entering directory '/home/iliass/ros2_athens_ws/build/stm_interfaces'
[56.207s] make[3]: Entering directory '/home/iliass/ros2_athens_ws/build/stm_interfaces'
[56.215s] [  2%] [34m[1mGenerating C code for ROS interfaces[0m
[56.215s] [35m[1mScanning dependencies of target stm_interfaces__cpp[0m
[56.217s] make[3]: Leaving directory '/home/iliass/ros2_athens_ws/build/stm_interfaces'
[56.218s] make[3]: Entering directory '/home/iliass/ros2_athens_ws/build/stm_interfaces'
[56.227s] [  4%] [34m[1mGenerating C++ code for ROS interfaces[0m
[56.761s] make[3]: Leaving directory '/home/iliass/ros2_athens_ws/build/stm_interfaces'
[56.772s] [  4%] Built target stm_interfaces__cpp
[56.775s] make[3]: Entering directory '/home/iliass/ros2_athens_ws/build/stm_interfaces'
[56.776s] make[3]: Entering directory '/home/iliass/ros2_athens_ws/build/stm_interfaces'
[56.776s] make[3]: Entering directory '/home/iliass/ros2_athens_ws/build/stm_interfaces'
[56.781s] [35m[1mScanning dependencies of target stm_interfaces__rosidl_generator_c[0m
[56.785s] make[3]: Leaving directory '/home/iliass/ros2_athens_ws/build/stm_interfaces'
[56.785s] [  6%] [34m[1mGenerating C++ type support dispatch for ROS interfaces[0m
[56.785s] [ 10%] [34m[1mGenerating C++ introspection for ROS interfaces[0m
[56.786s] [ 10%] [34m[1mGenerating C++ type support for eProsima Fast-RTPS[0m
[56.789s] make[3]: Entering directory '/home/iliass/ros2_athens_ws/build/stm_interfaces'
[56.798s] [ 12%] [32mBuilding C object CMakeFiles/stm_interfaces__rosidl_generator_c.dir/rosidl_generator_c/stm_interfaces/msg/detail/stm_state__functions.c.o[0m
[56.801s] [ 14%] [32mBuilding C object CMakeFiles/stm_interfaces__rosidl_generator_c.dir/rosidl_generator_c/stm_interfaces/msg/detail/stm_control__functions.c.o[0m
[56.801s] [ 17%] [32mBuilding C object CMakeFiles/stm_interfaces__rosidl_generator_c.dir/rosidl_generator_c/stm_interfaces/srv/detail/stm_set_control_type__functions.c.o[0m
[56.889s] [ 19%] [32m[1mLinking C shared library libstm_interfaces__rosidl_generator_c.so[0m
[57.194s] make[3]: Leaving directory '/home/iliass/ros2_athens_ws/build/stm_interfaces'
[57.204s] [ 19%] Built target stm_interfaces__rosidl_generator_c
[57.207s] make[3]: Entering directory '/home/iliass/ros2_athens_ws/build/stm_interfaces'
[57.207s] make[3]: Entering directory '/home/iliass/ros2_athens_ws/build/stm_interfaces'
[57.216s] [ 21%] [34m[1mGenerating C type support dispatch for ROS interfaces[0m
[57.217s] [ 23%] [34m[1mGenerating C introspection for ROS interfaces[0m
[57.298s] [35m[1mScanning dependencies of target stm_interfaces__rosidl_typesupport_cpp[0m
[57.301s] make[3]: Leaving directory '/home/iliass/ros2_athens_ws/build/stm_interfaces'
[57.304s] make[3]: Entering directory '/home/iliass/ros2_athens_ws/build/stm_interfaces'
[57.314s] [ 25%] [32mBuilding CXX object CMakeFiles/stm_interfaces__rosidl_typesupport_cpp.dir/rosidl_typesupport_cpp/stm_interfaces/msg/stm_control__type_support.cpp.o[0m
[57.315s] [ 27%] [32mBuilding CXX object CMakeFiles/stm_interfaces__rosidl_typesupport_cpp.dir/rosidl_typesupport_cpp/stm_interfaces/srv/stm_set_control_type__type_support.cpp.o[0m
[57.315s] [ 29%] [32mBuilding CXX object CMakeFiles/stm_interfaces__rosidl_typesupport_cpp.dir/rosidl_typesupport_cpp/stm_interfaces/msg/stm_state__type_support.cpp.o[0m
[57.349s] [35m[1mScanning dependencies of target stm_interfaces__rosidl_typesupport_introspection_cpp[0m
[57.353s] make[3]: Leaving directory '/home/iliass/ros2_athens_ws/build/stm_interfaces'
[57.356s] make[3]: Entering directory '/home/iliass/ros2_athens_ws/build/stm_interfaces'
[57.369s] [ 31%] [32mBuilding CXX object CMakeFiles/stm_interfaces__rosidl_typesupport_introspection_cpp.dir/rosidl_typesupport_introspection_cpp/stm_interfaces/msg/detail/stm_control__type_support.cpp.o[0m
[57.370s] [ 34%] [32mBuilding CXX object CMakeFiles/stm_interfaces__rosidl_typesupport_introspection_cpp.dir/rosidl_typesupport_introspection_cpp/stm_interfaces/msg/detail/stm_state__type_support.cpp.o[0m
[57.370s] [ 36%] [32mBuilding CXX object CMakeFiles/stm_interfaces__rosidl_typesupport_introspection_cpp.dir/rosidl_typesupport_introspection_cpp/stm_interfaces/srv/detail/stm_set_control_type__type_support.cpp.o[0m
[57.384s] [35m[1mScanning dependencies of target stm_interfaces__rosidl_typesupport_fastrtps_cpp[0m
[57.393s] make[3]: Leaving directory '/home/iliass/ros2_athens_ws/build/stm_interfaces'
[57.398s] make[3]: Entering directory '/home/iliass/ros2_athens_ws/build/stm_interfaces'
[57.413s] [ 38%] [32mBuilding CXX object CMakeFiles/stm_interfaces__rosidl_typesupport_fastrtps_cpp.dir/rosidl_typesupport_fastrtps_cpp/stm_interfaces/srv/detail/dds_fastrtps/stm_set_control_type__type_support.cpp.o[0m
[57.413s] [ 42%] [32mBuilding CXX object CMakeFiles/stm_interfaces__rosidl_typesupport_fastrtps_cpp.dir/rosidl_typesupport_fastrtps_cpp/stm_interfaces/msg/detail/dds_fastrtps/stm_state__type_support.cpp.o[0m
[57.413s] [ 42%] [32mBuilding CXX object CMakeFiles/stm_interfaces__rosidl_typesupport_fastrtps_cpp.dir/rosidl_typesupport_fastrtps_cpp/stm_interfaces/msg/detail/dds_fastrtps/stm_control__type_support.cpp.o[0m
[57.840s] [ 44%] [32m[1mLinking CXX shared library libstm_interfaces__rosidl_typesupport_cpp.so[0m
[57.857s] [ 46%] [32m[1mLinking CXX shared library libstm_interfaces__rosidl_typesupport_introspection_cpp.so[0m
[57.995s] [35m[1mScanning dependencies of target stm_interfaces__rosidl_typesupport_c[0m
[57.997s] make[3]: Leaving directory '/home/iliass/ros2_athens_ws/build/stm_interfaces'
[58.001s] make[3]: Entering directory '/home/iliass/ros2_athens_ws/build/stm_interfaces'
[58.014s] [ 48%] [32mBuilding CXX object CMakeFiles/stm_interfaces__rosidl_typesupport_c.dir/rosidl_typesupport_c/stm_interfaces/msg/stm_state__type_support.cpp.o[0m
[58.017s] [ 53%] [32mBuilding CXX object CMakeFiles/stm_interfaces__rosidl_typesupport_c.dir/rosidl_typesupport_c/stm_interfaces/msg/stm_control__type_support.cpp.o[0m
[58.017s] [ 53%] [32mBuilding CXX object CMakeFiles/stm_interfaces__rosidl_typesupport_c.dir/rosidl_typesupport_c/stm_interfaces/srv/stm_set_control_type__type_support.cpp.o[0m
[58.044s] make[3]: Leaving directory '/home/iliass/ros2_athens_ws/build/stm_interfaces'
[58.056s] [ 53%] Built target stm_interfaces__rosidl_typesupport_cpp
[58.064s] make[3]: Leaving directory '/home/iliass/ros2_athens_ws/build/stm_interfaces'
[58.070s] [ 55%] [32m[1mLinking CXX shared library libstm_interfaces__rosidl_typesupport_c.so[0m
[58.074s] [ 57%] [32m[1mLinking CXX shared library libstm_interfaces__rosidl_typesupport_fastrtps_cpp.so[0m
[58.075s] [ 57%] Built target stm_interfaces__rosidl_typesupport_introspection_cpp
[58.079s] [35m[1mScanning dependencies of target stm_interfaces__rosidl_typesupport_introspection_c[0m
[58.083s] make[3]: Leaving directory '/home/iliass/ros2_athens_ws/build/stm_interfaces'
[58.087s] make[3]: Entering directory '/home/iliass/ros2_athens_ws/build/stm_interfaces'
[58.097s] [ 61%] [32mBuilding C object CMakeFiles/stm_interfaces__rosidl_typesupport_introspection_c.dir/rosidl_typesupport_introspection_c/stm_interfaces/msg/detail/stm_control__type_support.c.o[0m
[58.098s] [ 61%] [32mBuilding C object CMakeFiles/stm_interfaces__rosidl_typesupport_introspection_c.dir/rosidl_typesupport_introspection_c/stm_interfaces/msg/detail/stm_state__type_support.c.o[0m
[58.099s] [ 63%] [32mBuilding C object CMakeFiles/stm_interfaces__rosidl_typesupport_introspection_c.dir/rosidl_typesupport_introspection_c/stm_interfaces/srv/detail/stm_set_control_type__type_support.c.o[0m
[58.139s] [ 65%] [32m[1mLinking C shared library libstm_interfaces__rosidl_typesupport_introspection_c.so[0m
[58.246s] make[3]: Leaving directory '/home/iliass/ros2_athens_ws/build/stm_interfaces'
[58.256s] [ 65%] Built target stm_interfaces__rosidl_typesupport_c
[58.309s] make[3]: Leaving directory '/home/iliass/ros2_athens_ws/build/stm_interfaces'
[58.322s] [ 65%] Built target stm_interfaces__rosidl_typesupport_fastrtps_cpp
[58.324s] make[3]: Entering directory '/home/iliass/ros2_athens_ws/build/stm_interfaces'
[58.333s] [ 68%] [34m[1mGenerating C type support for eProsima Fast-RTPS[0m
[58.406s] make[3]: Leaving directory '/home/iliass/ros2_athens_ws/build/stm_interfaces'
[58.418s] [ 68%] Built target stm_interfaces__rosidl_typesupport_introspection_c
[59.159s] [35m[1mScanning dependencies of target stm_interfaces__rosidl_typesupport_fastrtps_c[0m
[59.165s] make[3]: Leaving directory '/home/iliass/ros2_athens_ws/build/stm_interfaces'
[59.170s] make[3]: Entering directory '/home/iliass/ros2_athens_ws/build/stm_interfaces'
[59.184s] [ 70%] [32mBuilding CXX object CMakeFiles/stm_interfaces__rosidl_typesupport_fastrtps_c.dir/rosidl_typesupport_fastrtps_c/stm_interfaces/msg/detail/stm_state__type_support_c.cpp.o[0m
[59.184s] [ 72%] [32mBuilding CXX object CMakeFiles/stm_interfaces__rosidl_typesupport_fastrtps_c.dir/rosidl_typesupport_fastrtps_c/stm_interfaces/msg/detail/stm_control__type_support_c.cpp.o[0m
[59.187s] [ 74%] [32mBuilding CXX object CMakeFiles/stm_interfaces__rosidl_typesupport_fastrtps_c.dir/rosidl_typesupport_fastrtps_c/stm_interfaces/srv/detail/stm_set_control_type__type_support_c.cpp.o[0m
[59.710s] [ 76%] [32m[1mLinking CXX shared library libstm_interfaces__rosidl_typesupport_fastrtps_c.so[0m
[60.064s] make[3]: Leaving directory '/home/iliass/ros2_athens_ws/build/stm_interfaces'
[60.074s] [ 76%] Built target stm_interfaces__rosidl_typesupport_fastrtps_c
[60.077s] make[3]: Entering directory '/home/iliass/ros2_athens_ws/build/stm_interfaces'
[60.088s] make[3]: Leaving directory '/home/iliass/ros2_athens_ws/build/stm_interfaces'
[60.102s] [ 76%] Built target stm_interfaces
[60.112s] make[3]: Entering directory '/home/iliass/ros2_athens_ws/build/stm_interfaces'
[60.134s] [35m[1mScanning dependencies of target stm_interfaces__py[0m
[60.137s] make[3]: Leaving directory '/home/iliass/ros2_athens_ws/build/stm_interfaces'
[60.140s] make[3]: Entering directory '/home/iliass/ros2_athens_ws/build/stm_interfaces'
[60.149s] [ 78%] [34m[1mGenerating Python code for ROS interfaces[0m
[61.972s] make[3]: Leaving directory '/home/iliass/ros2_athens_ws/build/stm_interfaces'
[61.980s] [ 78%] Built target stm_interfaces__py
[61.983s] make[3]: Entering directory '/home/iliass/ros2_athens_ws/build/stm_interfaces'
[62.000s] [35m[1mScanning dependencies of target stm_interfaces__python[0m
[62.024s] make[3]: Leaving directory '/home/iliass/ros2_athens_ws/build/stm_interfaces'
[62.035s] make[3]: Entering directory '/home/iliass/ros2_athens_ws/build/stm_interfaces'
[62.080s] [ 80%] [32mBuilding C object CMakeFiles/stm_interfaces__python.dir/rosidl_generator_py/stm_interfaces/msg/_stm_state_s.c.o[0m
[62.082s] [ 82%] [32mBuilding C object CMakeFiles/stm_interfaces__python.dir/rosidl_generator_py/stm_interfaces/msg/_stm_control_s.c.o[0m
[62.087s] [ 85%] [32mBuilding C object CMakeFiles/stm_interfaces__python.dir/rosidl_generator_py/stm_interfaces/srv/_stm_set_control_type_s.c.o[0m
[62.215s] [ 87%] [32m[1mLinking C shared library rosidl_generator_py/stm_interfaces/libstm_interfaces__python.so[0m
[62.915s] make[3]: Leaving directory '/home/iliass/ros2_athens_ws/build/stm_interfaces'
[62.938s] [ 87%] Built target stm_interfaces__python
[62.954s] make[3]: Entering directory '/home/iliass/ros2_athens_ws/build/stm_interfaces'
[62.954s] make[3]: Entering directory '/home/iliass/ros2_athens_ws/build/stm_interfaces'
[62.956s] make[3]: Entering directory '/home/iliass/ros2_athens_ws/build/stm_interfaces'
[62.984s] [35m[1mScanning dependencies of target stm_interfaces__rosidl_typesupport_fastrtps_c__pyext[0m
[62.985s] [35m[1mScanning dependencies of target stm_interfaces__rosidl_typesupport_introspection_c__pyext[0m
[62.991s] [35m[1mScanning dependencies of target stm_interfaces__rosidl_typesupport_c__pyext[0m
[63.008s] make[3]: Leaving directory '/home/iliass/ros2_athens_ws/build/stm_interfaces'
[63.011s] make[3]: Leaving directory '/home/iliass/ros2_athens_ws/build/stm_interfaces'
[63.012s] make[3]: Leaving directory '/home/iliass/ros2_athens_ws/build/stm_interfaces'
[63.022s] make[3]: Entering directory '/home/iliass/ros2_athens_ws/build/stm_interfaces'
[63.023s] make[3]: Entering directory '/home/iliass/ros2_athens_ws/build/stm_interfaces'
[63.026s] make[3]: Entering directory '/home/iliass/ros2_athens_ws/build/stm_interfaces'
[63.048s] [ 89%] [32mBuilding C object CMakeFiles/stm_interfaces__rosidl_typesupport_fastrtps_c__pyext.dir/rosidl_generator_py/stm_interfaces/_stm_interfaces_s.ep.rosidl_typesupport_fastrtps_c.c.o[0m
[63.054s] [ 91%] [32mBuilding C object CMakeFiles/stm_interfaces__rosidl_typesupport_c__pyext.dir/rosidl_generator_py/stm_interfaces/_stm_interfaces_s.ep.rosidl_typesupport_c.c.o[0m
[63.056s] [ 93%] [32mBuilding C object CMakeFiles/stm_interfaces__rosidl_typesupport_introspection_c__pyext.dir/rosidl_generator_py/stm_interfaces/_stm_interfaces_s.ep.rosidl_typesupport_introspection_c.c.o[0m
[63.194s] [ 95%] [32m[1mLinking C shared library rosidl_generator_py/stm_interfaces/stm_interfaces_s__rosidl_typesupport_c.cpython-38-x86_64-linux-gnu.so[0m
[63.197s] [ 97%] [32m[1mLinking CXX shared library rosidl_generator_py/stm_interfaces/stm_interfaces_s__rosidl_typesupport_fastrtps_c.cpython-38-x86_64-linux-gnu.so[0m
[63.197s] [100%] [32m[1mLinking C shared library rosidl_generator_py/stm_interfaces/stm_interfaces_s__rosidl_typesupport_introspection_c.cpython-38-x86_64-linux-gnu.so[0m
[63.371s] make[3]: Leaving directory '/home/iliass/ros2_athens_ws/build/stm_interfaces'
[63.373s] make[3]: Leaving directory '/home/iliass/ros2_athens_ws/build/stm_interfaces'
[63.392s] [100%] Built target stm_interfaces__rosidl_typesupport_introspection_c__pyext
[63.393s] [100%] Built target stm_interfaces__rosidl_typesupport_c__pyext
[63.416s] make[3]: Leaving directory '/home/iliass/ros2_athens_ws/build/stm_interfaces'
[63.426s] [100%] Built target stm_interfaces__rosidl_typesupport_fastrtps_c__pyext
[63.426s] make[2]: Leaving directory '/home/iliass/ros2_athens_ws/build/stm_interfaces'
[63.444s] make[1]: Leaving directory '/home/iliass/ros2_athens_ws/build/stm_interfaces'
[63.446s] Invoked command in '/home/iliass/ros2_athens_ws/build/stm_interfaces' returned '0': CMAKE_PREFIX_PATH=${CMAKE_PREFIX_PATH}:/home/iliass/ros2_athens_ws/install/stm_station:/home/iliass/ros2_athens_ws/install/first_package:/opt/ros/foxy /usr/bin/cmake --build /home/iliass/ros2_athens_ws/build/stm_interfaces -- -j16 -l16
[63.613s] Invoking command in '/home/iliass/ros2_athens_ws/build/stm_interfaces': CMAKE_PREFIX_PATH=${CMAKE_PREFIX_PATH}:/home/iliass/ros2_athens_ws/install/stm_station:/home/iliass/ros2_athens_ws/install/first_package:/opt/ros/foxy /usr/bin/cmake --install /home/iliass/ros2_athens_ws/build/stm_interfaces
[63.626s] -- Install configuration: ""
[63.627s] -- Installing: /home/iliass/ros2_athens_ws/install/stm_interfaces/share/ament_index/resource_index/rosidl_interfaces/stm_interfaces
[63.628s] -- Up-to-date: /home/iliass/ros2_athens_ws/install/stm_interfaces/include/stm_interfaces
[63.629s] -- Up-to-date: /home/iliass/ros2_athens_ws/install/stm_interfaces/include/stm_interfaces/srv
[63.630s] -- Up-to-date: /home/iliass/ros2_athens_ws/install/stm_interfaces/include/stm_interfaces/srv/detail
[63.631s] -- Installing: /home/iliass/ros2_athens_ws/install/stm_interfaces/include/stm_interfaces/srv/detail/stm_set_control_type__functions.h
[63.632s] -- Installing: /home/iliass/ros2_athens_ws/install/stm_interfaces/include/stm_interfaces/srv/detail/stm_set_control_type__struct.h
[63.632s] -- Installing: /home/iliass/ros2_athens_ws/install/stm_interfaces/include/stm_interfaces/srv/detail/stm_set_control_type__functions.c
[63.633s] -- Installing: /home/iliass/ros2_athens_ws/install/stm_interfaces/include/stm_interfaces/srv/detail/stm_set_control_type__type_support.h
[63.633s] -- Installing: /home/iliass/ros2_athens_ws/install/stm_interfaces/include/stm_interfaces/srv/stm_set_control_type.h
[63.634s] -- Up-to-date: /home/iliass/ros2_athens_ws/install/stm_interfaces/include/stm_interfaces/msg
[63.635s] -- Installing: /home/iliass/ros2_athens_ws/install/stm_interfaces/include/stm_interfaces/msg/stm_control.h
[63.636s] -- Installing: /home/iliass/ros2_athens_ws/install/stm_interfaces/include/stm_interfaces/msg/detail
[63.638s] -- Installing: /home/iliass/ros2_athens_ws/install/stm_interfaces/include/stm_interfaces/msg/detail/stm_state__struct.h
[63.638s] -- Installing: /home/iliass/ros2_athens_ws/install/stm_interfaces/include/stm_interfaces/msg/detail/stm_control__functions.h
[63.639s] -- Installing: /home/iliass/ros2_athens_ws/install/stm_interfaces/include/stm_interfaces/msg/detail/stm_control__type_support.h
[63.639s] -- Installing: /home/iliass/ros2_athens_ws/install/stm_interfaces/include/stm_interfaces/msg/detail/stm_state__functions.h
[63.640s] -- Installing: /home/iliass/ros2_athens_ws/install/stm_interfaces/include/stm_interfaces/msg/detail/stm_state__functions.c
[63.641s] -- Installing: /home/iliass/ros2_athens_ws/install/stm_interfaces/include/stm_interfaces/msg/detail/stm_control__functions.c
[63.641s] -- Installing: /home/iliass/ros2_athens_ws/install/stm_interfaces/include/stm_interfaces/msg/detail/stm_control__struct.h
[63.642s] -- Installing: /home/iliass/ros2_athens_ws/install/stm_interfaces/include/stm_interfaces/msg/detail/stm_state__type_support.h
[63.643s] -- Installing: /home/iliass/ros2_athens_ws/install/stm_interfaces/include/stm_interfaces/msg/stm_state.h
[63.643s] -- Up-to-date: /home/iliass/ros2_athens_ws/install/stm_interfaces/include/stm_interfaces/msg/rosidl_generator_c__visibility_control.h
[63.644s] -- Up-to-date: /home/iliass/ros2_athens_ws/install/stm_interfaces/share/stm_interfaces/environment/library_path.sh
[63.644s] -- Installing: /home/iliass/ros2_athens_ws/install/stm_interfaces/share/stm_interfaces/environment/library_path.dsv
[63.645s] -- Installing: /home/iliass/ros2_athens_ws/install/stm_interfaces/lib/libstm_interfaces__rosidl_generator_c.so
[63.645s] -- Set runtime path of "/home/iliass/ros2_athens_ws/install/stm_interfaces/lib/libstm_interfaces__rosidl_generator_c.so" to ""
[63.645s] -- Up-to-date: /home/iliass/ros2_athens_ws/install/stm_interfaces/include/stm_interfaces
[63.646s] -- Up-to-date: /home/iliass/ros2_athens_ws/install/stm_interfaces/include/stm_interfaces/srv
[63.646s] -- Up-to-date: /home/iliass/ros2_athens_ws/install/stm_interfaces/include/stm_interfaces/srv/detail
[63.647s] -- Installing: /home/iliass/ros2_athens_ws/install/stm_interfaces/include/stm_interfaces/srv/detail/stm_set_control_type__rosidl_typesupport_fastrtps_c.h
[63.648s] -- Up-to-date: /home/iliass/ros2_athens_ws/install/stm_interfaces/include/stm_interfaces/msg
[63.648s] -- Up-to-date: /home/iliass/ros2_athens_ws/install/stm_interfaces/include/stm_interfaces/msg/detail
[63.649s] -- Installing: /home/iliass/ros2_athens_ws/install/stm_interfaces/include/stm_interfaces/msg/detail/stm_state__rosidl_typesupport_fastrtps_c.h
[63.650s] -- Installing: /home/iliass/ros2_athens_ws/install/stm_interfaces/include/stm_interfaces/msg/detail/stm_control__rosidl_typesupport_fastrtps_c.h
[63.650s] -- Up-to-date: /home/iliass/ros2_athens_ws/install/stm_interfaces/include/stm_interfaces/msg/rosidl_typesupport_fastrtps_c__visibility_control.h
[63.651s] -- Installing: /home/iliass/ros2_athens_ws/install/stm_interfaces/lib/libstm_interfaces__rosidl_typesupport_fastrtps_c.so
[63.651s] -- Set runtime path of "/home/iliass/ros2_athens_ws/install/stm_interfaces/lib/libstm_interfaces__rosidl_typesupport_fastrtps_c.so" to ""
[63.652s] -- Up-to-date: /home/iliass/ros2_athens_ws/install/stm_interfaces/include/stm_interfaces
[63.652s] -- Up-to-date: /home/iliass/ros2_athens_ws/install/stm_interfaces/include/stm_interfaces/srv
[63.653s] -- Up-to-date: /home/iliass/ros2_athens_ws/install/stm_interfaces/include/stm_interfaces/srv/detail
[63.653s] -- Installing: /home/iliass/ros2_athens_ws/install/stm_interfaces/include/stm_interfaces/srv/detail/stm_set_control_type__rosidl_typesupport_fastrtps_cpp.hpp
[63.654s] -- Up-to-date: /home/iliass/ros2_athens_ws/install/stm_interfaces/include/stm_interfaces/srv/detail/dds_fastrtps
[63.654s] -- Up-to-date: /home/iliass/ros2_athens_ws/install/stm_interfaces/include/stm_interfaces/msg
[63.654s] -- Up-to-date: /home/iliass/ros2_athens_ws/install/stm_interfaces/include/stm_interfaces/msg/detail
[63.656s] -- Installing: /home/iliass/ros2_athens_ws/install/stm_interfaces/include/stm_interfaces/msg/detail/stm_state__rosidl_typesupport_fastrtps_cpp.hpp
[63.657s] -- Installing: /home/iliass/ros2_athens_ws/install/stm_interfaces/include/stm_interfaces/msg/detail/dds_fastrtps
[63.657s] -- Installing: /home/iliass/ros2_athens_ws/install/stm_interfaces/include/stm_interfaces/msg/detail/stm_control__rosidl_typesupport_fastrtps_cpp.hpp
[63.658s] -- Up-to-date: /home/iliass/ros2_athens_ws/install/stm_interfaces/include/stm_interfaces/msg/rosidl_typesupport_fastrtps_cpp__visibility_control.h
[63.658s] -- Installing: /home/iliass/ros2_athens_ws/install/stm_interfaces/lib/libstm_interfaces__rosidl_typesupport_fastrtps_cpp.so
[63.658s] -- Set runtime path of "/home/iliass/ros2_athens_ws/install/stm_interfaces/lib/libstm_interfaces__rosidl_typesupport_fastrtps_cpp.so" to ""
[63.659s] -- Up-to-date: /home/iliass/ros2_athens_ws/install/stm_interfaces/include/stm_interfaces
[63.659s] -- Up-to-date: /home/iliass/ros2_athens_ws/install/stm_interfaces/include/stm_interfaces/srv
[63.659s] -- Up-to-date: /home/iliass/ros2_athens_ws/install/stm_interfaces/include/stm_interfaces/srv/detail
[63.659s] -- Installing: /home/iliass/ros2_athens_ws/install/stm_interfaces/include/stm_interfaces/srv/detail/stm_set_control_type__type_support.c
[63.659s] -- Installing: /home/iliass/ros2_athens_ws/install/stm_interfaces/include/stm_interfaces/srv/detail/stm_set_control_type__rosidl_typesupport_introspection_c.h
[63.659s] -- Up-to-date: /home/iliass/ros2_athens_ws/install/stm_interfaces/include/stm_interfaces/msg
[63.659s] -- Up-to-date: /home/iliass/ros2_athens_ws/install/stm_interfaces/include/stm_interfaces/msg/detail
[63.659s] -- Installing: /home/iliass/ros2_athens_ws/install/stm_interfaces/include/stm_interfaces/msg/detail/stm_state__type_support.c
[63.659s] -- Installing: /home/iliass/ros2_athens_ws/install/stm_interfaces/include/stm_interfaces/msg/detail/stm_control__type_support.c
[63.659s] -- Installing: /home/iliass/ros2_athens_ws/install/stm_interfaces/include/stm_interfaces/msg/detail/stm_control__rosidl_typesupport_introspection_c.h
[63.659s] -- Installing: /home/iliass/ros2_athens_ws/install/stm_interfaces/include/stm_interfaces/msg/detail/stm_state__rosidl_typesupport_introspection_c.h
[63.659s] -- Up-to-date: /home/iliass/ros2_athens_ws/install/stm_interfaces/include/stm_interfaces/msg/rosidl_typesupport_introspection_c__visibility_control.h
[63.659s] -- Installing: /home/iliass/ros2_athens_ws/install/stm_interfaces/lib/libstm_interfaces__rosidl_typesupport_introspection_c.so
[63.659s] -- Set runtime path of "/home/iliass/ros2_athens_ws/install/stm_interfaces/lib/libstm_interfaces__rosidl_typesupport_introspection_c.so" to ""
[63.659s] -- Installing: /home/iliass/ros2_athens_ws/install/stm_interfaces/lib/libstm_interfaces__rosidl_typesupport_c.so
[63.660s] -- Set runtime path of "/home/iliass/ros2_athens_ws/install/stm_interfaces/lib/libstm_interfaces__rosidl_typesupport_c.so" to ""
[63.660s] -- Up-to-date: /home/iliass/ros2_athens_ws/install/stm_interfaces/include/stm_interfaces
[63.660s] -- Up-to-date: /home/iliass/ros2_athens_ws/install/stm_interfaces/include/stm_interfaces/srv
[63.660s] -- Up-to-date: /home/iliass/ros2_athens_ws/install/stm_interfaces/include/stm_interfaces/srv/detail
[63.660s] -- Installing: /home/iliass/ros2_athens_ws/install/stm_interfaces/include/stm_interfaces/srv/detail/stm_set_control_type__builder.hpp
[63.660s] -- Installing: /home/iliass/ros2_athens_ws/install/stm_interfaces/include/stm_interfaces/srv/detail/stm_set_control_type__traits.hpp
[63.660s] -- Installing: /home/iliass/ros2_athens_ws/install/stm_interfaces/include/stm_interfaces/srv/detail/stm_set_control_type__type_support.hpp
[63.660s] -- Installing: /home/iliass/ros2_athens_ws/install/stm_interfaces/include/stm_interfaces/srv/detail/stm_set_control_type__struct.hpp
[63.660s] -- Installing: /home/iliass/ros2_athens_ws/install/stm_interfaces/include/stm_interfaces/srv/stm_set_control_type.hpp
[63.660s] -- Up-to-date: /home/iliass/ros2_athens_ws/install/stm_interfaces/include/stm_interfaces/msg
[63.660s] -- Installing: /home/iliass/ros2_athens_ws/install/stm_interfaces/include/stm_interfaces/msg/stm_control.hpp
[63.660s] -- Up-to-date: /home/iliass/ros2_athens_ws/install/stm_interfaces/include/stm_interfaces/msg/detail
[63.660s] -- Installing: /home/iliass/ros2_athens_ws/install/stm_interfaces/include/stm_interfaces/msg/detail/stm_state__builder.hpp
[63.660s] -- Installing: /home/iliass/ros2_athens_ws/install/stm_interfaces/include/stm_interfaces/msg/detail/stm_control__type_support.hpp
[63.660s] -- Installing: /home/iliass/ros2_athens_ws/install/stm_interfaces/include/stm_interfaces/msg/detail/stm_state__struct.hpp
[63.661s] -- Installing: /home/iliass/ros2_athens_ws/install/stm_interfaces/include/stm_interfaces/msg/detail/stm_state__traits.hpp
[63.661s] -- Installing: /home/iliass/ros2_athens_ws/install/stm_interfaces/include/stm_interfaces/msg/detail/stm_control__struct.hpp
[63.661s] -- Installing: /home/iliass/ros2_athens_ws/install/stm_interfaces/include/stm_interfaces/msg/detail/stm_state__type_support.hpp
[63.661s] -- Installing: /home/iliass/ros2_athens_ws/install/stm_interfaces/include/stm_interfaces/msg/detail/stm_control__builder.hpp
[63.661s] -- Installing: /home/iliass/ros2_athens_ws/install/stm_interfaces/include/stm_interfaces/msg/detail/stm_control__traits.hpp
[63.661s] -- Up-to-date: /home/iliass/ros2_athens_ws/install/stm_interfaces/include/stm_interfaces/msg/rosidl_generator_cpp__visibility_control.hpp
[63.661s] -- Installing: /home/iliass/ros2_athens_ws/install/stm_interfaces/include/stm_interfaces/msg/stm_state.hpp
[63.661s] -- Up-to-date: /home/iliass/ros2_athens_ws/install/stm_interfaces/include/stm_interfaces
[63.661s] -- Up-to-date: /home/iliass/ros2_athens_ws/install/stm_interfaces/include/stm_interfaces/srv
[63.661s] -- Up-to-date: /home/iliass/ros2_athens_ws/install/stm_interfaces/include/stm_interfaces/srv/detail
[63.661s] -- Installing: /home/iliass/ros2_athens_ws/install/stm_interfaces/include/stm_interfaces/srv/detail/stm_set_control_type__rosidl_typesupport_introspection_cpp.hpp
[63.661s] -- Installing: /home/iliass/ros2_athens_ws/install/stm_interfaces/include/stm_interfaces/srv/detail/stm_set_control_type__type_support.cpp
[63.661s] -- Up-to-date: /home/iliass/ros2_athens_ws/install/stm_interfaces/include/stm_interfaces/msg
[63.662s] -- Up-to-date: /home/iliass/ros2_athens_ws/install/stm_interfaces/include/stm_interfaces/msg/detail
[63.662s] -- Installing: /home/iliass/ros2_athens_ws/install/stm_interfaces/include/stm_interfaces/msg/detail/stm_control__type_support.cpp
[63.662s] -- Installing: /home/iliass/ros2_athens_ws/install/stm_interfaces/include/stm_interfaces/msg/detail/stm_state__rosidl_typesupport_introspection_cpp.hpp
[63.662s] -- Installing: /home/iliass/ros2_athens_ws/install/stm_interfaces/include/stm_interfaces/msg/detail/stm_control__rosidl_typesupport_introspection_cpp.hpp
[63.663s] -- Installing: /home/iliass/ros2_athens_ws/install/stm_interfaces/include/stm_interfaces/msg/detail/stm_state__type_support.cpp
[63.663s] -- Installing: /home/iliass/ros2_athens_ws/install/stm_interfaces/lib/libstm_interfaces__rosidl_typesupport_introspection_cpp.so
[63.663s] -- Set runtime path of "/home/iliass/ros2_athens_ws/install/stm_interfaces/lib/libstm_interfaces__rosidl_typesupport_introspection_cpp.so" to ""
[63.663s] -- Installing: /home/iliass/ros2_athens_ws/install/stm_interfaces/lib/libstm_interfaces__rosidl_typesupport_cpp.so
[63.663s] -- Set runtime path of "/home/iliass/ros2_athens_ws/install/stm_interfaces/lib/libstm_interfaces__rosidl_typesupport_cpp.so" to ""
[63.663s] -- Up-to-date: /home/iliass/ros2_athens_ws/install/stm_interfaces/share/stm_interfaces/environment/pythonpath.sh
[63.664s] -- Installing: /home/iliass/ros2_athens_ws/install/stm_interfaces/share/stm_interfaces/environment/pythonpath.dsv
[63.664s] -- Installing: /home/iliass/ros2_athens_ws/install/stm_interfaces/lib/python3.8/site-packages/stm_interfaces/__init__.py
[63.705s] Compiling '/home/iliass/ros2_athens_ws/install/stm_interfaces/lib/python3.8/site-packages/stm_interfaces/__init__.py'...
[63.724s] -- Installing: /home/iliass/ros2_athens_ws/install/stm_interfaces/lib/python3.8/site-packages/stm_interfaces/msg
[63.724s] -- Installing: /home/iliass/ros2_athens_ws/install/stm_interfaces/lib/python3.8/site-packages/stm_interfaces/msg/_stm_control.py
[63.725s] -- Installing: /home/iliass/ros2_athens_ws/install/stm_interfaces/lib/python3.8/site-packages/stm_interfaces/msg/__init__.py
[63.725s] -- Installing: /home/iliass/ros2_athens_ws/install/stm_interfaces/lib/python3.8/site-packages/stm_interfaces/msg/_stm_state_s.c
[63.725s] -- Installing: /home/iliass/ros2_athens_ws/install/stm_interfaces/lib/python3.8/site-packages/stm_interfaces/msg/_stm_state.py
[63.725s] -- Installing: /home/iliass/ros2_athens_ws/install/stm_interfaces/lib/python3.8/site-packages/stm_interfaces/msg/_stm_control_s.c
[63.725s] -- Up-to-date: /home/iliass/ros2_athens_ws/install/stm_interfaces/lib/python3.8/site-packages/stm_interfaces/srv
[63.725s] -- Installing: /home/iliass/ros2_athens_ws/install/stm_interfaces/lib/python3.8/site-packages/stm_interfaces/srv/_stm_set_control_type.py
[63.725s] -- Installing: /home/iliass/ros2_athens_ws/install/stm_interfaces/lib/python3.8/site-packages/stm_interfaces/srv/_stm_set_control_type_s.c
[63.726s] -- Installing: /home/iliass/ros2_athens_ws/install/stm_interfaces/lib/python3.8/site-packages/stm_interfaces/srv/__init__.py
[63.726s] -- Installing: /home/iliass/ros2_athens_ws/install/stm_interfaces/lib/python3.8/site-packages/stm_interfaces/stm_interfaces_s__rosidl_typesupport_fastrtps_c.cpython-38-x86_64-linux-gnu.so
[63.726s] -- Set runtime path of "/home/iliass/ros2_athens_ws/install/stm_interfaces/lib/python3.8/site-packages/stm_interfaces/stm_interfaces_s__rosidl_typesupport_fastrtps_c.cpython-38-x86_64-linux-gnu.so" to ""
[63.727s] -- Installing: /home/iliass/ros2_athens_ws/install/stm_interfaces/lib/python3.8/site-packages/stm_interfaces/stm_interfaces_s__rosidl_typesupport_introspection_c.cpython-38-x86_64-linux-gnu.so
[63.728s] -- Set runtime path of "/home/iliass/ros2_athens_ws/install/stm_interfaces/lib/python3.8/site-packages/stm_interfaces/stm_interfaces_s__rosidl_typesupport_introspection_c.cpython-38-x86_64-linux-gnu.so" to ""
[63.729s] -- Installing: /home/iliass/ros2_athens_ws/install/stm_interfaces/lib/python3.8/site-packages/stm_interfaces/stm_interfaces_s__rosidl_typesupport_c.cpython-38-x86_64-linux-gnu.so
[63.730s] -- Set runtime path of "/home/iliass/ros2_athens_ws/install/stm_interfaces/lib/python3.8/site-packages/stm_interfaces/stm_interfaces_s__rosidl_typesupport_c.cpython-38-x86_64-linux-gnu.so" to ""
[63.730s] -- Installing: /home/iliass/ros2_athens_ws/install/stm_interfaces/lib/libstm_interfaces__python.so
[63.730s] -- Set runtime path of "/home/iliass/ros2_athens_ws/install/stm_interfaces/lib/libstm_interfaces__python.so" to ""
[63.731s] -- Installing: /home/iliass/ros2_athens_ws/install/stm_interfaces/share/stm_interfaces/msg/STMControl.idl
[63.731s] -- Installing: /home/iliass/ros2_athens_ws/install/stm_interfaces/share/stm_interfaces/msg/STMState.idl
[63.731s] -- Up-to-date: /home/iliass/ros2_athens_ws/install/stm_interfaces/share/stm_interfaces/srv/STMSetControlType.idl
[63.732s] -- Installing: /home/iliass/ros2_athens_ws/install/stm_interfaces/share/stm_interfaces/msg/STMControl.msg
[63.732s] -- Installing: /home/iliass/ros2_athens_ws/install/stm_interfaces/share/stm_interfaces/msg/STMState.msg
[63.732s] -- Up-to-date: /home/iliass/ros2_athens_ws/install/stm_interfaces/share/stm_interfaces/srv/STMSetControlType.srv
[63.733s] -- Up-to-date: /home/iliass/ros2_athens_ws/install/stm_interfaces/share/stm_interfaces/srv/STMSetControlType_Request.msg
[63.733s] -- Up-to-date: /home/iliass/ros2_athens_ws/install/stm_interfaces/share/stm_interfaces/srv/STMSetControlType_Response.msg
[63.733s] -- Up-to-date: /home/iliass/ros2_athens_ws/install/stm_interfaces/share/ament_index/resource_index/package_run_dependencies/stm_interfaces
[63.733s] -- Up-to-date: /home/iliass/ros2_athens_ws/install/stm_interfaces/share/ament_index/resource_index/parent_prefix_path/stm_interfaces
[63.733s] -- Up-to-date: /home/iliass/ros2_athens_ws/install/stm_interfaces/share/stm_interfaces/environment/ament_prefix_path.sh
[63.733s] -- Installing: /home/iliass/ros2_athens_ws/install/stm_interfaces/share/stm_interfaces/environment/ament_prefix_path.dsv
[63.734s] -- Up-to-date: /home/iliass/ros2_athens_ws/install/stm_interfaces/share/stm_interfaces/environment/path.sh
[63.734s] -- Installing: /home/iliass/ros2_athens_ws/install/stm_interfaces/share/stm_interfaces/environment/path.dsv
[63.734s] -- Up-to-date: /home/iliass/ros2_athens_ws/install/stm_interfaces/share/stm_interfaces/local_setup.bash
[63.734s] -- Up-to-date: /home/iliass/ros2_athens_ws/install/stm_interfaces/share/stm_interfaces/local_setup.sh
[63.734s] -- Up-to-date: /home/iliass/ros2_athens_ws/install/stm_interfaces/share/stm_interfaces/local_setup.zsh
[63.734s] -- Installing: /home/iliass/ros2_athens_ws/install/stm_interfaces/share/stm_interfaces/local_setup.dsv
[63.735s] -- Installing: /home/iliass/ros2_athens_ws/install/stm_interfaces/share/stm_interfaces/package.dsv
[63.735s] -- Up-to-date: /home/iliass/ros2_athens_ws/install/stm_interfaces/share/ament_index/resource_index/packages/stm_interfaces
[63.735s] -- Up-to-date: /home/iliass/ros2_athens_ws/install/stm_interfaces/share/stm_interfaces/cmake/stm_interfaces__rosidl_generator_cExport.cmake
[63.736s] -- Installing: /home/iliass/ros2_athens_ws/install/stm_interfaces/share/stm_interfaces/cmake/stm_interfaces__rosidl_generator_cExport-noconfig.cmake
[63.736s] -- Up-to-date: /home/iliass/ros2_athens_ws/install/stm_interfaces/share/stm_interfaces/cmake/stm_interfaces__rosidl_typesupport_introspection_cExport.cmake
[63.736s] -- Installing: /home/iliass/ros2_athens_ws/install/stm_interfaces/share/stm_interfaces/cmake/stm_interfaces__rosidl_typesupport_introspection_cExport-noconfig.cmake
[63.736s] -- Up-to-date: /home/iliass/ros2_athens_ws/install/stm_interfaces/share/stm_interfaces/cmake/stm_interfaces__rosidl_typesupport_cExport.cmake
[63.736s] -- Installing: /home/iliass/ros2_athens_ws/install/stm_interfaces/share/stm_interfaces/cmake/stm_interfaces__rosidl_typesupport_cExport-noconfig.cmake
[63.737s] -- Up-to-date: /home/iliass/ros2_athens_ws/install/stm_interfaces/share/stm_interfaces/cmake/stm_interfaces__rosidl_generator_cppExport.cmake
[63.737s] -- Up-to-date: /home/iliass/ros2_athens_ws/install/stm_interfaces/share/stm_interfaces/cmake/stm_interfaces__rosidl_typesupport_introspection_cppExport.cmake
[63.737s] -- Installing: /home/iliass/ros2_athens_ws/install/stm_interfaces/share/stm_interfaces/cmake/stm_interfaces__rosidl_typesupport_introspection_cppExport-noconfig.cmake
[63.738s] -- Up-to-date: /home/iliass/ros2_athens_ws/install/stm_interfaces/share/stm_interfaces/cmake/stm_interfaces__rosidl_typesupport_cppExport.cmake
[63.738s] -- Installing: /home/iliass/ros2_athens_ws/install/stm_interfaces/share/stm_interfaces/cmake/stm_interfaces__rosidl_typesupport_cppExport-noconfig.cmake
[63.738s] -- Installing: /home/iliass/ros2_athens_ws/install/stm_interfaces/share/stm_interfaces/cmake/rosidl_cmake-extras.cmake
[63.738s] -- Up-to-date: /home/iliass/ros2_athens_ws/install/stm_interfaces/share/stm_interfaces/cmake/ament_cmake_export_dependencies-extras.cmake
[63.738s] -- Up-to-date: /home/iliass/ros2_athens_ws/install/stm_interfaces/share/stm_interfaces/cmake/ament_cmake_export_libraries-extras.cmake
[63.738s] -- Up-to-date: /home/iliass/ros2_athens_ws/install/stm_interfaces/share/stm_interfaces/cmake/ament_cmake_export_targets-extras.cmake
[63.738s] -- Up-to-date: /home/iliass/ros2_athens_ws/install/stm_interfaces/share/stm_interfaces/cmake/ament_cmake_export_include_directories-extras.cmake
[63.738s] -- Up-to-date: /home/iliass/ros2_athens_ws/install/stm_interfaces/share/stm_interfaces/cmake/rosidl_cmake_export_typesupport_libraries-extras.cmake
[63.738s] -- Up-to-date: /home/iliass/ros2_athens_ws/install/stm_interfaces/share/stm_interfaces/cmake/rosidl_cmake_export_typesupport_targets-extras.cmake
[63.738s] -- Up-to-date: /home/iliass/ros2_athens_ws/install/stm_interfaces/share/stm_interfaces/cmake/stm_interfacesConfig.cmake
[63.739s] -- Up-to-date: /home/iliass/ros2_athens_ws/install/stm_interfaces/share/stm_interfaces/cmake/stm_interfacesConfig-version.cmake
[63.739s] -- Up-to-date: /home/iliass/ros2_athens_ws/install/stm_interfaces/share/stm_interfaces/package.xml
[63.741s] Invoked command in '/home/iliass/ros2_athens_ws/build/stm_interfaces' returned '0': CMAKE_PREFIX_PATH=${CMAKE_PREFIX_PATH}:/home/iliass/ros2_athens_ws/install/stm_station:/home/iliass/ros2_athens_ws/install/first_package:/opt/ros/foxy /usr/bin/cmake --install /home/iliass/ros2_athens_ws/build/stm_interfaces
