In file included from [01m[K/home/iliass/ros2_athens_ws/build/first_interfaces/rosidl_generator_c/first_interfaces/msg/detail/custom_message__functions.h:19[m[K,
                 from [01m[K/home/iliass/ros2_athens_ws/build/first_interfaces/rosidl_generator_c/first_interfaces/msg/detail/custom_message__functions.c:4[m[K:
[01m[K/home/iliass/ros2_athens_ws/build/first_interfaces/rosidl_generator_c/first_interfaces/msg/detail/custom_message__struct.h:24:10:[m[K [01;31m[Kfatal error: [m[Kfirst_interfaces/msg/detail/string__struct.h: No such file or directory
   24 | #include [01;31m[K"first_interfaces/msg/detail/string__struct.h"[m[K
      |          [01;31m[K^~~~~~~~~~~~~~~~~~~~~~~~~~~~~~~~~~~~~~~~~~~~~~[m[K
compilation terminated.
make[3]: *** [CMakeFiles/first_interfaces__rosidl_generator_c.dir/build.make:92: CMakeFiles/first_interfaces__rosidl_generator_c.dir/rosidl_generator_c/first_interfaces/msg/detail/custom_message__functions.c.o] Error 1
make[2]: *** [CMakeFiles/Makefile2:332: CMakeFiles/first_interfaces__rosidl_generator_c.dir/all] Error 2
make[2]: *** Waiting for unfinished jobs....
In file included from [01m[K/home/iliass/ros2_athens_ws/build/first_interfaces/rosidl_typesupport_fastrtps_cpp/first_interfaces/msg/detail/custom_message__rosidl_typesupport_fastrtps_cpp.hpp:11[m[K,
                 from [01m[K/home/iliass/ros2_athens_ws/build/first_interfaces/rosidl_typesupport_fastrtps_cpp/first_interfaces/msg/detail/dds_fastrtps/custom_message__type_support.cpp:4[m[K:
[01m[K/home/iliass/ros2_athens_ws/build/first_interfaces/rosidl_generator_cpp/first_interfaces/msg/detail/custom_message__struct.hpp:19:10:[m[K [01;31m[Kfatal error: [m[Kfirst_interfaces/msg/detail/string__struct.hpp: No such file or directory
   19 | #include [01;31m[K"first_interfaces/msg/detail/string__struct.hpp"[m[K
      |          [01;31m[K^~~~~~~~~~~~~~~~~~~~~~~~~~~~~~~~~~~~~~~~~~~~~~~~[m[K
compilation terminated.
In file included from [01m[K/home/iliass/ros2_athens_ws/build/first_interfaces/rosidl_typesupport_cpp/first_interfaces/msg/custom_message__type_support.cpp:7[m[K:
[01m[K/home/iliass/ros2_athens_ws/build/first_interfaces/rosidl_generator_cpp/first_interfaces/msg/detail/custom_message__struct.hpp:19:10:[m[K [01;31m[Kfatal error: [m[Kfirst_interfaces/msg/detail/string__struct.hpp: No such file or directory
   19 | #include [01;31m[K"first_interfaces/msg/detail/string__struct.hpp"[m[K
      |          [01;31m[K^~~~~~~~~~~~~~~~~~~~~~~~~~~~~~~~~~~~~~~~~~~~~~~~[m[K
compilation terminated.
In file included from [01m[K/home/iliass/ros2_athens_ws/build/first_interfaces/rosidl_typesupport_introspection_cpp/first_interfaces/msg/detail/custom_message__type_support.cpp:12[m[K:
[01m[K/home/iliass/ros2_athens_ws/build/first_interfaces/rosidl_generator_cpp/first_interfaces/msg/detail/custom_message__struct.hpp:19:10:[m[K [01;31m[Kfatal error: [m[Kfirst_interfaces/msg/detail/string__struct.hpp: No such file or directory
   19 | #include [01;31m[K"first_interfaces/msg/detail/string__struct.hpp"[m[K
      |          [01;31m[K^~~~~~~~~~~~~~~~~~~~~~~~~~~~~~~~~~~~~~~~~~~~~~~~[m[K
compilation terminated.
make[3]: *** [CMakeFiles/first_interfaces__rosidl_typesupport_introspection_cpp.dir/build.make:78: CMakeFiles/first_interfaces__rosidl_typesupport_introspection_cpp.dir/rosidl_typesupport_introspection_cpp/first_interfaces/msg/detail/custom_message__type_support.cpp.o] Error 1
make[3]: *** [CMakeFiles/first_interfaces__rosidl_typesupport_cpp.dir/build.make:73: CMakeFiles/first_interfaces__rosidl_typesupport_cpp.dir/rosidl_typesupport_cpp/first_interfaces/msg/custom_message__type_support.cpp.o] Error 1
make[3]: *** [CMakeFiles/first_interfaces__rosidl_typesupport_fastrtps_cpp.dir/build.make:78: CMakeFiles/first_interfaces__rosidl_typesupport_fastrtps_cpp.dir/rosidl_typesupport_fastrtps_cpp/first_interfaces/msg/detail/dds_fastrtps/custom_message__type_support.cpp.o] Error 1
make[2]: *** [CMakeFiles/Makefile2:526: CMakeFiles/first_interfaces__rosidl_typesupport_introspection_cpp.dir/all] Error 2
make[2]: *** [CMakeFiles/Makefile2:388: CMakeFiles/first_interfaces__rosidl_typesupport_fastrtps_cpp.dir/all] Error 2
make[2]: *** [CMakeFiles/Makefile2:499: CMakeFiles/first_interfaces__rosidl_typesupport_cpp.dir/all] Error 2
make[1]: *** [Makefile:141: all] Error 2
