[0.036s] Invoking command in '/home/iliass/ros2_athens_ws/build/first_interfaces': CMAKE_PREFIX_PATH=/home/iliass/ros2_athens_ws/install/first_package:/opt/ros/foxy /usr/bin/cmake --build /home/iliass/ros2_athens_ws/build/first_interfaces -- -j16 -l16
[0.104s] make[1]: Entering directory '/home/iliass/ros2_athens_ws/build/first_interfaces'
[0.135s] -- Found ament_cmake: 0.9.12 (/opt/ros/foxy/share/ament_cmake/cmake)
[0.165s] -- Found PythonInterp: /usr/bin/python3 (found suitable version "3.8.10", minimum required is "3") 
[0.166s] -- Using PYTHON_EXECUTABLE: /usr/bin/python3
[0.351s] -- Found std_msgs: 2.0.5 (/opt/ros/foxy/share/std_msgs/cmake)
[0.547s] -- Using all available rosidl_typesupport_c: rosidl_typesupport_fastrtps_c;rosidl_typesupport_introspection_c
[0.553s] -- Found rosidl_adapter: 1.3.1 (/opt/ros/foxy/share/rosidl_adapter/cmake)
[24.916s] -- Using all available rosidl_typesupport_cpp: rosidl_typesupport_fastrtps_cpp;rosidl_typesupport_introspection_cpp
[25.006s] -- Found rosidl_default_generators: 1.0.1 (/opt/ros/foxy/share/rosidl_default_generators/cmake)
[25.018s] -- Found ament_lint_auto: 0.9.8 (/opt/ros/foxy/share/ament_lint_auto/cmake)
[25.177s] -- Found PythonInterp: /usr/bin/python3 (found version "3.8.10") 
[25.391s] -- Found ament_cmake_ros: 0.9.2 (/opt/ros/foxy/share/ament_cmake_ros/cmake)
[34.470s] -- Using all available rosidl_typesupport_c: rosidl_typesupport_fastrtps_c;rosidl_typesupport_introspection_c
[34.476s] -- Using all available rosidl_typesupport_cpp: rosidl_typesupport_fastrtps_cpp;rosidl_typesupport_introspection_cpp
[34.493s] -- Found PythonInterp: /usr/bin/python3 (found suitable version "3.8.10", minimum required is "3.5") 
[34.494s] -- Found python_cmake_module: 0.8.1 (/opt/ros/foxy/share/python_cmake_module/cmake)
[34.513s] -- Using PYTHON_EXECUTABLE: /usr/bin/python3
[34.513s] -- Using PYTHON_INCLUDE_DIRS: /usr/include/python3.8
[34.513s] -- Using PYTHON_LIBRARIES: /usr/lib/x86_64-linux-gnu/libpython3.8.so
[34.533s] -- Added test 'copyright' to check source files copyright and LICENSE
[34.597s] -- Added test 'cppcheck' to perform static code analysis on C / C++ code
[34.597s] -- Configured cppcheck include dirs: 
[34.597s] -- Configured cppcheck exclude dirs and/or files: 
[34.603s] -- Added test 'cpplint' to check C / C++ code against the Google style
[34.603s] -- Configured cpplint exclude dirs and/or files: 
[34.604s] -- Added test 'flake8' to check Python code syntax and style conventions
[34.606s] -- Added test 'lint_cmake' to check CMake code style
[34.608s] -- Added test 'pep257' to check Python code against some of the style conventions in PEP 257
[34.613s] -- Added test 'uncrustify' to check C / C++ code style
[34.613s] -- Configured uncrustify additional arguments: 
[34.615s] -- Added test 'xmllint' to check XML markup files
[34.636s] -- Configuring done
[34.674s] -- Generating done
[34.676s] -- Build files have been written to: /home/iliass/ros2_athens_ws/build/first_interfaces
[34.691s] make[2]: Entering directory '/home/iliass/ros2_athens_ws/build/first_interfaces'
[34.692s] make[3]: Entering directory '/home/iliass/ros2_athens_ws/build/first_interfaces'
[34.694s] make[3]: Entering directory '/home/iliass/ros2_athens_ws/build/first_interfaces'
[34.698s] make[3]: Leaving directory '/home/iliass/ros2_athens_ws/build/first_interfaces'
[34.700s] make[3]: Leaving directory '/home/iliass/ros2_athens_ws/build/first_interfaces'
[34.704s] make[3]: Entering directory '/home/iliass/ros2_athens_ws/build/first_interfaces'
[34.706s] [  3%] Built target first_interfaces__cpp
[34.709s] [  6%] [32mBuilding C object CMakeFiles/first_interfaces__rosidl_generator_c.dir/rosidl_generator_c/first_interfaces/msg/detail/custom_message__functions.c.o[0m
[34.709s] make[3]: Entering directory '/home/iliass/ros2_athens_ws/build/first_interfaces'
[34.710s] make[3]: Entering directory '/home/iliass/ros2_athens_ws/build/first_interfaces'
[34.710s] make[3]: Entering directory '/home/iliass/ros2_athens_ws/build/first_interfaces'
[34.717s] make[3]: Leaving directory '/home/iliass/ros2_athens_ws/build/first_interfaces'
[34.718s] make[3]: Leaving directory '/home/iliass/ros2_athens_ws/build/first_interfaces'
[34.718s] make[3]: Leaving directory '/home/iliass/ros2_athens_ws/build/first_interfaces'
[34.721s] make[3]: Entering directory '/home/iliass/ros2_athens_ws/build/first_interfaces'
[34.721s] make[3]: Entering directory '/home/iliass/ros2_athens_ws/build/first_interfaces'
[34.721s] make[3]: Entering directory '/home/iliass/ros2_athens_ws/build/first_interfaces'
[34.728s] [  9%] [32mBuilding CXX object CMakeFiles/first_interfaces__rosidl_typesupport_cpp.dir/rosidl_typesupport_cpp/first_interfaces/msg/custom_message__type_support.cpp.o[0m
[34.728s] [ 12%] [32mBuilding CXX object CMakeFiles/first_interfaces__rosidl_typesupport_fastrtps_cpp.dir/rosidl_typesupport_fastrtps_cpp/first_interfaces/msg/detail/dds_fastrtps/custom_message__type_support.cpp.o[0m
[34.729s] [ 16%] [32mBuilding CXX object CMakeFiles/first_interfaces__rosidl_typesupport_introspection_cpp.dir/rosidl_typesupport_introspection_cpp/first_interfaces/msg/detail/custom_message__type_support.cpp.o[0m
[34.789s] In file included from [01m[K/home/iliass/ros2_athens_ws/build/first_interfaces/rosidl_generator_c/first_interfaces/msg/detail/custom_message__functions.h:19[m[K,
[34.789s]                  from [01m[K/home/iliass/ros2_athens_ws/build/first_interfaces/rosidl_generator_c/first_interfaces/msg/detail/custom_message__functions.c:4[m[K:
[34.789s] [01m[K/home/iliass/ros2_athens_ws/build/first_interfaces/rosidl_generator_c/first_interfaces/msg/detail/custom_message__struct.h:24:10:[m[K [01;31m[Kfatal error: [m[Kfirst_interfaces/msg/detail/string__struct.h: No such file or directory
[34.789s]    24 | #include [01;31m[K"first_interfaces/msg/detail/string__struct.h"[m[K
[34.789s]       |          [01;31m[K^~~~~~~~~~~~~~~~~~~~~~~~~~~~~~~~~~~~~~~~~~~~~~[m[K
[34.789s] compilation terminated.
[34.792s] make[3]: *** [CMakeFiles/first_interfaces__rosidl_generator_c.dir/build.make:92: CMakeFiles/first_interfaces__rosidl_generator_c.dir/rosidl_generator_c/first_interfaces/msg/detail/custom_message__functions.c.o] Error 1
[34.792s] make[3]: Leaving directory '/home/iliass/ros2_athens_ws/build/first_interfaces'
[34.792s] make[2]: *** [CMakeFiles/Makefile2:332: CMakeFiles/first_interfaces__rosidl_generator_c.dir/all] Error 2
[34.792s] make[2]: *** Waiting for unfinished jobs....
[34.830s] In file included from [01m[K/home/iliass/ros2_athens_ws/build/first_interfaces/rosidl_typesupport_fastrtps_cpp/first_interfaces/msg/detail/custom_message__rosidl_typesupport_fastrtps_cpp.hpp:11[m[K,
[34.830s]                  from [01m[K/home/iliass/ros2_athens_ws/build/first_interfaces/rosidl_typesupport_fastrtps_cpp/first_interfaces/msg/detail/dds_fastrtps/custom_message__type_support.cpp:4[m[K:
[34.830s] [01m[K/home/iliass/ros2_athens_ws/build/first_interfaces/rosidl_generator_cpp/first_interfaces/msg/detail/custom_message__struct.hpp:19:10:[m[K [01;31m[Kfatal error: [m[Kfirst_interfaces/msg/detail/string__struct.hpp: No such file or directory
[34.830s]    19 | #include [01;31m[K"first_interfaces/msg/detail/string__struct.hpp"[m[K
[34.830s]       |          [01;31m[K^~~~~~~~~~~~~~~~~~~~~~~~~~~~~~~~~~~~~~~~~~~~~~~~[m[K
[34.830s] compilation terminated.
[34.830s] In file included from [01m[K/home/iliass/ros2_athens_ws/build/first_interfaces/rosidl_typesupport_cpp/first_interfaces/msg/custom_message__type_support.cpp:7[m[K:
[34.830s] [01m[K/home/iliass/ros2_athens_ws/build/first_interfaces/rosidl_generator_cpp/first_interfaces/msg/detail/custom_message__struct.hpp:19:10:[m[K [01;31m[Kfatal error: [m[Kfirst_interfaces/msg/detail/string__struct.hpp: No such file or directory
[34.830s]    19 | #include [01;31m[K"first_interfaces/msg/detail/string__struct.hpp"[m[K
[34.830s]       |          [01;31m[K^~~~~~~~~~~~~~~~~~~~~~~~~~~~~~~~~~~~~~~~~~~~~~~~[m[K
[34.831s] compilation terminated.
[34.831s] In file included from [01m[K/home/iliass/ros2_athens_ws/build/first_interfaces/rosidl_typesupport_introspection_cpp/first_interfaces/msg/detail/custom_message__type_support.cpp:12[m[K:
[34.831s] [01m[K/home/iliass/ros2_athens_ws/build/first_interfaces/rosidl_generator_cpp/first_interfaces/msg/detail/custom_message__struct.hpp:19:10:[m[K [01;31m[Kfatal error: [m[Kfirst_interfaces/msg/detail/string__struct.hpp: No such file or directory
[34.831s]    19 | #include [01;31m[K"first_interfaces/msg/detail/string__struct.hpp"[m[K
[34.831s]       |          [01;31m[K^~~~~~~~~~~~~~~~~~~~~~~~~~~~~~~~~~~~~~~~~~~~~~~~[m[K
[34.831s] compilation terminated.
[34.833s] make[3]: Leaving directory '/home/iliass/ros2_athens_ws/build/first_interfaces'
[34.833s] make[3]: *** [CMakeFiles/first_interfaces__rosidl_typesupport_introspection_cpp.dir/build.make:78: CMakeFiles/first_interfaces__rosidl_typesupport_introspection_cpp.dir/rosidl_typesupport_introspection_cpp/first_interfaces/msg/detail/custom_message__type_support.cpp.o] Error 1
[34.834s] make[3]: Leaving directory '/home/iliass/ros2_athens_ws/build/first_interfaces'
[34.834s] make[3]: Leaving directory '/home/iliass/ros2_athens_ws/build/first_interfaces'
[34.834s] make[2]: Leaving directory '/home/iliass/ros2_athens_ws/build/first_interfaces'
[34.834s] make[3]: *** [CMakeFiles/first_interfaces__rosidl_typesupport_cpp.dir/build.make:73: CMakeFiles/first_interfaces__rosidl_typesupport_cpp.dir/rosidl_typesupport_cpp/first_interfaces/msg/custom_message__type_support.cpp.o] Error 1
[34.834s] make[3]: *** [CMakeFiles/first_interfaces__rosidl_typesupport_fastrtps_cpp.dir/build.make:78: CMakeFiles/first_interfaces__rosidl_typesupport_fastrtps_cpp.dir/rosidl_typesupport_fastrtps_cpp/first_interfaces/msg/detail/dds_fastrtps/custom_message__type_support.cpp.o] Error 1
[34.834s] make[2]: *** [CMakeFiles/Makefile2:526: CMakeFiles/first_interfaces__rosidl_typesupport_introspection_cpp.dir/all] Error 2
[34.834s] make[2]: *** [CMakeFiles/Makefile2:388: CMakeFiles/first_interfaces__rosidl_typesupport_fastrtps_cpp.dir/all] Error 2
[34.834s] make[2]: *** [CMakeFiles/Makefile2:499: CMakeFiles/first_interfaces__rosidl_typesupport_cpp.dir/all] Error 2
[34.834s] make[1]: *** [Makefile:141: all] Error 2
[34.834s] make[1]: Leaving directory '/home/iliass/ros2_athens_ws/build/first_interfaces'
[34.837s] Invoked command in '/home/iliass/ros2_athens_ws/build/first_interfaces' returned '2': CMAKE_PREFIX_PATH=/home/iliass/ros2_athens_ws/install/first_package:/opt/ros/foxy /usr/bin/cmake --build /home/iliass/ros2_athens_ws/build/first_interfaces -- -j16 -l16
