[0.025s] Invoking command in '/home/iliass/ros2_athens_ws/build/stm_interfaces': CMAKE_PREFIX_PATH=${CMAKE_PREFIX_PATH}:/home/iliass/ros2_athens_ws/install/stm_station:/home/iliass/ros2_athens_ws/install/first_package:/opt/ros/foxy /usr/bin/cmake --build /home/iliass/ros2_athens_ws/build/stm_interfaces -- -j16 -l16
[0.033s] make[1]: Entering directory '/home/iliass/ros2_athens_ws/build/stm_interfaces'
[0.054s] make[2]: Entering directory '/home/iliass/ros2_athens_ws/build/stm_interfaces'
[0.055s] make[3]: Entering directory '/home/iliass/ros2_athens_ws/build/stm_interfaces'
[0.057s] make[3]: Entering directory '/home/iliass/ros2_athens_ws/build/stm_interfaces'
[0.066s] make[3]: Leaving directory '/home/iliass/ros2_athens_ws/build/stm_interfaces'
[0.068s] make[3]: Leaving directory '/home/iliass/ros2_athens_ws/build/stm_interfaces'
[0.078s] [  2%] Built target stm_interfaces__cpp
[0.082s] make[3]: Entering directory '/home/iliass/ros2_athens_ws/build/stm_interfaces'
[0.083s] make[3]: Entering directory '/home/iliass/ros2_athens_ws/build/stm_interfaces'
[0.083s] [ 12%] Built target stm_interfaces__rosidl_generator_c
[0.084s] make[3]: Entering directory '/home/iliass/ros2_athens_ws/build/stm_interfaces'
[0.086s] make[3]: Entering directory '/home/iliass/ros2_athens_ws/build/stm_interfaces'
[0.086s] make[3]: Entering directory '/home/iliass/ros2_athens_ws/build/stm_interfaces'
[0.094s] make[3]: Leaving directory '/home/iliass/ros2_athens_ws/build/stm_interfaces'
[0.095s] make[3]: Leaving directory '/home/iliass/ros2_athens_ws/build/stm_interfaces'
[0.096s] make[3]: Leaving directory '/home/iliass/ros2_athens_ws/build/stm_interfaces'
[0.099s] make[3]: Leaving directory '/home/iliass/ros2_athens_ws/build/stm_interfaces'
[0.101s] make[3]: Leaving directory '/home/iliass/ros2_athens_ws/build/stm_interfaces'
[0.109s] [ 23%] Built target stm_interfaces__rosidl_typesupport_cpp
[0.113s] [ 34%] Built target stm_interfaces__rosidl_typesupport_introspection_cpp
[0.116s] [ 44%] Built target stm_interfaces__rosidl_typesupport_c
[0.117s] [ 55%] Built target stm_interfaces__rosidl_typesupport_introspection_c
[0.119s] [ 65%] Built target stm_interfaces__rosidl_typesupport_fastrtps_cpp
[0.121s] make[3]: Entering directory '/home/iliass/ros2_athens_ws/build/stm_interfaces'
[0.131s] make[3]: Leaving directory '/home/iliass/ros2_athens_ws/build/stm_interfaces'
[0.145s] [ 76%] Built target stm_interfaces__rosidl_typesupport_fastrtps_c
[0.147s] make[3]: Entering directory '/home/iliass/ros2_athens_ws/build/stm_interfaces'
[0.157s] make[3]: Leaving directory '/home/iliass/ros2_athens_ws/build/stm_interfaces'
[0.168s] [ 76%] Built target stm_interfaces
[0.170s] make[3]: Entering directory '/home/iliass/ros2_athens_ws/build/stm_interfaces'
[0.180s] make[3]: Leaving directory '/home/iliass/ros2_athens_ws/build/stm_interfaces'
[0.191s] [ 78%] Built target stm_interfaces__py
[0.194s] make[3]: Entering directory '/home/iliass/ros2_athens_ws/build/stm_interfaces'
[0.205s] make[3]: Leaving directory '/home/iliass/ros2_athens_ws/build/stm_interfaces'
[0.224s] [ 87%] Built target stm_interfaces__python
[0.227s] make[3]: Entering directory '/home/iliass/ros2_athens_ws/build/stm_interfaces'
[0.228s] make[3]: Entering directory '/home/iliass/ros2_athens_ws/build/stm_interfaces'
[0.228s] make[3]: Entering directory '/home/iliass/ros2_athens_ws/build/stm_interfaces'
[0.239s] make[3]: Leaving directory '/home/iliass/ros2_athens_ws/build/stm_interfaces'
[0.239s] make[3]: Leaving directory '/home/iliass/ros2_athens_ws/build/stm_interfaces'
[0.240s] make[3]: Leaving directory '/home/iliass/ros2_athens_ws/build/stm_interfaces'
[0.257s] [ 91%] Built target stm_interfaces__rosidl_typesupport_introspection_c__pyext
[0.258s] [ 95%] Built target stm_interfaces__rosidl_typesupport_fastrtps_c__pyext
[0.259s] [100%] Built target stm_interfaces__rosidl_typesupport_c__pyext
[0.260s] make[2]: Leaving directory '/home/iliass/ros2_athens_ws/build/stm_interfaces'
[0.269s] make[1]: Leaving directory '/home/iliass/ros2_athens_ws/build/stm_interfaces'
[0.274s] Invoked command in '/home/iliass/ros2_athens_ws/build/stm_interfaces' returned '0': CMAKE_PREFIX_PATH=${CMAKE_PREFIX_PATH}:/home/iliass/ros2_athens_ws/install/stm_station:/home/iliass/ros2_athens_ws/install/first_package:/opt/ros/foxy /usr/bin/cmake --build /home/iliass/ros2_athens_ws/build/stm_interfaces -- -j16 -l16
[0.374s] Invoking command in '/home/iliass/ros2_athens_ws/build/stm_interfaces': CMAKE_PREFIX_PATH=${CMAKE_PREFIX_PATH}:/home/iliass/ros2_athens_ws/install/stm_station:/home/iliass/ros2_athens_ws/install/first_package:/opt/ros/foxy /usr/bin/cmake --install /home/iliass/ros2_athens_ws/build/stm_interfaces
[0.383s] -- Install configuration: ""
[0.383s] -- Up-to-date: /home/iliass/ros2_athens_ws/install/stm_interfaces/share/ament_index/resource_index/rosidl_interfaces/stm_interfaces
[0.383s] -- Up-to-date: /home/iliass/ros2_athens_ws/install/stm_interfaces/include/stm_interfaces
[0.383s] -- Up-to-date: /home/iliass/ros2_athens_ws/install/stm_interfaces/include/stm_interfaces/srv
[0.383s] -- Up-to-date: /home/iliass/ros2_athens_ws/install/stm_interfaces/include/stm_interfaces/srv/detail
[0.383s] -- Up-to-date: /home/iliass/ros2_athens_ws/install/stm_interfaces/include/stm_interfaces/srv/detail/stm_set_control_type__functions.h
[0.383s] -- Up-to-date: /home/iliass/ros2_athens_ws/install/stm_interfaces/include/stm_interfaces/srv/detail/stm_set_control_type__struct.h
[0.384s] -- Up-to-date: /home/iliass/ros2_athens_ws/install/stm_interfaces/include/stm_interfaces/srv/detail/stm_set_control_type__functions.c
[0.384s] -- Up-to-date: /home/iliass/ros2_athens_ws/install/stm_interfaces/include/stm_interfaces/srv/detail/stm_set_control_type__type_support.h
[0.384s] -- Up-to-date: /home/iliass/ros2_athens_ws/install/stm_interfaces/include/stm_interfaces/srv/stm_set_control_type.h
[0.384s] -- Up-to-date: /home/iliass/ros2_athens_ws/install/stm_interfaces/include/stm_interfaces/msg
[0.384s] -- Up-to-date: /home/iliass/ros2_athens_ws/install/stm_interfaces/include/stm_interfaces/msg/stm_control.h
[0.385s] -- Up-to-date: /home/iliass/ros2_athens_ws/install/stm_interfaces/include/stm_interfaces/msg/detail
[0.385s] -- Up-to-date: /home/iliass/ros2_athens_ws/install/stm_interfaces/include/stm_interfaces/msg/detail/stm_state__struct.h
[0.385s] -- Up-to-date: /home/iliass/ros2_athens_ws/install/stm_interfaces/include/stm_interfaces/msg/detail/stm_control__functions.h
[0.385s] -- Up-to-date: /home/iliass/ros2_athens_ws/install/stm_interfaces/include/stm_interfaces/msg/detail/stm_control__type_support.h
[0.385s] -- Up-to-date: /home/iliass/ros2_athens_ws/install/stm_interfaces/include/stm_interfaces/msg/detail/stm_state__functions.h
[0.385s] -- Up-to-date: /home/iliass/ros2_athens_ws/install/stm_interfaces/include/stm_interfaces/msg/detail/stm_state__functions.c
[0.385s] -- Up-to-date: /home/iliass/ros2_athens_ws/install/stm_interfaces/include/stm_interfaces/msg/detail/stm_control__functions.c
[0.386s] -- Up-to-date: /home/iliass/ros2_athens_ws/install/stm_interfaces/include/stm_interfaces/msg/detail/stm_control__struct.h
[0.386s] -- Up-to-date: /home/iliass/ros2_athens_ws/install/stm_interfaces/include/stm_interfaces/msg/detail/stm_state__type_support.h
[0.386s] -- Up-to-date: /home/iliass/ros2_athens_ws/install/stm_interfaces/include/stm_interfaces/msg/stm_state.h
[0.386s] -- Up-to-date: /home/iliass/ros2_athens_ws/install/stm_interfaces/include/stm_interfaces/msg/rosidl_generator_c__visibility_control.h
[0.387s] -- Up-to-date: /home/iliass/ros2_athens_ws/install/stm_interfaces/share/stm_interfaces/environment/library_path.sh
[0.387s] -- Up-to-date: /home/iliass/ros2_athens_ws/install/stm_interfaces/share/stm_interfaces/environment/library_path.dsv
[0.387s] -- Up-to-date: /home/iliass/ros2_athens_ws/install/stm_interfaces/lib/libstm_interfaces__rosidl_generator_c.so
[0.387s] -- Up-to-date: /home/iliass/ros2_athens_ws/install/stm_interfaces/include/stm_interfaces
[0.387s] -- Up-to-date: /home/iliass/ros2_athens_ws/install/stm_interfaces/include/stm_interfaces/srv
[0.387s] -- Up-to-date: /home/iliass/ros2_athens_ws/install/stm_interfaces/include/stm_interfaces/srv/detail
[0.387s] -- Up-to-date: /home/iliass/ros2_athens_ws/install/stm_interfaces/include/stm_interfaces/srv/detail/stm_set_control_type__rosidl_typesupport_fastrtps_c.h
[0.387s] -- Up-to-date: /home/iliass/ros2_athens_ws/install/stm_interfaces/include/stm_interfaces/msg
[0.388s] -- Up-to-date: /home/iliass/ros2_athens_ws/install/stm_interfaces/include/stm_interfaces/msg/detail
[0.388s] -- Up-to-date: /home/iliass/ros2_athens_ws/install/stm_interfaces/include/stm_interfaces/msg/detail/stm_state__rosidl_typesupport_fastrtps_c.h
[0.388s] -- Up-to-date: /home/iliass/ros2_athens_ws/install/stm_interfaces/include/stm_interfaces/msg/detail/stm_control__rosidl_typesupport_fastrtps_c.h
[0.388s] -- Up-to-date: /home/iliass/ros2_athens_ws/install/stm_interfaces/include/stm_interfaces/msg/rosidl_typesupport_fastrtps_c__visibility_control.h
[0.388s] -- Up-to-date: /home/iliass/ros2_athens_ws/install/stm_interfaces/lib/libstm_interfaces__rosidl_typesupport_fastrtps_c.so
[0.388s] -- Up-to-date: /home/iliass/ros2_athens_ws/install/stm_interfaces/include/stm_interfaces
[0.388s] -- Up-to-date: /home/iliass/ros2_athens_ws/install/stm_interfaces/include/stm_interfaces/srv
[0.388s] -- Up-to-date: /home/iliass/ros2_athens_ws/install/stm_interfaces/include/stm_interfaces/srv/detail
[0.388s] -- Up-to-date: /home/iliass/ros2_athens_ws/install/stm_interfaces/include/stm_interfaces/srv/detail/stm_set_control_type__rosidl_typesupport_fastrtps_cpp.hpp
[0.388s] -- Up-to-date: /home/iliass/ros2_athens_ws/install/stm_interfaces/include/stm_interfaces/srv/detail/dds_fastrtps
[0.389s] -- Up-to-date: /home/iliass/ros2_athens_ws/install/stm_interfaces/include/stm_interfaces/msg
[0.389s] -- Up-to-date: /home/iliass/ros2_athens_ws/install/stm_interfaces/include/stm_interfaces/msg/detail
[0.389s] -- Up-to-date: /home/iliass/ros2_athens_ws/install/stm_interfaces/include/stm_interfaces/msg/detail/stm_state__rosidl_typesupport_fastrtps_cpp.hpp
[0.389s] -- Up-to-date: /home/iliass/ros2_athens_ws/install/stm_interfaces/include/stm_interfaces/msg/detail/dds_fastrtps
[0.389s] -- Up-to-date: /home/iliass/ros2_athens_ws/install/stm_interfaces/include/stm_interfaces/msg/detail/stm_control__rosidl_typesupport_fastrtps_cpp.hpp
[0.389s] -- Up-to-date: /home/iliass/ros2_athens_ws/install/stm_interfaces/include/stm_interfaces/msg/rosidl_typesupport_fastrtps_cpp__visibility_control.h
[0.389s] -- Up-to-date: /home/iliass/ros2_athens_ws/install/stm_interfaces/lib/libstm_interfaces__rosidl_typesupport_fastrtps_cpp.so
[0.390s] -- Up-to-date: /home/iliass/ros2_athens_ws/install/stm_interfaces/include/stm_interfaces
[0.390s] -- Up-to-date: /home/iliass/ros2_athens_ws/install/stm_interfaces/include/stm_interfaces/srv
[0.390s] -- Up-to-date: /home/iliass/ros2_athens_ws/install/stm_interfaces/include/stm_interfaces/srv/detail
[0.390s] -- Up-to-date: /home/iliass/ros2_athens_ws/install/stm_interfaces/include/stm_interfaces/srv/detail/stm_set_control_type__type_support.c
[0.390s] -- Up-to-date: /home/iliass/ros2_athens_ws/install/stm_interfaces/include/stm_interfaces/srv/detail/stm_set_control_type__rosidl_typesupport_introspection_c.h
[0.390s] -- Up-to-date: /home/iliass/ros2_athens_ws/install/stm_interfaces/include/stm_interfaces/msg
[0.390s] -- Up-to-date: /home/iliass/ros2_athens_ws/install/stm_interfaces/include/stm_interfaces/msg/detail
[0.390s] -- Up-to-date: /home/iliass/ros2_athens_ws/install/stm_interfaces/include/stm_interfaces/msg/detail/stm_state__type_support.c
[0.390s] -- Up-to-date: /home/iliass/ros2_athens_ws/install/stm_interfaces/include/stm_interfaces/msg/detail/stm_control__type_support.c
[0.390s] -- Up-to-date: /home/iliass/ros2_athens_ws/install/stm_interfaces/include/stm_interfaces/msg/detail/stm_control__rosidl_typesupport_introspection_c.h
[0.390s] -- Up-to-date: /home/iliass/ros2_athens_ws/install/stm_interfaces/include/stm_interfaces/msg/detail/stm_state__rosidl_typesupport_introspection_c.h
[0.391s] -- Up-to-date: /home/iliass/ros2_athens_ws/install/stm_interfaces/include/stm_interfaces/msg/rosidl_typesupport_introspection_c__visibility_control.h
[0.391s] -- Up-to-date: /home/iliass/ros2_athens_ws/install/stm_interfaces/lib/libstm_interfaces__rosidl_typesupport_introspection_c.so
[0.391s] -- Up-to-date: /home/iliass/ros2_athens_ws/install/stm_interfaces/lib/libstm_interfaces__rosidl_typesupport_c.so
[0.391s] -- Up-to-date: /home/iliass/ros2_athens_ws/install/stm_interfaces/include/stm_interfaces
[0.391s] -- Up-to-date: /home/iliass/ros2_athens_ws/install/stm_interfaces/include/stm_interfaces/srv
[0.391s] -- Up-to-date: /home/iliass/ros2_athens_ws/install/stm_interfaces/include/stm_interfaces/srv/detail
[0.391s] -- Up-to-date: /home/iliass/ros2_athens_ws/install/stm_interfaces/include/stm_interfaces/srv/detail/stm_set_control_type__builder.hpp
[0.391s] -- Up-to-date: /home/iliass/ros2_athens_ws/install/stm_interfaces/include/stm_interfaces/srv/detail/stm_set_control_type__traits.hpp
[0.391s] -- Up-to-date: /home/iliass/ros2_athens_ws/install/stm_interfaces/include/stm_interfaces/srv/detail/stm_set_control_type__type_support.hpp
[0.392s] -- Up-to-date: /home/iliass/ros2_athens_ws/install/stm_interfaces/include/stm_interfaces/srv/detail/stm_set_control_type__struct.hpp
[0.392s] -- Up-to-date: /home/iliass/ros2_athens_ws/install/stm_interfaces/include/stm_interfaces/srv/stm_set_control_type.hpp
[0.392s] -- Up-to-date: /home/iliass/ros2_athens_ws/install/stm_interfaces/include/stm_interfaces/msg
[0.392s] -- Up-to-date: /home/iliass/ros2_athens_ws/install/stm_interfaces/include/stm_interfaces/msg/stm_control.hpp
[0.392s] -- Up-to-date: /home/iliass/ros2_athens_ws/install/stm_interfaces/include/stm_interfaces/msg/detail
[0.392s] -- Up-to-date: /home/iliass/ros2_athens_ws/install/stm_interfaces/include/stm_interfaces/msg/detail/stm_state__builder.hpp
[0.392s] -- Up-to-date: /home/iliass/ros2_athens_ws/install/stm_interfaces/include/stm_interfaces/msg/detail/stm_control__type_support.hpp
[0.392s] -- Up-to-date: /home/iliass/ros2_athens_ws/install/stm_interfaces/include/stm_interfaces/msg/detail/stm_state__struct.hpp
[0.392s] -- Up-to-date: /home/iliass/ros2_athens_ws/install/stm_interfaces/include/stm_interfaces/msg/detail/stm_state__traits.hpp
[0.393s] -- Up-to-date: /home/iliass/ros2_athens_ws/install/stm_interfaces/include/stm_interfaces/msg/detail/stm_control__struct.hpp
[0.393s] -- Up-to-date: /home/iliass/ros2_athens_ws/install/stm_interfaces/include/stm_interfaces/msg/detail/stm_state__type_support.hpp
[0.393s] -- Up-to-date: /home/iliass/ros2_athens_ws/install/stm_interfaces/include/stm_interfaces/msg/detail/stm_control__builder.hpp
[0.393s] -- Up-to-date: /home/iliass/ros2_athens_ws/install/stm_interfaces/include/stm_interfaces/msg/detail/stm_control__traits.hpp
[0.393s] -- Up-to-date: /home/iliass/ros2_athens_ws/install/stm_interfaces/include/stm_interfaces/msg/rosidl_generator_cpp__visibility_control.hpp
[0.393s] -- Up-to-date: /home/iliass/ros2_athens_ws/install/stm_interfaces/include/stm_interfaces/msg/stm_state.hpp
[0.393s] -- Up-to-date: /home/iliass/ros2_athens_ws/install/stm_interfaces/include/stm_interfaces
[0.393s] -- Up-to-date: /home/iliass/ros2_athens_ws/install/stm_interfaces/include/stm_interfaces/srv
[0.393s] -- Up-to-date: /home/iliass/ros2_athens_ws/install/stm_interfaces/include/stm_interfaces/srv/detail
[0.393s] -- Up-to-date: /home/iliass/ros2_athens_ws/install/stm_interfaces/include/stm_interfaces/srv/detail/stm_set_control_type__rosidl_typesupport_introspection_cpp.hpp
[0.393s] -- Up-to-date: /home/iliass/ros2_athens_ws/install/stm_interfaces/include/stm_interfaces/srv/detail/stm_set_control_type__type_support.cpp
[0.393s] -- Up-to-date: /home/iliass/ros2_athens_ws/install/stm_interfaces/include/stm_interfaces/msg
[0.394s] -- Up-to-date: /home/iliass/ros2_athens_ws/install/stm_interfaces/include/stm_interfaces/msg/detail
[0.394s] -- Up-to-date: /home/iliass/ros2_athens_ws/install/stm_interfaces/include/stm_interfaces/msg/detail/stm_control__type_support.cpp
[0.394s] -- Up-to-date: /home/iliass/ros2_athens_ws/install/stm_interfaces/include/stm_interfaces/msg/detail/stm_state__rosidl_typesupport_introspection_cpp.hpp
[0.394s] -- Up-to-date: /home/iliass/ros2_athens_ws/install/stm_interfaces/include/stm_interfaces/msg/detail/stm_control__rosidl_typesupport_introspection_cpp.hpp
[0.394s] -- Up-to-date: /home/iliass/ros2_athens_ws/install/stm_interfaces/include/stm_interfaces/msg/detail/stm_state__type_support.cpp
[0.394s] -- Up-to-date: /home/iliass/ros2_athens_ws/install/stm_interfaces/lib/libstm_interfaces__rosidl_typesupport_introspection_cpp.so
[0.394s] -- Up-to-date: /home/iliass/ros2_athens_ws/install/stm_interfaces/lib/libstm_interfaces__rosidl_typesupport_cpp.so
[0.394s] -- Up-to-date: /home/iliass/ros2_athens_ws/install/stm_interfaces/share/stm_interfaces/environment/pythonpath.sh
[0.394s] -- Up-to-date: /home/iliass/ros2_athens_ws/install/stm_interfaces/share/stm_interfaces/environment/pythonpath.dsv
[0.394s] -- Up-to-date: /home/iliass/ros2_athens_ws/install/stm_interfaces/lib/python3.8/site-packages/stm_interfaces/__init__.py
[0.434s] -- Up-to-date: /home/iliass/ros2_athens_ws/install/stm_interfaces/lib/python3.8/site-packages/stm_interfaces/msg
[0.434s] -- Up-to-date: /home/iliass/ros2_athens_ws/install/stm_interfaces/lib/python3.8/site-packages/stm_interfaces/msg/_stm_control.py
[0.435s] -- Up-to-date: /home/iliass/ros2_athens_ws/install/stm_interfaces/lib/python3.8/site-packages/stm_interfaces/msg/__init__.py
[0.435s] -- Up-to-date: /home/iliass/ros2_athens_ws/install/stm_interfaces/lib/python3.8/site-packages/stm_interfaces/msg/_stm_state_s.c
[0.435s] -- Up-to-date: /home/iliass/ros2_athens_ws/install/stm_interfaces/lib/python3.8/site-packages/stm_interfaces/msg/_stm_state.py
[0.435s] -- Up-to-date: /home/iliass/ros2_athens_ws/install/stm_interfaces/lib/python3.8/site-packages/stm_interfaces/msg/_stm_control_s.c
[0.435s] -- Up-to-date: /home/iliass/ros2_athens_ws/install/stm_interfaces/lib/python3.8/site-packages/stm_interfaces/srv
[0.435s] -- Up-to-date: /home/iliass/ros2_athens_ws/install/stm_interfaces/lib/python3.8/site-packages/stm_interfaces/srv/_stm_set_control_type.py
[0.435s] -- Up-to-date: /home/iliass/ros2_athens_ws/install/stm_interfaces/lib/python3.8/site-packages/stm_interfaces/srv/_stm_set_control_type_s.c
[0.435s] -- Up-to-date: /home/iliass/ros2_athens_ws/install/stm_interfaces/lib/python3.8/site-packages/stm_interfaces/srv/__init__.py
[0.435s] -- Up-to-date: /home/iliass/ros2_athens_ws/install/stm_interfaces/lib/python3.8/site-packages/stm_interfaces/stm_interfaces_s__rosidl_typesupport_fastrtps_c.cpython-38-x86_64-linux-gnu.so
[0.436s] -- Up-to-date: /home/iliass/ros2_athens_ws/install/stm_interfaces/lib/python3.8/site-packages/stm_interfaces/stm_interfaces_s__rosidl_typesupport_introspection_c.cpython-38-x86_64-linux-gnu.so
[0.437s] -- Up-to-date: /home/iliass/ros2_athens_ws/install/stm_interfaces/lib/python3.8/site-packages/stm_interfaces/stm_interfaces_s__rosidl_typesupport_c.cpython-38-x86_64-linux-gnu.so
[0.437s] -- Up-to-date: /home/iliass/ros2_athens_ws/install/stm_interfaces/lib/libstm_interfaces__python.so
[0.437s] -- Up-to-date: /home/iliass/ros2_athens_ws/install/stm_interfaces/share/stm_interfaces/msg/STMControl.idl
[0.437s] -- Up-to-date: /home/iliass/ros2_athens_ws/install/stm_interfaces/share/stm_interfaces/msg/STMState.idl
[0.437s] -- Up-to-date: /home/iliass/ros2_athens_ws/install/stm_interfaces/share/stm_interfaces/srv/STMSetControlType.idl
[0.438s] -- Up-to-date: /home/iliass/ros2_athens_ws/install/stm_interfaces/share/stm_interfaces/msg/STMControl.msg
[0.438s] -- Up-to-date: /home/iliass/ros2_athens_ws/install/stm_interfaces/share/stm_interfaces/msg/STMState.msg
[0.438s] -- Up-to-date: /home/iliass/ros2_athens_ws/install/stm_interfaces/share/stm_interfaces/srv/STMSetControlType.srv
[0.438s] -- Up-to-date: /home/iliass/ros2_athens_ws/install/stm_interfaces/share/stm_interfaces/srv/STMSetControlType_Request.msg
[0.439s] -- Up-to-date: /home/iliass/ros2_athens_ws/install/stm_interfaces/share/stm_interfaces/srv/STMSetControlType_Response.msg
[0.439s] -- Up-to-date: /home/iliass/ros2_athens_ws/install/stm_interfaces/share/ament_index/resource_index/package_run_dependencies/stm_interfaces
[0.439s] -- Up-to-date: /home/iliass/ros2_athens_ws/install/stm_interfaces/share/ament_index/resource_index/parent_prefix_path/stm_interfaces
[0.439s] -- Up-to-date: /home/iliass/ros2_athens_ws/install/stm_interfaces/share/stm_interfaces/environment/ament_prefix_path.sh
[0.439s] -- Up-to-date: /home/iliass/ros2_athens_ws/install/stm_interfaces/share/stm_interfaces/environment/ament_prefix_path.dsv
[0.439s] -- Up-to-date: /home/iliass/ros2_athens_ws/install/stm_interfaces/share/stm_interfaces/environment/path.sh
[0.439s] -- Up-to-date: /home/iliass/ros2_athens_ws/install/stm_interfaces/share/stm_interfaces/environment/path.dsv
[0.439s] -- Up-to-date: /home/iliass/ros2_athens_ws/install/stm_interfaces/share/stm_interfaces/local_setup.bash
[0.439s] -- Up-to-date: /home/iliass/ros2_athens_ws/install/stm_interfaces/share/stm_interfaces/local_setup.sh
[0.440s] -- Up-to-date: /home/iliass/ros2_athens_ws/install/stm_interfaces/share/stm_interfaces/local_setup.zsh
[0.440s] -- Up-to-date: /home/iliass/ros2_athens_ws/install/stm_interfaces/share/stm_interfaces/local_setup.dsv
[0.440s] -- Installing: /home/iliass/ros2_athens_ws/install/stm_interfaces/share/stm_interfaces/package.dsv
[0.441s] -- Up-to-date: /home/iliass/ros2_athens_ws/install/stm_interfaces/share/ament_index/resource_index/packages/stm_interfaces
[0.442s] -- Up-to-date: /home/iliass/ros2_athens_ws/install/stm_interfaces/share/stm_interfaces/cmake/stm_interfaces__rosidl_generator_cExport.cmake
[0.442s] -- Up-to-date: /home/iliass/ros2_athens_ws/install/stm_interfaces/share/stm_interfaces/cmake/stm_interfaces__rosidl_generator_cExport-noconfig.cmake
[0.443s] -- Up-to-date: /home/iliass/ros2_athens_ws/install/stm_interfaces/share/stm_interfaces/cmake/stm_interfaces__rosidl_typesupport_introspection_cExport.cmake
[0.443s] -- Up-to-date: /home/iliass/ros2_athens_ws/install/stm_interfaces/share/stm_interfaces/cmake/stm_interfaces__rosidl_typesupport_introspection_cExport-noconfig.cmake
[0.443s] -- Up-to-date: /home/iliass/ros2_athens_ws/install/stm_interfaces/share/stm_interfaces/cmake/stm_interfaces__rosidl_typesupport_cExport.cmake
[0.443s] -- Up-to-date: /home/iliass/ros2_athens_ws/install/stm_interfaces/share/stm_interfaces/cmake/stm_interfaces__rosidl_typesupport_cExport-noconfig.cmake
[0.443s] -- Up-to-date: /home/iliass/ros2_athens_ws/install/stm_interfaces/share/stm_interfaces/cmake/stm_interfaces__rosidl_generator_cppExport.cmake
[0.443s] -- Up-to-date: /home/iliass/ros2_athens_ws/install/stm_interfaces/share/stm_interfaces/cmake/stm_interfaces__rosidl_typesupport_introspection_cppExport.cmake
[0.444s] -- Up-to-date: /home/iliass/ros2_athens_ws/install/stm_interfaces/share/stm_interfaces/cmake/stm_interfaces__rosidl_typesupport_introspection_cppExport-noconfig.cmake
[0.444s] -- Up-to-date: /home/iliass/ros2_athens_ws/install/stm_interfaces/share/stm_interfaces/cmake/stm_interfaces__rosidl_typesupport_cppExport.cmake
[0.446s] -- Up-to-date: /home/iliass/ros2_athens_ws/install/stm_interfaces/share/stm_interfaces/cmake/stm_interfaces__rosidl_typesupport_cppExport-noconfig.cmake
[0.447s] -- Up-to-date: /home/iliass/ros2_athens_ws/install/stm_interfaces/share/stm_interfaces/cmake/rosidl_cmake-extras.cmake
[0.447s] -- Up-to-date: /home/iliass/ros2_athens_ws/install/stm_interfaces/share/stm_interfaces/cmake/ament_cmake_export_dependencies-extras.cmake
[0.447s] -- Up-to-date: /home/iliass/ros2_athens_ws/install/stm_interfaces/share/stm_interfaces/cmake/ament_cmake_export_libraries-extras.cmake
[0.447s] -- Up-to-date: /home/iliass/ros2_athens_ws/install/stm_interfaces/share/stm_interfaces/cmake/ament_cmake_export_targets-extras.cmake
[0.447s] -- Up-to-date: /home/iliass/ros2_athens_ws/install/stm_interfaces/share/stm_interfaces/cmake/ament_cmake_export_include_directories-extras.cmake
[0.448s] -- Up-to-date: /home/iliass/ros2_athens_ws/install/stm_interfaces/share/stm_interfaces/cmake/rosidl_cmake_export_typesupport_libraries-extras.cmake
[0.448s] -- Up-to-date: /home/iliass/ros2_athens_ws/install/stm_interfaces/share/stm_interfaces/cmake/rosidl_cmake_export_typesupport_targets-extras.cmake
[0.449s] -- Up-to-date: /home/iliass/ros2_athens_ws/install/stm_interfaces/share/stm_interfaces/cmake/stm_interfacesConfig.cmake
[0.449s] -- Up-to-date: /home/iliass/ros2_athens_ws/install/stm_interfaces/share/stm_interfaces/cmake/stm_interfacesConfig-version.cmake
[0.449s] -- Up-to-date: /home/iliass/ros2_athens_ws/install/stm_interfaces/share/stm_interfaces/package.xml
[0.451s] Invoked command in '/home/iliass/ros2_athens_ws/build/stm_interfaces' returned '0': CMAKE_PREFIX_PATH=${CMAKE_PREFIX_PATH}:/home/iliass/ros2_athens_ws/install/stm_station:/home/iliass/ros2_athens_ws/install/first_package:/opt/ros/foxy /usr/bin/cmake --install /home/iliass/ros2_athens_ws/build/stm_interfaces
