-- The C compiler identification is GNU 9.4.0
-- The CXX compiler identification is GNU 9.4.0
-- Check for working C compiler: /usr/bin/cc
-- Check for working C compiler: /usr/bin/cc -- works
-- Detecting C compiler ABI info
-- Detecting C compiler ABI info - done
-- Detecting C compile features
-- Detecting C compile features - done
-- Check for working CXX compiler: /usr/bin/c++
-- Check for working CXX compiler: /usr/bin/c++ -- works
-- Detecting CXX compiler ABI info
-- Detecting CXX compiler ABI info - done
-- Detecting CXX compile features
-- Detecting CXX compile features - done
-- Found ament_cmake: 0.9.12 (/opt/ros/foxy/share/ament_cmake/cmake)
-- Found PythonInterp: /usr/bin/python3 (found suitable version "3.8.10", minimum required is "3") 
-- Using PYTHON_EXECUTABLE: /usr/bin/python3
-- Found std_msgs: 2.0.5 (/opt/ros/foxy/share/std_msgs/cmake)
-- Using all available rosidl_typesupport_c: rosidl_typesupport_fastrtps_c;rosidl_typesupport_introspection_c
-- Found rosidl_adapter: 1.3.1 (/opt/ros/foxy/share/rosidl_adapter/cmake)
-- Found OpenSSL: /usr/lib/x86_64-linux-gnu/libcrypto.so (found version "1.1.1f")  
-- Found FastRTPS: /opt/ros/foxy/include  
-- Using all available rosidl_typesupport_cpp: rosidl_typesupport_fastrtps_cpp;rosidl_typesupport_introspection_cpp
-- Found rosidl_default_generators: 1.0.1 (/opt/ros/foxy/share/rosidl_default_generators/cmake)
-- Found PythonInterp: /usr/bin/python3 (found version "3.8.10") 
-- Found ament_cmake_ros: 0.9.2 (/opt/ros/foxy/share/ament_cmake_ros/cmake)
-- Using all available rosidl_typesupport_c: rosidl_typesupport_fastrtps_c;rosidl_typesupport_introspection_c
-- Using all available rosidl_typesupport_cpp: rosidl_typesupport_fastrtps_cpp;rosidl_typesupport_introspection_cpp
-- Found PythonInterp: /usr/bin/python3 (found suitable version "3.8.10", minimum required is "3.5") 
-- Found python_cmake_module: 0.8.1 (/opt/ros/foxy/share/python_cmake_module/cmake)
-- Found PythonLibs: /usr/lib/x86_64-linux-gnu/libpython3.8.so (found suitable version "3.8.10", minimum required is "3.5") 
-- Using PYTHON_EXECUTABLE: /usr/bin/python3
-- Using PYTHON_INCLUDE_DIRS: /usr/include/python3.8
-- Using PYTHON_LIBRARIES: /usr/lib/x86_64-linux-gnu/libpython3.8.so
-- Found PythonExtra: .so  
-- Found ament_lint_auto: 0.9.8 (/opt/ros/foxy/share/ament_lint_auto/cmake)
-- Added test 'copyright' to check source files copyright and LICENSE
-- Added test 'lint_cmake' to check CMake code style
-- Added test 'xmllint' to check XML markup files
-- Configuring done
-- Generating done
-- Build files have been written to: /home/iliass/ros2_athens_ws/build/stm_interfaces
make[1]: Entering directory '/home/iliass/ros2_athens_ws/build/stm_interfaces'
make[2]: Entering directory '/home/iliass/ros2_athens_ws/build/stm_interfaces'
make[3]: Entering directory '/home/iliass/ros2_athens_ws/build/stm_interfaces'
make[3]: Entering directory '/home/iliass/ros2_athens_ws/build/stm_interfaces'
[  3%] [34m[1mGenerating C code for ROS interfaces[0m
[35m[1mScanning dependencies of target stm_interfaces__cpp[0m
make[3]: Leaving directory '/home/iliass/ros2_athens_ws/build/stm_interfaces'
make[3]: Entering directory '/home/iliass/ros2_athens_ws/build/stm_interfaces'
[  6%] [34m[1mGenerating C++ code for ROS interfaces[0m
make[3]: Leaving directory '/home/iliass/ros2_athens_ws/build/stm_interfaces'
[  6%] Built target stm_interfaces__cpp
make[3]: Entering directory '/home/iliass/ros2_athens_ws/build/stm_interfaces'
make[3]: Entering directory '/home/iliass/ros2_athens_ws/build/stm_interfaces'
make[3]: Entering directory '/home/iliass/ros2_athens_ws/build/stm_interfaces'
[  9%] [34m[1mGenerating C++ type support dispatch for ROS interfaces[0m
[ 12%] [34m[1mGenerating C++ type support for eProsima Fast-RTPS[0m
[35m[1mScanning dependencies of target stm_interfaces__rosidl_generator_c[0m
[ 16%] [34m[1mGenerating C++ introspection for ROS interfaces[0m
make[3]: Leaving directory '/home/iliass/ros2_athens_ws/build/stm_interfaces'
make[3]: Entering directory '/home/iliass/ros2_athens_ws/build/stm_interfaces'
[ 19%] [32mBuilding C object CMakeFiles/stm_interfaces__rosidl_generator_c.dir/rosidl_generator_c/stm_interfaces/srv/detail/stm_set_control_type__functions.c.o[0m
[ 22%] [32m[1mLinking C shared library libstm_interfaces__rosidl_generator_c.so[0m
make[3]: Leaving directory '/home/iliass/ros2_athens_ws/build/stm_interfaces'
[ 22%] Built target stm_interfaces__rosidl_generator_c
make[3]: Entering directory '/home/iliass/ros2_athens_ws/build/stm_interfaces'
make[3]: Entering directory '/home/iliass/ros2_athens_ws/build/stm_interfaces'
[ 25%] [34m[1mGenerating C type support dispatch for ROS interfaces[0m
[ 29%] [34m[1mGenerating C introspection for ROS interfaces[0m
[35m[1mScanning dependencies of target stm_interfaces__rosidl_typesupport_cpp[0m
make[3]: Leaving directory '/home/iliass/ros2_athens_ws/build/stm_interfaces'
make[3]: Entering directory '/home/iliass/ros2_athens_ws/build/stm_interfaces'
[ 32%] [32mBuilding CXX object CMakeFiles/stm_interfaces__rosidl_typesupport_cpp.dir/rosidl_typesupport_cpp/stm_interfaces/srv/stm_set_control_type__type_support.cpp.o[0m
[35m[1mScanning dependencies of target stm_interfaces__rosidl_typesupport_introspection_cpp[0m
[35m[1mScanning dependencies of target stm_interfaces__rosidl_typesupport_fastrtps_cpp[0m
make[3]: Leaving directory '/home/iliass/ros2_athens_ws/build/stm_interfaces'
make[3]: Entering directory '/home/iliass/ros2_athens_ws/build/stm_interfaces'
make[3]: Leaving directory '/home/iliass/ros2_athens_ws/build/stm_interfaces'
make[3]: Entering directory '/home/iliass/ros2_athens_ws/build/stm_interfaces'
[ 35%] [32mBuilding CXX object CMakeFiles/stm_interfaces__rosidl_typesupport_introspection_cpp.dir/rosidl_typesupport_introspection_cpp/stm_interfaces/srv/detail/stm_set_control_type__type_support.cpp.o[0m
[ 38%] [32mBuilding CXX object CMakeFiles/stm_interfaces__rosidl_typesupport_fastrtps_cpp.dir/rosidl_typesupport_fastrtps_cpp/stm_interfaces/srv/detail/dds_fastrtps/stm_set_control_type__type_support.cpp.o[0m
[35m[1mScanning dependencies of target stm_interfaces__rosidl_typesupport_c[0m
make[3]: Leaving directory '/home/iliass/ros2_athens_ws/build/stm_interfaces'
make[3]: Entering directory '/home/iliass/ros2_athens_ws/build/stm_interfaces'
[ 41%] [32mBuilding CXX object CMakeFiles/stm_interfaces__rosidl_typesupport_c.dir/rosidl_typesupport_c/stm_interfaces/srv/stm_set_control_type__type_support.cpp.o[0m
[ 45%] [32m[1mLinking CXX shared library libstm_interfaces__rosidl_typesupport_c.so[0m
[35m[1mScanning dependencies of target stm_interfaces__rosidl_typesupport_introspection_c[0m
make[3]: Leaving directory '/home/iliass/ros2_athens_ws/build/stm_interfaces'
make[3]: Entering directory '/home/iliass/ros2_athens_ws/build/stm_interfaces'
[ 48%] [32mBuilding C object CMakeFiles/stm_interfaces__rosidl_typesupport_introspection_c.dir/rosidl_typesupport_introspection_c/stm_interfaces/srv/detail/stm_set_control_type__type_support.c.o[0m
[ 51%] [32m[1mLinking C shared library libstm_interfaces__rosidl_typesupport_introspection_c.so[0m
[ 54%] [32m[1mLinking CXX shared library libstm_interfaces__rosidl_typesupport_cpp.so[0m
[ 58%] [32m[1mLinking CXX shared library libstm_interfaces__rosidl_typesupport_introspection_cpp.so[0m
make[3]: Leaving directory '/home/iliass/ros2_athens_ws/build/stm_interfaces'
[ 58%] Built target stm_interfaces__rosidl_typesupport_c
make[3]: Leaving directory '/home/iliass/ros2_athens_ws/build/stm_interfaces'
[ 58%] Built target stm_interfaces__rosidl_typesupport_introspection_c
[ 61%] [32m[1mLinking CXX shared library libstm_interfaces__rosidl_typesupport_fastrtps_cpp.so[0m
make[3]: Leaving directory '/home/iliass/ros2_athens_ws/build/stm_interfaces'
[ 61%] Built target stm_interfaces__rosidl_typesupport_cpp
make[3]: Leaving directory '/home/iliass/ros2_athens_ws/build/stm_interfaces'
[ 61%] Built target stm_interfaces__rosidl_typesupport_introspection_cpp
make[3]: Leaving directory '/home/iliass/ros2_athens_ws/build/stm_interfaces'
[ 61%] Built target stm_interfaces__rosidl_typesupport_fastrtps_cpp
make[3]: Entering directory '/home/iliass/ros2_athens_ws/build/stm_interfaces'
[ 64%] [34m[1mGenerating C type support for eProsima Fast-RTPS[0m
[35m[1mScanning dependencies of target stm_interfaces__rosidl_typesupport_fastrtps_c[0m
make[3]: Leaving directory '/home/iliass/ros2_athens_ws/build/stm_interfaces'
make[3]: Entering directory '/home/iliass/ros2_athens_ws/build/stm_interfaces'
[ 67%] [32mBuilding CXX object CMakeFiles/stm_interfaces__rosidl_typesupport_fastrtps_c.dir/rosidl_typesupport_fastrtps_c/stm_interfaces/srv/detail/stm_set_control_type__type_support_c.cpp.o[0m
[ 70%] [32m[1mLinking CXX shared library libstm_interfaces__rosidl_typesupport_fastrtps_c.so[0m
make[3]: Leaving directory '/home/iliass/ros2_athens_ws/build/stm_interfaces'
[ 70%] Built target stm_interfaces__rosidl_typesupport_fastrtps_c
make[3]: Entering directory '/home/iliass/ros2_athens_ws/build/stm_interfaces'
[35m[1mScanning dependencies of target stm_interfaces[0m
make[3]: Leaving directory '/home/iliass/ros2_athens_ws/build/stm_interfaces'
[ 70%] Built target stm_interfaces
make[3]: Entering directory '/home/iliass/ros2_athens_ws/build/stm_interfaces'
[35m[1mScanning dependencies of target stm_interfaces__py[0m
make[3]: Leaving directory '/home/iliass/ros2_athens_ws/build/stm_interfaces'
make[3]: Entering directory '/home/iliass/ros2_athens_ws/build/stm_interfaces'
[ 74%] [34m[1mGenerating Python code for ROS interfaces[0m
make[3]: Leaving directory '/home/iliass/ros2_athens_ws/build/stm_interfaces'
[ 74%] Built target stm_interfaces__py
make[3]: Entering directory '/home/iliass/ros2_athens_ws/build/stm_interfaces'
[35m[1mScanning dependencies of target stm_interfaces__python[0m
make[3]: Leaving directory '/home/iliass/ros2_athens_ws/build/stm_interfaces'
make[3]: Entering directory '/home/iliass/ros2_athens_ws/build/stm_interfaces'
[ 77%] [32mBuilding C object CMakeFiles/stm_interfaces__python.dir/rosidl_generator_py/stm_interfaces/srv/_stm_set_control_type_s.c.o[0m
[ 80%] [32m[1mLinking C shared library rosidl_generator_py/stm_interfaces/libstm_interfaces__python.so[0m
make[3]: Leaving directory '/home/iliass/ros2_athens_ws/build/stm_interfaces'
[ 80%] Built target stm_interfaces__python
make[3]: Entering directory '/home/iliass/ros2_athens_ws/build/stm_interfaces'
make[3]: Entering directory '/home/iliass/ros2_athens_ws/build/stm_interfaces'
make[3]: Entering directory '/home/iliass/ros2_athens_ws/build/stm_interfaces'
[35m[1mScanning dependencies of target stm_interfaces__rosidl_typesupport_c__pyext[0m
[35m[1mScanning dependencies of target stm_interfaces__rosidl_typesupport_introspection_c__pyext[0m
[35m[1mScanning dependencies of target stm_interfaces__rosidl_typesupport_fastrtps_c__pyext[0m
make[3]: Leaving directory '/home/iliass/ros2_athens_ws/build/stm_interfaces'
make[3]: Leaving directory '/home/iliass/ros2_athens_ws/build/stm_interfaces'
make[3]: Leaving directory '/home/iliass/ros2_athens_ws/build/stm_interfaces'
make[3]: Entering directory '/home/iliass/ros2_athens_ws/build/stm_interfaces'
make[3]: Entering directory '/home/iliass/ros2_athens_ws/build/stm_interfaces'
make[3]: Entering directory '/home/iliass/ros2_athens_ws/build/stm_interfaces'
[ 83%] [32mBuilding C object CMakeFiles/stm_interfaces__rosidl_typesupport_fastrtps_c__pyext.dir/rosidl_generator_py/stm_interfaces/_stm_interfaces_s.ep.rosidl_typesupport_fastrtps_c.c.o[0m
[ 87%] [32mBuilding C object CMakeFiles/stm_interfaces__rosidl_typesupport_c__pyext.dir/rosidl_generator_py/stm_interfaces/_stm_interfaces_s.ep.rosidl_typesupport_c.c.o[0m
[ 90%] [32mBuilding C object CMakeFiles/stm_interfaces__rosidl_typesupport_introspection_c__pyext.dir/rosidl_generator_py/stm_interfaces/_stm_interfaces_s.ep.rosidl_typesupport_introspection_c.c.o[0m
[ 93%] [32m[1mLinking CXX shared library rosidl_generator_py/stm_interfaces/stm_interfaces_s__rosidl_typesupport_fastrtps_c.cpython-38-x86_64-linux-gnu.so[0m
[ 96%] [32m[1mLinking C shared library rosidl_generator_py/stm_interfaces/stm_interfaces_s__rosidl_typesupport_c.cpython-38-x86_64-linux-gnu.so[0m
[100%] [32m[1mLinking C shared library rosidl_generator_py/stm_interfaces/stm_interfaces_s__rosidl_typesupport_introspection_c.cpython-38-x86_64-linux-gnu.so[0m
make[3]: Leaving directory '/home/iliass/ros2_athens_ws/build/stm_interfaces'
make[3]: Leaving directory '/home/iliass/ros2_athens_ws/build/stm_interfaces'
[100%] Built target stm_interfaces__rosidl_typesupport_c__pyext
[100%] Built target stm_interfaces__rosidl_typesupport_introspection_c__pyext
make[3]: Leaving directory '/home/iliass/ros2_athens_ws/build/stm_interfaces'
[100%] Built target stm_interfaces__rosidl_typesupport_fastrtps_c__pyext
make[2]: Leaving directory '/home/iliass/ros2_athens_ws/build/stm_interfaces'
make[1]: Leaving directory '/home/iliass/ros2_athens_ws/build/stm_interfaces'
-- Install configuration: ""
-- Installing: /home/iliass/ros2_athens_ws/install/stm_interfaces/share/ament_index/resource_index/rosidl_interfaces/stm_interfaces
-- Installing: /home/iliass/ros2_athens_ws/install/stm_interfaces/include/stm_interfaces
-- Installing: /home/iliass/ros2_athens_ws/install/stm_interfaces/include/stm_interfaces/srv
-- Installing: /home/iliass/ros2_athens_ws/install/stm_interfaces/include/stm_interfaces/srv/detail
-- Installing: /home/iliass/ros2_athens_ws/install/stm_interfaces/include/stm_interfaces/srv/detail/stm_set_control_type__functions.h
-- Installing: /home/iliass/ros2_athens_ws/install/stm_interfaces/include/stm_interfaces/srv/detail/stm_set_control_type__struct.h
-- Installing: /home/iliass/ros2_athens_ws/install/stm_interfaces/include/stm_interfaces/srv/detail/stm_set_control_type__functions.c
-- Installing: /home/iliass/ros2_athens_ws/install/stm_interfaces/include/stm_interfaces/srv/detail/stm_set_control_type__type_support.h
-- Installing: /home/iliass/ros2_athens_ws/install/stm_interfaces/include/stm_interfaces/srv/stm_set_control_type.h
-- Installing: /home/iliass/ros2_athens_ws/install/stm_interfaces/include/stm_interfaces/msg
-- Installing: /home/iliass/ros2_athens_ws/install/stm_interfaces/include/stm_interfaces/msg/rosidl_generator_c__visibility_control.h
-- Installing: /home/iliass/ros2_athens_ws/install/stm_interfaces/share/stm_interfaces/environment/library_path.sh
-- Installing: /home/iliass/ros2_athens_ws/install/stm_interfaces/share/stm_interfaces/environment/library_path.dsv
-- Installing: /home/iliass/ros2_athens_ws/install/stm_interfaces/lib/libstm_interfaces__rosidl_generator_c.so
-- Set runtime path of "/home/iliass/ros2_athens_ws/install/stm_interfaces/lib/libstm_interfaces__rosidl_generator_c.so" to ""
-- Up-to-date: /home/iliass/ros2_athens_ws/install/stm_interfaces/include/stm_interfaces
-- Up-to-date: /home/iliass/ros2_athens_ws/install/stm_interfaces/include/stm_interfaces/srv
-- Up-to-date: /home/iliass/ros2_athens_ws/install/stm_interfaces/include/stm_interfaces/srv/detail
-- Installing: /home/iliass/ros2_athens_ws/install/stm_interfaces/include/stm_interfaces/srv/detail/stm_set_control_type__rosidl_typesupport_fastrtps_c.h
-- Up-to-date: /home/iliass/ros2_athens_ws/install/stm_interfaces/include/stm_interfaces/msg
-- Installing: /home/iliass/ros2_athens_ws/install/stm_interfaces/include/stm_interfaces/msg/rosidl_typesupport_fastrtps_c__visibility_control.h
-- Installing: /home/iliass/ros2_athens_ws/install/stm_interfaces/lib/libstm_interfaces__rosidl_typesupport_fastrtps_c.so
-- Set runtime path of "/home/iliass/ros2_athens_ws/install/stm_interfaces/lib/libstm_interfaces__rosidl_typesupport_fastrtps_c.so" to ""
-- Up-to-date: /home/iliass/ros2_athens_ws/install/stm_interfaces/include/stm_interfaces
-- Up-to-date: /home/iliass/ros2_athens_ws/install/stm_interfaces/include/stm_interfaces/srv
-- Up-to-date: /home/iliass/ros2_athens_ws/install/stm_interfaces/include/stm_interfaces/srv/detail
-- Installing: /home/iliass/ros2_athens_ws/install/stm_interfaces/include/stm_interfaces/srv/detail/stm_set_control_type__rosidl_typesupport_fastrtps_cpp.hpp
-- Installing: /home/iliass/ros2_athens_ws/install/stm_interfaces/include/stm_interfaces/srv/detail/dds_fastrtps
-- Up-to-date: /home/iliass/ros2_athens_ws/install/stm_interfaces/include/stm_interfaces/msg
-- Installing: /home/iliass/ros2_athens_ws/install/stm_interfaces/include/stm_interfaces/msg/rosidl_typesupport_fastrtps_cpp__visibility_control.h
-- Installing: /home/iliass/ros2_athens_ws/install/stm_interfaces/lib/libstm_interfaces__rosidl_typesupport_fastrtps_cpp.so
-- Set runtime path of "/home/iliass/ros2_athens_ws/install/stm_interfaces/lib/libstm_interfaces__rosidl_typesupport_fastrtps_cpp.so" to ""
-- Up-to-date: /home/iliass/ros2_athens_ws/install/stm_interfaces/include/stm_interfaces
-- Up-to-date: /home/iliass/ros2_athens_ws/install/stm_interfaces/include/stm_interfaces/srv
-- Up-to-date: /home/iliass/ros2_athens_ws/install/stm_interfaces/include/stm_interfaces/srv/detail
-- Installing: /home/iliass/ros2_athens_ws/install/stm_interfaces/include/stm_interfaces/srv/detail/stm_set_control_type__type_support.c
-- Installing: /home/iliass/ros2_athens_ws/install/stm_interfaces/include/stm_interfaces/srv/detail/stm_set_control_type__rosidl_typesupport_introspection_c.h
-- Up-to-date: /home/iliass/ros2_athens_ws/install/stm_interfaces/include/stm_interfaces/msg
-- Installing: /home/iliass/ros2_athens_ws/install/stm_interfaces/include/stm_interfaces/msg/rosidl_typesupport_introspection_c__visibility_control.h
-- Installing: /home/iliass/ros2_athens_ws/install/stm_interfaces/lib/libstm_interfaces__rosidl_typesupport_introspection_c.so
-- Set runtime path of "/home/iliass/ros2_athens_ws/install/stm_interfaces/lib/libstm_interfaces__rosidl_typesupport_introspection_c.so" to ""
-- Installing: /home/iliass/ros2_athens_ws/install/stm_interfaces/lib/libstm_interfaces__rosidl_typesupport_c.so
-- Set runtime path of "/home/iliass/ros2_athens_ws/install/stm_interfaces/lib/libstm_interfaces__rosidl_typesupport_c.so" to ""
-- Up-to-date: /home/iliass/ros2_athens_ws/install/stm_interfaces/include/stm_interfaces
-- Up-to-date: /home/iliass/ros2_athens_ws/install/stm_interfaces/include/stm_interfaces/srv
-- Up-to-date: /home/iliass/ros2_athens_ws/install/stm_interfaces/include/stm_interfaces/srv/detail
-- Installing: /home/iliass/ros2_athens_ws/install/stm_interfaces/include/stm_interfaces/srv/detail/stm_set_control_type__builder.hpp
-- Installing: /home/iliass/ros2_athens_ws/install/stm_interfaces/include/stm_interfaces/srv/detail/stm_set_control_type__traits.hpp
-- Installing: /home/iliass/ros2_athens_ws/install/stm_interfaces/include/stm_interfaces/srv/detail/stm_set_control_type__type_support.hpp
-- Installing: /home/iliass/ros2_athens_ws/install/stm_interfaces/include/stm_interfaces/srv/detail/stm_set_control_type__struct.hpp
-- Installing: /home/iliass/ros2_athens_ws/install/stm_interfaces/include/stm_interfaces/srv/stm_set_control_type.hpp
-- Up-to-date: /home/iliass/ros2_athens_ws/install/stm_interfaces/include/stm_interfaces/msg
-- Installing: /home/iliass/ros2_athens_ws/install/stm_interfaces/include/stm_interfaces/msg/rosidl_generator_cpp__visibility_control.hpp
-- Up-to-date: /home/iliass/ros2_athens_ws/install/stm_interfaces/include/stm_interfaces
-- Up-to-date: /home/iliass/ros2_athens_ws/install/stm_interfaces/include/stm_interfaces/srv
-- Up-to-date: /home/iliass/ros2_athens_ws/install/stm_interfaces/include/stm_interfaces/srv/detail
-- Installing: /home/iliass/ros2_athens_ws/install/stm_interfaces/include/stm_interfaces/srv/detail/stm_set_control_type__rosidl_typesupport_introspection_cpp.hpp
-- Installing: /home/iliass/ros2_athens_ws/install/stm_interfaces/include/stm_interfaces/srv/detail/stm_set_control_type__type_support.cpp
-- Installing: /home/iliass/ros2_athens_ws/install/stm_interfaces/lib/libstm_interfaces__rosidl_typesupport_introspection_cpp.so
-- Set runtime path of "/home/iliass/ros2_athens_ws/install/stm_interfaces/lib/libstm_interfaces__rosidl_typesupport_introspection_cpp.so" to ""
-- Installing: /home/iliass/ros2_athens_ws/install/stm_interfaces/lib/libstm_interfaces__rosidl_typesupport_cpp.so
-- Set runtime path of "/home/iliass/ros2_athens_ws/install/stm_interfaces/lib/libstm_interfaces__rosidl_typesupport_cpp.so" to ""
-- Installing: /home/iliass/ros2_athens_ws/install/stm_interfaces/share/stm_interfaces/environment/pythonpath.sh
-- Installing: /home/iliass/ros2_athens_ws/install/stm_interfaces/share/stm_interfaces/environment/pythonpath.dsv
-- Installing: /home/iliass/ros2_athens_ws/install/stm_interfaces/lib/python3.8/site-packages/stm_interfaces/__init__.py
Compiling '/home/iliass/ros2_athens_ws/install/stm_interfaces/lib/python3.8/site-packages/stm_interfaces/__init__.py'...
-- Installing: /home/iliass/ros2_athens_ws/install/stm_interfaces/lib/python3.8/site-packages/stm_interfaces/srv
-- Installing: /home/iliass/ros2_athens_ws/install/stm_interfaces/lib/python3.8/site-packages/stm_interfaces/srv/_stm_set_control_type.py
-- Installing: /home/iliass/ros2_athens_ws/install/stm_interfaces/lib/python3.8/site-packages/stm_interfaces/srv/_stm_set_control_type_s.c
-- Installing: /home/iliass/ros2_athens_ws/install/stm_interfaces/lib/python3.8/site-packages/stm_interfaces/srv/__init__.py
-- Installing: /home/iliass/ros2_athens_ws/install/stm_interfaces/lib/python3.8/site-packages/stm_interfaces/stm_interfaces_s__rosidl_typesupport_fastrtps_c.cpython-38-x86_64-linux-gnu.so
-- Set runtime path of "/home/iliass/ros2_athens_ws/install/stm_interfaces/lib/python3.8/site-packages/stm_interfaces/stm_interfaces_s__rosidl_typesupport_fastrtps_c.cpython-38-x86_64-linux-gnu.so" to ""
-- Installing: /home/iliass/ros2_athens_ws/install/stm_interfaces/lib/python3.8/site-packages/stm_interfaces/stm_interfaces_s__rosidl_typesupport_introspection_c.cpython-38-x86_64-linux-gnu.so
-- Set runtime path of "/home/iliass/ros2_athens_ws/install/stm_interfaces/lib/python3.8/site-packages/stm_interfaces/stm_interfaces_s__rosidl_typesupport_introspection_c.cpython-38-x86_64-linux-gnu.so" to ""
-- Installing: /home/iliass/ros2_athens_ws/install/stm_interfaces/lib/python3.8/site-packages/stm_interfaces/stm_interfaces_s__rosidl_typesupport_c.cpython-38-x86_64-linux-gnu.so
-- Set runtime path of "/home/iliass/ros2_athens_ws/install/stm_interfaces/lib/python3.8/site-packages/stm_interfaces/stm_interfaces_s__rosidl_typesupport_c.cpython-38-x86_64-linux-gnu.so" to ""
-- Installing: /home/iliass/ros2_athens_ws/install/stm_interfaces/lib/libstm_interfaces__python.so
-- Set runtime path of "/home/iliass/ros2_athens_ws/install/stm_interfaces/lib/libstm_interfaces__python.so" to ""
-- Installing: /home/iliass/ros2_athens_ws/install/stm_interfaces/share/stm_interfaces/srv/STMSetControlType.idl
-- Installing: /home/iliass/ros2_athens_ws/install/stm_interfaces/share/stm_interfaces/srv/STMSetControlType.srv
-- Installing: /home/iliass/ros2_athens_ws/install/stm_interfaces/share/stm_interfaces/srv/STMSetControlType_Request.msg
-- Installing: /home/iliass/ros2_athens_ws/install/stm_interfaces/share/stm_interfaces/srv/STMSetControlType_Response.msg
-- Installing: /home/iliass/ros2_athens_ws/install/stm_interfaces/share/ament_index/resource_index/package_run_dependencies/stm_interfaces
-- Installing: /home/iliass/ros2_athens_ws/install/stm_interfaces/share/ament_index/resource_index/parent_prefix_path/stm_interfaces
-- Installing: /home/iliass/ros2_athens_ws/install/stm_interfaces/share/stm_interfaces/environment/ament_prefix_path.sh
-- Installing: /home/iliass/ros2_athens_ws/install/stm_interfaces/share/stm_interfaces/environment/ament_prefix_path.dsv
-- Installing: /home/iliass/ros2_athens_ws/install/stm_interfaces/share/stm_interfaces/environment/path.sh
-- Installing: /home/iliass/ros2_athens_ws/install/stm_interfaces/share/stm_interfaces/environment/path.dsv
-- Installing: /home/iliass/ros2_athens_ws/install/stm_interfaces/share/stm_interfaces/local_setup.bash
-- Installing: /home/iliass/ros2_athens_ws/install/stm_interfaces/share/stm_interfaces/local_setup.sh
-- Installing: /home/iliass/ros2_athens_ws/install/stm_interfaces/share/stm_interfaces/local_setup.zsh
-- Installing: /home/iliass/ros2_athens_ws/install/stm_interfaces/share/stm_interfaces/local_setup.dsv
-- Installing: /home/iliass/ros2_athens_ws/install/stm_interfaces/share/stm_interfaces/package.dsv
-- Installing: /home/iliass/ros2_athens_ws/install/stm_interfaces/share/ament_index/resource_index/packages/stm_interfaces
-- Installing: /home/iliass/ros2_athens_ws/install/stm_interfaces/share/stm_interfaces/cmake/stm_interfaces__rosidl_generator_cExport.cmake
-- Installing: /home/iliass/ros2_athens_ws/install/stm_interfaces/share/stm_interfaces/cmake/stm_interfaces__rosidl_generator_cExport-noconfig.cmake
-- Installing: /home/iliass/ros2_athens_ws/install/stm_interfaces/share/stm_interfaces/cmake/stm_interfaces__rosidl_typesupport_introspection_cExport.cmake
-- Installing: /home/iliass/ros2_athens_ws/install/stm_interfaces/share/stm_interfaces/cmake/stm_interfaces__rosidl_typesupport_introspection_cExport-noconfig.cmake
-- Installing: /home/iliass/ros2_athens_ws/install/stm_interfaces/share/stm_interfaces/cmake/stm_interfaces__rosidl_typesupport_cExport.cmake
-- Installing: /home/iliass/ros2_athens_ws/install/stm_interfaces/share/stm_interfaces/cmake/stm_interfaces__rosidl_typesupport_cExport-noconfig.cmake
-- Installing: /home/iliass/ros2_athens_ws/install/stm_interfaces/share/stm_interfaces/cmake/stm_interfaces__rosidl_generator_cppExport.cmake
-- Installing: /home/iliass/ros2_athens_ws/install/stm_interfaces/share/stm_interfaces/cmake/stm_interfaces__rosidl_typesupport_introspection_cppExport.cmake
-- Installing: /home/iliass/ros2_athens_ws/install/stm_interfaces/share/stm_interfaces/cmake/stm_interfaces__rosidl_typesupport_introspection_cppExport-noconfig.cmake
-- Installing: /home/iliass/ros2_athens_ws/install/stm_interfaces/share/stm_interfaces/cmake/stm_interfaces__rosidl_typesupport_cppExport.cmake
-- Installing: /home/iliass/ros2_athens_ws/install/stm_interfaces/share/stm_interfaces/cmake/stm_interfaces__rosidl_typesupport_cppExport-noconfig.cmake
-- Installing: /home/iliass/ros2_athens_ws/install/stm_interfaces/share/stm_interfaces/cmake/rosidl_cmake-extras.cmake
-- Installing: /home/iliass/ros2_athens_ws/install/stm_interfaces/share/stm_interfaces/cmake/ament_cmake_export_dependencies-extras.cmake
-- Installing: /home/iliass/ros2_athens_ws/install/stm_interfaces/share/stm_interfaces/cmake/ament_cmake_export_libraries-extras.cmake
-- Installing: /home/iliass/ros2_athens_ws/install/stm_interfaces/share/stm_interfaces/cmake/ament_cmake_export_targets-extras.cmake
-- Installing: /home/iliass/ros2_athens_ws/install/stm_interfaces/share/stm_interfaces/cmake/ament_cmake_export_include_directories-extras.cmake
-- Installing: /home/iliass/ros2_athens_ws/install/stm_interfaces/share/stm_interfaces/cmake/rosidl_cmake_export_typesupport_libraries-extras.cmake
-- Installing: /home/iliass/ros2_athens_ws/install/stm_interfaces/share/stm_interfaces/cmake/rosidl_cmake_export_typesupport_targets-extras.cmake
-- Installing: /home/iliass/ros2_athens_ws/install/stm_interfaces/share/stm_interfaces/cmake/stm_interfacesConfig.cmake
-- Installing: /home/iliass/ros2_athens_ws/install/stm_interfaces/share/stm_interfaces/cmake/stm_interfacesConfig-version.cmake
-- Installing: /home/iliass/ros2_athens_ws/install/stm_interfaces/share/stm_interfaces/package.xml
